[0.756s] Invoking command in '/home/kb/Anveshika/Anveshika_ws/build/anveshika_swerve_controller': PYTHONPATH=/home/kb/Anveshika/Anveshika_ws/build/anveshika_swerve_controller/prefix_override:/home/kb/Anveshika/Anveshika_ws/install/anveshika_swerve_controller/lib/python3.10/site-packages:${PYTHONPATH} /usr/bin/python3 -W ignore:setup.py install is deprecated setup.py develop --editable --build-directory /home/kb/Anveshika/Anveshika_ws/build/anveshika_swerve_controller/build --no-deps symlink_data
[1.025s] running develop
[1.026s] /usr/lib/python3/dist-packages/setuptools/command/easy_install.py:158: EasyInstallDeprecationWarning: easy_install command is deprecated. Use build and pip and other standards-based tools.
[1.026s]   warnings.warn(
[1.220s] running egg_info
[1.220s] writing anveshika_swerve_controller.egg-info/PKG-INFO
[1.220s] writing dependency_links to anveshika_swerve_controller.egg-info/dependency_links.txt
[1.221s] writing entry points to anveshika_swerve_controller.egg-info/entry_points.txt
[1.221s] writing requirements to anveshika_swerve_controller.egg-info/requires.txt
[1.221s] writing top-level names to anveshika_swerve_controller.egg-info/top_level.txt
[1.223s] reading manifest file 'anveshika_swerve_controller.egg-info/SOURCES.txt'
[1.223s] writing manifest file 'anveshika_swerve_controller.egg-info/SOURCES.txt'
[1.225s] running build_ext
[1.225s] Creating /home/kb/Anveshika/Anveshika_ws/install/anveshika_swerve_controller/lib/python3.10/site-packages/anveshika-swerve-controller.egg-link (link to .)
[1.226s] Installing swerve_controller script to /home/kb/Anveshika/Anveshika_ws/install/anveshika_swerve_controller/lib/anveshika_swerve_controller
[1.226s] 
[1.227s] Installed /home/kb/Anveshika/Anveshika_ws/build/anveshika_swerve_controller
[1.227s] running symlink_data
[1.227s] creating /home/kb/Anveshika/Anveshika_ws/install/anveshika_swerve_controller/share/ament_index
[1.227s] creating /home/kb/Anveshika/Anveshika_ws/install/anveshika_swerve_controller/share/ament_index/resource_index
[1.227s] creating /home/kb/Anveshika/Anveshika_ws/install/anveshika_swerve_controller/share/ament_index/resource_index/packages
[1.228s] symbolically linking /home/kb/Anveshika/Anveshika_ws/build/anveshika_swerve_controller/resource/anveshika_swerve_controller -> /home/kb/Anveshika/Anveshika_ws/install/anveshika_swerve_controller/share/ament_index/resource_index/packages
[1.228s] symbolically linking /home/kb/Anveshika/Anveshika_ws/build/anveshika_swerve_controller/package.xml -> /home/kb/Anveshika/Anveshika_ws/install/anveshika_swerve_controller/share/anveshika_swerve_controller
[1.228s] creating /home/kb/Anveshika/Anveshika_ws/install/anveshika_swerve_controller/share/anveshika_swerve_controller/launch
[1.228s] symbolically linking /home/kb/Anveshika/Anveshika_ws/build/anveshika_swerve_controller/launch/swerve_controller.launch.py -> /home/kb/Anveshika/Anveshika_ws/install/anveshika_swerve_controller/share/anveshika_swerve_controller/launch
[1.228s] creating /home/kb/Anveshika/Anveshika_ws/install/anveshika_swerve_controller/share/anveshika_swerve_controller/config
[1.228s] symbolically linking /home/kb/Anveshika/Anveshika_ws/build/anveshika_swerve_controller/config/swerve.yaml -> /home/kb/Anveshika/Anveshika_ws/install/anveshika_swerve_controller/share/anveshika_swerve_controller/config
[1.251s] Invoked command in '/home/kb/Anveshika/Anveshika_ws/build/anveshika_swerve_controller' returned '0': PYTHONPATH=/home/kb/Anveshika/Anveshika_ws/build/anveshika_swerve_controller/prefix_override:/home/kb/Anveshika/Anveshika_ws/install/anveshika_swerve_controller/lib/python3.10/site-packages:${PYTHONPATH} /usr/bin/python3 -W ignore:setup.py install is deprecated setup.py develop --editable --build-directory /home/kb/Anveshika/Anveshika_ws/build/anveshika_swerve_controller/build --no-deps symlink_data
