[0.105s] DEBUG:colcon:Command line arguments: ['/usr/bin/colcon', 'build', '--symlink-install']
[0.105s] DEBUG:colcon:Parsed command line arguments: Namespace(log_base=None, log_level=None, verb_name='build', build_base='build', install_base='install', merge_install=False, symlink_install=True, test_result_base=None, continue_on_error=False, executor='parallel', parallel_workers=8, event_handlers=None, ignore_user_meta=False, metas=['./colcon.meta'], base_paths=['.'], packages_ignore=None, packages_ignore_regex=None, paths=None, packages_up_to=None, packages_up_to_regex=None, packages_above=None, packages_above_and_dependencies=None, packages_above_depth=None, packages_select_by_dep=None, packages_skip_by_dep=None, packages_skip_up_to=None, packages_select_build_failed=False, packages_skip_build_finished=False, packages_select_test_failures=False, packages_skip_test_passed=False, packages_select=None, packages_skip=None, packages_select_regex=None, packages_skip_regex=None, packages_start=None, packages_end=None, allow_overriding=[], cmake_args=None, cmake_target=None, cmake_target_skip_unavailable=False, cmake_clean_cache=False, cmake_clean_first=False, cmake_force_configure=False, ament_cmake_args=None, catkin_cmake_args=None, catkin_skip_building_tests=False, mixin_files=None, mixin=None, verb_parser=<colcon_mixin.mixin.mixin_argument.MixinArgumentDecorator object at 0x7dbf54c7c700>, verb_extension=<colcon_core.verb.build.BuildVerb object at 0x7dbf54d84d00>, main=<bound method BuildVerb.main of <colcon_core.verb.build.BuildVerb object at 0x7dbf54d84d00>>, mixin_verb=('build',))
[0.291s] Level 1:colcon.colcon_core.package_discovery:discover_packages(colcon_meta) check parameters
[0.291s] Level 1:colcon.colcon_core.package_discovery:discover_packages(recursive) check parameters
[0.291s] Level 1:colcon.colcon_core.package_discovery:discover_packages(ignore) check parameters
[0.292s] Level 1:colcon.colcon_core.package_discovery:discover_packages(path) check parameters
[0.292s] Level 1:colcon.colcon_core.package_discovery:discover_packages(colcon_meta) discover
[0.292s] Level 1:colcon.colcon_core.package_discovery:discover_packages(recursive) discover
[0.292s] INFO:colcon.colcon_core.package_discovery:Crawling recursively for packages in '/home/kb/Anveshika/Anveshika_ws'
[0.292s] Level 1:colcon.colcon_core.package_identification:_identify(.) by extensions ['ignore', 'ignore_ament_install']
[0.292s] Level 1:colcon.colcon_core.package_identification:_identify(.) by extension 'ignore'
[0.292s] Level 1:colcon.colcon_core.package_identification:_identify(.) by extension 'ignore_ament_install'
[0.292s] Level 1:colcon.colcon_core.package_identification:_identify(.) by extensions ['colcon_pkg']
[0.292s] Level 1:colcon.colcon_core.package_identification:_identify(.) by extension 'colcon_pkg'
[0.292s] Level 1:colcon.colcon_core.package_identification:_identify(.) by extensions ['colcon_meta']
[0.292s] Level 1:colcon.colcon_core.package_identification:_identify(.) by extension 'colcon_meta'
[0.292s] Level 1:colcon.colcon_core.package_identification:_identify(.) by extensions ['ros']
[0.292s] Level 1:colcon.colcon_core.package_identification:_identify(.) by extension 'ros'
[0.308s] Level 1:colcon.colcon_core.package_identification:_identify(.) by extensions ['cmake', 'python']
[0.308s] Level 1:colcon.colcon_core.package_identification:_identify(.) by extension 'cmake'
[0.308s] Level 1:colcon.colcon_core.package_identification:_identify(.) by extension 'python'
[0.308s] Level 1:colcon.colcon_core.package_identification:_identify(.) by extensions ['python_setup_py']
[0.308s] Level 1:colcon.colcon_core.package_identification:_identify(.) by extension 'python_setup_py'
[0.308s] Level 1:colcon.colcon_core.package_identification:_identify(build) by extensions ['ignore', 'ignore_ament_install']
[0.308s] Level 1:colcon.colcon_core.package_identification:_identify(build) by extension 'ignore'
[0.308s] Level 1:colcon.colcon_core.package_identification:_identify(build) ignored
[0.308s] Level 1:colcon.colcon_core.package_identification:_identify(eYs3D) by extensions ['ignore', 'ignore_ament_install']
[0.309s] Level 1:colcon.colcon_core.package_identification:_identify(eYs3D) by extension 'ignore'
[0.309s] Level 1:colcon.colcon_core.package_identification:_identify(eYs3D) by extension 'ignore_ament_install'
[0.309s] Level 1:colcon.colcon_core.package_identification:_identify(eYs3D) by extensions ['colcon_pkg']
[0.309s] Level 1:colcon.colcon_core.package_identification:_identify(eYs3D) by extension 'colcon_pkg'
[0.309s] Level 1:colcon.colcon_core.package_identification:_identify(eYs3D) by extensions ['colcon_meta']
[0.309s] Level 1:colcon.colcon_core.package_identification:_identify(eYs3D) by extension 'colcon_meta'
[0.309s] Level 1:colcon.colcon_core.package_identification:_identify(eYs3D) by extensions ['ros']
[0.309s] Level 1:colcon.colcon_core.package_identification:_identify(eYs3D) by extension 'ros'
[0.309s] Level 1:colcon.colcon_core.package_identification:_identify(eYs3D) by extensions ['cmake', 'python']
[0.309s] Level 1:colcon.colcon_core.package_identification:_identify(eYs3D) by extension 'cmake'
[0.309s] Level 1:colcon.colcon_core.package_identification:_identify(eYs3D) by extension 'python'
[0.309s] Level 1:colcon.colcon_core.package_identification:_identify(eYs3D) by extensions ['python_setup_py']
[0.309s] Level 1:colcon.colcon_core.package_identification:_identify(eYs3D) by extension 'python_setup_py'
[0.309s] Level 1:colcon.colcon_core.package_identification:_identify(eYs3D/cfg) by extensions ['ignore', 'ignore_ament_install']
[0.309s] Level 1:colcon.colcon_core.package_identification:_identify(eYs3D/cfg) by extension 'ignore'
[0.309s] Level 1:colcon.colcon_core.package_identification:_identify(eYs3D/cfg) by extension 'ignore_ament_install'
[0.309s] Level 1:colcon.colcon_core.package_identification:_identify(eYs3D/cfg) by extensions ['colcon_pkg']
[0.309s] Level 1:colcon.colcon_core.package_identification:_identify(eYs3D/cfg) by extension 'colcon_pkg'
[0.309s] Level 1:colcon.colcon_core.package_identification:_identify(eYs3D/cfg) by extensions ['colcon_meta']
[0.309s] Level 1:colcon.colcon_core.package_identification:_identify(eYs3D/cfg) by extension 'colcon_meta'
[0.309s] Level 1:colcon.colcon_core.package_identification:_identify(eYs3D/cfg) by extensions ['ros']
[0.309s] Level 1:colcon.colcon_core.package_identification:_identify(eYs3D/cfg) by extension 'ros'
[0.309s] Level 1:colcon.colcon_core.package_identification:_identify(eYs3D/cfg) by extensions ['cmake', 'python']
[0.310s] Level 1:colcon.colcon_core.package_identification:_identify(eYs3D/cfg) by extension 'cmake'
[0.310s] Level 1:colcon.colcon_core.package_identification:_identify(eYs3D/cfg) by extension 'python'
[0.310s] Level 1:colcon.colcon_core.package_identification:_identify(eYs3D/cfg) by extensions ['python_setup_py']
[0.310s] Level 1:colcon.colcon_core.package_identification:_identify(eYs3D/cfg) by extension 'python_setup_py'
[0.310s] Level 1:colcon.colcon_core.package_identification:_identify(eYs3D/cfg/DM_Quality_Cfg) by extensions ['ignore', 'ignore_ament_install']
[0.310s] Level 1:colcon.colcon_core.package_identification:_identify(eYs3D/cfg/DM_Quality_Cfg) by extension 'ignore'
[0.310s] Level 1:colcon.colcon_core.package_identification:_identify(eYs3D/cfg/DM_Quality_Cfg) by extension 'ignore_ament_install'
[0.310s] Level 1:colcon.colcon_core.package_identification:_identify(eYs3D/cfg/DM_Quality_Cfg) by extensions ['colcon_pkg']
[0.310s] Level 1:colcon.colcon_core.package_identification:_identify(eYs3D/cfg/DM_Quality_Cfg) by extension 'colcon_pkg'
[0.310s] Level 1:colcon.colcon_core.package_identification:_identify(eYs3D/cfg/DM_Quality_Cfg) by extensions ['colcon_meta']
[0.310s] Level 1:colcon.colcon_core.package_identification:_identify(eYs3D/cfg/DM_Quality_Cfg) by extension 'colcon_meta'
[0.310s] Level 1:colcon.colcon_core.package_identification:_identify(eYs3D/cfg/DM_Quality_Cfg) by extensions ['ros']
[0.310s] Level 1:colcon.colcon_core.package_identification:_identify(eYs3D/cfg/DM_Quality_Cfg) by extension 'ros'
[0.310s] Level 1:colcon.colcon_core.package_identification:_identify(eYs3D/cfg/DM_Quality_Cfg) by extensions ['cmake', 'python']
[0.310s] Level 1:colcon.colcon_core.package_identification:_identify(eYs3D/cfg/DM_Quality_Cfg) by extension 'cmake'
[0.310s] Level 1:colcon.colcon_core.package_identification:_identify(eYs3D/cfg/DM_Quality_Cfg) by extension 'python'
[0.310s] Level 1:colcon.colcon_core.package_identification:_identify(eYs3D/cfg/DM_Quality_Cfg) by extensions ['python_setup_py']
[0.310s] Level 1:colcon.colcon_core.package_identification:_identify(eYs3D/cfg/DM_Quality_Cfg) by extension 'python_setup_py'
[0.310s] Level 1:colcon.colcon_core.package_identification:_identify(install) by extensions ['ignore', 'ignore_ament_install']
[0.310s] Level 1:colcon.colcon_core.package_identification:_identify(install) by extension 'ignore'
[0.311s] Level 1:colcon.colcon_core.package_identification:_identify(install) ignored
[0.311s] Level 1:colcon.colcon_core.package_identification:_identify(log) by extensions ['ignore', 'ignore_ament_install']
[0.311s] Level 1:colcon.colcon_core.package_identification:_identify(log) by extension 'ignore'
[0.311s] Level 1:colcon.colcon_core.package_identification:_identify(log) ignored
[0.311s] Level 1:colcon.colcon_core.package_identification:_identify(src) by extensions ['ignore', 'ignore_ament_install']
[0.311s] Level 1:colcon.colcon_core.package_identification:_identify(src) by extension 'ignore'
[0.311s] Level 1:colcon.colcon_core.package_identification:_identify(src) by extension 'ignore_ament_install'
[0.311s] Level 1:colcon.colcon_core.package_identification:_identify(src) by extensions ['colcon_pkg']
[0.311s] Level 1:colcon.colcon_core.package_identification:_identify(src) by extension 'colcon_pkg'
[0.311s] Level 1:colcon.colcon_core.package_identification:_identify(src) by extensions ['colcon_meta']
[0.311s] Level 1:colcon.colcon_core.package_identification:_identify(src) by extension 'colcon_meta'
[0.311s] Level 1:colcon.colcon_core.package_identification:_identify(src) by extensions ['ros']
[0.311s] Level 1:colcon.colcon_core.package_identification:_identify(src) by extension 'ros'
[0.311s] Level 1:colcon.colcon_core.package_identification:_identify(src) by extensions ['cmake', 'python']
[0.311s] Level 1:colcon.colcon_core.package_identification:_identify(src) by extension 'cmake'
[0.311s] Level 1:colcon.colcon_core.package_identification:_identify(src) by extension 'python'
[0.311s] Level 1:colcon.colcon_core.package_identification:_identify(src) by extensions ['python_setup_py']
[0.311s] Level 1:colcon.colcon_core.package_identification:_identify(src) by extension 'python_setup_py'
[0.311s] Level 1:colcon.colcon_core.package_identification:_identify(src/anveshika_bringup) by extensions ['ignore', 'ignore_ament_install']
[0.312s] Level 1:colcon.colcon_core.package_identification:_identify(src/anveshika_bringup) by extension 'ignore'
[0.312s] Level 1:colcon.colcon_core.package_identification:_identify(src/anveshika_bringup) by extension 'ignore_ament_install'
[0.312s] Level 1:colcon.colcon_core.package_identification:_identify(src/anveshika_bringup) by extensions ['colcon_pkg']
[0.312s] Level 1:colcon.colcon_core.package_identification:_identify(src/anveshika_bringup) by extension 'colcon_pkg'
[0.312s] Level 1:colcon.colcon_core.package_identification:_identify(src/anveshika_bringup) by extensions ['colcon_meta']
[0.312s] Level 1:colcon.colcon_core.package_identification:_identify(src/anveshika_bringup) by extension 'colcon_meta'
[0.312s] Level 1:colcon.colcon_core.package_identification:_identify(src/anveshika_bringup) by extensions ['ros']
[0.312s] Level 1:colcon.colcon_core.package_identification:_identify(src/anveshika_bringup) by extension 'ros'
[0.314s] DEBUG:colcon.colcon_core.package_identification:Package 'src/anveshika_bringup' with type 'ros.ament_cmake' and name 'anveshika_bringup'
[0.314s] Level 1:colcon.colcon_core.package_identification:_identify(src/anveshika_description) by extensions ['ignore', 'ignore_ament_install']
[0.314s] Level 1:colcon.colcon_core.package_identification:_identify(src/anveshika_description) by extension 'ignore'
[0.314s] Level 1:colcon.colcon_core.package_identification:_identify(src/anveshika_description) by extension 'ignore_ament_install'
[0.314s] Level 1:colcon.colcon_core.package_identification:_identify(src/anveshika_description) by extensions ['colcon_pkg']
[0.314s] Level 1:colcon.colcon_core.package_identification:_identify(src/anveshika_description) by extension 'colcon_pkg'
[0.314s] Level 1:colcon.colcon_core.package_identification:_identify(src/anveshika_description) by extensions ['colcon_meta']
[0.314s] Level 1:colcon.colcon_core.package_identification:_identify(src/anveshika_description) by extension 'colcon_meta'
[0.314s] Level 1:colcon.colcon_core.package_identification:_identify(src/anveshika_description) by extensions ['ros']
[0.314s] Level 1:colcon.colcon_core.package_identification:_identify(src/anveshika_description) by extension 'ros'
[0.314s] DEBUG:colcon.colcon_core.package_identification:Package 'src/anveshika_description' with type 'ros.ament_cmake' and name 'anveshika_description'
[0.314s] Level 1:colcon.colcon_core.package_identification:_identify(src/anveshika_nav) by extensions ['ignore', 'ignore_ament_install']
[0.315s] Level 1:colcon.colcon_core.package_identification:_identify(src/anveshika_nav) by extension 'ignore'
[0.315s] Level 1:colcon.colcon_core.package_identification:_identify(src/anveshika_nav) by extension 'ignore_ament_install'
[0.315s] Level 1:colcon.colcon_core.package_identification:_identify(src/anveshika_nav) by extensions ['colcon_pkg']
[0.315s] Level 1:colcon.colcon_core.package_identification:_identify(src/anveshika_nav) by extension 'colcon_pkg'
[0.315s] Level 1:colcon.colcon_core.package_identification:_identify(src/anveshika_nav) by extensions ['colcon_meta']
[0.315s] Level 1:colcon.colcon_core.package_identification:_identify(src/anveshika_nav) by extension 'colcon_meta'
[0.315s] Level 1:colcon.colcon_core.package_identification:_identify(src/anveshika_nav) by extensions ['ros']
[0.315s] Level 1:colcon.colcon_core.package_identification:_identify(src/anveshika_nav) by extension 'ros'
[0.315s] DEBUG:colcon.colcon_core.package_identification:Package 'src/anveshika_nav' with type 'ros.ament_cmake' and name 'anveshika_nav'
[0.315s] Level 1:colcon.colcon_core.package_identification:_identify(src/anveshika_swerve_controller) by extensions ['ignore', 'ignore_ament_install']
[0.316s] Level 1:colcon.colcon_core.package_identification:_identify(src/anveshika_swerve_controller) by extension 'ignore'
[0.316s] Level 1:colcon.colcon_core.package_identification:_identify(src/anveshika_swerve_controller) by extension 'ignore_ament_install'
[0.316s] Level 1:colcon.colcon_core.package_identification:_identify(src/anveshika_swerve_controller) by extensions ['colcon_pkg']
[0.316s] Level 1:colcon.colcon_core.package_identification:_identify(src/anveshika_swerve_controller) by extension 'colcon_pkg'
[0.316s] Level 1:colcon.colcon_core.package_identification:_identify(src/anveshika_swerve_controller) by extensions ['colcon_meta']
[0.316s] Level 1:colcon.colcon_core.package_identification:_identify(src/anveshika_swerve_controller) by extension 'colcon_meta'
[0.316s] Level 1:colcon.colcon_core.package_identification:_identify(src/anveshika_swerve_controller) by extensions ['ros']
[0.316s] Level 1:colcon.colcon_core.package_identification:_identify(src/anveshika_swerve_controller) by extension 'ros'
[0.317s] DEBUG:colcon.colcon_core.package_identification:Package 'src/anveshika_swerve_controller' with type 'ros.ament_python' and name 'anveshika_swerve_controller'
[0.317s] Level 1:colcon.colcon_core.package_identification:_identify(src/dm_preview) by extensions ['ignore', 'ignore_ament_install']
[0.317s] Level 1:colcon.colcon_core.package_identification:_identify(src/dm_preview) by extension 'ignore'
[0.317s] Level 1:colcon.colcon_core.package_identification:_identify(src/dm_preview) by extension 'ignore_ament_install'
[0.317s] Level 1:colcon.colcon_core.package_identification:_identify(src/dm_preview) by extensions ['colcon_pkg']
[0.317s] Level 1:colcon.colcon_core.package_identification:_identify(src/dm_preview) by extension 'colcon_pkg'
[0.317s] Level 1:colcon.colcon_core.package_identification:_identify(src/dm_preview) by extensions ['colcon_meta']
[0.317s] Level 1:colcon.colcon_core.package_identification:_identify(src/dm_preview) by extension 'colcon_meta'
[0.317s] Level 1:colcon.colcon_core.package_identification:_identify(src/dm_preview) by extensions ['ros']
[0.317s] Level 1:colcon.colcon_core.package_identification:_identify(src/dm_preview) by extension 'ros'
[0.318s] DEBUG:colcon.colcon_core.package_identification:Package 'src/dm_preview' with type 'ros.ament_cmake' and name 'dm_preview'
[0.318s] Level 1:colcon.colcon_core.package_identification:_identify(src/eYs3D) by extensions ['ignore', 'ignore_ament_install']
[0.318s] Level 1:colcon.colcon_core.package_identification:_identify(src/eYs3D) by extension 'ignore'
[0.318s] Level 1:colcon.colcon_core.package_identification:_identify(src/eYs3D) by extension 'ignore_ament_install'
[0.318s] Level 1:colcon.colcon_core.package_identification:_identify(src/eYs3D) by extensions ['colcon_pkg']
[0.318s] Level 1:colcon.colcon_core.package_identification:_identify(src/eYs3D) by extension 'colcon_pkg'
[0.318s] Level 1:colcon.colcon_core.package_identification:_identify(src/eYs3D) by extensions ['colcon_meta']
[0.318s] Level 1:colcon.colcon_core.package_identification:_identify(src/eYs3D) by extension 'colcon_meta'
[0.318s] Level 1:colcon.colcon_core.package_identification:_identify(src/eYs3D) by extensions ['ros']
[0.318s] Level 1:colcon.colcon_core.package_identification:_identify(src/eYs3D) by extension 'ros'
[0.318s] Level 1:colcon.colcon_core.package_identification:_identify(src/eYs3D) by extensions ['cmake', 'python']
[0.318s] Level 1:colcon.colcon_core.package_identification:_identify(src/eYs3D) by extension 'cmake'
[0.318s] Level 1:colcon.colcon_core.package_identification:_identify(src/eYs3D) by extension 'python'
[0.318s] Level 1:colcon.colcon_core.package_identification:_identify(src/eYs3D) by extensions ['python_setup_py']
[0.318s] Level 1:colcon.colcon_core.package_identification:_identify(src/eYs3D) by extension 'python_setup_py'
[0.318s] Level 1:colcon.colcon_core.package_identification:_identify(src/eYs3D/frames) by extensions ['ignore', 'ignore_ament_install']
[0.318s] Level 1:colcon.colcon_core.package_identification:_identify(src/eYs3D/frames) by extension 'ignore'
[0.318s] Level 1:colcon.colcon_core.package_identification:_identify(src/eYs3D/frames) by extension 'ignore_ament_install'
[0.318s] Level 1:colcon.colcon_core.package_identification:_identify(src/eYs3D/frames) by extensions ['colcon_pkg']
[0.319s] Level 1:colcon.colcon_core.package_identification:_identify(src/eYs3D/frames) by extension 'colcon_pkg'
[0.319s] Level 1:colcon.colcon_core.package_identification:_identify(src/eYs3D/frames) by extensions ['colcon_meta']
[0.319s] Level 1:colcon.colcon_core.package_identification:_identify(src/eYs3D/frames) by extension 'colcon_meta'
[0.319s] Level 1:colcon.colcon_core.package_identification:_identify(src/eYs3D/frames) by extensions ['ros']
[0.319s] Level 1:colcon.colcon_core.package_identification:_identify(src/eYs3D/frames) by extension 'ros'
[0.319s] Level 1:colcon.colcon_core.package_identification:_identify(src/eYs3D/frames) by extensions ['cmake', 'python']
[0.319s] Level 1:colcon.colcon_core.package_identification:_identify(src/eYs3D/frames) by extension 'cmake'
[0.319s] Level 1:colcon.colcon_core.package_identification:_identify(src/eYs3D/frames) by extension 'python'
[0.319s] Level 1:colcon.colcon_core.package_identification:_identify(src/eYs3D/frames) by extensions ['python_setup_py']
[0.319s] Level 1:colcon.colcon_core.package_identification:_identify(src/eYs3D/frames) by extension 'python_setup_py'
[0.319s] Level 1:colcon.colcon_core.package_identification:_identify(src/eYs3D/imu_log) by extensions ['ignore', 'ignore_ament_install']
[0.319s] Level 1:colcon.colcon_core.package_identification:_identify(src/eYs3D/imu_log) by extension 'ignore'
[0.319s] Level 1:colcon.colcon_core.package_identification:_identify(src/eYs3D/imu_log) by extension 'ignore_ament_install'
[0.319s] Level 1:colcon.colcon_core.package_identification:_identify(src/eYs3D/imu_log) by extensions ['colcon_pkg']
[0.319s] Level 1:colcon.colcon_core.package_identification:_identify(src/eYs3D/imu_log) by extension 'colcon_pkg'
[0.319s] Level 1:colcon.colcon_core.package_identification:_identify(src/eYs3D/imu_log) by extensions ['colcon_meta']
[0.319s] Level 1:colcon.colcon_core.package_identification:_identify(src/eYs3D/imu_log) by extension 'colcon_meta'
[0.319s] Level 1:colcon.colcon_core.package_identification:_identify(src/eYs3D/imu_log) by extensions ['ros']
[0.319s] Level 1:colcon.colcon_core.package_identification:_identify(src/eYs3D/imu_log) by extension 'ros'
[0.319s] Level 1:colcon.colcon_core.package_identification:_identify(src/eYs3D/imu_log) by extensions ['cmake', 'python']
[0.319s] Level 1:colcon.colcon_core.package_identification:_identify(src/eYs3D/imu_log) by extension 'cmake'
[0.319s] Level 1:colcon.colcon_core.package_identification:_identify(src/eYs3D/imu_log) by extension 'python'
[0.319s] Level 1:colcon.colcon_core.package_identification:_identify(src/eYs3D/imu_log) by extensions ['python_setup_py']
[0.319s] Level 1:colcon.colcon_core.package_identification:_identify(src/eYs3D/imu_log) by extension 'python_setup_py'
[0.320s] Level 1:colcon.colcon_core.package_identification:_identify(src/eYs3D/logs) by extensions ['ignore', 'ignore_ament_install']
[0.320s] Level 1:colcon.colcon_core.package_identification:_identify(src/eYs3D/logs) by extension 'ignore'
[0.320s] Level 1:colcon.colcon_core.package_identification:_identify(src/eYs3D/logs) by extension 'ignore_ament_install'
[0.320s] Level 1:colcon.colcon_core.package_identification:_identify(src/eYs3D/logs) by extensions ['colcon_pkg']
[0.320s] Level 1:colcon.colcon_core.package_identification:_identify(src/eYs3D/logs) by extension 'colcon_pkg'
[0.320s] Level 1:colcon.colcon_core.package_identification:_identify(src/eYs3D/logs) by extensions ['colcon_meta']
[0.320s] Level 1:colcon.colcon_core.package_identification:_identify(src/eYs3D/logs) by extension 'colcon_meta'
[0.320s] Level 1:colcon.colcon_core.package_identification:_identify(src/eYs3D/logs) by extensions ['ros']
[0.320s] Level 1:colcon.colcon_core.package_identification:_identify(src/eYs3D/logs) by extension 'ros'
[0.320s] Level 1:colcon.colcon_core.package_identification:_identify(src/eYs3D/logs) by extensions ['cmake', 'python']
[0.320s] Level 1:colcon.colcon_core.package_identification:_identify(src/eYs3D/logs) by extension 'cmake'
[0.320s] Level 1:colcon.colcon_core.package_identification:_identify(src/eYs3D/logs) by extension 'python'
[0.320s] Level 1:colcon.colcon_core.package_identification:_identify(src/eYs3D/logs) by extensions ['python_setup_py']
[0.320s] Level 1:colcon.colcon_core.package_identification:_identify(src/eYs3D/logs) by extension 'python_setup_py'
[0.320s] Level 1:colcon.colcon_core.package_identification:_identify(src/eYs3D/readregisterlogs) by extensions ['ignore', 'ignore_ament_install']
[0.320s] Level 1:colcon.colcon_core.package_identification:_identify(src/eYs3D/readregisterlogs) by extension 'ignore'
[0.320s] Level 1:colcon.colcon_core.package_identification:_identify(src/eYs3D/readregisterlogs) by extension 'ignore_ament_install'
[0.320s] Level 1:colcon.colcon_core.package_identification:_identify(src/eYs3D/readregisterlogs) by extensions ['colcon_pkg']
[0.320s] Level 1:colcon.colcon_core.package_identification:_identify(src/eYs3D/readregisterlogs) by extension 'colcon_pkg'
[0.320s] Level 1:colcon.colcon_core.package_identification:_identify(src/eYs3D/readregisterlogs) by extensions ['colcon_meta']
[0.320s] Level 1:colcon.colcon_core.package_identification:_identify(src/eYs3D/readregisterlogs) by extension 'colcon_meta'
[0.320s] Level 1:colcon.colcon_core.package_identification:_identify(src/eYs3D/readregisterlogs) by extensions ['ros']
[0.320s] Level 1:colcon.colcon_core.package_identification:_identify(src/eYs3D/readregisterlogs) by extension 'ros'
[0.321s] Level 1:colcon.colcon_core.package_identification:_identify(src/eYs3D/readregisterlogs) by extensions ['cmake', 'python']
[0.321s] Level 1:colcon.colcon_core.package_identification:_identify(src/eYs3D/readregisterlogs) by extension 'cmake'
[0.321s] Level 1:colcon.colcon_core.package_identification:_identify(src/eYs3D/readregisterlogs) by extension 'python'
[0.321s] Level 1:colcon.colcon_core.package_identification:_identify(src/eYs3D/readregisterlogs) by extensions ['python_setup_py']
[0.321s] Level 1:colcon.colcon_core.package_identification:_identify(src/eYs3D/readregisterlogs) by extension 'python_setup_py'
[0.321s] Level 1:colcon.colcon_core.package_identification:_identify(src/eYs3D/snapshots) by extensions ['ignore', 'ignore_ament_install']
[0.321s] Level 1:colcon.colcon_core.package_identification:_identify(src/eYs3D/snapshots) by extension 'ignore'
[0.321s] Level 1:colcon.colcon_core.package_identification:_identify(src/eYs3D/snapshots) by extension 'ignore_ament_install'
[0.321s] Level 1:colcon.colcon_core.package_identification:_identify(src/eYs3D/snapshots) by extensions ['colcon_pkg']
[0.321s] Level 1:colcon.colcon_core.package_identification:_identify(src/eYs3D/snapshots) by extension 'colcon_pkg'
[0.321s] Level 1:colcon.colcon_core.package_identification:_identify(src/eYs3D/snapshots) by extensions ['colcon_meta']
[0.321s] Level 1:colcon.colcon_core.package_identification:_identify(src/eYs3D/snapshots) by extension 'colcon_meta'
[0.321s] Level 1:colcon.colcon_core.package_identification:_identify(src/eYs3D/snapshots) by extensions ['ros']
[0.321s] Level 1:colcon.colcon_core.package_identification:_identify(src/eYs3D/snapshots) by extension 'ros'
[0.321s] Level 1:colcon.colcon_core.package_identification:_identify(src/eYs3D/snapshots) by extensions ['cmake', 'python']
[0.321s] Level 1:colcon.colcon_core.package_identification:_identify(src/eYs3D/snapshots) by extension 'cmake'
[0.321s] Level 1:colcon.colcon_core.package_identification:_identify(src/eYs3D/snapshots) by extension 'python'
[0.321s] Level 1:colcon.colcon_core.package_identification:_identify(src/eYs3D/snapshots) by extensions ['python_setup_py']
[0.321s] Level 1:colcon.colcon_core.package_identification:_identify(src/eYs3D/snapshots) by extension 'python_setup_py'
[0.321s] Level 1:colcon.colcon_core.package_identification:_identify(src/eYs3D/video_recording) by extensions ['ignore', 'ignore_ament_install']
[0.321s] Level 1:colcon.colcon_core.package_identification:_identify(src/eYs3D/video_recording) by extension 'ignore'
[0.321s] Level 1:colcon.colcon_core.package_identification:_identify(src/eYs3D/video_recording) by extension 'ignore_ament_install'
[0.321s] Level 1:colcon.colcon_core.package_identification:_identify(src/eYs3D/video_recording) by extensions ['colcon_pkg']
[0.322s] Level 1:colcon.colcon_core.package_identification:_identify(src/eYs3D/video_recording) by extension 'colcon_pkg'
[0.322s] Level 1:colcon.colcon_core.package_identification:_identify(src/eYs3D/video_recording) by extensions ['colcon_meta']
[0.322s] Level 1:colcon.colcon_core.package_identification:_identify(src/eYs3D/video_recording) by extension 'colcon_meta'
[0.322s] Level 1:colcon.colcon_core.package_identification:_identify(src/eYs3D/video_recording) by extensions ['ros']
[0.322s] Level 1:colcon.colcon_core.package_identification:_identify(src/eYs3D/video_recording) by extension 'ros'
[0.322s] Level 1:colcon.colcon_core.package_identification:_identify(src/eYs3D/video_recording) by extensions ['cmake', 'python']
[0.322s] Level 1:colcon.colcon_core.package_identification:_identify(src/eYs3D/video_recording) by extension 'cmake'
[0.322s] Level 1:colcon.colcon_core.package_identification:_identify(src/eYs3D/video_recording) by extension 'python'
[0.322s] Level 1:colcon.colcon_core.package_identification:_identify(src/eYs3D/video_recording) by extensions ['python_setup_py']
[0.322s] Level 1:colcon.colcon_core.package_identification:_identify(src/eYs3D/video_recording) by extension 'python_setup_py'
[0.322s] Level 1:colcon.colcon_core.package_discovery:discover_packages(recursive) using defaults
[0.322s] Level 1:colcon.colcon_core.package_discovery:discover_packages(ignore) discover
[0.322s] Level 1:colcon.colcon_core.package_discovery:discover_packages(ignore) using defaults
[0.322s] Level 1:colcon.colcon_core.package_discovery:discover_packages(path) discover
[0.322s] Level 1:colcon.colcon_core.package_discovery:discover_packages(path) using defaults
[0.340s] Level 1:colcon.colcon_core.package_discovery:discover_packages(prefix_path) check parameters
[0.340s] Level 1:colcon.colcon_core.package_discovery:discover_packages(prefix_path) discover
[0.342s] DEBUG:colcon.colcon_installed_package_information.package_discovery:Found 1 installed packages in /home/kb/yolo_ws/install
[0.342s] DEBUG:colcon.colcon_installed_package_information.package_discovery:Found 1 installed packages in /home/kb/camera_ws/install
[0.343s] DEBUG:colcon.colcon_installed_package_information.package_discovery:Found 2 installed packages in /home/kb/zinger_ws/install
[0.343s] DEBUG:colcon.colcon_installed_package_information.package_discovery:Found 2 installed packages in /home/kb/ros2_ws/install
[0.343s] DEBUG:colcon.colcon_installed_package_information.package_discovery:Found 5 installed packages in /home/kb/lidar_slam_ws/install
[0.344s] DEBUG:colcon.colcon_installed_package_information.package_discovery:Found 3 installed packages in /home/kb/cartographer_ws/install
[0.344s] DEBUG:colcon.colcon_installed_package_information.package_discovery:Found 5 installed packages in /home/kb/Anveshika/Anveshika_ws/install
[0.346s] DEBUG:colcon.colcon_installed_package_information.package_discovery:Found 419 installed packages in /opt/ros/humble
[0.347s] Level 1:colcon.colcon_core.package_discovery:discover_packages(prefix_path) using defaults
[0.393s] Level 5:colcon.colcon_core.verb:set package 'anveshika_description' build argument 'cmake_args' from command line to 'None'
[0.393s] Level 5:colcon.colcon_core.verb:set package 'anveshika_description' build argument 'cmake_target' from command line to 'None'
[0.393s] Level 5:colcon.colcon_core.verb:set package 'anveshika_description' build argument 'cmake_target_skip_unavailable' from command line to 'False'
[0.394s] Level 5:colcon.colcon_core.verb:set package 'anveshika_description' build argument 'cmake_clean_cache' from command line to 'False'
[0.394s] Level 5:colcon.colcon_core.verb:set package 'anveshika_description' build argument 'cmake_clean_first' from command line to 'False'
[0.394s] Level 5:colcon.colcon_core.verb:set package 'anveshika_description' build argument 'cmake_force_configure' from command line to 'False'
[0.394s] Level 5:colcon.colcon_core.verb:set package 'anveshika_description' build argument 'ament_cmake_args' from command line to 'None'
[0.394s] Level 5:colcon.colcon_core.verb:set package 'anveshika_description' build argument 'catkin_cmake_args' from command line to 'None'
[0.394s] Level 5:colcon.colcon_core.verb:set package 'anveshika_description' build argument 'catkin_skip_building_tests' from command line to 'False'
[0.394s] DEBUG:colcon.colcon_core.verb:Building package 'anveshika_description' with the following arguments: {'ament_cmake_args': None, 'build_base': '/home/kb/Anveshika/Anveshika_ws/build/anveshika_description', 'catkin_cmake_args': None, 'catkin_skip_building_tests': False, 'cmake_args': None, 'cmake_clean_cache': False, 'cmake_clean_first': False, 'cmake_force_configure': False, 'cmake_target': None, 'cmake_target_skip_unavailable': False, 'install_base': '/home/kb/Anveshika/Anveshika_ws/install/anveshika_description', 'merge_install': False, 'path': '/home/kb/Anveshika/Anveshika_ws/src/anveshika_description', 'symlink_install': True, 'test_result_base': None}
[0.394s] Level 5:colcon.colcon_core.verb:set package 'anveshika_nav' build argument 'cmake_args' from command line to 'None'
[0.394s] Level 5:colcon.colcon_core.verb:set package 'anveshika_nav' build argument 'cmake_target' from command line to 'None'
[0.394s] Level 5:colcon.colcon_core.verb:set package 'anveshika_nav' build argument 'cmake_target_skip_unavailable' from command line to 'False'
[0.394s] Level 5:colcon.colcon_core.verb:set package 'anveshika_nav' build argument 'cmake_clean_cache' from command line to 'False'
[0.394s] Level 5:colcon.colcon_core.verb:set package 'anveshika_nav' build argument 'cmake_clean_first' from command line to 'False'
[0.394s] Level 5:colcon.colcon_core.verb:set package 'anveshika_nav' build argument 'cmake_force_configure' from command line to 'False'
[0.394s] Level 5:colcon.colcon_core.verb:set package 'anveshika_nav' build argument 'ament_cmake_args' from command line to 'None'
[0.394s] Level 5:colcon.colcon_core.verb:set package 'anveshika_nav' build argument 'catkin_cmake_args' from command line to 'None'
[0.394s] Level 5:colcon.colcon_core.verb:set package 'anveshika_nav' build argument 'catkin_skip_building_tests' from command line to 'False'
[0.394s] DEBUG:colcon.colcon_core.verb:Building package 'anveshika_nav' with the following arguments: {'ament_cmake_args': None, 'build_base': '/home/kb/Anveshika/Anveshika_ws/build/anveshika_nav', 'catkin_cmake_args': None, 'catkin_skip_building_tests': False, 'cmake_args': None, 'cmake_clean_cache': False, 'cmake_clean_first': False, 'cmake_force_configure': False, 'cmake_target': None, 'cmake_target_skip_unavailable': False, 'install_base': '/home/kb/Anveshika/Anveshika_ws/install/anveshika_nav', 'merge_install': False, 'path': '/home/kb/Anveshika/Anveshika_ws/src/anveshika_nav', 'symlink_install': True, 'test_result_base': None}
[0.394s] Level 5:colcon.colcon_core.verb:set package 'anveshika_swerve_controller' build argument 'cmake_args' from command line to 'None'
[0.395s] Level 5:colcon.colcon_core.verb:set package 'anveshika_swerve_controller' build argument 'cmake_target' from command line to 'None'
[0.395s] Level 5:colcon.colcon_core.verb:set package 'anveshika_swerve_controller' build argument 'cmake_target_skip_unavailable' from command line to 'False'
[0.395s] Level 5:colcon.colcon_core.verb:set package 'anveshika_swerve_controller' build argument 'cmake_clean_cache' from command line to 'False'
[0.395s] Level 5:colcon.colcon_core.verb:set package 'anveshika_swerve_controller' build argument 'cmake_clean_first' from command line to 'False'
[0.395s] Level 5:colcon.colcon_core.verb:set package 'anveshika_swerve_controller' build argument 'cmake_force_configure' from command line to 'False'
[0.395s] Level 5:colcon.colcon_core.verb:set package 'anveshika_swerve_controller' build argument 'ament_cmake_args' from command line to 'None'
[0.395s] Level 5:colcon.colcon_core.verb:set package 'anveshika_swerve_controller' build argument 'catkin_cmake_args' from command line to 'None'
[0.395s] Level 5:colcon.colcon_core.verb:set package 'anveshika_swerve_controller' build argument 'catkin_skip_building_tests' from command line to 'False'
[0.395s] DEBUG:colcon.colcon_core.verb:Building package 'anveshika_swerve_controller' with the following arguments: {'ament_cmake_args': None, 'build_base': '/home/kb/Anveshika/Anveshika_ws/build/anveshika_swerve_controller', 'catkin_cmake_args': None, 'catkin_skip_building_tests': False, 'cmake_args': None, 'cmake_clean_cache': False, 'cmake_clean_first': False, 'cmake_force_configure': False, 'cmake_target': None, 'cmake_target_skip_unavailable': False, 'install_base': '/home/kb/Anveshika/Anveshika_ws/install/anveshika_swerve_controller', 'merge_install': False, 'path': '/home/kb/Anveshika/Anveshika_ws/src/anveshika_swerve_controller', 'symlink_install': True, 'test_result_base': None}
[0.395s] Level 5:colcon.colcon_core.verb:set package 'dm_preview' build argument 'cmake_args' from command line to 'None'
[0.395s] Level 5:colcon.colcon_core.verb:set package 'dm_preview' build argument 'cmake_target' from command line to 'None'
[0.395s] Level 5:colcon.colcon_core.verb:set package 'dm_preview' build argument 'cmake_target_skip_unavailable' from command line to 'False'
[0.395s] Level 5:colcon.colcon_core.verb:set package 'dm_preview' build argument 'cmake_clean_cache' from command line to 'False'
[0.395s] Level 5:colcon.colcon_core.verb:set package 'dm_preview' build argument 'cmake_clean_first' from command line to 'False'
[0.395s] Level 5:colcon.colcon_core.verb:set package 'dm_preview' build argument 'cmake_force_configure' from command line to 'False'
[0.395s] Level 5:colcon.colcon_core.verb:set package 'dm_preview' build argument 'ament_cmake_args' from command line to 'None'
[0.395s] Level 5:colcon.colcon_core.verb:set package 'dm_preview' build argument 'catkin_cmake_args' from command line to 'None'
[0.395s] Level 5:colcon.colcon_core.verb:set package 'dm_preview' build argument 'catkin_skip_building_tests' from command line to 'False'
[0.395s] DEBUG:colcon.colcon_core.verb:Building package 'dm_preview' with the following arguments: {'ament_cmake_args': None, 'build_base': '/home/kb/Anveshika/Anveshika_ws/build/dm_preview', 'catkin_cmake_args': None, 'catkin_skip_building_tests': False, 'cmake_args': None, 'cmake_clean_cache': False, 'cmake_clean_first': False, 'cmake_force_configure': False, 'cmake_target': None, 'cmake_target_skip_unavailable': False, 'install_base': '/home/kb/Anveshika/Anveshika_ws/install/dm_preview', 'merge_install': False, 'path': '/home/kb/Anveshika/Anveshika_ws/src/dm_preview', 'symlink_install': True, 'test_result_base': None}
[0.396s] Level 5:colcon.colcon_core.verb:set package 'anveshika_bringup' build argument 'cmake_args' from command line to 'None'
[0.396s] Level 5:colcon.colcon_core.verb:set package 'anveshika_bringup' build argument 'cmake_target' from command line to 'None'
[0.396s] Level 5:colcon.colcon_core.verb:set package 'anveshika_bringup' build argument 'cmake_target_skip_unavailable' from command line to 'False'
[0.396s] Level 5:colcon.colcon_core.verb:set package 'anveshika_bringup' build argument 'cmake_clean_cache' from command line to 'False'
[0.396s] Level 5:colcon.colcon_core.verb:set package 'anveshika_bringup' build argument 'cmake_clean_first' from command line to 'False'
[0.396s] Level 5:colcon.colcon_core.verb:set package 'anveshika_bringup' build argument 'cmake_force_configure' from command line to 'False'
[0.396s] Level 5:colcon.colcon_core.verb:set package 'anveshika_bringup' build argument 'ament_cmake_args' from command line to 'None'
[0.396s] Level 5:colcon.colcon_core.verb:set package 'anveshika_bringup' build argument 'catkin_cmake_args' from command line to 'None'
[0.396s] Level 5:colcon.colcon_core.verb:set package 'anveshika_bringup' build argument 'catkin_skip_building_tests' from command line to 'False'
[0.396s] DEBUG:colcon.colcon_core.verb:Building package 'anveshika_bringup' with the following arguments: {'ament_cmake_args': None, 'build_base': '/home/kb/Anveshika/Anveshika_ws/build/anveshika_bringup', 'catkin_cmake_args': None, 'catkin_skip_building_tests': False, 'cmake_args': None, 'cmake_clean_cache': False, 'cmake_clean_first': False, 'cmake_force_configure': False, 'cmake_target': None, 'cmake_target_skip_unavailable': False, 'install_base': '/home/kb/Anveshika/Anveshika_ws/install/anveshika_bringup', 'merge_install': False, 'path': '/home/kb/Anveshika/Anveshika_ws/src/anveshika_bringup', 'symlink_install': True, 'test_result_base': None}
[0.396s] INFO:colcon.colcon_core.executor:Executing jobs using 'parallel' executor
[0.397s] DEBUG:colcon.colcon_parallel_executor.executor.parallel:run_until_complete
[0.397s] INFO:colcon.colcon_ros.task.ament_cmake.build:Building ROS package in '/home/kb/Anveshika/Anveshika_ws/src/anveshika_description' with build type 'ament_cmake'
[0.397s] INFO:colcon.colcon_cmake.task.cmake.build:Building CMake package in '/home/kb/Anveshika/Anveshika_ws/src/anveshika_description'
[0.399s] INFO:colcon.colcon_core.plugin_system:Skipping extension 'colcon_core.shell.bat': Not used on non-Windows systems
[0.400s] INFO:colcon.colcon_core.shell:Skip shell extension 'powershell' for command environment: Not usable outside of PowerShell
[0.400s] DEBUG:colcon.colcon_core.shell:Skip shell extension 'dsv' for command environment
[0.405s] INFO:colcon.colcon_ros.task.ament_cmake.build:Building ROS package in '/home/kb/Anveshika/Anveshika_ws/src/anveshika_nav' with build type 'ament_cmake'
[0.406s] INFO:colcon.colcon_cmake.task.cmake.build:Building CMake package in '/home/kb/Anveshika/Anveshika_ws/src/anveshika_nav'
[0.406s] INFO:colcon.colcon_core.shell:Skip shell extension 'powershell' for command environment: Not usable outside of PowerShell
[0.406s] DEBUG:colcon.colcon_core.shell:Skip shell extension 'dsv' for command environment
[0.413s] INFO:colcon.colcon_ros.task.ament_python.build:Building ROS package in '/home/kb/Anveshika/Anveshika_ws/src/anveshika_swerve_controller' with build type 'ament_python'
[0.413s] Level 1:colcon.colcon_core.shell:create_environment_hook('anveshika_swerve_controller', 'ament_prefix_path')
[0.413s] INFO:colcon.colcon_core.shell:Creating environment hook '/home/kb/Anveshika/Anveshika_ws/install/anveshika_swerve_controller/share/anveshika_swerve_controller/hook/ament_prefix_path.ps1'
[0.415s] INFO:colcon.colcon_core.shell:Creating environment descriptor '/home/kb/Anveshika/Anveshika_ws/install/anveshika_swerve_controller/share/anveshika_swerve_controller/hook/ament_prefix_path.dsv'
[0.415s] INFO:colcon.colcon_core.shell:Creating environment hook '/home/kb/Anveshika/Anveshika_ws/install/anveshika_swerve_controller/share/anveshika_swerve_controller/hook/ament_prefix_path.sh'
[0.416s] INFO:colcon.colcon_core.shell:Skip shell extension 'powershell' for command environment: Not usable outside of PowerShell
[0.416s] DEBUG:colcon.colcon_core.shell:Skip shell extension 'dsv' for command environment
[0.422s] INFO:colcon.colcon_ros.task.ament_cmake.build:Building ROS package in '/home/kb/Anveshika/Anveshika_ws/src/dm_preview' with build type 'ament_cmake'
[0.422s] INFO:colcon.colcon_cmake.task.cmake.build:Building CMake package in '/home/kb/Anveshika/Anveshika_ws/src/dm_preview'
[0.422s] INFO:colcon.colcon_core.shell:Skip shell extension 'powershell' for command environment: Not usable outside of PowerShell
[0.422s] DEBUG:colcon.colcon_core.shell:Skip shell extension 'dsv' for command environment
[0.435s] DEBUG:colcon.colcon_core.event_handler.log_command:Invoking command in '/home/kb/Anveshika/Anveshika_ws/build/anveshika_description': CMAKE_PREFIX_PATH=${CMAKE_PREFIX_PATH}:/home/kb/Anveshika/Anveshika_ws/install/anveshika_swerve_controller:/home/kb/yolo_ws/install/yolo_read:/home/kb/camera_ws/install/ros2_camera:/home/kb/zinger_ws/install/zinger_swerve_controller:/opt/ros/humble /usr/bin/cmake --build /home/kb/Anveshika/Anveshika_ws/build/anveshika_description -- -j8 -l8
[0.440s] DEBUG:colcon.colcon_core.event_handler.log_command:Invoking command in '/home/kb/Anveshika/Anveshika_ws/build/anveshika_nav': CMAKE_PREFIX_PATH=${CMAKE_PREFIX_PATH}:/home/kb/Anveshika/Anveshika_ws/install/anveshika_swerve_controller:/home/kb/yolo_ws/install/yolo_read:/home/kb/camera_ws/install/ros2_camera:/home/kb/zinger_ws/install/zinger_swerve_controller:/opt/ros/humble /usr/bin/cmake --build /home/kb/Anveshika/Anveshika_ws/build/anveshika_nav -- -j8 -l8
[0.716s] INFO:colcon.colcon_core.task.python.build:Building Python package in '/home/kb/Anveshika/Anveshika_ws/src/anveshika_swerve_controller'
[0.716s] INFO:colcon.colcon_core.shell:Skip shell extension 'powershell' for command environment: Not usable outside of PowerShell
[0.716s] DEBUG:colcon.colcon_core.shell:Skip shell extension 'dsv' for command environment
[0.731s] DEBUG:colcon.colcon_core.event_handler.log_command:Invoking command in '/home/kb/Anveshika/Anveshika_ws/build/dm_preview': CMAKE_PREFIX_PATH=${CMAKE_PREFIX_PATH}:/home/kb/Anveshika/Anveshika_ws/install/anveshika_swerve_controller:/home/kb/yolo_ws/install/yolo_read:/home/kb/camera_ws/install/ros2_camera:/home/kb/zinger_ws/install/zinger_swerve_controller:/opt/ros/humble /usr/bin/cmake --build /home/kb/Anveshika/Anveshika_ws/build/dm_preview -- -j8 -l8
[0.732s] DEBUG:colcon.colcon_core.event_handler.log_command:Invoked command in '/home/kb/Anveshika/Anveshika_ws/build/anveshika_nav' returned '0': CMAKE_PREFIX_PATH=${CMAKE_PREFIX_PATH}:/home/kb/Anveshika/Anveshika_ws/install/anveshika_swerve_controller:/home/kb/yolo_ws/install/yolo_read:/home/kb/camera_ws/install/ros2_camera:/home/kb/zinger_ws/install/zinger_swerve_controller:/opt/ros/humble /usr/bin/cmake --build /home/kb/Anveshika/Anveshika_ws/build/anveshika_nav -- -j8 -l8
[0.733s] DEBUG:colcon.colcon_core.event_handler.log_command:Invoked command in '/home/kb/Anveshika/Anveshika_ws/build/anveshika_description' returned '0': CMAKE_PREFIX_PATH=${CMAKE_PREFIX_PATH}:/home/kb/Anveshika/Anveshika_ws/install/anveshika_swerve_controller:/home/kb/yolo_ws/install/yolo_read:/home/kb/camera_ws/install/ros2_camera:/home/kb/zinger_ws/install/zinger_swerve_controller:/opt/ros/humble /usr/bin/cmake --build /home/kb/Anveshika/Anveshika_ws/build/anveshika_description -- -j8 -l8
[0.763s] DEBUG:colcon.colcon_core.event_handler.log_command:Invoking command in '/home/kb/Anveshika/Anveshika_ws/build/anveshika_nav': CMAKE_PREFIX_PATH=${CMAKE_PREFIX_PATH}:/home/kb/Anveshika/Anveshika_ws/install/anveshika_swerve_controller:/home/kb/yolo_ws/install/yolo_read:/home/kb/camera_ws/install/ros2_camera:/home/kb/zinger_ws/install/zinger_swerve_controller:/opt/ros/humble /usr/bin/cmake --install /home/kb/Anveshika/Anveshika_ws/build/anveshika_nav
[0.766s] DEBUG:colcon.colcon_core.event_handler.log_command:Invoking command in '/home/kb/Anveshika/Anveshika_ws/build/anveshika_description': CMAKE_PREFIX_PATH=${CMAKE_PREFIX_PATH}:/home/kb/Anveshika/Anveshika_ws/install/anveshika_swerve_controller:/home/kb/yolo_ws/install/yolo_read:/home/kb/camera_ws/install/ros2_camera:/home/kb/zinger_ws/install/zinger_swerve_controller:/opt/ros/humble /usr/bin/cmake --install /home/kb/Anveshika/Anveshika_ws/build/anveshika_description
[0.787s] Level 1:colcon.colcon_core.environment:create_environment_scripts_only(anveshika_nav)
[0.788s] DEBUG:colcon.colcon_core.event_handler.log_command:Invoked command in '/home/kb/Anveshika/Anveshika_ws/build/anveshika_nav' returned '0': CMAKE_PREFIX_PATH=${CMAKE_PREFIX_PATH}:/home/kb/Anveshika/Anveshika_ws/install/anveshika_swerve_controller:/home/kb/yolo_ws/install/yolo_read:/home/kb/camera_ws/install/ros2_camera:/home/kb/zinger_ws/install/zinger_swerve_controller:/opt/ros/humble /usr/bin/cmake --install /home/kb/Anveshika/Anveshika_ws/build/anveshika_nav
[0.790s] Level 1:colcon.colcon_core.environment:checking '/home/kb/Anveshika/Anveshika_ws/install/anveshika_nav' for CMake module files
[0.791s] Level 1:colcon.colcon_core.environment:checking '/home/kb/Anveshika/Anveshika_ws/install/anveshika_nav' for CMake config files
[0.791s] Level 1:colcon.colcon_core.shell:create_environment_hook('anveshika_nav', 'cmake_prefix_path')
[0.792s] INFO:colcon.colcon_core.shell:Creating environment hook '/home/kb/Anveshika/Anveshika_ws/install/anveshika_nav/share/anveshika_nav/hook/cmake_prefix_path.ps1'
[0.792s] INFO:colcon.colcon_core.shell:Creating environment descriptor '/home/kb/Anveshika/Anveshika_ws/install/anveshika_nav/share/anveshika_nav/hook/cmake_prefix_path.dsv'
[0.792s] INFO:colcon.colcon_core.shell:Creating environment hook '/home/kb/Anveshika/Anveshika_ws/install/anveshika_nav/share/anveshika_nav/hook/cmake_prefix_path.sh'
[0.794s] Level 1:colcon.colcon_core.environment:checking '/home/kb/Anveshika/Anveshika_ws/install/anveshika_nav/bin'
[0.794s] Level 1:colcon.colcon_core.environment:checking '/home/kb/Anveshika/Anveshika_ws/install/anveshika_nav/lib/pkgconfig/anveshika_nav.pc'
[0.794s] Level 1:colcon.colcon_core.environment:checking '/home/kb/Anveshika/Anveshika_ws/install/anveshika_nav/lib/python3.10/site-packages'
[0.794s] Level 1:colcon.colcon_core.environment:checking '/home/kb/Anveshika/Anveshika_ws/install/anveshika_nav/bin'
[0.795s] INFO:colcon.colcon_core.shell:Creating package script '/home/kb/Anveshika/Anveshika_ws/install/anveshika_nav/share/anveshika_nav/package.ps1'
[0.796s] INFO:colcon.colcon_core.shell:Creating package descriptor '/home/kb/Anveshika/Anveshika_ws/install/anveshika_nav/share/anveshika_nav/package.dsv'
[0.797s] INFO:colcon.colcon_core.shell:Creating package script '/home/kb/Anveshika/Anveshika_ws/install/anveshika_nav/share/anveshika_nav/package.sh'
[0.798s] INFO:colcon.colcon_core.shell:Creating package script '/home/kb/Anveshika/Anveshika_ws/install/anveshika_nav/share/anveshika_nav/package.bash'
[0.799s] INFO:colcon.colcon_core.shell:Creating package script '/home/kb/Anveshika/Anveshika_ws/install/anveshika_nav/share/anveshika_nav/package.zsh'
[0.800s] Level 1:colcon.colcon_core.environment:create_file_with_runtime_dependencies(/home/kb/Anveshika/Anveshika_ws/install/anveshika_nav/share/colcon-core/packages/anveshika_nav)
[0.802s] Level 1:colcon.colcon_core.environment:create_environment_scripts_only(anveshika_description)
[0.802s] Level 1:colcon.colcon_core.environment:checking '/home/kb/Anveshika/Anveshika_ws/install/anveshika_description' for CMake module files
[0.803s] DEBUG:colcon.colcon_core.event_handler.log_command:Invoked command in '/home/kb/Anveshika/Anveshika_ws/build/anveshika_description' returned '0': CMAKE_PREFIX_PATH=${CMAKE_PREFIX_PATH}:/home/kb/Anveshika/Anveshika_ws/install/anveshika_swerve_controller:/home/kb/yolo_ws/install/yolo_read:/home/kb/camera_ws/install/ros2_camera:/home/kb/zinger_ws/install/zinger_swerve_controller:/opt/ros/humble /usr/bin/cmake --install /home/kb/Anveshika/Anveshika_ws/build/anveshika_description
[0.804s] Level 1:colcon.colcon_core.environment:checking '/home/kb/Anveshika/Anveshika_ws/install/anveshika_description' for CMake config files
[0.804s] Level 1:colcon.colcon_core.shell:create_environment_hook('anveshika_description', 'cmake_prefix_path')
[0.805s] INFO:colcon.colcon_core.shell:Creating environment hook '/home/kb/Anveshika/Anveshika_ws/install/anveshika_description/share/anveshika_description/hook/cmake_prefix_path.ps1'
[0.805s] INFO:colcon.colcon_core.shell:Creating environment descriptor '/home/kb/Anveshika/Anveshika_ws/install/anveshika_description/share/anveshika_description/hook/cmake_prefix_path.dsv'
[0.806s] INFO:colcon.colcon_core.shell:Creating environment hook '/home/kb/Anveshika/Anveshika_ws/install/anveshika_description/share/anveshika_description/hook/cmake_prefix_path.sh'
[0.806s] Level 1:colcon.colcon_core.environment:checking '/home/kb/Anveshika/Anveshika_ws/install/anveshika_description/bin'
[0.807s] Level 1:colcon.colcon_core.environment:checking '/home/kb/Anveshika/Anveshika_ws/install/anveshika_description/lib/pkgconfig/anveshika_description.pc'
[0.807s] Level 1:colcon.colcon_core.environment:checking '/home/kb/Anveshika/Anveshika_ws/install/anveshika_description/lib/python3.10/site-packages'
[0.807s] Level 1:colcon.colcon_core.environment:checking '/home/kb/Anveshika/Anveshika_ws/install/anveshika_description/bin'
[0.808s] INFO:colcon.colcon_core.shell:Creating package script '/home/kb/Anveshika/Anveshika_ws/install/anveshika_description/share/anveshika_description/package.ps1'
[0.809s] INFO:colcon.colcon_core.shell:Creating package descriptor '/home/kb/Anveshika/Anveshika_ws/install/anveshika_description/share/anveshika_description/package.dsv'
[0.809s] INFO:colcon.colcon_core.shell:Creating package script '/home/kb/Anveshika/Anveshika_ws/install/anveshika_description/share/anveshika_description/package.sh'
[0.810s] INFO:colcon.colcon_core.shell:Creating package script '/home/kb/Anveshika/Anveshika_ws/install/anveshika_description/share/anveshika_description/package.bash'
[0.810s] INFO:colcon.colcon_core.shell:Creating package script '/home/kb/Anveshika/Anveshika_ws/install/anveshika_description/share/anveshika_description/package.zsh'
[0.811s] Level 1:colcon.colcon_core.environment:create_file_with_runtime_dependencies(/home/kb/Anveshika/Anveshika_ws/install/anveshika_description/share/colcon-core/packages/anveshika_description)
[0.823s] Level 1:colcon.colcon_core.environment:create_environment_scripts_only(anveshika_nav)
[0.823s] Level 1:colcon.colcon_core.environment:checking '/home/kb/Anveshika/Anveshika_ws/install/anveshika_nav' for CMake module files
[0.824s] Level 1:colcon.colcon_core.environment:checking '/home/kb/Anveshika/Anveshika_ws/install/anveshika_nav' for CMake config files
[0.825s] Level 1:colcon.colcon_core.shell:create_environment_hook('anveshika_nav', 'cmake_prefix_path')
[0.826s] INFO:colcon.colcon_core.shell:Creating environment hook '/home/kb/Anveshika/Anveshika_ws/install/anveshika_nav/share/anveshika_nav/hook/cmake_prefix_path.ps1'
[0.826s] INFO:colcon.colcon_core.shell:Creating environment descriptor '/home/kb/Anveshika/Anveshika_ws/install/anveshika_nav/share/anveshika_nav/hook/cmake_prefix_path.dsv'
[0.827s] INFO:colcon.colcon_core.shell:Creating environment hook '/home/kb/Anveshika/Anveshika_ws/install/anveshika_nav/share/anveshika_nav/hook/cmake_prefix_path.sh'
[0.828s] Level 1:colcon.colcon_core.environment:checking '/home/kb/Anveshika/Anveshika_ws/install/anveshika_nav/bin'
[0.828s] Level 1:colcon.colcon_core.environment:checking '/home/kb/Anveshika/Anveshika_ws/install/anveshika_nav/lib/pkgconfig/anveshika_nav.pc'
[0.828s] Level 1:colcon.colcon_core.environment:checking '/home/kb/Anveshika/Anveshika_ws/install/anveshika_nav/lib/python3.10/site-packages'
[0.829s] Level 1:colcon.colcon_core.environment:checking '/home/kb/Anveshika/Anveshika_ws/install/anveshika_nav/bin'
[0.829s] INFO:colcon.colcon_core.shell:Creating package script '/home/kb/Anveshika/Anveshika_ws/install/anveshika_nav/share/anveshika_nav/package.ps1'
[0.830s] INFO:colcon.colcon_core.shell:Creating package descriptor '/home/kb/Anveshika/Anveshika_ws/install/anveshika_nav/share/anveshika_nav/package.dsv'
[0.831s] INFO:colcon.colcon_core.shell:Creating package script '/home/kb/Anveshika/Anveshika_ws/install/anveshika_nav/share/anveshika_nav/package.sh'
[0.832s] INFO:colcon.colcon_core.shell:Creating package script '/home/kb/Anveshika/Anveshika_ws/install/anveshika_nav/share/anveshika_nav/package.bash'
[0.833s] INFO:colcon.colcon_core.shell:Creating package script '/home/kb/Anveshika/Anveshika_ws/install/anveshika_nav/share/anveshika_nav/package.zsh'
[0.833s] Level 1:colcon.colcon_core.environment:create_file_with_runtime_dependencies(/home/kb/Anveshika/Anveshika_ws/install/anveshika_nav/share/colcon-core/packages/anveshika_nav)
[0.835s] Level 1:colcon.colcon_core.environment:create_environment_scripts_only(anveshika_description)
[0.835s] Level 1:colcon.colcon_core.environment:checking '/home/kb/Anveshika/Anveshika_ws/install/anveshika_description' for CMake module files
[0.836s] Level 1:colcon.colcon_core.environment:checking '/home/kb/Anveshika/Anveshika_ws/install/anveshika_description' for CMake config files
[0.837s] Level 1:colcon.colcon_core.shell:create_environment_hook('anveshika_description', 'cmake_prefix_path')
[0.837s] INFO:colcon.colcon_core.shell:Creating environment hook '/home/kb/Anveshika/Anveshika_ws/install/anveshika_description/share/anveshika_description/hook/cmake_prefix_path.ps1'
[0.838s] INFO:colcon.colcon_core.shell:Creating environment descriptor '/home/kb/Anveshika/Anveshika_ws/install/anveshika_description/share/anveshika_description/hook/cmake_prefix_path.dsv'
[0.838s] INFO:colcon.colcon_core.shell:Creating environment hook '/home/kb/Anveshika/Anveshika_ws/install/anveshika_description/share/anveshika_description/hook/cmake_prefix_path.sh'
[0.839s] Level 1:colcon.colcon_core.environment:checking '/home/kb/Anveshika/Anveshika_ws/install/anveshika_description/bin'
[0.839s] Level 1:colcon.colcon_core.environment:checking '/home/kb/Anveshika/Anveshika_ws/install/anveshika_description/lib/pkgconfig/anveshika_description.pc'
[0.839s] Level 1:colcon.colcon_core.environment:checking '/home/kb/Anveshika/Anveshika_ws/install/anveshika_description/lib/python3.10/site-packages'
[0.839s] Level 1:colcon.colcon_core.environment:checking '/home/kb/Anveshika/Anveshika_ws/install/anveshika_description/bin'
[0.840s] INFO:colcon.colcon_core.shell:Creating package script '/home/kb/Anveshika/Anveshika_ws/install/anveshika_description/share/anveshika_description/package.ps1'
[0.841s] INFO:colcon.colcon_core.shell:Creating package descriptor '/home/kb/Anveshika/Anveshika_ws/install/anveshika_description/share/anveshika_description/package.dsv'
[0.841s] INFO:colcon.colcon_core.shell:Creating package script '/home/kb/Anveshika/Anveshika_ws/install/anveshika_description/share/anveshika_description/package.sh'
[0.842s] INFO:colcon.colcon_core.shell:Creating package script '/home/kb/Anveshika/Anveshika_ws/install/anveshika_description/share/anveshika_description/package.bash'
[0.842s] INFO:colcon.colcon_core.shell:Creating package script '/home/kb/Anveshika/Anveshika_ws/install/anveshika_description/share/anveshika_description/package.zsh'
[0.843s] Level 1:colcon.colcon_core.environment:create_file_with_runtime_dependencies(/home/kb/Anveshika/Anveshika_ws/install/anveshika_description/share/colcon-core/packages/anveshika_description)
[0.843s] INFO:colcon.colcon_ros.task.ament_cmake.build:Building ROS package in '/home/kb/Anveshika/Anveshika_ws/src/anveshika_bringup' with build type 'ament_cmake'
[0.843s] INFO:colcon.colcon_cmake.task.cmake.build:Building CMake package in '/home/kb/Anveshika/Anveshika_ws/src/anveshika_bringup'
[0.844s] INFO:colcon.colcon_core.shell:Skip shell extension 'powershell' for command environment: Not usable outside of PowerShell
[0.844s] DEBUG:colcon.colcon_core.shell:Skip shell extension 'dsv' for command environment
[0.861s] DEBUG:colcon.colcon_core.event_handler.log_command:Invoking command in '/home/kb/Anveshika/Anveshika_ws/build/anveshika_bringup': CMAKE_PREFIX_PATH=/home/kb/Anveshika/Anveshika_ws/install/anveshika_description:/home/kb/Anveshika/Anveshika_ws/install/dm_preview:/home/kb/Anveshika/Anveshika_ws/install/anveshika_nav:/home/kb/Anveshika/Anveshika_ws/install/anveshika_bringup:/home/kb/zinger_ws/install/zinger_description:/home/kb/ros2_ws/install/my_robot_bringup:/home/kb/ros2_ws/install/my_robot_description:/home/kb/lidar_slam_ws/install/lidarslam:/home/kb/lidar_slam_ws/install/scanmatcher:/home/kb/lidar_slam_ws/install/graph_based_slam:/home/kb/lidar_slam_ws/install/ndt_omp_ros2:/home/kb/lidar_slam_ws/install/lidarslam_msgs:/home/kb/cartographer_ws/install/cartographer_rviz:/home/kb/cartographer_ws/install/cartographer_ros:/home/kb/cartographer_ws/install/cartographer_ros_msgs:/home/kb/Anveshika/Anveshika_ws/install/anveshika_swerve_controller:/home/kb/yolo_ws/install/yolo_read:/home/kb/camera_ws/install/ros2_camera:/home/kb/zinger_ws/install/zinger_swerve_controller:/opt/ros/humble /usr/bin/cmake --build /home/kb/Anveshika/Anveshika_ws/build/anveshika_bringup -- -j8 -l8
[0.899s] DEBUG:colcon.colcon_core.event_handler.log_command:Invoked command in '/home/kb/Anveshika/Anveshika_ws/build/anveshika_bringup' returned '0': CMAKE_PREFIX_PATH=/home/kb/Anveshika/Anveshika_ws/install/anveshika_description:/home/kb/Anveshika/Anveshika_ws/install/dm_preview:/home/kb/Anveshika/Anveshika_ws/install/anveshika_nav:/home/kb/Anveshika/Anveshika_ws/install/anveshika_bringup:/home/kb/zinger_ws/install/zinger_description:/home/kb/ros2_ws/install/my_robot_bringup:/home/kb/ros2_ws/install/my_robot_description:/home/kb/lidar_slam_ws/install/lidarslam:/home/kb/lidar_slam_ws/install/scanmatcher:/home/kb/lidar_slam_ws/install/graph_based_slam:/home/kb/lidar_slam_ws/install/ndt_omp_ros2:/home/kb/lidar_slam_ws/install/lidarslam_msgs:/home/kb/cartographer_ws/install/cartographer_rviz:/home/kb/cartographer_ws/install/cartographer_ros:/home/kb/cartographer_ws/install/cartographer_ros_msgs:/home/kb/Anveshika/Anveshika_ws/install/anveshika_swerve_controller:/home/kb/yolo_ws/install/yolo_read:/home/kb/camera_ws/install/ros2_camera:/home/kb/zinger_ws/install/zinger_swerve_controller:/opt/ros/humble /usr/bin/cmake --build /home/kb/Anveshika/Anveshika_ws/build/anveshika_bringup -- -j8 -l8
[0.923s] DEBUG:colcon.colcon_core.event_handler.log_command:Invoking command in '/home/kb/Anveshika/Anveshika_ws/build/anveshika_bringup': CMAKE_PREFIX_PATH=/home/kb/Anveshika/Anveshika_ws/install/anveshika_description:/home/kb/Anveshika/Anveshika_ws/install/dm_preview:/home/kb/Anveshika/Anveshika_ws/install/anveshika_nav:/home/kb/Anveshika/Anveshika_ws/install/anveshika_bringup:/home/kb/zinger_ws/install/zinger_description:/home/kb/ros2_ws/install/my_robot_bringup:/home/kb/ros2_ws/install/my_robot_description:/home/kb/lidar_slam_ws/install/lidarslam:/home/kb/lidar_slam_ws/install/scanmatcher:/home/kb/lidar_slam_ws/install/graph_based_slam:/home/kb/lidar_slam_ws/install/ndt_omp_ros2:/home/kb/lidar_slam_ws/install/lidarslam_msgs:/home/kb/cartographer_ws/install/cartographer_rviz:/home/kb/cartographer_ws/install/cartographer_ros:/home/kb/cartographer_ws/install/cartographer_ros_msgs:/home/kb/Anveshika/Anveshika_ws/install/anveshika_swerve_controller:/home/kb/yolo_ws/install/yolo_read:/home/kb/camera_ws/install/ros2_camera:/home/kb/zinger_ws/install/zinger_swerve_controller:/opt/ros/humble /usr/bin/cmake --install /home/kb/Anveshika/Anveshika_ws/build/anveshika_bringup
[0.947s] Level 1:colcon.colcon_core.environment:create_environment_scripts_only(anveshika_bringup)
[0.947s] Level 1:colcon.colcon_core.environment:checking '/home/kb/Anveshika/Anveshika_ws/install/anveshika_bringup' for CMake module files
[0.948s] DEBUG:colcon.colcon_core.event_handler.log_command:Invoked command in '/home/kb/Anveshika/Anveshika_ws/build/anveshika_bringup' returned '0': CMAKE_PREFIX_PATH=/home/kb/Anveshika/Anveshika_ws/install/anveshika_description:/home/kb/Anveshika/Anveshika_ws/install/dm_preview:/home/kb/Anveshika/Anveshika_ws/install/anveshika_nav:/home/kb/Anveshika/Anveshika_ws/install/anveshika_bringup:/home/kb/zinger_ws/install/zinger_description:/home/kb/ros2_ws/install/my_robot_bringup:/home/kb/ros2_ws/install/my_robot_description:/home/kb/lidar_slam_ws/install/lidarslam:/home/kb/lidar_slam_ws/install/scanmatcher:/home/kb/lidar_slam_ws/install/graph_based_slam:/home/kb/lidar_slam_ws/install/ndt_omp_ros2:/home/kb/lidar_slam_ws/install/lidarslam_msgs:/home/kb/cartographer_ws/install/cartographer_rviz:/home/kb/cartographer_ws/install/cartographer_ros:/home/kb/cartographer_ws/install/cartographer_ros_msgs:/home/kb/Anveshika/Anveshika_ws/install/anveshika_swerve_controller:/home/kb/yolo_ws/install/yolo_read:/home/kb/camera_ws/install/ros2_camera:/home/kb/zinger_ws/install/zinger_swerve_controller:/opt/ros/humble /usr/bin/cmake --install /home/kb/Anveshika/Anveshika_ws/build/anveshika_bringup
[0.948s] Level 1:colcon.colcon_core.environment:checking '/home/kb/Anveshika/Anveshika_ws/install/anveshika_bringup' for CMake config files
[0.949s] Level 1:colcon.colcon_core.shell:create_environment_hook('anveshika_bringup', 'cmake_prefix_path')
[0.949s] INFO:colcon.colcon_core.shell:Creating environment hook '/home/kb/Anveshika/Anveshika_ws/install/anveshika_bringup/share/anveshika_bringup/hook/cmake_prefix_path.ps1'
[0.950s] INFO:colcon.colcon_core.shell:Creating environment descriptor '/home/kb/Anveshika/Anveshika_ws/install/anveshika_bringup/share/anveshika_bringup/hook/cmake_prefix_path.dsv'
[0.950s] INFO:colcon.colcon_core.shell:Creating environment hook '/home/kb/Anveshika/Anveshika_ws/install/anveshika_bringup/share/anveshika_bringup/hook/cmake_prefix_path.sh'
[0.951s] Level 1:colcon.colcon_core.environment:checking '/home/kb/Anveshika/Anveshika_ws/install/anveshika_bringup/bin'
[0.951s] Level 1:colcon.colcon_core.environment:checking '/home/kb/Anveshika/Anveshika_ws/install/anveshika_bringup/lib/pkgconfig/anveshika_bringup.pc'
[0.951s] Level 1:colcon.colcon_core.environment:checking '/home/kb/Anveshika/Anveshika_ws/install/anveshika_bringup/lib/python3.10/site-packages'
[0.951s] Level 1:colcon.colcon_core.environment:checking '/home/kb/Anveshika/Anveshika_ws/install/anveshika_bringup/bin'
[0.952s] INFO:colcon.colcon_core.shell:Creating package script '/home/kb/Anveshika/Anveshika_ws/install/anveshika_bringup/share/anveshika_bringup/package.ps1'
[0.952s] INFO:colcon.colcon_core.shell:Creating package descriptor '/home/kb/Anveshika/Anveshika_ws/install/anveshika_bringup/share/anveshika_bringup/package.dsv'
[0.953s] INFO:colcon.colcon_core.shell:Creating package script '/home/kb/Anveshika/Anveshika_ws/install/anveshika_bringup/share/anveshika_bringup/package.sh'
[0.953s] INFO:colcon.colcon_core.shell:Creating package script '/home/kb/Anveshika/Anveshika_ws/install/anveshika_bringup/share/anveshika_bringup/package.bash'
[0.954s] INFO:colcon.colcon_core.shell:Creating package script '/home/kb/Anveshika/Anveshika_ws/install/anveshika_bringup/share/anveshika_bringup/package.zsh'
[0.954s] Level 1:colcon.colcon_core.environment:create_file_with_runtime_dependencies(/home/kb/Anveshika/Anveshika_ws/install/anveshika_bringup/share/colcon-core/packages/anveshika_bringup)
[0.975s] Level 1:colcon.colcon_core.environment:create_environment_scripts_only(anveshika_bringup)
[0.975s] Level 1:colcon.colcon_core.environment:checking '/home/kb/Anveshika/Anveshika_ws/install/anveshika_bringup' for CMake module files
[0.975s] Level 1:colcon.colcon_core.environment:checking '/home/kb/Anveshika/Anveshika_ws/install/anveshika_bringup' for CMake config files
[0.976s] Level 1:colcon.colcon_core.shell:create_environment_hook('anveshika_bringup', 'cmake_prefix_path')
[0.976s] INFO:colcon.colcon_core.shell:Creating environment hook '/home/kb/Anveshika/Anveshika_ws/install/anveshika_bringup/share/anveshika_bringup/hook/cmake_prefix_path.ps1'
[0.976s] INFO:colcon.colcon_core.shell:Creating environment descriptor '/home/kb/Anveshika/Anveshika_ws/install/anveshika_bringup/share/anveshika_bringup/hook/cmake_prefix_path.dsv'
[0.977s] INFO:colcon.colcon_core.shell:Creating environment hook '/home/kb/Anveshika/Anveshika_ws/install/anveshika_bringup/share/anveshika_bringup/hook/cmake_prefix_path.sh'
[0.977s] Level 1:colcon.colcon_core.environment:checking '/home/kb/Anveshika/Anveshika_ws/install/anveshika_bringup/bin'
[0.977s] Level 1:colcon.colcon_core.environment:checking '/home/kb/Anveshika/Anveshika_ws/install/anveshika_bringup/lib/pkgconfig/anveshika_bringup.pc'
[0.977s] Level 1:colcon.colcon_core.environment:checking '/home/kb/Anveshika/Anveshika_ws/install/anveshika_bringup/lib/python3.10/site-packages'
[0.978s] Level 1:colcon.colcon_core.environment:checking '/home/kb/Anveshika/Anveshika_ws/install/anveshika_bringup/bin'
[0.978s] INFO:colcon.colcon_core.shell:Creating package script '/home/kb/Anveshika/Anveshika_ws/install/anveshika_bringup/share/anveshika_bringup/package.ps1'
[0.978s] INFO:colcon.colcon_core.shell:Creating package descriptor '/home/kb/Anveshika/Anveshika_ws/install/anveshika_bringup/share/anveshika_bringup/package.dsv'
[0.979s] INFO:colcon.colcon_core.shell:Creating package script '/home/kb/Anveshika/Anveshika_ws/install/anveshika_bringup/share/anveshika_bringup/package.sh'
[0.979s] INFO:colcon.colcon_core.shell:Creating package script '/home/kb/Anveshika/Anveshika_ws/install/anveshika_bringup/share/anveshika_bringup/package.bash'
[0.980s] INFO:colcon.colcon_core.shell:Creating package script '/home/kb/Anveshika/Anveshika_ws/install/anveshika_bringup/share/anveshika_bringup/package.zsh'
[0.980s] Level 1:colcon.colcon_core.environment:create_file_with_runtime_dependencies(/home/kb/Anveshika/Anveshika_ws/install/anveshika_bringup/share/colcon-core/packages/anveshika_bringup)
[1.185s] DEBUG:colcon.colcon_core.event_handler.log_command:Invoking command in '/home/kb/Anveshika/Anveshika_ws/build/anveshika_swerve_controller': PYTHONPATH=/home/kb/Anveshika/Anveshika_ws/build/anveshika_swerve_controller/prefix_override:/home/kb/Anveshika/Anveshika_ws/install/anveshika_swerve_controller/lib/python3.10/site-packages:${PYTHONPATH} /usr/bin/python3 -W ignore:setup.py install is deprecated setup.py develop --editable --build-directory /home/kb/Anveshika/Anveshika_ws/build/anveshika_swerve_controller/build --no-deps symlink_data
[1.740s] Level 1:colcon.colcon_core.shell:create_environment_hook('anveshika_swerve_controller', 'pythonpath_develop')
[1.741s] INFO:colcon.colcon_core.shell:Creating environment hook '/home/kb/Anveshika/Anveshika_ws/build/anveshika_swerve_controller/share/anveshika_swerve_controller/hook/pythonpath_develop.ps1'
[1.742s] DEBUG:colcon.colcon_core.event_handler.log_command:Invoked command in '/home/kb/Anveshika/Anveshika_ws/build/anveshika_swerve_controller' returned '0': PYTHONPATH=/home/kb/Anveshika/Anveshika_ws/build/anveshika_swerve_controller/prefix_override:/home/kb/Anveshika/Anveshika_ws/install/anveshika_swerve_controller/lib/python3.10/site-packages:${PYTHONPATH} /usr/bin/python3 -W ignore:setup.py install is deprecated setup.py develop --editable --build-directory /home/kb/Anveshika/Anveshika_ws/build/anveshika_swerve_controller/build --no-deps symlink_data
[1.742s] INFO:colcon.colcon_core.shell:Creating environment descriptor '/home/kb/Anveshika/Anveshika_ws/build/anveshika_swerve_controller/share/anveshika_swerve_controller/hook/pythonpath_develop.dsv'
[1.742s] INFO:colcon.colcon_core.shell:Creating environment hook '/home/kb/Anveshika/Anveshika_ws/build/anveshika_swerve_controller/share/anveshika_swerve_controller/hook/pythonpath_develop.sh'
[1.743s] Level 1:colcon.colcon_core.environment:checking '/home/kb/Anveshika/Anveshika_ws/install/anveshika_swerve_controller' for CMake module files
[1.743s] Level 1:colcon.colcon_core.environment:checking '/home/kb/Anveshika/Anveshika_ws/install/anveshika_swerve_controller' for CMake config files
[1.744s] Level 1:colcon.colcon_core.environment:checking '/home/kb/Anveshika/Anveshika_ws/install/anveshika_swerve_controller/lib'
[1.744s] Level 1:colcon.colcon_core.environment:checking '/home/kb/Anveshika/Anveshika_ws/install/anveshika_swerve_controller/bin'
[1.744s] Level 1:colcon.colcon_core.environment:checking '/home/kb/Anveshika/Anveshika_ws/install/anveshika_swerve_controller/lib/pkgconfig/anveshika_swerve_controller.pc'
[1.744s] Level 1:colcon.colcon_core.environment:checking '/home/kb/Anveshika/Anveshika_ws/install/anveshika_swerve_controller/lib/python3.10/site-packages'
[1.744s] Level 1:colcon.colcon_core.shell:create_environment_hook('anveshika_swerve_controller', 'pythonpath')
[1.745s] INFO:colcon.colcon_core.shell:Creating environment hook '/home/kb/Anveshika/Anveshika_ws/install/anveshika_swerve_controller/share/anveshika_swerve_controller/hook/pythonpath.ps1'
[1.745s] INFO:colcon.colcon_core.shell:Creating environment descriptor '/home/kb/Anveshika/Anveshika_ws/install/anveshika_swerve_controller/share/anveshika_swerve_controller/hook/pythonpath.dsv'
[1.745s] INFO:colcon.colcon_core.shell:Creating environment hook '/home/kb/Anveshika/Anveshika_ws/install/anveshika_swerve_controller/share/anveshika_swerve_controller/hook/pythonpath.sh'
[1.746s] Level 1:colcon.colcon_core.environment:checking '/home/kb/Anveshika/Anveshika_ws/install/anveshika_swerve_controller/bin'
[1.746s] Level 1:colcon.colcon_core.environment:create_environment_scripts_only(anveshika_swerve_controller)
[1.746s] INFO:colcon.colcon_core.shell:Creating package script '/home/kb/Anveshika/Anveshika_ws/install/anveshika_swerve_controller/share/anveshika_swerve_controller/package.ps1'
[1.747s] INFO:colcon.colcon_core.shell:Creating package descriptor '/home/kb/Anveshika/Anveshika_ws/install/anveshika_swerve_controller/share/anveshika_swerve_controller/package.dsv'
[1.747s] INFO:colcon.colcon_core.shell:Creating package script '/home/kb/Anveshika/Anveshika_ws/install/anveshika_swerve_controller/share/anveshika_swerve_controller/package.sh'
[1.747s] INFO:colcon.colcon_core.shell:Creating package script '/home/kb/Anveshika/Anveshika_ws/install/anveshika_swerve_controller/share/anveshika_swerve_controller/package.bash'
[1.748s] INFO:colcon.colcon_core.shell:Creating package script '/home/kb/Anveshika/Anveshika_ws/install/anveshika_swerve_controller/share/anveshika_swerve_controller/package.zsh'
[1.748s] Level 1:colcon.colcon_core.environment:create_file_with_runtime_dependencies(/home/kb/Anveshika/Anveshika_ws/install/anveshika_swerve_controller/share/colcon-core/packages/anveshika_swerve_controller)
[9.054s] DEBUG:colcon.colcon_core.event_handler.log_command:Invoked command in '/home/kb/Anveshika/Anveshika_ws/build/dm_preview' returned '0': CMAKE_PREFIX_PATH=${CMAKE_PREFIX_PATH}:/home/kb/Anveshika/Anveshika_ws/install/anveshika_swerve_controller:/home/kb/yolo_ws/install/yolo_read:/home/kb/camera_ws/install/ros2_camera:/home/kb/zinger_ws/install/zinger_swerve_controller:/opt/ros/humble /usr/bin/cmake --build /home/kb/Anveshika/Anveshika_ws/build/dm_preview -- -j8 -l8
[9.081s] DEBUG:colcon.colcon_core.event_handler.log_command:Invoking command in '/home/kb/Anveshika/Anveshika_ws/build/dm_preview': CMAKE_PREFIX_PATH=${CMAKE_PREFIX_PATH}:/home/kb/Anveshika/Anveshika_ws/install/anveshika_swerve_controller:/home/kb/yolo_ws/install/yolo_read:/home/kb/camera_ws/install/ros2_camera:/home/kb/zinger_ws/install/zinger_swerve_controller:/opt/ros/humble /usr/bin/cmake --install /home/kb/Anveshika/Anveshika_ws/build/dm_preview
[9.137s] Level 1:colcon.colcon_core.environment:create_environment_scripts_only(dm_preview)
[9.138s] Level 1:colcon.colcon_core.environment:checking '/home/kb/Anveshika/Anveshika_ws/install/dm_preview' for CMake module files
[9.139s] DEBUG:colcon.colcon_core.event_handler.log_command:Invoked command in '/home/kb/Anveshika/Anveshika_ws/build/dm_preview' returned '0': CMAKE_PREFIX_PATH=${CMAKE_PREFIX_PATH}:/home/kb/Anveshika/Anveshika_ws/install/anveshika_swerve_controller:/home/kb/yolo_ws/install/yolo_read:/home/kb/camera_ws/install/ros2_camera:/home/kb/zinger_ws/install/zinger_swerve_controller:/opt/ros/humble /usr/bin/cmake --install /home/kb/Anveshika/Anveshika_ws/build/dm_preview
[9.139s] Level 1:colcon.colcon_core.environment:checking '/home/kb/Anveshika/Anveshika_ws/install/dm_preview' for CMake config files
[9.139s] Level 1:colcon.colcon_core.shell:create_environment_hook('dm_preview', 'cmake_prefix_path')
[9.140s] INFO:colcon.colcon_core.shell:Creating environment hook '/home/kb/Anveshika/Anveshika_ws/install/dm_preview/share/dm_preview/hook/cmake_prefix_path.ps1'
[9.140s] INFO:colcon.colcon_core.shell:Creating environment descriptor '/home/kb/Anveshika/Anveshika_ws/install/dm_preview/share/dm_preview/hook/cmake_prefix_path.dsv'
[9.140s] INFO:colcon.colcon_core.shell:Creating environment hook '/home/kb/Anveshika/Anveshika_ws/install/dm_preview/share/dm_preview/hook/cmake_prefix_path.sh'
[9.141s] Level 1:colcon.colcon_core.environment:checking '/home/kb/Anveshika/Anveshika_ws/install/dm_preview/lib'
[9.141s] Level 1:colcon.colcon_core.shell:create_environment_hook('dm_preview', 'ld_library_path_lib')
[9.141s] INFO:colcon.colcon_core.shell:Creating environment hook '/home/kb/Anveshika/Anveshika_ws/install/dm_preview/share/dm_preview/hook/ld_library_path_lib.ps1'
[9.142s] INFO:colcon.colcon_core.shell:Creating environment descriptor '/home/kb/Anveshika/Anveshika_ws/install/dm_preview/share/dm_preview/hook/ld_library_path_lib.dsv'
[9.142s] INFO:colcon.colcon_core.shell:Creating environment hook '/home/kb/Anveshika/Anveshika_ws/install/dm_preview/share/dm_preview/hook/ld_library_path_lib.sh'
[9.142s] Level 1:colcon.colcon_core.environment:checking '/home/kb/Anveshika/Anveshika_ws/install/dm_preview/bin'
[9.142s] Level 1:colcon.colcon_core.environment:checking '/home/kb/Anveshika/Anveshika_ws/install/dm_preview/lib/pkgconfig/dm_preview.pc'
[9.143s] Level 1:colcon.colcon_core.environment:checking '/home/kb/Anveshika/Anveshika_ws/install/dm_preview/lib/python3.10/site-packages'
[9.143s] Level 1:colcon.colcon_core.environment:checking '/home/kb/Anveshika/Anveshika_ws/install/dm_preview/bin'
[9.144s] INFO:colcon.colcon_core.shell:Creating package script '/home/kb/Anveshika/Anveshika_ws/install/dm_preview/share/dm_preview/package.ps1'
[9.144s] INFO:colcon.colcon_core.shell:Creating package descriptor '/home/kb/Anveshika/Anveshika_ws/install/dm_preview/share/dm_preview/package.dsv'
[9.145s] INFO:colcon.colcon_core.shell:Creating package script '/home/kb/Anveshika/Anveshika_ws/install/dm_preview/share/dm_preview/package.sh'
[9.145s] INFO:colcon.colcon_core.shell:Creating package script '/home/kb/Anveshika/Anveshika_ws/install/dm_preview/share/dm_preview/package.bash'
[9.145s] INFO:colcon.colcon_core.shell:Creating package script '/home/kb/Anveshika/Anveshika_ws/install/dm_preview/share/dm_preview/package.zsh'
[9.146s] Level 1:colcon.colcon_core.environment:create_file_with_runtime_dependencies(/home/kb/Anveshika/Anveshika_ws/install/dm_preview/share/colcon-core/packages/dm_preview)
[9.173s] Level 1:colcon.colcon_core.environment:create_environment_scripts_only(dm_preview)
[9.173s] Level 1:colcon.colcon_core.environment:checking '/home/kb/Anveshika/Anveshika_ws/install/dm_preview' for CMake module files
[9.174s] Level 1:colcon.colcon_core.environment:checking '/home/kb/Anveshika/Anveshika_ws/install/dm_preview' for CMake config files
[9.174s] Level 1:colcon.colcon_core.shell:create_environment_hook('dm_preview', 'cmake_prefix_path')
[9.174s] INFO:colcon.colcon_core.shell:Creating environment hook '/home/kb/Anveshika/Anveshika_ws/install/dm_preview/share/dm_preview/hook/cmake_prefix_path.ps1'
[9.175s] INFO:colcon.colcon_core.shell:Creating environment descriptor '/home/kb/Anveshika/Anveshika_ws/install/dm_preview/share/dm_preview/hook/cmake_prefix_path.dsv'
[9.175s] INFO:colcon.colcon_core.shell:Creating environment hook '/home/kb/Anveshika/Anveshika_ws/install/dm_preview/share/dm_preview/hook/cmake_prefix_path.sh'
[9.176s] Level 1:colcon.colcon_core.environment:checking '/home/kb/Anveshika/Anveshika_ws/install/dm_preview/lib'
[9.176s] Level 1:colcon.colcon_core.shell:create_environment_hook('dm_preview', 'ld_library_path_lib')
[9.176s] INFO:colcon.colcon_core.shell:Creating environment hook '/home/kb/Anveshika/Anveshika_ws/install/dm_preview/share/dm_preview/hook/ld_library_path_lib.ps1'
[9.176s] INFO:colcon.colcon_core.shell:Creating environment descriptor '/home/kb/Anveshika/Anveshika_ws/install/dm_preview/share/dm_preview/hook/ld_library_path_lib.dsv'
[9.177s] INFO:colcon.colcon_core.shell:Creating environment hook '/home/kb/Anveshika/Anveshika_ws/install/dm_preview/share/dm_preview/hook/ld_library_path_lib.sh'
[9.177s] Level 1:colcon.colcon_core.environment:checking '/home/kb/Anveshika/Anveshika_ws/install/dm_preview/bin'
[9.177s] Level 1:colcon.colcon_core.environment:checking '/home/kb/Anveshika/Anveshika_ws/install/dm_preview/lib/pkgconfig/dm_preview.pc'
[9.177s] Level 1:colcon.colcon_core.environment:checking '/home/kb/Anveshika/Anveshika_ws/install/dm_preview/lib/python3.10/site-packages'
[9.177s] Level 1:colcon.colcon_core.environment:checking '/home/kb/Anveshika/Anveshika_ws/install/dm_preview/bin'
[9.178s] INFO:colcon.colcon_core.shell:Creating package script '/home/kb/Anveshika/Anveshika_ws/install/dm_preview/share/dm_preview/package.ps1'
[9.178s] INFO:colcon.colcon_core.shell:Creating package descriptor '/home/kb/Anveshika/Anveshika_ws/install/dm_preview/share/dm_preview/package.dsv'
[9.179s] INFO:colcon.colcon_core.shell:Creating package script '/home/kb/Anveshika/Anveshika_ws/install/dm_preview/share/dm_preview/package.sh'
[9.179s] INFO:colcon.colcon_core.shell:Creating package script '/home/kb/Anveshika/Anveshika_ws/install/dm_preview/share/dm_preview/package.bash'
[9.179s] INFO:colcon.colcon_core.shell:Creating package script '/home/kb/Anveshika/Anveshika_ws/install/dm_preview/share/dm_preview/package.zsh'
[9.180s] Level 1:colcon.colcon_core.environment:create_file_with_runtime_dependencies(/home/kb/Anveshika/Anveshika_ws/install/dm_preview/share/colcon-core/packages/dm_preview)
[9.180s] DEBUG:colcon.colcon_parallel_executor.executor.parallel:closing loop
[9.181s] DEBUG:colcon.colcon_parallel_executor.executor.parallel:loop closed
[9.181s] DEBUG:colcon.colcon_parallel_executor.executor.parallel:run_until_complete finished with '0'
[9.181s] DEBUG:colcon.colcon_core.event_reactor:joining thread
[9.188s] INFO:colcon.colcon_core.plugin_system:Skipping extension 'colcon_notification.desktop_notification.terminal_notifier': Not used on non-Darwin systems
[9.188s] INFO:colcon.colcon_core.plugin_system:Skipping extension 'colcon_notification.desktop_notification.win32': Not used on non-Windows systems
[9.188s] INFO:colcon.colcon_notification.desktop_notification:Sending desktop notification using 'notify2'
[9.201s] DEBUG:colcon.colcon_core.event_reactor:joined thread
[9.201s] INFO:colcon.colcon_core.shell:Creating prefix script '/home/kb/Anveshika/Anveshika_ws/install/local_setup.ps1'
[9.202s] INFO:colcon.colcon_core.shell:Creating prefix util module '/home/kb/Anveshika/Anveshika_ws/install/_local_setup_util_ps1.py'
[9.203s] INFO:colcon.colcon_core.shell:Creating prefix chain script '/home/kb/Anveshika/Anveshika_ws/install/setup.ps1'
[9.205s] INFO:colcon.colcon_core.shell:Creating prefix script '/home/kb/Anveshika/Anveshika_ws/install/local_setup.sh'
[9.206s] INFO:colcon.colcon_core.shell:Creating prefix util module '/home/kb/Anveshika/Anveshika_ws/install/_local_setup_util_sh.py'
[9.206s] INFO:colcon.colcon_core.shell:Creating prefix chain script '/home/kb/Anveshika/Anveshika_ws/install/setup.sh'
[9.209s] INFO:colcon.colcon_core.shell:Creating prefix script '/home/kb/Anveshika/Anveshika_ws/install/local_setup.bash'
[9.209s] INFO:colcon.colcon_core.shell:Creating prefix chain script '/home/kb/Anveshika/Anveshika_ws/install/setup.bash'
[9.211s] INFO:colcon.colcon_core.shell:Creating prefix script '/home/kb/Anveshika/Anveshika_ws/install/local_setup.zsh'
[9.211s] INFO:colcon.colcon_core.shell:Creating prefix chain script '/home/kb/Anveshika/Anveshika_ws/install/setup.zsh'
