[0.343s] Invoking command in '/home/kb/Anveshika/Anveshika_ws/build/dm_preview': CMAKE_PREFIX_PATH=${CMAKE_PREFIX_PATH}:/home/kb/Anveshika/Anveshika_ws/install/slam_lidar:/home/kb/Anveshika/Anveshika_ws/install/anveshika_swerve_controller:/home/kb/yolo_ws/install/yolo_read:/home/kb/camera_ws/install/ros2_camera:/home/kb/zinger_ws/install/zinger_swerve_controller:/opt/ros/humble /usr/bin/cmake --build /home/kb/Anveshika/Anveshika_ws/build/dm_preview -- -j8 -l8
[0.513s] [ 33%] Built target apc_camera_component
[0.546s] [ 66%] Built target apc_camera_node
[0.547s] [100%] Built target apc_camera_listener_node
[0.655s] Invoked command in '/home/kb/Anveshika/Anveshika_ws/build/dm_preview' returned '0': CMAKE_PREFIX_PATH=${CMAKE_PREFIX_PATH}:/home/kb/Anveshika/Anveshika_ws/install/slam_lidar:/home/kb/Anveshika/Anveshika_ws/install/anveshika_swerve_controller:/home/kb/yolo_ws/install/yolo_read:/home/kb/camera_ws/install/ros2_camera:/home/kb/zinger_ws/install/zinger_swerve_controller:/opt/ros/humble /usr/bin/cmake --build /home/kb/Anveshika/Anveshika_ws/build/dm_preview -- -j8 -l8
[0.696s] Invoking command in '/home/kb/Anveshika/Anveshika_ws/build/dm_preview': CMAKE_PREFIX_PATH=${CMAKE_PREFIX_PATH}:/home/kb/Anveshika/Anveshika_ws/install/slam_lidar:/home/kb/Anveshika/Anveshika_ws/install/anveshika_swerve_controller:/home/kb/yolo_ws/install/yolo_read:/home/kb/camera_ws/install/ros2_camera:/home/kb/zinger_ws/install/zinger_swerve_controller:/opt/ros/humble /usr/bin/cmake --install /home/kb/Anveshika/Anveshika_ws/build/dm_preview
[0.706s] -- Install configuration: ""
[0.707s] -- Execute custom install script
[0.708s] -- Up-to-date symlink: /home/kb/Anveshika/Anveshika_ws/install/dm_preview/lib/dm_preview/apc_camera_listener_node
[0.709s] -- Up-to-date symlink: /home/kb/Anveshika/Anveshika_ws/install/dm_preview/lib/libapc_camera_component.so
[0.709s] -- Up-to-date symlink: /home/kb/Anveshika/Anveshika_ws/install/dm_preview/lib/dm_preview/apc_camera_node
[0.712s] -- Up-to-date symlink: /home/kb/Anveshika/Anveshika_ws/install/dm_preview/lib//Debug/libeys3d.NVIDIA_64.so
[0.713s] -- Up-to-date symlink: /home/kb/Anveshika/Anveshika_ws/install/dm_preview/lib//Debug/libeys3d.NVIDIA_64.so.d5be8506
[0.713s] -- Up-to-date symlink: /home/kb/Anveshika/Anveshika_ws/install/dm_preview/lib//Debug/libeys3d.X86_64.so
[0.714s] -- Up-to-date symlink: /home/kb/Anveshika/Anveshika_ws/install/dm_preview/lib//Debug/libeys3d.X86_64.so.d5be8506
[0.715s] -- Up-to-date symlink: /home/kb/Anveshika/Anveshika_ws/install/dm_preview/lib//eSPDI/Debug/libeSPDI_NVIDIA_64_debug.so
[0.716s] -- Up-to-date symlink: /home/kb/Anveshika/Anveshika_ws/install/dm_preview/lib//eSPDI/Debug/libeSPDI_NVIDIA_64_debug.so.5.0.1.37
[0.716s] -- Up-to-date symlink: /home/kb/Anveshika/Anveshika_ws/install/dm_preview/lib//eSPDI/Debug/libeSPDI_X86_64_debug.so
[0.716s] -- Up-to-date symlink: /home/kb/Anveshika/Anveshika_ws/install/dm_preview/lib//eSPDI/Debug/libeSPDI_X86_64_debug.so.5.0.1.37
[0.718s] -- Up-to-date symlink: /home/kb/Anveshika/Anveshika_ws/install/dm_preview/lib//eSPDI/OpenCL/x86_64/include/cl.h
[0.718s] -- Up-to-date symlink: /home/kb/Anveshika/Anveshika_ws/install/dm_preview/lib//eSPDI/OpenCL/x86_64/include/cl_d3d10.h
[0.718s] -- Up-to-date symlink: /home/kb/Anveshika/Anveshika_ws/install/dm_preview/lib//eSPDI/OpenCL/x86_64/include/cl_d3d11.h
[0.719s] -- Up-to-date symlink: /home/kb/Anveshika/Anveshika_ws/install/dm_preview/lib//eSPDI/OpenCL/x86_64/include/cl_dx9_media_sharing.h
[0.720s] -- Up-to-date symlink: /home/kb/Anveshika/Anveshika_ws/install/dm_preview/lib//eSPDI/OpenCL/x86_64/include/cl_dx9_media_sharing_intel.h
[0.720s] -- Up-to-date symlink: /home/kb/Anveshika/Anveshika_ws/install/dm_preview/lib//eSPDI/OpenCL/x86_64/include/cl_egl.h
[0.721s] -- Up-to-date symlink: /home/kb/Anveshika/Anveshika_ws/install/dm_preview/lib//eSPDI/OpenCL/x86_64/include/cl_ext.h
[0.721s] -- Up-to-date symlink: /home/kb/Anveshika/Anveshika_ws/install/dm_preview/lib//eSPDI/OpenCL/x86_64/include/cl_ext_intel.h
[0.722s] -- Up-to-date symlink: /home/kb/Anveshika/Anveshika_ws/install/dm_preview/lib//eSPDI/OpenCL/x86_64/include/cl_gl.h
[0.722s] -- Up-to-date symlink: /home/kb/Anveshika/Anveshika_ws/install/dm_preview/lib//eSPDI/OpenCL/x86_64/include/cl_gl_ext.h
[0.722s] -- Up-to-date symlink: /home/kb/Anveshika/Anveshika_ws/install/dm_preview/lib//eSPDI/OpenCL/x86_64/include/cl_half.h
[0.723s] -- Up-to-date symlink: /home/kb/Anveshika/Anveshika_ws/install/dm_preview/lib//eSPDI/OpenCL/x86_64/include/cl_icd.h
[0.725s] -- Up-to-date symlink: /home/kb/Anveshika/Anveshika_ws/install/dm_preview/lib//eSPDI/OpenCL/x86_64/include/cl_platform.h
[0.725s] -- Up-to-date symlink: /home/kb/Anveshika/Anveshika_ws/install/dm_preview/lib//eSPDI/OpenCL/x86_64/include/cl_va_api_media_sharing_intel.h
[0.727s] -- Up-to-date symlink: /home/kb/Anveshika/Anveshika_ws/install/dm_preview/lib//eSPDI/OpenCL/x86_64/include/cl_version.h
[0.727s] -- Up-to-date symlink: /home/kb/Anveshika/Anveshika_ws/install/dm_preview/lib//eSPDI/OpenCL/x86_64/include/opencl.h
[0.727s] -- Up-to-date symlink: /home/kb/Anveshika/Anveshika_ws/install/dm_preview/lib//eSPDI/OpenCL/x86_64/lib/libOpenCL.so
[0.727s] -- Up-to-date symlink: /home/kb/Anveshika/Anveshika_ws/install/dm_preview/lib//eSPDI/OpenCL/x86_64/lib/libOpenCL.so.1
[0.727s] -- Up-to-date symlink: /home/kb/Anveshika/Anveshika_ws/install/dm_preview/lib//eSPDI/OpenCL/x86_64/lib/libOpenCL.so.1.2
[0.728s] -- Up-to-date symlink: /home/kb/Anveshika/Anveshika_ws/install/dm_preview/lib//eSPDI/eSPDI.h
[0.728s] -- Up-to-date symlink: /home/kb/Anveshika/Anveshika_ws/install/dm_preview/lib//eSPDI/eSPDI_def.h
[0.728s] -- Up-to-date symlink: /home/kb/Anveshika/Anveshika_ws/install/dm_preview/lib//eSPDI/eSPDI_version.h
[0.728s] -- Up-to-date symlink: /home/kb/Anveshika/Anveshika_ws/install/dm_preview/lib//eSPDI/libeSPDI_NVIDIA_64.so
[0.729s] -- Up-to-date symlink: /home/kb/Anveshika/Anveshika_ws/install/dm_preview/lib//eSPDI/libeSPDI_NVIDIA_64.so.5.0.1.37
[0.729s] -- Up-to-date symlink: /home/kb/Anveshika/Anveshika_ws/install/dm_preview/lib//eSPDI/libeSPDI_X86_64.so
[0.729s] -- Up-to-date symlink: /home/kb/Anveshika/Anveshika_ws/install/dm_preview/lib//eSPDI/libeSPDI_X86_64.so.5.0.1.37
[0.730s] -- Up-to-date symlink: /home/kb/Anveshika/Anveshika_ws/install/dm_preview/lib//eSPDI/self_calibration/Debug/Self_Calibration_API/aarch64/include/Self_Calibration_API.h
[0.731s] -- Up-to-date symlink: /home/kb/Anveshika/Anveshika_ws/install/dm_preview/lib//eSPDI/self_calibration/Debug/Self_Calibration_API/aarch64/lib/libSelf_Calibration_API.so
[0.731s] -- Up-to-date symlink: /home/kb/Anveshika/Anveshika_ws/install/dm_preview/lib//eSPDI/self_calibration/Debug/Self_Calibration_API/aarch64/lib/libSelf_Calibration_API.so.76613ba
[0.733s] -- Up-to-date symlink: /home/kb/Anveshika/Anveshika_ws/install/dm_preview/lib//eSPDI/self_calibration/Debug/Self_Calibration_API/x86_64/include/Self_Calibration_API.h
[0.733s] -- Up-to-date symlink: /home/kb/Anveshika/Anveshika_ws/install/dm_preview/lib//eSPDI/self_calibration/Debug/Self_Calibration_API/x86_64/lib/libSelf_Calibration_API.so
[0.734s] -- Up-to-date symlink: /home/kb/Anveshika/Anveshika_ws/install/dm_preview/lib//eSPDI/self_calibration/Debug/Self_Calibration_API/x86_64/lib/libSelf_Calibration_API.so.76613ba
[0.735s] -- Up-to-date symlink: /home/kb/Anveshika/Anveshika_ws/install/dm_preview/lib//eSPDI/self_calibration/Self_Calibration_API/aarch64/include/Self_Calibration_API.h
[0.736s] -- Up-to-date symlink: /home/kb/Anveshika/Anveshika_ws/install/dm_preview/lib//eSPDI/self_calibration/Self_Calibration_API/aarch64/lib/libSelf_Calibration_API.so
[0.737s] -- Up-to-date symlink: /home/kb/Anveshika/Anveshika_ws/install/dm_preview/lib//eSPDI/self_calibration/Self_Calibration_API/aarch64/lib/libSelf_Calibration_API.so.76613ba
[0.737s] -- Up-to-date symlink: /home/kb/Anveshika/Anveshika_ws/install/dm_preview/lib//eSPDI/self_calibration/Self_Calibration_API/x86_64/include/Self_Calibration_API.h
[0.737s] -- Up-to-date symlink: /home/kb/Anveshika/Anveshika_ws/install/dm_preview/lib//eSPDI/self_calibration/Self_Calibration_API/x86_64/lib/libSelf_Calibration_API.so
[0.737s] -- Up-to-date symlink: /home/kb/Anveshika/Anveshika_ws/install/dm_preview/lib//eSPDI/self_calibration/Self_Calibration_API/x86_64/lib/libSelf_Calibration_API.so.76613ba
[0.738s] -- Up-to-date symlink: /home/kb/Anveshika/Anveshika_ws/install/dm_preview/lib//eSPDI/thermal/x86_64/include/mapping.h
[0.738s] -- Up-to-date symlink: /home/kb/Anveshika/Anveshika_ws/install/dm_preview/lib//eSPDI/thermal/x86_64/include/measure.h
[0.740s] -- Up-to-date symlink: /home/kb/Anveshika/Anveshika_ws/install/dm_preview/lib//eSPDI/thermal/x86_64/lib/libMapping.a
[0.740s] -- Up-to-date symlink: /home/kb/Anveshika/Anveshika_ws/install/dm_preview/lib//eSPDI/thermal/x86_64/lib/libMeasure.a
[0.740s] -- Up-to-date symlink: /home/kb/Anveshika/Anveshika_ws/install/dm_preview/lib//libeys3d.NVIDIA_64.so
[0.741s] -- Up-to-date symlink: /home/kb/Anveshika/Anveshika_ws/install/dm_preview/lib//libeys3d.NVIDIA_64.so.d5be8506
[0.741s] -- Up-to-date symlink: /home/kb/Anveshika/Anveshika_ws/install/dm_preview/lib//libeys3d.X86_64.so
[0.742s] -- Up-to-date symlink: /home/kb/Anveshika/Anveshika_ws/install/dm_preview/lib//libeys3d.X86_64.so.d5be8506
[0.744s] -- Up-to-date symlink: /home/kb/Anveshika/Anveshika_ws/install/dm_preview/include/dm_preview//apc_camera_component.hpp
[0.745s] -- Up-to-date symlink: /home/kb/Anveshika/Anveshika_ws/install/dm_preview/include/dm_preview//types_calib.h
[0.745s] -- Up-to-date symlink: /home/kb/Anveshika/Anveshika_ws/install/dm_preview/include/dm_preview//versionInfo.h
[0.747s] -- Up-to-date symlink: /home/kb/Anveshika/Anveshika_ws/install/dm_preview/include/dm_preview//APC.def
[0.748s] -- Up-to-date symlink: /home/kb/Anveshika/Anveshika_ws/install/dm_preview/include/dm_preview//APC_unity.def
[0.748s] -- Up-to-date symlink: /home/kb/Anveshika/Anveshika_ws/install/dm_preview/include/dm_preview//Constants.h
[0.750s] -- Up-to-date symlink: /home/kb/Anveshika/Anveshika_ws/install/dm_preview/include/dm_preview//DMPreview_utility/ColorPaletteGenerator.h
[0.750s] -- Up-to-date symlink: /home/kb/Anveshika/Anveshika_ws/install/dm_preview/include/dm_preview//DMPreview_utility/IMU/IMU_Filter/IMUFilter.h
[0.750s] -- Up-to-date symlink: /home/kb/Anveshika/Anveshika_ws/install/dm_preview/include/dm_preview//DMPreview_utility/IMU/IMU_Filter/IMUFilter_Complementary.h
[0.750s] -- Up-to-date symlink: /home/kb/Anveshika/Anveshika_ws/install/dm_preview/include/dm_preview//DMPreview_utility/IMU/IMU_Filter/Quaternion1.h
[0.752s] -- Up-to-date symlink: /home/kb/Anveshika/Anveshika_ws/install/dm_preview/include/dm_preview//DMPreview_utility/IMU/IMU_Filter/quaternion.h
[0.752s] -- Up-to-date symlink: /home/kb/Anveshika/Anveshika_ws/install/dm_preview/include/dm_preview//DMPreview_utility/IMUData.h
[0.753s] -- Up-to-date symlink: /home/kb/Anveshika/Anveshika_ws/install/dm_preview/include/dm_preview//DMPreview_utility/ModeConfig.h
[0.753s] -- Up-to-date symlink: /home/kb/Anveshika/Anveshika_ws/install/dm_preview/include/dm_preview//DMPreview_utility/ModeConfigOptions.h
[0.753s] -- Up-to-date symlink: /home/kb/Anveshika/Anveshika_ws/install/dm_preview/include/dm_preview//DMPreview_utility/PlyFilter.h
[0.753s] -- Up-to-date symlink: /home/kb/Anveshika/Anveshika_ws/install/dm_preview/include/dm_preview//DMPreview_utility/PlyWriter.h
[0.754s] -- Up-to-date symlink: /home/kb/Anveshika/Anveshika_ws/install/dm_preview/include/dm_preview//DMPreview_utility/RegisterSettings.h
[0.754s] -- Up-to-date symlink: /home/kb/Anveshika/Anveshika_ws/install/dm_preview/include/dm_preview//DMPreview_utility/hidapi/hidapi.h
[0.754s] -- Up-to-date symlink: /home/kb/Anveshika/Anveshika_ws/install/dm_preview/include/dm_preview//DMPreview_utility/sqlite3/sqlite3.h
[0.754s] -- Up-to-date symlink: /home/kb/Anveshika/Anveshika_ws/install/dm_preview/include/dm_preview//DMPreview_utility/sqlite3/sqlite3ext.h
[0.754s] -- Up-to-date symlink: /home/kb/Anveshika/Anveshika_ws/install/dm_preview/include/dm_preview//DMPreview_utility/utImageProcessingUtility.h
[0.755s] -- Up-to-date symlink: /home/kb/Anveshika/Anveshika_ws/install/dm_preview/include/dm_preview//DebugCPP.hpp
[0.755s] -- Up-to-date symlink: /home/kb/Anveshika/Anveshika_ws/install/dm_preview/include/dm_preview//EYS3DSystem.h
[0.756s] -- Up-to-date symlink: /home/kb/Anveshika/Anveshika_ws/install/dm_preview/include/dm_preview//EYS3DSystem_def.h
[0.756s] -- Up-to-date symlink: /home/kb/Anveshika/Anveshika_ws/install/dm_preview/include/dm_preview//UnityBinder.h
[0.757s] -- Up-to-date symlink: /home/kb/Anveshika/Anveshika_ws/install/dm_preview/include/dm_preview//VersionInfo.rc.in
[0.758s] -- Up-to-date symlink: /home/kb/Anveshika/Anveshika_ws/install/dm_preview/include/dm_preview//base/Compiler.h
[0.759s] -- Up-to-date symlink: /home/kb/Anveshika/Anveshika_ws/install/dm_preview/include/dm_preview//base/EnumFlags.h
[0.759s] -- Up-to-date symlink: /home/kb/Anveshika/Anveshika_ws/install/dm_preview/include/dm_preview//base/Optional.h
[0.759s] -- Up-to-date symlink: /home/kb/Anveshika/Anveshika_ws/install/dm_preview/include/dm_preview//base/TypeTraits.h
[0.760s] -- Up-to-date symlink: /home/kb/Anveshika/Anveshika_ws/install/dm_preview/include/dm_preview//base/memory/LazyInstance.h
[0.761s] -- Up-to-date symlink: /home/kb/Anveshika/Anveshika_ws/install/dm_preview/include/dm_preview//base/synchronization/ConditionVariable.h
[0.761s] -- Up-to-date symlink: /home/kb/Anveshika/Anveshika_ws/install/dm_preview/include/dm_preview//base/synchronization/Event.h
[0.761s] -- Up-to-date symlink: /home/kb/Anveshika/Anveshika_ws/install/dm_preview/include/dm_preview//base/synchronization/Lock.h
[0.762s] -- Up-to-date symlink: /home/kb/Anveshika/Anveshika_ws/install/dm_preview/include/dm_preview//base/synchronization/MessageChannel.h
[0.762s] -- Up-to-date symlink: /home/kb/Anveshika/Anveshika_ws/install/dm_preview/include/dm_preview//base/threads/Async.h
[0.762s] -- Up-to-date symlink: /home/kb/Anveshika/Anveshika_ws/install/dm_preview/include/dm_preview//base/threads/FunctorThread.h
[0.763s] -- Up-to-date symlink: /home/kb/Anveshika/Anveshika_ws/install/dm_preview/include/dm_preview//base/threads/Thread.h
[0.763s] -- Up-to-date symlink: /home/kb/Anveshika/Anveshika_ws/install/dm_preview/include/dm_preview//base/threads/ThreadPool.h
[0.763s] -- Up-to-date symlink: /home/kb/Anveshika/Anveshika_ws/install/dm_preview/include/dm_preview//base/threads/ThreadStore.h
[0.763s] -- Up-to-date symlink: /home/kb/Anveshika/Anveshika_ws/install/dm_preview/include/dm_preview//base/threads/Types.h
[0.763s] -- Up-to-date symlink: /home/kb/Anveshika/Anveshika_ws/install/dm_preview/include/dm_preview//base/threads/WorkerThread.h
[0.764s] -- Up-to-date symlink: /home/kb/Anveshika/Anveshika_ws/install/dm_preview/include/dm_preview//cgroup.h
[0.764s] -- Up-to-date symlink: /home/kb/Anveshika/Anveshika_ws/install/dm_preview/include/dm_preview//debug.h
[0.764s] -- Up-to-date symlink: /home/kb/Anveshika/Anveshika_ws/install/dm_preview/include/dm_preview//devices/CameraDevice.h
[0.764s] -- Up-to-date symlink: /home/kb/Anveshika/Anveshika_ws/install/dm_preview/include/dm_preview//devices/CameraDevice_8036.h
[0.765s] -- Up-to-date symlink: /home/kb/Anveshika/Anveshika_ws/install/dm_preview/include/dm_preview//devices/CameraDevice_80362.h
[0.765s] -- Up-to-date symlink: /home/kb/Anveshika/Anveshika_ws/install/dm_preview/include/dm_preview//devices/CameraDevice_8037.h
[0.766s] -- Up-to-date symlink: /home/kb/Anveshika/Anveshika_ws/install/dm_preview/include/dm_preview//devices/CameraDevice_8052.h
[0.766s] -- Up-to-date symlink: /home/kb/Anveshika/Anveshika_ws/install/dm_preview/include/dm_preview//devices/CameraDevice_8053.h
[0.766s] -- Up-to-date symlink: /home/kb/Anveshika/Anveshika_ws/install/dm_preview/include/dm_preview//devices/CameraDevice_8059.h
[0.766s] -- Up-to-date symlink: /home/kb/Anveshika/Anveshika_ws/install/dm_preview/include/dm_preview//devices/CameraDevice_8062.h
[0.767s] -- Up-to-date symlink: /home/kb/Anveshika/Anveshika_ws/install/dm_preview/include/dm_preview//devices/CameraDevice_8067.h
[0.767s] -- Up-to-date symlink: /home/kb/Anveshika/Anveshika_ws/install/dm_preview/include/dm_preview//devices/CameraDevice_8073.h
[0.767s] -- Up-to-date symlink: /home/kb/Anveshika/Anveshika_ws/install/dm_preview/include/dm_preview//devices/CameraDevice_8081.h
[0.768s] -- Up-to-date symlink: /home/kb/Anveshika/Anveshika_ws/install/dm_preview/include/dm_preview//devices/CameraDevice_Hypatia.h
[0.768s] -- Up-to-date symlink: /home/kb/Anveshika/Anveshika_ws/install/dm_preview/include/dm_preview//devices/CameraDevice_Hypatia2.h
[0.768s] -- Up-to-date symlink: /home/kb/Anveshika/Anveshika_ws/install/dm_preview/include/dm_preview//devices/CameraDevice_Stacy.h
[0.769s] -- Up-to-date symlink: /home/kb/Anveshika/Anveshika_ws/install/dm_preview/include/dm_preview//devices/CameraDevice_StacyJunior.h
[0.770s] -- Up-to-date symlink: /home/kb/Anveshika/Anveshika_ws/install/dm_preview/include/dm_preview//devices/FrameSetPipeline.h
[0.770s] -- Up-to-date symlink: /home/kb/Anveshika/Anveshika_ws/install/dm_preview/include/dm_preview//devices/IMUDevice.h
[0.771s] -- Up-to-date symlink: /home/kb/Anveshika/Anveshika_ws/install/dm_preview/include/dm_preview//devices/IMUDevice_8062.h
[0.771s] -- Up-to-date symlink: /home/kb/Anveshika/Anveshika_ws/install/dm_preview/include/dm_preview//devices/MemoryAllocator.h
[0.772s] -- Up-to-date symlink: /home/kb/Anveshika/Anveshika_ws/install/dm_preview/include/dm_preview//devices/Pipeline.h
[0.773s] -- Up-to-date symlink: /home/kb/Anveshika/Anveshika_ws/install/dm_preview/include/dm_preview//devices/controller/RegisterReadWriteController.h
[0.773s] -- Up-to-date symlink: /home/kb/Anveshika/Anveshika_ws/install/dm_preview/include/dm_preview//devices/model/CameraDeviceProperties.h
[0.773s] -- Up-to-date symlink: /home/kb/Anveshika/Anveshika_ws/install/dm_preview/include/dm_preview//devices/model/DepthAccuracyOptions.h
[0.773s] -- Up-to-date symlink: /home/kb/Anveshika/Anveshika_ws/install/dm_preview/include/dm_preview//devices/model/DepthFilterOptions.h
[0.773s] -- Up-to-date symlink: /home/kb/Anveshika/Anveshika_ws/install/dm_preview/include/dm_preview//devices/model/IRProperty.h
[0.774s] -- Up-to-date symlink: /home/kb/Anveshika/Anveshika_ws/install/dm_preview/include/dm_preview//devices/model/PostProcessOptions.h
[0.774s] -- Up-to-date symlink: /home/kb/Anveshika/Anveshika_ws/install/dm_preview/include/dm_preview//devices/model/RegisterReadWriteOptions.h
[0.774s] -- Up-to-date symlink: /home/kb/Anveshika/Anveshika_ws/install/dm_preview/include/dm_preview//macros.h
[0.774s] -- Up-to-date symlink: /home/kb/Anveshika/Anveshika_ws/install/dm_preview/include/dm_preview//objectarray.h
[0.775s] -- Up-to-date symlink: /home/kb/Anveshika/Anveshika_ws/install/dm_preview/include/dm_preview//sensors/IMUDataProducer.h
[0.775s] -- Up-to-date symlink: /home/kb/Anveshika/Anveshika_ws/install/dm_preview/include/dm_preview//sensors/SensorData.h
[0.776s] -- Up-to-date symlink: /home/kb/Anveshika/Anveshika_ws/install/dm_preview/include/dm_preview//sensors/SensorDataProducer.h
[0.776s] -- Up-to-date symlink: /home/kb/Anveshika/Anveshika_ws/install/dm_preview/include/dm_preview//single_consumer_queue.h
[0.777s] -- Up-to-date symlink: /home/kb/Anveshika/Anveshika_ws/install/dm_preview/include/dm_preview//unity_debug.h
[0.777s] -- Up-to-date symlink: /home/kb/Anveshika/Anveshika_ws/install/dm_preview/include/dm_preview//utils.h
[0.777s] -- Up-to-date symlink: /home/kb/Anveshika/Anveshika_ws/install/dm_preview/include/dm_preview//version_utils.h
[0.778s] -- Up-to-date symlink: /home/kb/Anveshika/Anveshika_ws/install/dm_preview/include/dm_preview//video/ColorFrameProducer.h
[0.779s] -- Up-to-date symlink: /home/kb/Anveshika/Anveshika_ws/install/dm_preview/include/dm_preview//video/ColorProcessHandle.h
[0.779s] -- Up-to-date symlink: /home/kb/Anveshika/Anveshika_ws/install/dm_preview/include/dm_preview//video/DepthFrameProducer.h
[0.780s] -- Up-to-date symlink: /home/kb/Anveshika/Anveshika_ws/install/dm_preview/include/dm_preview//video/Frame.h
[0.781s] -- Up-to-date symlink: /home/kb/Anveshika/Anveshika_ws/install/dm_preview/include/dm_preview//video/FrameProducer.h
[0.781s] -- Up-to-date symlink: /home/kb/Anveshika/Anveshika_ws/install/dm_preview/include/dm_preview//video/FrameSet.h
[0.781s] -- Up-to-date symlink: /home/kb/Anveshika/Anveshika_ws/install/dm_preview/include/dm_preview//video/GeneralFrame.h
[0.781s] -- Up-to-date symlink: /home/kb/Anveshika/Anveshika_ws/install/dm_preview/include/dm_preview//video/GuestReadbackWorker.h
[0.782s] -- Up-to-date symlink: /home/kb/Anveshika/Anveshika_ws/install/dm_preview/include/dm_preview//video/IImageProcess.h
[0.783s] -- Up-to-date symlink: /home/kb/Anveshika/Anveshika_ws/install/dm_preview/include/dm_preview//video/PCFrame.h
[0.783s] -- Up-to-date symlink: /home/kb/Anveshika/Anveshika_ws/install/dm_preview/include/dm_preview//video/PCFrameProducer.h
[0.784s] -- Up-to-date symlink: /home/kb/Anveshika/Anveshika_ws/install/dm_preview/include/dm_preview//video/PCProducer.h
[0.784s] -- Up-to-date symlink: /home/kb/Anveshika/Anveshika_ws/install/dm_preview/include/dm_preview//video/PostProcessHandle.h
[0.784s] -- Up-to-date symlink: /home/kb/Anveshika/Anveshika_ws/install/dm_preview/include/dm_preview//video/Producer.h
[0.784s] -- Up-to-date symlink: /home/kb/Anveshika/Anveshika_ws/install/dm_preview/include/dm_preview//video/coders.h
[0.784s] -- Up-to-date symlink: /home/kb/Anveshika/Anveshika_ws/install/dm_preview/include/dm_preview//video/eYs3D.h
[0.784s] -- Up-to-date symlink: /home/kb/Anveshika/Anveshika_ws/install/dm_preview/include/dm_preview//video/factory.h
[0.785s] -- Up-to-date symlink: /home/kb/Anveshika/Anveshika_ws/install/dm_preview/include/dm_preview//video/pc_coders.h
[0.785s] -- Up-to-date symlink: /home/kb/Anveshika/Anveshika_ws/install/dm_preview/include/dm_preview//video/video.h
[0.786s] -- Up-to-date symlink: /home/kb/Anveshika/Anveshika_ws/install/dm_preview/include/dm_preview//ColorPaletteGenerator.h
[0.787s] -- Up-to-date symlink: /home/kb/Anveshika/Anveshika_ws/install/dm_preview/include/dm_preview//IMU/IMU_Filter/IMUFilter.h
[0.787s] -- Up-to-date symlink: /home/kb/Anveshika/Anveshika_ws/install/dm_preview/include/dm_preview//IMU/IMU_Filter/IMUFilter_Complementary.h
[0.788s] -- Up-to-date symlink: /home/kb/Anveshika/Anveshika_ws/install/dm_preview/include/dm_preview//IMU/IMU_Filter/Quaternion1.h
[0.788s] -- Up-to-date symlink: /home/kb/Anveshika/Anveshika_ws/install/dm_preview/include/dm_preview//IMU/IMU_Filter/quaternion.h
[0.788s] -- Up-to-date symlink: /home/kb/Anveshika/Anveshika_ws/install/dm_preview/include/dm_preview//IMUData.h
[0.789s] -- Up-to-date symlink: /home/kb/Anveshika/Anveshika_ws/install/dm_preview/include/dm_preview//ModeConfig.h
[0.789s] -- Up-to-date symlink: /home/kb/Anveshika/Anveshika_ws/install/dm_preview/include/dm_preview//ModeConfigOptions.h
[0.789s] -- Up-to-date symlink: /home/kb/Anveshika/Anveshika_ws/install/dm_preview/include/dm_preview//PlyFilter.h
[0.791s] -- Up-to-date symlink: /home/kb/Anveshika/Anveshika_ws/install/dm_preview/include/dm_preview//PlyWriter.h
[0.792s] -- Up-to-date symlink: /home/kb/Anveshika/Anveshika_ws/install/dm_preview/include/dm_preview//RegisterSettings.h
[0.792s] -- Up-to-date symlink: /home/kb/Anveshika/Anveshika_ws/install/dm_preview/include/dm_preview//hidapi/hidapi.h
[0.793s] -- Up-to-date symlink: /home/kb/Anveshika/Anveshika_ws/install/dm_preview/include/dm_preview//sqlite3/sqlite3.h
[0.793s] -- Up-to-date symlink: /home/kb/Anveshika/Anveshika_ws/install/dm_preview/include/dm_preview//sqlite3/sqlite3ext.h
[0.793s] -- Up-to-date symlink: /home/kb/Anveshika/Anveshika_ws/install/dm_preview/include/dm_preview//utImageProcessingUtility.h
[0.794s] -- Up-to-date symlink: /home/kb/Anveshika/Anveshika_ws/install/dm_preview/share/dm_preview/launch/apc_camera_launch.py
[0.795s] -- Up-to-date symlink: /home/kb/Anveshika/Anveshika_ws/install/dm_preview/share/dm_preview/rviz/apc.rviz
[0.796s] -- Up-to-date symlink: /home/kb/Anveshika/Anveshika_ws/install/dm_preview/../..//eYs3D/cfg/DM_Quality_Cfg/DEFAULT_DM_Quality_Register_Setting.cfg
[0.797s] -- Up-to-date symlink: /home/kb/Anveshika/Anveshika_ws/install/dm_preview/../..//eYs3D/cfg/DM_Quality_Cfg/EX8036_DM_Quality_Register_Setting.cfg
[0.798s] -- Up-to-date symlink: /home/kb/Anveshika/Anveshika_ws/install/dm_preview/../..//eYs3D/cfg/DM_Quality_Cfg/EX8037_DM_Quality_Register_Setting.cfg
[0.798s] -- Up-to-date symlink: /home/kb/Anveshika/Anveshika_ws/install/dm_preview/../..//eYs3D/cfg/DM_Quality_Cfg/EX8038_BL15cm_DM_Quality_Register_Setting.cfg
[0.798s] -- Up-to-date symlink: /home/kb/Anveshika/Anveshika_ws/install/dm_preview/../..//eYs3D/cfg/DM_Quality_Cfg/EX8038_BL3cm_DM_Quality_Register_Setting.cfg
[0.798s] -- Up-to-date symlink: /home/kb/Anveshika/Anveshika_ws/install/dm_preview/../..//eYs3D/cfg/DM_Quality_Cfg/EX8038_BL6cm_DM_Quality_Register_Setting.cfg
[0.798s] -- Up-to-date symlink: /home/kb/Anveshika/Anveshika_ws/install/dm_preview/../..//eYs3D/cfg/DM_Quality_Cfg/EX8040S_DM_Quality_Register_Setting.cfg
[0.798s] -- Up-to-date symlink: /home/kb/Anveshika/Anveshika_ws/install/dm_preview/../..//eYs3D/cfg/DM_Quality_Cfg/EX8052_DM_Quality_Register_Setting.cfg
[0.799s] -- Up-to-date symlink: /home/kb/Anveshika/Anveshika_ws/install/dm_preview/../..//eYs3D/cfg/DM_Quality_Cfg/EX8053_DM_Quality_Register_Setting.cfg
[0.799s] -- Up-to-date symlink: /home/kb/Anveshika/Anveshika_ws/install/dm_preview/../..//eYs3D/cfg/DM_Quality_Cfg/EX8054_DM_Quality_Register_Setting.cfg
[0.799s] -- Up-to-date symlink: /home/kb/Anveshika/Anveshika_ws/install/dm_preview/../..//eYs3D/cfg/DM_Quality_Cfg/HYPATIA2_DM_Quality_Register_Setting.cfg
[0.799s] -- Up-to-date symlink: /home/kb/Anveshika/Anveshika_ws/install/dm_preview/../..//eYs3D/cfg/DM_Quality_Cfg/HYPATIA_DM_Quality_Register_Setting.cfg
[0.800s] -- Up-to-date symlink: /home/kb/Anveshika/Anveshika_ws/install/dm_preview/../..//eYs3D/cfg/DM_Quality_Cfg/IVY2_DM_Quality_Register_Setting.cfg
[0.800s] -- Up-to-date symlink: /home/kb/Anveshika/Anveshika_ws/install/dm_preview/../..//eYs3D/cfg/DM_Quality_Cfg/IVY_DM_Quality_Register_Setting.cfg
[0.800s] -- Up-to-date symlink: /home/kb/Anveshika/Anveshika_ws/install/dm_preview/../..//eYs3D/cfg/DM_Quality_Cfg/NORA_DM_Quality_Register_Setting.cfg
[0.800s] -- Up-to-date symlink: /home/kb/Anveshika/Anveshika_ws/install/dm_preview/../..//eYs3D/cfg/DM_Quality_Cfg/ORANGEITRI_DM_Quality_Register_Setting.cfg
[0.801s] -- Up-to-date symlink: /home/kb/Anveshika/Anveshika_ws/install/dm_preview/../..//eYs3D/cfg/DM_Quality_Cfg/SANDRA_DM_Quality_Register_Setting.cfg
[0.801s] -- Up-to-date symlink: /home/kb/Anveshika/Anveshika_ws/install/dm_preview/../..//eYs3D/cfg/DM_Quality_Cfg/YX80362_DM_Quality_Register_Setting.cfg
[0.801s] -- Up-to-date symlink: /home/kb/Anveshika/Anveshika_ws/install/dm_preview/../..//eYs3D/cfg/DM_Quality_Cfg/YX8059_DM_Quality_Register_Setting.cfg
[0.801s] -- Up-to-date symlink: /home/kb/Anveshika/Anveshika_ws/install/dm_preview/../..//eYs3D/cfg/DM_Quality_Cfg/YX8062_DM_Quality_Register_Setting.cfg
[0.801s] -- Up-to-date symlink: /home/kb/Anveshika/Anveshika_ws/install/dm_preview/../..//eYs3D/cfg/DM_Quality_Cfg/YX8063_DM_Quality_Register_Setting.cfg
[0.802s] -- Up-to-date symlink: /home/kb/Anveshika/Anveshika_ws/install/dm_preview/../..//eYs3D/cfg/DM_Quality_Cfg/YX8076_DM_Quality_Register_Setting.cfg
[0.802s] -- Up-to-date symlink: /home/kb/Anveshika/Anveshika_ws/install/dm_preview/../..//eYs3D/cfg/DM_Quality_Cfg/YX8081_DM_Quality_Register_Setting.cfg
[0.802s] -- Up-to-date symlink: /home/kb/Anveshika/Anveshika_ws/install/dm_preview/../..//eYs3D/cfg/ModeConfig.db
[0.802s] -- Up-to-date symlink: /home/kb/Anveshika/Anveshika_ws/install/dm_preview/../..//eYs3D/cfg/SWPP.cfg
[0.803s] -- Up-to-date symlink: /home/kb/Anveshika/Anveshika_ws/install/dm_preview/../..//eYs3D/cfg/libeYs3D.log.config
[0.803s] -- Up-to-date symlink: /home/kb/Anveshika/Anveshika_ws/install/dm_preview/../..//eYs3D/cfg/libeYs3D_win.log.config
[0.805s] -- Up-to-date symlink: /home/kb/Anveshika/Anveshika_ws/install/dm_preview/share/dm_preview/config/common.yaml
[0.805s] -- Up-to-date symlink: /home/kb/Anveshika/Anveshika_ws/install/dm_preview/share/dm_preview/environment/library_path.sh
[0.805s] -- Up-to-date symlink: /home/kb/Anveshika/Anveshika_ws/install/dm_preview/share/dm_preview/environment/library_path.dsv
[0.806s] -- Up-to-date symlink: /home/kb/Anveshika/Anveshika_ws/install/dm_preview/share/ament_index/resource_index/package_run_dependencies/dm_preview
[0.808s] -- Up-to-date symlink: /home/kb/Anveshika/Anveshika_ws/install/dm_preview/share/ament_index/resource_index/parent_prefix_path/dm_preview
[0.808s] -- Up-to-date symlink: /home/kb/Anveshika/Anveshika_ws/install/dm_preview/share/dm_preview/environment/ament_prefix_path.sh
[0.808s] -- Up-to-date symlink: /home/kb/Anveshika/Anveshika_ws/install/dm_preview/share/dm_preview/environment/ament_prefix_path.dsv
[0.809s] -- Up-to-date symlink: /home/kb/Anveshika/Anveshika_ws/install/dm_preview/share/dm_preview/environment/path.sh
[0.809s] -- Up-to-date symlink: /home/kb/Anveshika/Anveshika_ws/install/dm_preview/share/dm_preview/environment/path.dsv
[0.809s] -- Up-to-date symlink: /home/kb/Anveshika/Anveshika_ws/install/dm_preview/share/dm_preview/local_setup.bash
[0.810s] -- Up-to-date symlink: /home/kb/Anveshika/Anveshika_ws/install/dm_preview/share/dm_preview/local_setup.sh
[0.812s] -- Up-to-date symlink: /home/kb/Anveshika/Anveshika_ws/install/dm_preview/share/dm_preview/local_setup.zsh
[0.813s] -- Up-to-date symlink: /home/kb/Anveshika/Anveshika_ws/install/dm_preview/share/dm_preview/local_setup.dsv
[0.813s] -- Symlinking: /home/kb/Anveshika/Anveshika_ws/install/dm_preview/share/dm_preview/package.dsv
[0.823s] -- Up-to-date symlink: /home/kb/Anveshika/Anveshika_ws/install/dm_preview/share/ament_index/resource_index/packages/dm_preview
[0.824s] -- Up-to-date symlink: /home/kb/Anveshika/Anveshika_ws/install/dm_preview/share/ament_index/resource_index/rclcpp_components/dm_preview
[0.826s] -- Up-to-date symlink: /home/kb/Anveshika/Anveshika_ws/install/dm_preview/share/dm_preview/cmake/ament_cmake_export_include_directories-extras.cmake
[0.826s] -- Up-to-date symlink: /home/kb/Anveshika/Anveshika_ws/install/dm_preview/share/dm_preview/cmake/ament_cmake_export_libraries-extras.cmake
[0.826s] -- Up-to-date symlink: /home/kb/Anveshika/Anveshika_ws/install/dm_preview/share/dm_preview/cmake/ament_cmake_export_dependencies-extras.cmake
[0.826s] -- Up-to-date symlink: /home/kb/Anveshika/Anveshika_ws/install/dm_preview/share/dm_preview/cmake/dm_previewConfig.cmake
[0.826s] -- Up-to-date symlink: /home/kb/Anveshika/Anveshika_ws/install/dm_preview/share/dm_preview/cmake/dm_previewConfig-version.cmake
[0.828s] -- Up-to-date symlink: /home/kb/Anveshika/Anveshika_ws/install/dm_preview/share/dm_preview/package.xml
[0.833s] Invoked command in '/home/kb/Anveshika/Anveshika_ws/build/dm_preview' returned '0': CMAKE_PREFIX_PATH=${CMAKE_PREFIX_PATH}:/home/kb/Anveshika/Anveshika_ws/install/slam_lidar:/home/kb/Anveshika/Anveshika_ws/install/anveshika_swerve_controller:/home/kb/yolo_ws/install/yolo_read:/home/kb/camera_ws/install/ros2_camera:/home/kb/zinger_ws/install/zinger_swerve_controller:/opt/ros/humble /usr/bin/cmake --install /home/kb/Anveshika/Anveshika_ws/build/dm_preview
