-- Install configuration: ""
-- Execute custom install script
-- Up-to-date symlink: /home/kb/Anveshika/Anveshika_ws/install/anveshika_nav/share/anveshika_nav/config/localization.yaml
-- Up-to-date symlink: /home/kb/Anveshika/Anveshika_ws/install/anveshika_nav/share/anveshika_nav/config/nav2.yaml
-- Up-to-date symlink: /home/kb/Anveshika/Anveshika_ws/install/anveshika_nav/share/anveshika_nav/config/slam.yaml
-- Up-to-date symlink: /home/kb/Anveshika/Anveshika_ws/install/anveshika_nav/share/anveshika_nav/launch/localization.launch.py
-- Up-to-date symlink: /home/kb/Anveshika/Anveshika_ws/install/anveshika_nav/share/anveshika_nav/launch/nav2.launch.py
-- Up-to-date symlink: /home/kb/Anveshika/Anveshika_ws/install/anveshika_nav/share/anveshika_nav/launch/slam.launch.py
-- Up-to-date symlink: /home/kb/Anveshika/Anveshika_ws/install/anveshika_nav/share/ament_index/resource_index/package_run_dependencies/anveshika_nav
-- Up-to-date symlink: /home/kb/Anveshika/Anveshika_ws/install/anveshika_nav/share/ament_index/resource_index/parent_prefix_path/anveshika_nav
-- Up-to-date symlink: /home/kb/Anveshika/Anveshika_ws/install/anveshika_nav/share/anveshika_nav/environment/ament_prefix_path.sh
-- Up-to-date symlink: /home/kb/Anveshika/Anveshika_ws/install/anveshika_nav/share/anveshika_nav/environment/ament_prefix_path.dsv
-- Up-to-date symlink: /home/kb/Anveshika/Anveshika_ws/install/anveshika_nav/share/anveshika_nav/environment/path.sh
-- Up-to-date symlink: /home/kb/Anveshika/Anveshika_ws/install/anveshika_nav/share/anveshika_nav/environment/path.dsv
-- Up-to-date symlink: /home/kb/Anveshika/Anveshika_ws/install/anveshika_nav/share/anveshika_nav/local_setup.bash
-- Up-to-date symlink: /home/kb/Anveshika/Anveshika_ws/install/anveshika_nav/share/anveshika_nav/local_setup.sh
-- Up-to-date symlink: /home/kb/Anveshika/Anveshika_ws/install/anveshika_nav/share/anveshika_nav/local_setup.zsh
-- Up-to-date symlink: /home/kb/Anveshika/Anveshika_ws/install/anveshika_nav/share/anveshika_nav/local_setup.dsv
-- Symlinking: /home/kb/Anveshika/Anveshika_ws/install/anveshika_nav/share/anveshika_nav/package.dsv
-- Up-to-date symlink: /home/kb/Anveshika/Anveshika_ws/install/anveshika_nav/share/ament_index/resource_index/packages/anveshika_nav
-- Up-to-date symlink: /home/kb/Anveshika/Anveshika_ws/install/anveshika_nav/share/anveshika_nav/cmake/anveshika_navConfig.cmake
-- Up-to-date symlink: /home/kb/Anveshika/Anveshika_ws/install/anveshika_nav/share/anveshika_nav/cmake/anveshika_navConfig-version.cmake
-- Up-to-date symlink: /home/kb/Anveshika/Anveshika_ws/install/anveshika_nav/share/anveshika_nav/package.xml
