[0.391s] DEBUG:colcon:Command line arguments: ['/usr/bin/colcon', 'build', '--symlink-install']
[0.391s] DEBUG:colcon:Parsed command line arguments: Namespace(log_base=None, log_level=None, verb_name='build', build_base='build', install_base='install', merge_install=False, symlink_install=True, test_result_base=None, continue_on_error=False, executor='parallel', parallel_workers=8, event_handlers=None, ignore_user_meta=False, metas=['./colcon.meta'], base_paths=['.'], packages_ignore=None, packages_ignore_regex=None, paths=None, packages_up_to=None, packages_up_to_regex=None, packages_above=None, packages_above_and_dependencies=None, packages_above_depth=None, packages_select_by_dep=None, packages_skip_by_dep=None, packages_skip_up_to=None, packages_select_build_failed=False, packages_skip_build_finished=False, packages_select_test_failures=False, packages_skip_test_passed=False, packages_select=None, packages_skip=None, packages_select_regex=None, packages_skip_regex=None, packages_start=None, packages_end=None, allow_overriding=[], cmake_args=None, cmake_target=None, cmake_target_skip_unavailable=False, cmake_clean_cache=False, cmake_clean_first=False, cmake_force_configure=False, ament_cmake_args=None, catkin_cmake_args=None, catkin_skip_building_tests=False, mixin_files=None, mixin=None, verb_parser=<colcon_mixin.mixin.mixin_argument.MixinArgumentDecorator object at 0x7eb65183bdc0>, verb_extension=<colcon_core.verb.build.BuildVerb object at 0x7eb651984520>, main=<bound method BuildVerb.main of <colcon_core.verb.build.BuildVerb object at 0x7eb651984520>>, mixin_verb=('build',))
[0.666s] Level 1:colcon.colcon_core.package_discovery:discover_packages(colcon_meta) check parameters
[0.666s] Level 1:colcon.colcon_core.package_discovery:discover_packages(recursive) check parameters
[0.666s] Level 1:colcon.colcon_core.package_discovery:discover_packages(ignore) check parameters
[0.666s] Level 1:colcon.colcon_core.package_discovery:discover_packages(path) check parameters
[0.666s] Level 1:colcon.colcon_core.package_discovery:discover_packages(colcon_meta) discover
[0.666s] Level 1:colcon.colcon_core.package_discovery:discover_packages(recursive) discover
[0.666s] INFO:colcon.colcon_core.package_discovery:Crawling recursively for packages in '/home/kb/Anveshika/Anveshika_ws'
[0.666s] Level 1:colcon.colcon_core.package_identification:_identify(.) by extensions ['ignore', 'ignore_ament_install']
[0.666s] Level 1:colcon.colcon_core.package_identification:_identify(.) by extension 'ignore'
[0.666s] Level 1:colcon.colcon_core.package_identification:_identify(.) by extension 'ignore_ament_install'
[0.666s] Level 1:colcon.colcon_core.package_identification:_identify(.) by extensions ['colcon_pkg']
[0.666s] Level 1:colcon.colcon_core.package_identification:_identify(.) by extension 'colcon_pkg'
[0.666s] Level 1:colcon.colcon_core.package_identification:_identify(.) by extensions ['colcon_meta']
[0.666s] Level 1:colcon.colcon_core.package_identification:_identify(.) by extension 'colcon_meta'
[0.667s] Level 1:colcon.colcon_core.package_identification:_identify(.) by extensions ['ros']
[0.667s] Level 1:colcon.colcon_core.package_identification:_identify(.) by extension 'ros'
[0.678s] Level 1:colcon.colcon_core.package_identification:_identify(.) by extensions ['cmake', 'python']
[0.678s] Level 1:colcon.colcon_core.package_identification:_identify(.) by extension 'cmake'
[0.678s] Level 1:colcon.colcon_core.package_identification:_identify(.) by extension 'python'
[0.679s] Level 1:colcon.colcon_core.package_identification:_identify(.) by extensions ['python_setup_py']
[0.679s] Level 1:colcon.colcon_core.package_identification:_identify(.) by extension 'python_setup_py'
[0.679s] Level 1:colcon.colcon_core.package_identification:_identify(build) by extensions ['ignore', 'ignore_ament_install']
[0.679s] Level 1:colcon.colcon_core.package_identification:_identify(build) by extension 'ignore'
[0.679s] Level 1:colcon.colcon_core.package_identification:_identify(build) ignored
[0.679s] Level 1:colcon.colcon_core.package_identification:_identify(install) by extensions ['ignore', 'ignore_ament_install']
[0.679s] Level 1:colcon.colcon_core.package_identification:_identify(install) by extension 'ignore'
[0.679s] Level 1:colcon.colcon_core.package_identification:_identify(install) ignored
[0.679s] Level 1:colcon.colcon_core.package_identification:_identify(log) by extensions ['ignore', 'ignore_ament_install']
[0.679s] Level 1:colcon.colcon_core.package_identification:_identify(log) by extension 'ignore'
[0.679s] Level 1:colcon.colcon_core.package_identification:_identify(log) ignored
[0.679s] Level 1:colcon.colcon_core.package_identification:_identify(src) by extensions ['ignore', 'ignore_ament_install']
[0.679s] Level 1:colcon.colcon_core.package_identification:_identify(src) by extension 'ignore'
[0.679s] Level 1:colcon.colcon_core.package_identification:_identify(src) by extension 'ignore_ament_install'
[0.679s] Level 1:colcon.colcon_core.package_identification:_identify(src) by extensions ['colcon_pkg']
[0.679s] Level 1:colcon.colcon_core.package_identification:_identify(src) by extension 'colcon_pkg'
[0.679s] Level 1:colcon.colcon_core.package_identification:_identify(src) by extensions ['colcon_meta']
[0.679s] Level 1:colcon.colcon_core.package_identification:_identify(src) by extension 'colcon_meta'
[0.680s] Level 1:colcon.colcon_core.package_identification:_identify(src) by extensions ['ros']
[0.680s] Level 1:colcon.colcon_core.package_identification:_identify(src) by extension 'ros'
[0.680s] Level 1:colcon.colcon_core.package_identification:_identify(src) by extensions ['cmake', 'python']
[0.680s] Level 1:colcon.colcon_core.package_identification:_identify(src) by extension 'cmake'
[0.680s] Level 1:colcon.colcon_core.package_identification:_identify(src) by extension 'python'
[0.680s] Level 1:colcon.colcon_core.package_identification:_identify(src) by extensions ['python_setup_py']
[0.680s] Level 1:colcon.colcon_core.package_identification:_identify(src) by extension 'python_setup_py'
[0.680s] Level 1:colcon.colcon_core.package_identification:_identify(src/anveshika_bringup) by extensions ['ignore', 'ignore_ament_install']
[0.680s] Level 1:colcon.colcon_core.package_identification:_identify(src/anveshika_bringup) by extension 'ignore'
[0.680s] Level 1:colcon.colcon_core.package_identification:_identify(src/anveshika_bringup) by extension 'ignore_ament_install'
[0.680s] Level 1:colcon.colcon_core.package_identification:_identify(src/anveshika_bringup) by extensions ['colcon_pkg']
[0.680s] Level 1:colcon.colcon_core.package_identification:_identify(src/anveshika_bringup) by extension 'colcon_pkg'
[0.680s] Level 1:colcon.colcon_core.package_identification:_identify(src/anveshika_bringup) by extensions ['colcon_meta']
[0.680s] Level 1:colcon.colcon_core.package_identification:_identify(src/anveshika_bringup) by extension 'colcon_meta'
[0.680s] Level 1:colcon.colcon_core.package_identification:_identify(src/anveshika_bringup) by extensions ['ros']
[0.680s] Level 1:colcon.colcon_core.package_identification:_identify(src/anveshika_bringup) by extension 'ros'
[0.683s] DEBUG:colcon.colcon_core.package_identification:Package 'src/anveshika_bringup' with type 'ros.ament_cmake' and name 'anveshika_bringup'
[0.683s] Level 1:colcon.colcon_core.package_identification:_identify(src/anveshika_description) by extensions ['ignore', 'ignore_ament_install']
[0.683s] Level 1:colcon.colcon_core.package_identification:_identify(src/anveshika_description) by extension 'ignore'
[0.683s] Level 1:colcon.colcon_core.package_identification:_identify(src/anveshika_description) by extension 'ignore_ament_install'
[0.683s] Level 1:colcon.colcon_core.package_identification:_identify(src/anveshika_description) by extensions ['colcon_pkg']
[0.683s] Level 1:colcon.colcon_core.package_identification:_identify(src/anveshika_description) by extension 'colcon_pkg'
[0.683s] Level 1:colcon.colcon_core.package_identification:_identify(src/anveshika_description) by extensions ['colcon_meta']
[0.683s] Level 1:colcon.colcon_core.package_identification:_identify(src/anveshika_description) by extension 'colcon_meta'
[0.683s] Level 1:colcon.colcon_core.package_identification:_identify(src/anveshika_description) by extensions ['ros']
[0.683s] Level 1:colcon.colcon_core.package_identification:_identify(src/anveshika_description) by extension 'ros'
[0.684s] DEBUG:colcon.colcon_core.package_identification:Package 'src/anveshika_description' with type 'ros.ament_cmake' and name 'anveshika_description'
[0.684s] Level 1:colcon.colcon_core.package_identification:_identify(src/dm_preview) by extensions ['ignore', 'ignore_ament_install']
[0.684s] Level 1:colcon.colcon_core.package_identification:_identify(src/dm_preview) by extension 'ignore'
[0.684s] Level 1:colcon.colcon_core.package_identification:_identify(src/dm_preview) by extension 'ignore_ament_install'
[0.684s] Level 1:colcon.colcon_core.package_identification:_identify(src/dm_preview) by extensions ['colcon_pkg']
[0.684s] Level 1:colcon.colcon_core.package_identification:_identify(src/dm_preview) by extension 'colcon_pkg'
[0.684s] Level 1:colcon.colcon_core.package_identification:_identify(src/dm_preview) by extensions ['colcon_meta']
[0.684s] Level 1:colcon.colcon_core.package_identification:_identify(src/dm_preview) by extension 'colcon_meta'
[0.684s] Level 1:colcon.colcon_core.package_identification:_identify(src/dm_preview) by extensions ['ros']
[0.684s] Level 1:colcon.colcon_core.package_identification:_identify(src/dm_preview) by extension 'ros'
[0.692s] DEBUG:colcon.colcon_core.package_identification:Package 'src/dm_preview' with type 'ros.ament_cmake' and name 'dm_preview'
[0.692s] Level 1:colcon.colcon_core.package_discovery:discover_packages(recursive) using defaults
[0.692s] Level 1:colcon.colcon_core.package_discovery:discover_packages(ignore) discover
[0.692s] Level 1:colcon.colcon_core.package_discovery:discover_packages(ignore) using defaults
[0.692s] Level 1:colcon.colcon_core.package_discovery:discover_packages(path) discover
[0.692s] Level 1:colcon.colcon_core.package_discovery:discover_packages(path) using defaults
[0.719s] Level 1:colcon.colcon_core.package_discovery:discover_packages(prefix_path) check parameters
[0.719s] Level 1:colcon.colcon_core.package_discovery:discover_packages(prefix_path) discover
[0.724s] DEBUG:colcon.colcon_installed_package_information.package_discovery:Found 1 installed packages in /home/kb/yolo_ws/install
[0.724s] DEBUG:colcon.colcon_installed_package_information.package_discovery:Found 1 installed packages in /home/kb/camera_ws/install
[0.724s] DEBUG:colcon.colcon_installed_package_information.package_discovery:Found 2 installed packages in /home/kb/zinger_ws/install
[0.725s] DEBUG:colcon.colcon_installed_package_information.package_discovery:Found 2 installed packages in /home/kb/ros2_ws/install
[0.725s] DEBUG:colcon.colcon_installed_package_information.package_discovery:Found 5 installed packages in /home/kb/lidar_slam_ws/install
[0.726s] DEBUG:colcon.colcon_installed_package_information.package_discovery:Found 3 installed packages in /home/kb/cartographer_ws/install
[0.727s] DEBUG:colcon.colcon_installed_package_information.package_discovery:Found 417 installed packages in /opt/ros/humble
[0.729s] Level 1:colcon.colcon_core.package_discovery:discover_packages(prefix_path) using defaults
[0.798s] Level 5:colcon.colcon_core.verb:set package 'anveshika_description' build argument 'cmake_args' from command line to 'None'
[0.798s] Level 5:colcon.colcon_core.verb:set package 'anveshika_description' build argument 'cmake_target' from command line to 'None'
[0.798s] Level 5:colcon.colcon_core.verb:set package 'anveshika_description' build argument 'cmake_target_skip_unavailable' from command line to 'False'
[0.798s] Level 5:colcon.colcon_core.verb:set package 'anveshika_description' build argument 'cmake_clean_cache' from command line to 'False'
[0.798s] Level 5:colcon.colcon_core.verb:set package 'anveshika_description' build argument 'cmake_clean_first' from command line to 'False'
[0.798s] Level 5:colcon.colcon_core.verb:set package 'anveshika_description' build argument 'cmake_force_configure' from command line to 'False'
[0.798s] Level 5:colcon.colcon_core.verb:set package 'anveshika_description' build argument 'ament_cmake_args' from command line to 'None'
[0.798s] Level 5:colcon.colcon_core.verb:set package 'anveshika_description' build argument 'catkin_cmake_args' from command line to 'None'
[0.798s] Level 5:colcon.colcon_core.verb:set package 'anveshika_description' build argument 'catkin_skip_building_tests' from command line to 'False'
[0.798s] DEBUG:colcon.colcon_core.verb:Building package 'anveshika_description' with the following arguments: {'ament_cmake_args': None, 'build_base': '/home/kb/Anveshika/Anveshika_ws/build/anveshika_description', 'catkin_cmake_args': None, 'catkin_skip_building_tests': False, 'cmake_args': None, 'cmake_clean_cache': False, 'cmake_clean_first': False, 'cmake_force_configure': False, 'cmake_target': None, 'cmake_target_skip_unavailable': False, 'install_base': '/home/kb/Anveshika/Anveshika_ws/install/anveshika_description', 'merge_install': False, 'path': '/home/kb/Anveshika/Anveshika_ws/src/anveshika_description', 'symlink_install': True, 'test_result_base': None}
[0.798s] Level 5:colcon.colcon_core.verb:set package 'dm_preview' build argument 'cmake_args' from command line to 'None'
[0.798s] Level 5:colcon.colcon_core.verb:set package 'dm_preview' build argument 'cmake_target' from command line to 'None'
[0.798s] Level 5:colcon.colcon_core.verb:set package 'dm_preview' build argument 'cmake_target_skip_unavailable' from command line to 'False'
[0.798s] Level 5:colcon.colcon_core.verb:set package 'dm_preview' build argument 'cmake_clean_cache' from command line to 'False'
[0.798s] Level 5:colcon.colcon_core.verb:set package 'dm_preview' build argument 'cmake_clean_first' from command line to 'False'
[0.798s] Level 5:colcon.colcon_core.verb:set package 'dm_preview' build argument 'cmake_force_configure' from command line to 'False'
[0.798s] Level 5:colcon.colcon_core.verb:set package 'dm_preview' build argument 'ament_cmake_args' from command line to 'None'
[0.798s] Level 5:colcon.colcon_core.verb:set package 'dm_preview' build argument 'catkin_cmake_args' from command line to 'None'
[0.798s] Level 5:colcon.colcon_core.verb:set package 'dm_preview' build argument 'catkin_skip_building_tests' from command line to 'False'
[0.799s] DEBUG:colcon.colcon_core.verb:Building package 'dm_preview' with the following arguments: {'ament_cmake_args': None, 'build_base': '/home/kb/Anveshika/Anveshika_ws/build/dm_preview', 'catkin_cmake_args': None, 'catkin_skip_building_tests': False, 'cmake_args': None, 'cmake_clean_cache': False, 'cmake_clean_first': False, 'cmake_force_configure': False, 'cmake_target': None, 'cmake_target_skip_unavailable': False, 'install_base': '/home/kb/Anveshika/Anveshika_ws/install/dm_preview', 'merge_install': False, 'path': '/home/kb/Anveshika/Anveshika_ws/src/dm_preview', 'symlink_install': True, 'test_result_base': None}
[0.799s] Level 5:colcon.colcon_core.verb:set package 'anveshika_bringup' build argument 'cmake_args' from command line to 'None'
[0.799s] Level 5:colcon.colcon_core.verb:set package 'anveshika_bringup' build argument 'cmake_target' from command line to 'None'
[0.799s] Level 5:colcon.colcon_core.verb:set package 'anveshika_bringup' build argument 'cmake_target_skip_unavailable' from command line to 'False'
[0.799s] Level 5:colcon.colcon_core.verb:set package 'anveshika_bringup' build argument 'cmake_clean_cache' from command line to 'False'
[0.799s] Level 5:colcon.colcon_core.verb:set package 'anveshika_bringup' build argument 'cmake_clean_first' from command line to 'False'
[0.799s] Level 5:colcon.colcon_core.verb:set package 'anveshika_bringup' build argument 'cmake_force_configure' from command line to 'False'
[0.799s] Level 5:colcon.colcon_core.verb:set package 'anveshika_bringup' build argument 'ament_cmake_args' from command line to 'None'
[0.799s] Level 5:colcon.colcon_core.verb:set package 'anveshika_bringup' build argument 'catkin_cmake_args' from command line to 'None'
[0.799s] Level 5:colcon.colcon_core.verb:set package 'anveshika_bringup' build argument 'catkin_skip_building_tests' from command line to 'False'
[0.799s] DEBUG:colcon.colcon_core.verb:Building package 'anveshika_bringup' with the following arguments: {'ament_cmake_args': None, 'build_base': '/home/kb/Anveshika/Anveshika_ws/build/anveshika_bringup', 'catkin_cmake_args': None, 'catkin_skip_building_tests': False, 'cmake_args': None, 'cmake_clean_cache': False, 'cmake_clean_first': False, 'cmake_force_configure': False, 'cmake_target': None, 'cmake_target_skip_unavailable': False, 'install_base': '/home/kb/Anveshika/Anveshika_ws/install/anveshika_bringup', 'merge_install': False, 'path': '/home/kb/Anveshika/Anveshika_ws/src/anveshika_bringup', 'symlink_install': True, 'test_result_base': None}
[0.799s] INFO:colcon.colcon_core.executor:Executing jobs using 'parallel' executor
[0.800s] DEBUG:colcon.colcon_parallel_executor.executor.parallel:run_until_complete
[0.800s] INFO:colcon.colcon_ros.task.ament_cmake.build:Building ROS package in '/home/kb/Anveshika/Anveshika_ws/src/anveshika_description' with build type 'ament_cmake'
[0.800s] INFO:colcon.colcon_cmake.task.cmake.build:Building CMake package in '/home/kb/Anveshika/Anveshika_ws/src/anveshika_description'
[0.805s] INFO:colcon.colcon_core.plugin_system:Skipping extension 'colcon_core.shell.bat': Not used on non-Windows systems
[0.805s] INFO:colcon.colcon_core.shell:Skip shell extension 'powershell' for command environment: Not usable outside of PowerShell
[0.805s] DEBUG:colcon.colcon_core.shell:Skip shell extension 'dsv' for command environment
[0.811s] INFO:colcon.colcon_ros.task.ament_cmake.build:Building ROS package in '/home/kb/Anveshika/Anveshika_ws/src/dm_preview' with build type 'ament_cmake'
[0.811s] INFO:colcon.colcon_cmake.task.cmake.build:Building CMake package in '/home/kb/Anveshika/Anveshika_ws/src/dm_preview'
[0.811s] INFO:colcon.colcon_core.shell:Skip shell extension 'powershell' for command environment: Not usable outside of PowerShell
[0.811s] DEBUG:colcon.colcon_core.shell:Skip shell extension 'dsv' for command environment
[0.820s] DEBUG:colcon.colcon_core.event_handler.log_command:Invoking command in '/home/kb/Anveshika/Anveshika_ws/build/anveshika_description': CMAKE_PREFIX_PATH=${CMAKE_PREFIX_PATH}:/home/kb/yolo_ws/install/yolo_read:/home/kb/camera_ws/install/ros2_camera:/home/kb/zinger_ws/install/zinger_swerve_controller:/opt/ros/humble /usr/bin/cmake /home/kb/Anveshika/Anveshika_ws/src/anveshika_description -DAMENT_CMAKE_SYMLINK_INSTALL=1 -DCMAKE_INSTALL_PREFIX=/home/kb/Anveshika/Anveshika_ws/install/anveshika_description
[0.826s] DEBUG:colcon.colcon_core.event_handler.log_command:Invoking command in '/home/kb/Anveshika/Anveshika_ws/build/dm_preview': CMAKE_PREFIX_PATH=${CMAKE_PREFIX_PATH}:/home/kb/yolo_ws/install/yolo_read:/home/kb/camera_ws/install/ros2_camera:/home/kb/zinger_ws/install/zinger_swerve_controller:/opt/ros/humble /usr/bin/cmake /home/kb/Anveshika/Anveshika_ws/src/dm_preview -DAMENT_CMAKE_SYMLINK_INSTALL=1 -DCMAKE_INSTALL_PREFIX=/home/kb/Anveshika/Anveshika_ws/install/dm_preview
[2.384s] DEBUG:colcon.colcon_core.event_handler.log_command:Invoked command in '/home/kb/Anveshika/Anveshika_ws/build/anveshika_description' returned '0': CMAKE_PREFIX_PATH=${CMAKE_PREFIX_PATH}:/home/kb/yolo_ws/install/yolo_read:/home/kb/camera_ws/install/ros2_camera:/home/kb/zinger_ws/install/zinger_swerve_controller:/opt/ros/humble /usr/bin/cmake /home/kb/Anveshika/Anveshika_ws/src/anveshika_description -DAMENT_CMAKE_SYMLINK_INSTALL=1 -DCMAKE_INSTALL_PREFIX=/home/kb/Anveshika/Anveshika_ws/install/anveshika_description
[2.385s] DEBUG:colcon.colcon_core.event_handler.log_command:Invoking command in '/home/kb/Anveshika/Anveshika_ws/build/anveshika_description': CMAKE_PREFIX_PATH=${CMAKE_PREFIX_PATH}:/home/kb/yolo_ws/install/yolo_read:/home/kb/camera_ws/install/ros2_camera:/home/kb/zinger_ws/install/zinger_swerve_controller:/opt/ros/humble /usr/bin/cmake --build /home/kb/Anveshika/Anveshika_ws/build/anveshika_description -- -j8 -l8
[2.416s] DEBUG:colcon.colcon_core.event_handler.log_command:Invoked command in '/home/kb/Anveshika/Anveshika_ws/build/anveshika_description' returned '0': CMAKE_PREFIX_PATH=${CMAKE_PREFIX_PATH}:/home/kb/yolo_ws/install/yolo_read:/home/kb/camera_ws/install/ros2_camera:/home/kb/zinger_ws/install/zinger_swerve_controller:/opt/ros/humble /usr/bin/cmake --build /home/kb/Anveshika/Anveshika_ws/build/anveshika_description -- -j8 -l8
[2.443s] DEBUG:colcon.colcon_core.event_handler.log_command:Invoking command in '/home/kb/Anveshika/Anveshika_ws/build/anveshika_description': CMAKE_PREFIX_PATH=${CMAKE_PREFIX_PATH}:/home/kb/yolo_ws/install/yolo_read:/home/kb/camera_ws/install/ros2_camera:/home/kb/zinger_ws/install/zinger_swerve_controller:/opt/ros/humble /usr/bin/cmake --install /home/kb/Anveshika/Anveshika_ws/build/anveshika_description
[2.653s] Level 1:colcon.colcon_core.environment:create_environment_scripts_only(anveshika_description)
[2.653s] DEBUG:colcon.colcon_core.event_handler.log_command:Invoked command in '/home/kb/Anveshika/Anveshika_ws/build/anveshika_description' returned '0': CMAKE_PREFIX_PATH=${CMAKE_PREFIX_PATH}:/home/kb/yolo_ws/install/yolo_read:/home/kb/camera_ws/install/ros2_camera:/home/kb/zinger_ws/install/zinger_swerve_controller:/opt/ros/humble /usr/bin/cmake --install /home/kb/Anveshika/Anveshika_ws/build/anveshika_description
[2.660s] Level 1:colcon.colcon_core.environment:checking '/home/kb/Anveshika/Anveshika_ws/install/anveshika_description' for CMake module files
[2.660s] Level 1:colcon.colcon_core.environment:checking '/home/kb/Anveshika/Anveshika_ws/install/anveshika_description' for CMake config files
[2.660s] Level 1:colcon.colcon_core.shell:create_environment_hook('anveshika_description', 'cmake_prefix_path')
[2.661s] INFO:colcon.colcon_core.shell:Creating environment hook '/home/kb/Anveshika/Anveshika_ws/install/anveshika_description/share/anveshika_description/hook/cmake_prefix_path.ps1'
[2.661s] INFO:colcon.colcon_core.shell:Creating environment descriptor '/home/kb/Anveshika/Anveshika_ws/install/anveshika_description/share/anveshika_description/hook/cmake_prefix_path.dsv'
[2.662s] INFO:colcon.colcon_core.shell:Creating environment hook '/home/kb/Anveshika/Anveshika_ws/install/anveshika_description/share/anveshika_description/hook/cmake_prefix_path.sh'
[2.663s] Level 1:colcon.colcon_core.environment:checking '/home/kb/Anveshika/Anveshika_ws/install/anveshika_description/bin'
[2.663s] Level 1:colcon.colcon_core.environment:checking '/home/kb/Anveshika/Anveshika_ws/install/anveshika_description/lib/pkgconfig/anveshika_description.pc'
[2.663s] Level 1:colcon.colcon_core.environment:checking '/home/kb/Anveshika/Anveshika_ws/install/anveshika_description/lib/python3.10/site-packages'
[2.663s] Level 1:colcon.colcon_core.environment:checking '/home/kb/Anveshika/Anveshika_ws/install/anveshika_description/bin'
[2.664s] INFO:colcon.colcon_core.shell:Creating package script '/home/kb/Anveshika/Anveshika_ws/install/anveshika_description/share/anveshika_description/package.ps1'
[2.664s] INFO:colcon.colcon_core.shell:Creating package descriptor '/home/kb/Anveshika/Anveshika_ws/install/anveshika_description/share/anveshika_description/package.dsv'
[2.665s] INFO:colcon.colcon_core.shell:Creating package script '/home/kb/Anveshika/Anveshika_ws/install/anveshika_description/share/anveshika_description/package.sh'
[2.666s] INFO:colcon.colcon_core.shell:Creating package script '/home/kb/Anveshika/Anveshika_ws/install/anveshika_description/share/anveshika_description/package.bash'
[2.667s] INFO:colcon.colcon_core.shell:Creating package script '/home/kb/Anveshika/Anveshika_ws/install/anveshika_description/share/anveshika_description/package.zsh'
[2.668s] Level 1:colcon.colcon_core.environment:create_file_with_runtime_dependencies(/home/kb/Anveshika/Anveshika_ws/install/anveshika_description/share/colcon-core/packages/anveshika_description)
[2.684s] Level 1:colcon.colcon_core.environment:create_environment_scripts_only(anveshika_description)
[2.685s] Level 1:colcon.colcon_core.environment:checking '/home/kb/Anveshika/Anveshika_ws/install/anveshika_description' for CMake module files
[2.685s] Level 1:colcon.colcon_core.environment:checking '/home/kb/Anveshika/Anveshika_ws/install/anveshika_description' for CMake config files
[2.685s] Level 1:colcon.colcon_core.shell:create_environment_hook('anveshika_description', 'cmake_prefix_path')
[2.685s] INFO:colcon.colcon_core.shell:Creating environment hook '/home/kb/Anveshika/Anveshika_ws/install/anveshika_description/share/anveshika_description/hook/cmake_prefix_path.ps1'
[2.686s] INFO:colcon.colcon_core.shell:Creating environment descriptor '/home/kb/Anveshika/Anveshika_ws/install/anveshika_description/share/anveshika_description/hook/cmake_prefix_path.dsv'
[2.686s] INFO:colcon.colcon_core.shell:Creating environment hook '/home/kb/Anveshika/Anveshika_ws/install/anveshika_description/share/anveshika_description/hook/cmake_prefix_path.sh'
[2.686s] Level 1:colcon.colcon_core.environment:checking '/home/kb/Anveshika/Anveshika_ws/install/anveshika_description/bin'
[2.686s] Level 1:colcon.colcon_core.environment:checking '/home/kb/Anveshika/Anveshika_ws/install/anveshika_description/lib/pkgconfig/anveshika_description.pc'
[2.687s] Level 1:colcon.colcon_core.environment:checking '/home/kb/Anveshika/Anveshika_ws/install/anveshika_description/lib/python3.10/site-packages'
[2.687s] Level 1:colcon.colcon_core.environment:checking '/home/kb/Anveshika/Anveshika_ws/install/anveshika_description/bin'
[2.687s] INFO:colcon.colcon_core.shell:Creating package script '/home/kb/Anveshika/Anveshika_ws/install/anveshika_description/share/anveshika_description/package.ps1'
[2.687s] INFO:colcon.colcon_core.shell:Creating package descriptor '/home/kb/Anveshika/Anveshika_ws/install/anveshika_description/share/anveshika_description/package.dsv'
[2.688s] INFO:colcon.colcon_core.shell:Creating package script '/home/kb/Anveshika/Anveshika_ws/install/anveshika_description/share/anveshika_description/package.sh'
[2.688s] INFO:colcon.colcon_core.shell:Creating package script '/home/kb/Anveshika/Anveshika_ws/install/anveshika_description/share/anveshika_description/package.bash'
[2.688s] INFO:colcon.colcon_core.shell:Creating package script '/home/kb/Anveshika/Anveshika_ws/install/anveshika_description/share/anveshika_description/package.zsh'
[2.738s] Level 1:colcon.colcon_core.environment:create_file_with_runtime_dependencies(/home/kb/Anveshika/Anveshika_ws/install/anveshika_description/share/colcon-core/packages/anveshika_description)
[2.738s] INFO:colcon.colcon_ros.task.ament_cmake.build:Building ROS package in '/home/kb/Anveshika/Anveshika_ws/src/anveshika_bringup' with build type 'ament_cmake'
[2.738s] INFO:colcon.colcon_cmake.task.cmake.build:Building CMake package in '/home/kb/Anveshika/Anveshika_ws/src/anveshika_bringup'
[2.739s] INFO:colcon.colcon_core.shell:Skip shell extension 'powershell' for command environment: Not usable outside of PowerShell
[2.739s] DEBUG:colcon.colcon_core.shell:Skip shell extension 'dsv' for command environment
[2.755s] DEBUG:colcon.colcon_core.event_handler.log_command:Invoking command in '/home/kb/Anveshika/Anveshika_ws/build/anveshika_bringup': AMENT_PREFIX_PATH=/home/kb/Anveshika/Anveshika_ws/install/anveshika_description:${AMENT_PREFIX_PATH} CMAKE_PREFIX_PATH=/home/kb/Anveshika/Anveshika_ws/install/anveshika_description:/home/kb/zinger_ws/install/zinger_description:/home/kb/ros2_ws/install/my_robot_bringup:/home/kb/ros2_ws/install/my_robot_description:/home/kb/lidar_slam_ws/install/lidarslam:/home/kb/lidar_slam_ws/install/scanmatcher:/home/kb/lidar_slam_ws/install/graph_based_slam:/home/kb/lidar_slam_ws/install/ndt_omp_ros2:/home/kb/lidar_slam_ws/install/lidarslam_msgs:/home/kb/cartographer_ws/install/cartographer_rviz:/home/kb/cartographer_ws/install/cartographer_ros:/home/kb/cartographer_ws/install/cartographer_ros_msgs:/home/kb/yolo_ws/install/yolo_read:/home/kb/camera_ws/install/ros2_camera:/home/kb/zinger_ws/install/zinger_swerve_controller:/opt/ros/humble /usr/bin/cmake /home/kb/Anveshika/Anveshika_ws/src/anveshika_bringup -DAMENT_CMAKE_SYMLINK_INSTALL=1 -DCMAKE_INSTALL_PREFIX=/home/kb/Anveshika/Anveshika_ws/install/anveshika_bringup
[3.548s] DEBUG:colcon.colcon_core.event_handler.log_command:Invoked command in '/home/kb/Anveshika/Anveshika_ws/build/anveshika_bringup' returned '0': AMENT_PREFIX_PATH=/home/kb/Anveshika/Anveshika_ws/install/anveshika_description:${AMENT_PREFIX_PATH} CMAKE_PREFIX_PATH=/home/kb/Anveshika/Anveshika_ws/install/anveshika_description:/home/kb/zinger_ws/install/zinger_description:/home/kb/ros2_ws/install/my_robot_bringup:/home/kb/ros2_ws/install/my_robot_description:/home/kb/lidar_slam_ws/install/lidarslam:/home/kb/lidar_slam_ws/install/scanmatcher:/home/kb/lidar_slam_ws/install/graph_based_slam:/home/kb/lidar_slam_ws/install/ndt_omp_ros2:/home/kb/lidar_slam_ws/install/lidarslam_msgs:/home/kb/cartographer_ws/install/cartographer_rviz:/home/kb/cartographer_ws/install/cartographer_ros:/home/kb/cartographer_ws/install/cartographer_ros_msgs:/home/kb/yolo_ws/install/yolo_read:/home/kb/camera_ws/install/ros2_camera:/home/kb/zinger_ws/install/zinger_swerve_controller:/opt/ros/humble /usr/bin/cmake /home/kb/Anveshika/Anveshika_ws/src/anveshika_bringup -DAMENT_CMAKE_SYMLINK_INSTALL=1 -DCMAKE_INSTALL_PREFIX=/home/kb/Anveshika/Anveshika_ws/install/anveshika_bringup
[3.548s] DEBUG:colcon.colcon_core.event_handler.log_command:Invoking command in '/home/kb/Anveshika/Anveshika_ws/build/anveshika_bringup': AMENT_PREFIX_PATH=/home/kb/Anveshika/Anveshika_ws/install/anveshika_description:${AMENT_PREFIX_PATH} CMAKE_PREFIX_PATH=/home/kb/Anveshika/Anveshika_ws/install/anveshika_description:/home/kb/zinger_ws/install/zinger_description:/home/kb/ros2_ws/install/my_robot_bringup:/home/kb/ros2_ws/install/my_robot_description:/home/kb/lidar_slam_ws/install/lidarslam:/home/kb/lidar_slam_ws/install/scanmatcher:/home/kb/lidar_slam_ws/install/graph_based_slam:/home/kb/lidar_slam_ws/install/ndt_omp_ros2:/home/kb/lidar_slam_ws/install/lidarslam_msgs:/home/kb/cartographer_ws/install/cartographer_rviz:/home/kb/cartographer_ws/install/cartographer_ros:/home/kb/cartographer_ws/install/cartographer_ros_msgs:/home/kb/yolo_ws/install/yolo_read:/home/kb/camera_ws/install/ros2_camera:/home/kb/zinger_ws/install/zinger_swerve_controller:/opt/ros/humble /usr/bin/cmake --build /home/kb/Anveshika/Anveshika_ws/build/anveshika_bringup -- -j8 -l8
[3.579s] DEBUG:colcon.colcon_core.event_handler.log_command:Invoked command in '/home/kb/Anveshika/Anveshika_ws/build/anveshika_bringup' returned '0': AMENT_PREFIX_PATH=/home/kb/Anveshika/Anveshika_ws/install/anveshika_description:${AMENT_PREFIX_PATH} CMAKE_PREFIX_PATH=/home/kb/Anveshika/Anveshika_ws/install/anveshika_description:/home/kb/zinger_ws/install/zinger_description:/home/kb/ros2_ws/install/my_robot_bringup:/home/kb/ros2_ws/install/my_robot_description:/home/kb/lidar_slam_ws/install/lidarslam:/home/kb/lidar_slam_ws/install/scanmatcher:/home/kb/lidar_slam_ws/install/graph_based_slam:/home/kb/lidar_slam_ws/install/ndt_omp_ros2:/home/kb/lidar_slam_ws/install/lidarslam_msgs:/home/kb/cartographer_ws/install/cartographer_rviz:/home/kb/cartographer_ws/install/cartographer_ros:/home/kb/cartographer_ws/install/cartographer_ros_msgs:/home/kb/yolo_ws/install/yolo_read:/home/kb/camera_ws/install/ros2_camera:/home/kb/zinger_ws/install/zinger_swerve_controller:/opt/ros/humble /usr/bin/cmake --build /home/kb/Anveshika/Anveshika_ws/build/anveshika_bringup -- -j8 -l8
[3.597s] DEBUG:colcon.colcon_core.event_handler.log_command:Invoking command in '/home/kb/Anveshika/Anveshika_ws/build/anveshika_bringup': AMENT_PREFIX_PATH=/home/kb/Anveshika/Anveshika_ws/install/anveshika_description:${AMENT_PREFIX_PATH} CMAKE_PREFIX_PATH=/home/kb/Anveshika/Anveshika_ws/install/anveshika_description:/home/kb/zinger_ws/install/zinger_description:/home/kb/ros2_ws/install/my_robot_bringup:/home/kb/ros2_ws/install/my_robot_description:/home/kb/lidar_slam_ws/install/lidarslam:/home/kb/lidar_slam_ws/install/scanmatcher:/home/kb/lidar_slam_ws/install/graph_based_slam:/home/kb/lidar_slam_ws/install/ndt_omp_ros2:/home/kb/lidar_slam_ws/install/lidarslam_msgs:/home/kb/cartographer_ws/install/cartographer_rviz:/home/kb/cartographer_ws/install/cartographer_ros:/home/kb/cartographer_ws/install/cartographer_ros_msgs:/home/kb/yolo_ws/install/yolo_read:/home/kb/camera_ws/install/ros2_camera:/home/kb/zinger_ws/install/zinger_swerve_controller:/opt/ros/humble /usr/bin/cmake --install /home/kb/Anveshika/Anveshika_ws/build/anveshika_bringup
[3.733s] Level 1:colcon.colcon_core.environment:create_environment_scripts_only(anveshika_bringup)
[3.734s] Level 1:colcon.colcon_core.environment:checking '/home/kb/Anveshika/Anveshika_ws/install/anveshika_bringup' for CMake module files
[3.735s] DEBUG:colcon.colcon_core.event_handler.log_command:Invoked command in '/home/kb/Anveshika/Anveshika_ws/build/anveshika_bringup' returned '0': AMENT_PREFIX_PATH=/home/kb/Anveshika/Anveshika_ws/install/anveshika_description:${AMENT_PREFIX_PATH} CMAKE_PREFIX_PATH=/home/kb/Anveshika/Anveshika_ws/install/anveshika_description:/home/kb/zinger_ws/install/zinger_description:/home/kb/ros2_ws/install/my_robot_bringup:/home/kb/ros2_ws/install/my_robot_description:/home/kb/lidar_slam_ws/install/lidarslam:/home/kb/lidar_slam_ws/install/scanmatcher:/home/kb/lidar_slam_ws/install/graph_based_slam:/home/kb/lidar_slam_ws/install/ndt_omp_ros2:/home/kb/lidar_slam_ws/install/lidarslam_msgs:/home/kb/cartographer_ws/install/cartographer_rviz:/home/kb/cartographer_ws/install/cartographer_ros:/home/kb/cartographer_ws/install/cartographer_ros_msgs:/home/kb/yolo_ws/install/yolo_read:/home/kb/camera_ws/install/ros2_camera:/home/kb/zinger_ws/install/zinger_swerve_controller:/opt/ros/humble /usr/bin/cmake --install /home/kb/Anveshika/Anveshika_ws/build/anveshika_bringup
[3.735s] Level 1:colcon.colcon_core.environment:checking '/home/kb/Anveshika/Anveshika_ws/install/anveshika_bringup' for CMake config files
[3.736s] Level 1:colcon.colcon_core.shell:create_environment_hook('anveshika_bringup', 'cmake_prefix_path')
[3.736s] INFO:colcon.colcon_core.shell:Creating environment hook '/home/kb/Anveshika/Anveshika_ws/install/anveshika_bringup/share/anveshika_bringup/hook/cmake_prefix_path.ps1'
[3.736s] INFO:colcon.colcon_core.shell:Creating environment descriptor '/home/kb/Anveshika/Anveshika_ws/install/anveshika_bringup/share/anveshika_bringup/hook/cmake_prefix_path.dsv'
[3.737s] INFO:colcon.colcon_core.shell:Creating environment hook '/home/kb/Anveshika/Anveshika_ws/install/anveshika_bringup/share/anveshika_bringup/hook/cmake_prefix_path.sh'
[3.737s] Level 1:colcon.colcon_core.environment:checking '/home/kb/Anveshika/Anveshika_ws/install/anveshika_bringup/bin'
[3.737s] Level 1:colcon.colcon_core.environment:checking '/home/kb/Anveshika/Anveshika_ws/install/anveshika_bringup/lib/pkgconfig/anveshika_bringup.pc'
[3.737s] Level 1:colcon.colcon_core.environment:checking '/home/kb/Anveshika/Anveshika_ws/install/anveshika_bringup/lib/python3.10/site-packages'
[3.737s] Level 1:colcon.colcon_core.environment:checking '/home/kb/Anveshika/Anveshika_ws/install/anveshika_bringup/bin'
[3.738s] INFO:colcon.colcon_core.shell:Creating package script '/home/kb/Anveshika/Anveshika_ws/install/anveshika_bringup/share/anveshika_bringup/package.ps1'
[3.738s] INFO:colcon.colcon_core.shell:Creating package descriptor '/home/kb/Anveshika/Anveshika_ws/install/anveshika_bringup/share/anveshika_bringup/package.dsv'
[3.739s] INFO:colcon.colcon_core.shell:Creating package script '/home/kb/Anveshika/Anveshika_ws/install/anveshika_bringup/share/anveshika_bringup/package.sh'
[3.739s] INFO:colcon.colcon_core.shell:Creating package script '/home/kb/Anveshika/Anveshika_ws/install/anveshika_bringup/share/anveshika_bringup/package.bash'
[3.739s] INFO:colcon.colcon_core.shell:Creating package script '/home/kb/Anveshika/Anveshika_ws/install/anveshika_bringup/share/anveshika_bringup/package.zsh'
[3.740s] Level 1:colcon.colcon_core.environment:create_file_with_runtime_dependencies(/home/kb/Anveshika/Anveshika_ws/install/anveshika_bringup/share/colcon-core/packages/anveshika_bringup)
[3.757s] Level 1:colcon.colcon_core.environment:create_environment_scripts_only(anveshika_bringup)
[3.757s] Level 1:colcon.colcon_core.environment:checking '/home/kb/Anveshika/Anveshika_ws/install/anveshika_bringup' for CMake module files
[3.758s] Level 1:colcon.colcon_core.environment:checking '/home/kb/Anveshika/Anveshika_ws/install/anveshika_bringup' for CMake config files
[3.758s] Level 1:colcon.colcon_core.shell:create_environment_hook('anveshika_bringup', 'cmake_prefix_path')
[3.758s] INFO:colcon.colcon_core.shell:Creating environment hook '/home/kb/Anveshika/Anveshika_ws/install/anveshika_bringup/share/anveshika_bringup/hook/cmake_prefix_path.ps1'
[3.758s] INFO:colcon.colcon_core.shell:Creating environment descriptor '/home/kb/Anveshika/Anveshika_ws/install/anveshika_bringup/share/anveshika_bringup/hook/cmake_prefix_path.dsv'
[3.759s] INFO:colcon.colcon_core.shell:Creating environment hook '/home/kb/Anveshika/Anveshika_ws/install/anveshika_bringup/share/anveshika_bringup/hook/cmake_prefix_path.sh'
[3.759s] Level 1:colcon.colcon_core.environment:checking '/home/kb/Anveshika/Anveshika_ws/install/anveshika_bringup/bin'
[3.759s] Level 1:colcon.colcon_core.environment:checking '/home/kb/Anveshika/Anveshika_ws/install/anveshika_bringup/lib/pkgconfig/anveshika_bringup.pc'
[3.759s] Level 1:colcon.colcon_core.environment:checking '/home/kb/Anveshika/Anveshika_ws/install/anveshika_bringup/lib/python3.10/site-packages'
[3.760s] Level 1:colcon.colcon_core.environment:checking '/home/kb/Anveshika/Anveshika_ws/install/anveshika_bringup/bin'
[3.760s] INFO:colcon.colcon_core.shell:Creating package script '/home/kb/Anveshika/Anveshika_ws/install/anveshika_bringup/share/anveshika_bringup/package.ps1'
[3.760s] INFO:colcon.colcon_core.shell:Creating package descriptor '/home/kb/Anveshika/Anveshika_ws/install/anveshika_bringup/share/anveshika_bringup/package.dsv'
[3.760s] INFO:colcon.colcon_core.shell:Creating package script '/home/kb/Anveshika/Anveshika_ws/install/anveshika_bringup/share/anveshika_bringup/package.sh'
[3.761s] INFO:colcon.colcon_core.shell:Creating package script '/home/kb/Anveshika/Anveshika_ws/install/anveshika_bringup/share/anveshika_bringup/package.bash'
[3.761s] INFO:colcon.colcon_core.shell:Creating package script '/home/kb/Anveshika/Anveshika_ws/install/anveshika_bringup/share/anveshika_bringup/package.zsh'
[3.761s] Level 1:colcon.colcon_core.environment:create_file_with_runtime_dependencies(/home/kb/Anveshika/Anveshika_ws/install/anveshika_bringup/share/colcon-core/packages/anveshika_bringup)
[4.839s] DEBUG:colcon.colcon_core.event_handler.log_command:Invoked command in '/home/kb/Anveshika/Anveshika_ws/build/dm_preview' returned '0': CMAKE_PREFIX_PATH=${CMAKE_PREFIX_PATH}:/home/kb/yolo_ws/install/yolo_read:/home/kb/camera_ws/install/ros2_camera:/home/kb/zinger_ws/install/zinger_swerve_controller:/opt/ros/humble /usr/bin/cmake /home/kb/Anveshika/Anveshika_ws/src/dm_preview -DAMENT_CMAKE_SYMLINK_INSTALL=1 -DCMAKE_INSTALL_PREFIX=/home/kb/Anveshika/Anveshika_ws/install/dm_preview
[4.842s] DEBUG:colcon.colcon_core.event_handler.log_command:Invoking command in '/home/kb/Anveshika/Anveshika_ws/build/dm_preview': CMAKE_PREFIX_PATH=${CMAKE_PREFIX_PATH}:/home/kb/yolo_ws/install/yolo_read:/home/kb/camera_ws/install/ros2_camera:/home/kb/zinger_ws/install/zinger_swerve_controller:/opt/ros/humble /usr/bin/cmake --build /home/kb/Anveshika/Anveshika_ws/build/dm_preview -- -j8 -l8
[23.714s] DEBUG:colcon.colcon_core.event_handler.log_command:Invoked command in '/home/kb/Anveshika/Anveshika_ws/build/dm_preview' returned '0': CMAKE_PREFIX_PATH=${CMAKE_PREFIX_PATH}:/home/kb/yolo_ws/install/yolo_read:/home/kb/camera_ws/install/ros2_camera:/home/kb/zinger_ws/install/zinger_swerve_controller:/opt/ros/humble /usr/bin/cmake --build /home/kb/Anveshika/Anveshika_ws/build/dm_preview -- -j8 -l8
[23.738s] DEBUG:colcon.colcon_core.event_handler.log_command:Invoking command in '/home/kb/Anveshika/Anveshika_ws/build/dm_preview': CMAKE_PREFIX_PATH=${CMAKE_PREFIX_PATH}:/home/kb/yolo_ws/install/yolo_read:/home/kb/camera_ws/install/ros2_camera:/home/kb/zinger_ws/install/zinger_swerve_controller:/opt/ros/humble /usr/bin/cmake --install /home/kb/Anveshika/Anveshika_ws/build/dm_preview
[25.567s] Level 1:colcon.colcon_core.environment:create_environment_scripts_only(dm_preview)
[25.567s] Level 1:colcon.colcon_core.environment:checking '/home/kb/Anveshika/Anveshika_ws/install/dm_preview' for CMake module files
[25.568s] DEBUG:colcon.colcon_core.event_handler.log_command:Invoked command in '/home/kb/Anveshika/Anveshika_ws/build/dm_preview' returned '0': CMAKE_PREFIX_PATH=${CMAKE_PREFIX_PATH}:/home/kb/yolo_ws/install/yolo_read:/home/kb/camera_ws/install/ros2_camera:/home/kb/zinger_ws/install/zinger_swerve_controller:/opt/ros/humble /usr/bin/cmake --install /home/kb/Anveshika/Anveshika_ws/build/dm_preview
[25.568s] Level 1:colcon.colcon_core.environment:checking '/home/kb/Anveshika/Anveshika_ws/install/dm_preview' for CMake config files
[25.568s] Level 1:colcon.colcon_core.shell:create_environment_hook('dm_preview', 'cmake_prefix_path')
[25.568s] INFO:colcon.colcon_core.shell:Creating environment hook '/home/kb/Anveshika/Anveshika_ws/install/dm_preview/share/dm_preview/hook/cmake_prefix_path.ps1'
[25.569s] INFO:colcon.colcon_core.shell:Creating environment descriptor '/home/kb/Anveshika/Anveshika_ws/install/dm_preview/share/dm_preview/hook/cmake_prefix_path.dsv'
[25.569s] INFO:colcon.colcon_core.shell:Creating environment hook '/home/kb/Anveshika/Anveshika_ws/install/dm_preview/share/dm_preview/hook/cmake_prefix_path.sh'
[25.569s] Level 1:colcon.colcon_core.environment:checking '/home/kb/Anveshika/Anveshika_ws/install/dm_preview/lib'
[25.570s] Level 1:colcon.colcon_core.shell:create_environment_hook('dm_preview', 'ld_library_path_lib')
[25.570s] INFO:colcon.colcon_core.shell:Creating environment hook '/home/kb/Anveshika/Anveshika_ws/install/dm_preview/share/dm_preview/hook/ld_library_path_lib.ps1'
[25.570s] INFO:colcon.colcon_core.shell:Creating environment descriptor '/home/kb/Anveshika/Anveshika_ws/install/dm_preview/share/dm_preview/hook/ld_library_path_lib.dsv'
[25.570s] INFO:colcon.colcon_core.shell:Creating environment hook '/home/kb/Anveshika/Anveshika_ws/install/dm_preview/share/dm_preview/hook/ld_library_path_lib.sh'
[25.571s] Level 1:colcon.colcon_core.environment:checking '/home/kb/Anveshika/Anveshika_ws/install/dm_preview/bin'
[25.571s] Level 1:colcon.colcon_core.environment:checking '/home/kb/Anveshika/Anveshika_ws/install/dm_preview/lib/pkgconfig/dm_preview.pc'
[25.571s] Level 1:colcon.colcon_core.environment:checking '/home/kb/Anveshika/Anveshika_ws/install/dm_preview/lib/python3.10/site-packages'
[25.571s] Level 1:colcon.colcon_core.environment:checking '/home/kb/Anveshika/Anveshika_ws/install/dm_preview/bin'
[25.571s] INFO:colcon.colcon_core.shell:Creating package script '/home/kb/Anveshika/Anveshika_ws/install/dm_preview/share/dm_preview/package.ps1'
[25.572s] INFO:colcon.colcon_core.shell:Creating package descriptor '/home/kb/Anveshika/Anveshika_ws/install/dm_preview/share/dm_preview/package.dsv'
[25.572s] INFO:colcon.colcon_core.shell:Creating package script '/home/kb/Anveshika/Anveshika_ws/install/dm_preview/share/dm_preview/package.sh'
[25.572s] INFO:colcon.colcon_core.shell:Creating package script '/home/kb/Anveshika/Anveshika_ws/install/dm_preview/share/dm_preview/package.bash'
[25.572s] INFO:colcon.colcon_core.shell:Creating package script '/home/kb/Anveshika/Anveshika_ws/install/dm_preview/share/dm_preview/package.zsh'
[25.573s] Level 1:colcon.colcon_core.environment:create_file_with_runtime_dependencies(/home/kb/Anveshika/Anveshika_ws/install/dm_preview/share/colcon-core/packages/dm_preview)
[25.600s] Level 1:colcon.colcon_core.environment:create_environment_scripts_only(dm_preview)
[25.601s] Level 1:colcon.colcon_core.environment:checking '/home/kb/Anveshika/Anveshika_ws/install/dm_preview' for CMake module files
[25.602s] Level 1:colcon.colcon_core.environment:checking '/home/kb/Anveshika/Anveshika_ws/install/dm_preview' for CMake config files
[25.602s] Level 1:colcon.colcon_core.shell:create_environment_hook('dm_preview', 'cmake_prefix_path')
[25.602s] INFO:colcon.colcon_core.shell:Creating environment hook '/home/kb/Anveshika/Anveshika_ws/install/dm_preview/share/dm_preview/hook/cmake_prefix_path.ps1'
[25.603s] INFO:colcon.colcon_core.shell:Creating environment descriptor '/home/kb/Anveshika/Anveshika_ws/install/dm_preview/share/dm_preview/hook/cmake_prefix_path.dsv'
[25.603s] INFO:colcon.colcon_core.shell:Creating environment hook '/home/kb/Anveshika/Anveshika_ws/install/dm_preview/share/dm_preview/hook/cmake_prefix_path.sh'
[25.603s] Level 1:colcon.colcon_core.environment:checking '/home/kb/Anveshika/Anveshika_ws/install/dm_preview/lib'
[25.604s] Level 1:colcon.colcon_core.shell:create_environment_hook('dm_preview', 'ld_library_path_lib')
[25.604s] INFO:colcon.colcon_core.shell:Creating environment hook '/home/kb/Anveshika/Anveshika_ws/install/dm_preview/share/dm_preview/hook/ld_library_path_lib.ps1'
[25.604s] INFO:colcon.colcon_core.shell:Creating environment descriptor '/home/kb/Anveshika/Anveshika_ws/install/dm_preview/share/dm_preview/hook/ld_library_path_lib.dsv'
[25.605s] INFO:colcon.colcon_core.shell:Creating environment hook '/home/kb/Anveshika/Anveshika_ws/install/dm_preview/share/dm_preview/hook/ld_library_path_lib.sh'
[25.605s] Level 1:colcon.colcon_core.environment:checking '/home/kb/Anveshika/Anveshika_ws/install/dm_preview/bin'
[25.605s] Level 1:colcon.colcon_core.environment:checking '/home/kb/Anveshika/Anveshika_ws/install/dm_preview/lib/pkgconfig/dm_preview.pc'
[25.605s] Level 1:colcon.colcon_core.environment:checking '/home/kb/Anveshika/Anveshika_ws/install/dm_preview/lib/python3.10/site-packages'
[25.606s] Level 1:colcon.colcon_core.environment:checking '/home/kb/Anveshika/Anveshika_ws/install/dm_preview/bin'
[25.606s] INFO:colcon.colcon_core.shell:Creating package script '/home/kb/Anveshika/Anveshika_ws/install/dm_preview/share/dm_preview/package.ps1'
[25.607s] INFO:colcon.colcon_core.shell:Creating package descriptor '/home/kb/Anveshika/Anveshika_ws/install/dm_preview/share/dm_preview/package.dsv'
[25.607s] INFO:colcon.colcon_core.shell:Creating package script '/home/kb/Anveshika/Anveshika_ws/install/dm_preview/share/dm_preview/package.sh'
[25.608s] INFO:colcon.colcon_core.shell:Creating package script '/home/kb/Anveshika/Anveshika_ws/install/dm_preview/share/dm_preview/package.bash'
[25.608s] INFO:colcon.colcon_core.shell:Creating package script '/home/kb/Anveshika/Anveshika_ws/install/dm_preview/share/dm_preview/package.zsh'
[25.609s] Level 1:colcon.colcon_core.environment:create_file_with_runtime_dependencies(/home/kb/Anveshika/Anveshika_ws/install/dm_preview/share/colcon-core/packages/dm_preview)
[25.609s] DEBUG:colcon.colcon_parallel_executor.executor.parallel:closing loop
[25.609s] DEBUG:colcon.colcon_parallel_executor.executor.parallel:loop closed
[25.609s] DEBUG:colcon.colcon_parallel_executor.executor.parallel:run_until_complete finished with '0'
[25.609s] DEBUG:colcon.colcon_core.event_reactor:joining thread
[25.666s] INFO:colcon.colcon_core.plugin_system:Skipping extension 'colcon_notification.desktop_notification.terminal_notifier': Not used on non-Darwin systems
[25.666s] INFO:colcon.colcon_core.plugin_system:Skipping extension 'colcon_notification.desktop_notification.win32': Not used on non-Windows systems
[25.666s] INFO:colcon.colcon_notification.desktop_notification:Sending desktop notification using 'notify2'
[25.700s] DEBUG:colcon.colcon_core.event_reactor:joined thread
[25.700s] INFO:colcon.colcon_core.shell:Creating prefix script '/home/kb/Anveshika/Anveshika_ws/install/local_setup.ps1'
[25.702s] INFO:colcon.colcon_core.shell:Creating prefix util module '/home/kb/Anveshika/Anveshika_ws/install/_local_setup_util_ps1.py'
[25.706s] INFO:colcon.colcon_core.shell:Creating prefix chain script '/home/kb/Anveshika/Anveshika_ws/install/setup.ps1'
[25.709s] INFO:colcon.colcon_core.shell:Creating prefix script '/home/kb/Anveshika/Anveshika_ws/install/local_setup.sh'
[25.710s] INFO:colcon.colcon_core.shell:Creating prefix util module '/home/kb/Anveshika/Anveshika_ws/install/_local_setup_util_sh.py'
[25.711s] INFO:colcon.colcon_core.shell:Creating prefix chain script '/home/kb/Anveshika/Anveshika_ws/install/setup.sh'
[25.714s] INFO:colcon.colcon_core.shell:Creating prefix script '/home/kb/Anveshika/Anveshika_ws/install/local_setup.bash'
[25.715s] INFO:colcon.colcon_core.shell:Creating prefix chain script '/home/kb/Anveshika/Anveshika_ws/install/setup.bash'
[25.717s] INFO:colcon.colcon_core.shell:Creating prefix script '/home/kb/Anveshika/Anveshika_ws/install/local_setup.zsh'
[25.718s] INFO:colcon.colcon_core.shell:Creating prefix chain script '/home/kb/Anveshika/Anveshika_ws/install/setup.zsh'
