[1.460s] Invoking command in '/home/kb/Anveshika/Anveshika_ws/build/slam_lidar': PYTHONPATH=/home/kb/Anveshika/Anveshika_ws/build/slam_lidar/prefix_override:/usr/lib/python3/dist-packages/colcon_core/task/python/colcon_distutils_commands:/home/kb/Anveshika/Anveshika_ws/install/slam_lidar/lib/python3.10/site-packages:${PYTHONPATH} /usr/bin/python3 -W ignore:setup.py install is deprecated setup.py develop --editable --build-directory /home/kb/Anveshika/Anveshika_ws/build/slam_lidar/build --no-deps symlink_data
[1.847s] running develop
[1.847s] /usr/lib/python3/dist-packages/setuptools/command/easy_install.py:158: EasyInstallDeprecationWarning: easy_install command is deprecated. Use build and pip and other standards-based tools.
[1.847s]   warnings.warn(
[2.124s] running egg_info
[2.124s] writing slam_lidar.egg-info/PKG-INFO
[2.125s] writing dependency_links to slam_lidar.egg-info/dependency_links.txt
[2.125s] writing entry points to slam_lidar.egg-info/entry_points.txt
[2.125s] writing requirements to slam_lidar.egg-info/requires.txt
[2.125s] writing top-level names to slam_lidar.egg-info/top_level.txt
[2.129s] reading manifest file 'slam_lidar.egg-info/SOURCES.txt'
[2.130s] writing manifest file 'slam_lidar.egg-info/SOURCES.txt'
[2.131s] running build_ext
[2.131s] Creating /home/kb/Anveshika/Anveshika_ws/install/slam_lidar/lib/python3.10/site-packages/slam-lidar.egg-link (link to .)
[2.132s] Installing mapping_node script to /home/kb/Anveshika/Anveshika_ws/install/slam_lidar/lib/slam_lidar
[2.132s] Installing navigation_node script to /home/kb/Anveshika/Anveshika_ws/install/slam_lidar/lib/slam_lidar
[2.133s] 
[2.133s] Installed /home/kb/Anveshika/Anveshika_ws/build/slam_lidar
[2.133s] running symlink_data
[2.200s] Invoked command in '/home/kb/Anveshika/Anveshika_ws/build/slam_lidar' returned '0': PYTHONPATH=/home/kb/Anveshika/Anveshika_ws/build/slam_lidar/prefix_override:/usr/lib/python3/dist-packages/colcon_core/task/python/colcon_distutils_commands:/home/kb/Anveshika/Anveshika_ws/install/slam_lidar/lib/python3.10/site-packages:${PYTHONPATH} /usr/bin/python3 -W ignore:setup.py install is deprecated setup.py develop --editable --build-directory /home/kb/Anveshika/Anveshika_ws/build/slam_lidar/build --no-deps symlink_data
