[0.034s] Invoking command in '/home/kb/Anveshika/Anveshika_ws/build/anveshika_nav': CMAKE_PREFIX_PATH=${CMAKE_PREFIX_PATH}:/home/kb/Anveshika/Anveshika_ws/install/anveshika_swerve_controller:/home/kb/yolo_ws/install/yolo_read:/home/kb/camera_ws/install/ros2_camera:/home/kb/zinger_ws/install/zinger_swerve_controller:/opt/ros/humble /usr/bin/cmake --build /home/kb/Anveshika/Anveshika_ws/build/anveshika_nav -- -j8 -l8
[0.326s] Invoked command in '/home/kb/Anveshika/Anveshika_ws/build/anveshika_nav' returned '0': CMAKE_PREFIX_PATH=${CMAKE_PREFIX_PATH}:/home/kb/Anveshika/Anveshika_ws/install/anveshika_swerve_controller:/home/kb/yolo_ws/install/yolo_read:/home/kb/camera_ws/install/ros2_camera:/home/kb/zinger_ws/install/zinger_swerve_controller:/opt/ros/humble /usr/bin/cmake --build /home/kb/Anveshika/Anveshika_ws/build/anveshika_nav -- -j8 -l8
[0.356s] Invoking command in '/home/kb/Anveshika/Anveshika_ws/build/anveshika_nav': CMAKE_PREFIX_PATH=${CMAKE_PREFIX_PATH}:/home/kb/Anveshika/Anveshika_ws/install/anveshika_swerve_controller:/home/kb/yolo_ws/install/yolo_read:/home/kb/camera_ws/install/ros2_camera:/home/kb/zinger_ws/install/zinger_swerve_controller:/opt/ros/humble /usr/bin/cmake --install /home/kb/Anveshika/Anveshika_ws/build/anveshika_nav
[0.364s] -- Install configuration: ""
[0.364s] -- Execute custom install script
[0.365s] -- Up-to-date symlink: /home/kb/Anveshika/Anveshika_ws/install/anveshika_nav/share/anveshika_nav/config/localization.yaml
[0.365s] -- Up-to-date symlink: /home/kb/Anveshika/Anveshika_ws/install/anveshika_nav/share/anveshika_nav/config/nav2.yaml
[0.365s] -- Up-to-date symlink: /home/kb/Anveshika/Anveshika_ws/install/anveshika_nav/share/anveshika_nav/config/slam.yaml
[0.366s] -- Up-to-date symlink: /home/kb/Anveshika/Anveshika_ws/install/anveshika_nav/share/anveshika_nav/launch/localization.launch.py
[0.366s] -- Up-to-date symlink: /home/kb/Anveshika/Anveshika_ws/install/anveshika_nav/share/anveshika_nav/launch/nav2.launch.py
[0.366s] -- Up-to-date symlink: /home/kb/Anveshika/Anveshika_ws/install/anveshika_nav/share/anveshika_nav/launch/slam.launch.py
[0.366s] -- Up-to-date symlink: /home/kb/Anveshika/Anveshika_ws/install/anveshika_nav/share/ament_index/resource_index/package_run_dependencies/anveshika_nav
[0.366s] -- Up-to-date symlink: /home/kb/Anveshika/Anveshika_ws/install/anveshika_nav/share/ament_index/resource_index/parent_prefix_path/anveshika_nav
[0.367s] -- Up-to-date symlink: /home/kb/Anveshika/Anveshika_ws/install/anveshika_nav/share/anveshika_nav/environment/ament_prefix_path.sh
[0.367s] -- Up-to-date symlink: /home/kb/Anveshika/Anveshika_ws/install/anveshika_nav/share/anveshika_nav/environment/ament_prefix_path.dsv
[0.367s] -- Up-to-date symlink: /home/kb/Anveshika/Anveshika_ws/install/anveshika_nav/share/anveshika_nav/environment/path.sh
[0.367s] -- Up-to-date symlink: /home/kb/Anveshika/Anveshika_ws/install/anveshika_nav/share/anveshika_nav/environment/path.dsv
[0.367s] -- Up-to-date symlink: /home/kb/Anveshika/Anveshika_ws/install/anveshika_nav/share/anveshika_nav/local_setup.bash
[0.368s] -- Up-to-date symlink: /home/kb/Anveshika/Anveshika_ws/install/anveshika_nav/share/anveshika_nav/local_setup.sh
[0.368s] -- Up-to-date symlink: /home/kb/Anveshika/Anveshika_ws/install/anveshika_nav/share/anveshika_nav/local_setup.zsh
[0.368s] -- Up-to-date symlink: /home/kb/Anveshika/Anveshika_ws/install/anveshika_nav/share/anveshika_nav/local_setup.dsv
[0.369s] -- Symlinking: /home/kb/Anveshika/Anveshika_ws/install/anveshika_nav/share/anveshika_nav/package.dsv
[0.378s] -- Up-to-date symlink: /home/kb/Anveshika/Anveshika_ws/install/anveshika_nav/share/ament_index/resource_index/packages/anveshika_nav
[0.379s] -- Up-to-date symlink: /home/kb/Anveshika/Anveshika_ws/install/anveshika_nav/share/anveshika_nav/cmake/anveshika_navConfig.cmake
[0.379s] -- Up-to-date symlink: /home/kb/Anveshika/Anveshika_ws/install/anveshika_nav/share/anveshika_nav/cmake/anveshika_navConfig-version.cmake
[0.379s] -- Up-to-date symlink: /home/kb/Anveshika/Anveshika_ws/install/anveshika_nav/share/anveshika_nav/package.xml
[0.382s] Invoked command in '/home/kb/Anveshika/Anveshika_ws/build/anveshika_nav' returned '0': CMAKE_PREFIX_PATH=${CMAKE_PREFIX_PATH}:/home/kb/Anveshika/Anveshika_ws/install/anveshika_swerve_controller:/home/kb/yolo_ws/install/yolo_read:/home/kb/camera_ws/install/ros2_camera:/home/kb/zinger_ws/install/zinger_swerve_controller:/opt/ros/humble /usr/bin/cmake --install /home/kb/Anveshika/Anveshika_ws/build/anveshika_nav
