[0.090s] Invoking command in '/home/kb/Anveshika/Anveshika_ws/build/anveshika_description': CMAKE_PREFIX_PATH=${CMAKE_PREFIX_PATH}:/opt/ros/humble /usr/bin/cmake --build /home/kb/Anveshika/Anveshika_ws/build/anveshika_description -- -j8 -l8
[0.329s] Invoked command in '/home/kb/Anveshika/Anveshika_ws/build/anveshika_description' returned '0': CMAKE_PREFIX_PATH=${CMAKE_PREFIX_PATH}:/opt/ros/humble /usr/bin/cmake --build /home/kb/Anveshika/Anveshika_ws/build/anveshika_description -- -j8 -l8
[0.459s] Invoking command in '/home/kb/Anveshika/Anveshika_ws/build/anveshika_description': CMAKE_PREFIX_PATH=${CMAKE_PREFIX_PATH}:/opt/ros/humble /usr/bin/cmake --install /home/kb/Anveshika/Anveshika_ws/build/anveshika_description
[0.514s] -- Install configuration: ""
[0.518s] -- Execute custom install script
[0.520s] -- Up-to-date symlink: /home/kb/Anveshika/Anveshika_ws/install/anveshika_description/share/anveshika_description//meshes/rover/box.stl
[0.520s] -- Up-to-date symlink: /home/kb/Anveshika/Anveshika_ws/install/anveshika_description/share/anveshika_description//meshes/rover/collision_bogie.stl
[0.521s] -- Up-to-date symlink: /home/kb/Anveshika/Anveshika_ws/install/anveshika_description/share/anveshika_description//meshes/rover/drive_motor_mount.stl
[0.522s] -- Up-to-date symlink: /home/kb/Anveshika/Anveshika_ws/install/anveshika_description/share/anveshika_description//meshes/rover/left_bogie.stl
[0.522s] -- Up-to-date symlink: /home/kb/Anveshika/Anveshika_ws/install/anveshika_description/share/anveshika_description//meshes/rover/right_bogie.stl
[0.523s] -- Up-to-date symlink: /home/kb/Anveshika/Anveshika_ws/install/anveshika_description/share/anveshika_description//meshes/rover/wheel.stl
[0.524s] -- Up-to-date symlink: /home/kb/Anveshika/Anveshika_ws/install/anveshika_description/share/anveshika_description//launch/display.launch.xml
[0.525s] -- Up-to-date symlink: /home/kb/Anveshika/Anveshika_ws/install/anveshika_description/share/anveshika_description//rviz/anveshika_rviz_config.rviz
[0.526s] -- Up-to-date symlink: /home/kb/Anveshika/Anveshika_ws/install/anveshika_description/share/anveshika_description//urdf/anveshika.urdf.xacro
[0.527s] -- Up-to-date symlink: /home/kb/Anveshika/Anveshika_ws/install/anveshika_description/share/anveshika_description//urdf/rover.xacro
[0.528s] -- Up-to-date symlink: /home/kb/Anveshika/Anveshika_ws/install/anveshika_description/share/ament_index/resource_index/package_run_dependencies/anveshika_description
[0.529s] -- Up-to-date symlink: /home/kb/Anveshika/Anveshika_ws/install/anveshika_description/share/ament_index/resource_index/parent_prefix_path/anveshika_description
[0.530s] -- Up-to-date symlink: /home/kb/Anveshika/Anveshika_ws/install/anveshika_description/share/anveshika_description/environment/ament_prefix_path.sh
[0.531s] -- Up-to-date symlink: /home/kb/Anveshika/Anveshika_ws/install/anveshika_description/share/anveshika_description/environment/ament_prefix_path.dsv
[0.532s] -- Up-to-date symlink: /home/kb/Anveshika/Anveshika_ws/install/anveshika_description/share/anveshika_description/environment/path.sh
[0.533s] -- Up-to-date symlink: /home/kb/Anveshika/Anveshika_ws/install/anveshika_description/share/anveshika_description/environment/path.dsv
[0.534s] -- Up-to-date symlink: /home/kb/Anveshika/Anveshika_ws/install/anveshika_description/share/anveshika_description/local_setup.bash
[0.535s] -- Up-to-date symlink: /home/kb/Anveshika/Anveshika_ws/install/anveshika_description/share/anveshika_description/local_setup.sh
[0.535s] -- Up-to-date symlink: /home/kb/Anveshika/Anveshika_ws/install/anveshika_description/share/anveshika_description/local_setup.zsh
[0.536s] -- Up-to-date symlink: /home/kb/Anveshika/Anveshika_ws/install/anveshika_description/share/anveshika_description/local_setup.dsv
[0.537s] -- Symlinking: /home/kb/Anveshika/Anveshika_ws/install/anveshika_description/share/anveshika_description/package.dsv
[0.571s] -- Up-to-date symlink: /home/kb/Anveshika/Anveshika_ws/install/anveshika_description/share/ament_index/resource_index/packages/anveshika_description
[0.571s] -- Up-to-date symlink: /home/kb/Anveshika/Anveshika_ws/install/anveshika_description/share/anveshika_description/cmake/anveshika_descriptionConfig.cmake
[0.572s] -- Up-to-date symlink: /home/kb/Anveshika/Anveshika_ws/install/anveshika_description/share/anveshika_description/cmake/anveshika_descriptionConfig-version.cmake
[0.572s] -- Up-to-date symlink: /home/kb/Anveshika/Anveshika_ws/install/anveshika_description/share/anveshika_description/package.xml
[0.578s] Invoked command in '/home/kb/Anveshika/Anveshika_ws/build/anveshika_description' returned '0': CMAKE_PREFIX_PATH=${CMAKE_PREFIX_PATH}:/opt/ros/humble /usr/bin/cmake --install /home/kb/Anveshika/Anveshika_ws/build/anveshika_description
