[0.189s] DEBUG:colcon:Command line arguments: ['/usr/bin/colcon', 'build', '--symlink-install']
[0.189s] DEBUG:colcon:Parsed command line arguments: Namespace(log_base=None, log_level=None, verb_name='build', build_base='build', install_base='install', merge_install=False, symlink_install=True, test_result_base=None, continue_on_error=False, executor='parallel', parallel_workers=8, event_handlers=None, ignore_user_meta=False, metas=['./colcon.meta'], base_paths=['.'], packages_ignore=None, packages_ignore_regex=None, paths=None, packages_up_to=None, packages_up_to_regex=None, packages_above=None, packages_above_and_dependencies=None, packages_above_depth=None, packages_select_by_dep=None, packages_skip_by_dep=None, packages_skip_up_to=None, packages_select_build_failed=False, packages_skip_build_finished=False, packages_select_test_failures=False, packages_skip_test_passed=False, packages_select=None, packages_skip=None, packages_select_regex=None, packages_skip_regex=None, packages_start=None, packages_end=None, allow_overriding=[], cmake_args=None, cmake_target=None, cmake_target_skip_unavailable=False, cmake_clean_cache=False, cmake_clean_first=False, cmake_force_configure=False, ament_cmake_args=None, catkin_cmake_args=None, catkin_skip_building_tests=False, mixin_files=None, mixin=None, verb_parser=<colcon_mixin.mixin.mixin_argument.MixinArgumentDecorator object at 0x739f9e52b520>, verb_extension=<colcon_core.verb.build.BuildVerb object at 0x739f9e667bb0>, main=<bound method BuildVerb.main of <colcon_core.verb.build.BuildVerb object at 0x739f9e667bb0>>, mixin_verb=('build',))
[0.355s] Level 1:colcon.colcon_core.package_discovery:discover_packages(colcon_meta) check parameters
[0.355s] Level 1:colcon.colcon_core.package_discovery:discover_packages(recursive) check parameters
[0.355s] Level 1:colcon.colcon_core.package_discovery:discover_packages(ignore) check parameters
[0.355s] Level 1:colcon.colcon_core.package_discovery:discover_packages(path) check parameters
[0.355s] Level 1:colcon.colcon_core.package_discovery:discover_packages(colcon_meta) discover
[0.355s] Level 1:colcon.colcon_core.package_discovery:discover_packages(recursive) discover
[0.355s] INFO:colcon.colcon_core.package_discovery:Crawling recursively for packages in '/home/kb/Anveshika/Anveshika_ws'
[0.355s] Level 1:colcon.colcon_core.package_identification:_identify(.) by extensions ['ignore', 'ignore_ament_install']
[0.355s] Level 1:colcon.colcon_core.package_identification:_identify(.) by extension 'ignore'
[0.355s] Level 1:colcon.colcon_core.package_identification:_identify(.) by extension 'ignore_ament_install'
[0.355s] Level 1:colcon.colcon_core.package_identification:_identify(.) by extensions ['colcon_pkg']
[0.355s] Level 1:colcon.colcon_core.package_identification:_identify(.) by extension 'colcon_pkg'
[0.355s] Level 1:colcon.colcon_core.package_identification:_identify(.) by extensions ['colcon_meta']
[0.355s] Level 1:colcon.colcon_core.package_identification:_identify(.) by extension 'colcon_meta'
[0.355s] Level 1:colcon.colcon_core.package_identification:_identify(.) by extensions ['ros']
[0.355s] Level 1:colcon.colcon_core.package_identification:_identify(.) by extension 'ros'
[0.364s] Level 1:colcon.colcon_core.package_identification:_identify(.) by extensions ['cmake', 'python']
[0.365s] Level 1:colcon.colcon_core.package_identification:_identify(.) by extension 'cmake'
[0.365s] Level 1:colcon.colcon_core.package_identification:_identify(.) by extension 'python'
[0.365s] Level 1:colcon.colcon_core.package_identification:_identify(.) by extensions ['python_setup_py']
[0.365s] Level 1:colcon.colcon_core.package_identification:_identify(.) by extension 'python_setup_py'
[0.365s] Level 1:colcon.colcon_core.package_identification:_identify(build) by extensions ['ignore', 'ignore_ament_install']
[0.365s] Level 1:colcon.colcon_core.package_identification:_identify(build) by extension 'ignore'
[0.365s] Level 1:colcon.colcon_core.package_identification:_identify(build) ignored
[0.365s] Level 1:colcon.colcon_core.package_identification:_identify(eYs3D) by extensions ['ignore', 'ignore_ament_install']
[0.365s] Level 1:colcon.colcon_core.package_identification:_identify(eYs3D) by extension 'ignore'
[0.365s] Level 1:colcon.colcon_core.package_identification:_identify(eYs3D) by extension 'ignore_ament_install'
[0.365s] Level 1:colcon.colcon_core.package_identification:_identify(eYs3D) by extensions ['colcon_pkg']
[0.365s] Level 1:colcon.colcon_core.package_identification:_identify(eYs3D) by extension 'colcon_pkg'
[0.365s] Level 1:colcon.colcon_core.package_identification:_identify(eYs3D) by extensions ['colcon_meta']
[0.365s] Level 1:colcon.colcon_core.package_identification:_identify(eYs3D) by extension 'colcon_meta'
[0.365s] Level 1:colcon.colcon_core.package_identification:_identify(eYs3D) by extensions ['ros']
[0.365s] Level 1:colcon.colcon_core.package_identification:_identify(eYs3D) by extension 'ros'
[0.365s] Level 1:colcon.colcon_core.package_identification:_identify(eYs3D) by extensions ['cmake', 'python']
[0.365s] Level 1:colcon.colcon_core.package_identification:_identify(eYs3D) by extension 'cmake'
[0.365s] Level 1:colcon.colcon_core.package_identification:_identify(eYs3D) by extension 'python'
[0.365s] Level 1:colcon.colcon_core.package_identification:_identify(eYs3D) by extensions ['python_setup_py']
[0.365s] Level 1:colcon.colcon_core.package_identification:_identify(eYs3D) by extension 'python_setup_py'
[0.366s] Level 1:colcon.colcon_core.package_identification:_identify(eYs3D/cfg) by extensions ['ignore', 'ignore_ament_install']
[0.366s] Level 1:colcon.colcon_core.package_identification:_identify(eYs3D/cfg) by extension 'ignore'
[0.366s] Level 1:colcon.colcon_core.package_identification:_identify(eYs3D/cfg) by extension 'ignore_ament_install'
[0.366s] Level 1:colcon.colcon_core.package_identification:_identify(eYs3D/cfg) by extensions ['colcon_pkg']
[0.366s] Level 1:colcon.colcon_core.package_identification:_identify(eYs3D/cfg) by extension 'colcon_pkg'
[0.366s] Level 1:colcon.colcon_core.package_identification:_identify(eYs3D/cfg) by extensions ['colcon_meta']
[0.366s] Level 1:colcon.colcon_core.package_identification:_identify(eYs3D/cfg) by extension 'colcon_meta'
[0.366s] Level 1:colcon.colcon_core.package_identification:_identify(eYs3D/cfg) by extensions ['ros']
[0.366s] Level 1:colcon.colcon_core.package_identification:_identify(eYs3D/cfg) by extension 'ros'
[0.366s] Level 1:colcon.colcon_core.package_identification:_identify(eYs3D/cfg) by extensions ['cmake', 'python']
[0.366s] Level 1:colcon.colcon_core.package_identification:_identify(eYs3D/cfg) by extension 'cmake'
[0.366s] Level 1:colcon.colcon_core.package_identification:_identify(eYs3D/cfg) by extension 'python'
[0.366s] Level 1:colcon.colcon_core.package_identification:_identify(eYs3D/cfg) by extensions ['python_setup_py']
[0.366s] Level 1:colcon.colcon_core.package_identification:_identify(eYs3D/cfg) by extension 'python_setup_py'
[0.366s] Level 1:colcon.colcon_core.package_identification:_identify(eYs3D/cfg/DM_Quality_Cfg) by extensions ['ignore', 'ignore_ament_install']
[0.366s] Level 1:colcon.colcon_core.package_identification:_identify(eYs3D/cfg/DM_Quality_Cfg) by extension 'ignore'
[0.366s] Level 1:colcon.colcon_core.package_identification:_identify(eYs3D/cfg/DM_Quality_Cfg) by extension 'ignore_ament_install'
[0.366s] Level 1:colcon.colcon_core.package_identification:_identify(eYs3D/cfg/DM_Quality_Cfg) by extensions ['colcon_pkg']
[0.366s] Level 1:colcon.colcon_core.package_identification:_identify(eYs3D/cfg/DM_Quality_Cfg) by extension 'colcon_pkg'
[0.366s] Level 1:colcon.colcon_core.package_identification:_identify(eYs3D/cfg/DM_Quality_Cfg) by extensions ['colcon_meta']
[0.367s] Level 1:colcon.colcon_core.package_identification:_identify(eYs3D/cfg/DM_Quality_Cfg) by extension 'colcon_meta'
[0.367s] Level 1:colcon.colcon_core.package_identification:_identify(eYs3D/cfg/DM_Quality_Cfg) by extensions ['ros']
[0.367s] Level 1:colcon.colcon_core.package_identification:_identify(eYs3D/cfg/DM_Quality_Cfg) by extension 'ros'
[0.367s] Level 1:colcon.colcon_core.package_identification:_identify(eYs3D/cfg/DM_Quality_Cfg) by extensions ['cmake', 'python']
[0.367s] Level 1:colcon.colcon_core.package_identification:_identify(eYs3D/cfg/DM_Quality_Cfg) by extension 'cmake'
[0.367s] Level 1:colcon.colcon_core.package_identification:_identify(eYs3D/cfg/DM_Quality_Cfg) by extension 'python'
[0.367s] Level 1:colcon.colcon_core.package_identification:_identify(eYs3D/cfg/DM_Quality_Cfg) by extensions ['python_setup_py']
[0.367s] Level 1:colcon.colcon_core.package_identification:_identify(eYs3D/cfg/DM_Quality_Cfg) by extension 'python_setup_py'
[0.367s] Level 1:colcon.colcon_core.package_identification:_identify(install) by extensions ['ignore', 'ignore_ament_install']
[0.367s] Level 1:colcon.colcon_core.package_identification:_identify(install) by extension 'ignore'
[0.367s] Level 1:colcon.colcon_core.package_identification:_identify(install) ignored
[0.367s] Level 1:colcon.colcon_core.package_identification:_identify(log) by extensions ['ignore', 'ignore_ament_install']
[0.367s] Level 1:colcon.colcon_core.package_identification:_identify(log) by extension 'ignore'
[0.367s] Level 1:colcon.colcon_core.package_identification:_identify(log) ignored
[0.367s] Level 1:colcon.colcon_core.package_identification:_identify(src) by extensions ['ignore', 'ignore_ament_install']
[0.367s] Level 1:colcon.colcon_core.package_identification:_identify(src) by extension 'ignore'
[0.367s] Level 1:colcon.colcon_core.package_identification:_identify(src) by extension 'ignore_ament_install'
[0.367s] Level 1:colcon.colcon_core.package_identification:_identify(src) by extensions ['colcon_pkg']
[0.367s] Level 1:colcon.colcon_core.package_identification:_identify(src) by extension 'colcon_pkg'
[0.367s] Level 1:colcon.colcon_core.package_identification:_identify(src) by extensions ['colcon_meta']
[0.368s] Level 1:colcon.colcon_core.package_identification:_identify(src) by extension 'colcon_meta'
[0.368s] Level 1:colcon.colcon_core.package_identification:_identify(src) by extensions ['ros']
[0.368s] Level 1:colcon.colcon_core.package_identification:_identify(src) by extension 'ros'
[0.368s] Level 1:colcon.colcon_core.package_identification:_identify(src) by extensions ['cmake', 'python']
[0.368s] Level 1:colcon.colcon_core.package_identification:_identify(src) by extension 'cmake'
[0.368s] Level 1:colcon.colcon_core.package_identification:_identify(src) by extension 'python'
[0.368s] Level 1:colcon.colcon_core.package_identification:_identify(src) by extensions ['python_setup_py']
[0.368s] Level 1:colcon.colcon_core.package_identification:_identify(src) by extension 'python_setup_py'
[0.368s] Level 1:colcon.colcon_core.package_identification:_identify(src/anveshika_description) by extensions ['ignore', 'ignore_ament_install']
[0.368s] Level 1:colcon.colcon_core.package_identification:_identify(src/anveshika_description) by extension 'ignore'
[0.368s] Level 1:colcon.colcon_core.package_identification:_identify(src/anveshika_description) by extension 'ignore_ament_install'
[0.368s] Level 1:colcon.colcon_core.package_identification:_identify(src/anveshika_description) by extensions ['colcon_pkg']
[0.368s] Level 1:colcon.colcon_core.package_identification:_identify(src/anveshika_description) by extension 'colcon_pkg'
[0.368s] Level 1:colcon.colcon_core.package_identification:_identify(src/anveshika_description) by extensions ['colcon_meta']
[0.368s] Level 1:colcon.colcon_core.package_identification:_identify(src/anveshika_description) by extension 'colcon_meta'
[0.368s] Level 1:colcon.colcon_core.package_identification:_identify(src/anveshika_description) by extensions ['ros']
[0.368s] Level 1:colcon.colcon_core.package_identification:_identify(src/anveshika_description) by extension 'ros'
[0.370s] DEBUG:colcon.colcon_core.package_identification:Package 'src/anveshika_description' with type 'ros.ament_cmake' and name 'anveshika_description'
[0.371s] Level 1:colcon.colcon_core.package_identification:_identify(src/dm_preview) by extensions ['ignore', 'ignore_ament_install']
[0.371s] Level 1:colcon.colcon_core.package_identification:_identify(src/dm_preview) by extension 'ignore'
[0.371s] Level 1:colcon.colcon_core.package_identification:_identify(src/dm_preview) by extension 'ignore_ament_install'
[0.371s] Level 1:colcon.colcon_core.package_identification:_identify(src/dm_preview) by extensions ['colcon_pkg']
[0.371s] Level 1:colcon.colcon_core.package_identification:_identify(src/dm_preview) by extension 'colcon_pkg'
[0.371s] Level 1:colcon.colcon_core.package_identification:_identify(src/dm_preview) by extensions ['colcon_meta']
[0.371s] Level 1:colcon.colcon_core.package_identification:_identify(src/dm_preview) by extension 'colcon_meta'
[0.371s] Level 1:colcon.colcon_core.package_identification:_identify(src/dm_preview) by extensions ['ros']
[0.371s] Level 1:colcon.colcon_core.package_identification:_identify(src/dm_preview) by extension 'ros'
[0.373s] DEBUG:colcon.colcon_core.package_identification:Package 'src/dm_preview' with type 'ros.ament_cmake' and name 'dm_preview'
[0.373s] Level 1:colcon.colcon_core.package_discovery:discover_packages(recursive) using defaults
[0.373s] Level 1:colcon.colcon_core.package_discovery:discover_packages(ignore) discover
[0.373s] Level 1:colcon.colcon_core.package_discovery:discover_packages(ignore) using defaults
[0.373s] Level 1:colcon.colcon_core.package_discovery:discover_packages(path) discover
[0.373s] Level 1:colcon.colcon_core.package_discovery:discover_packages(path) using defaults
[0.397s] Level 1:colcon.colcon_core.package_discovery:discover_packages(prefix_path) check parameters
[0.397s] Level 1:colcon.colcon_core.package_discovery:discover_packages(prefix_path) discover
[0.400s] DEBUG:colcon.colcon_installed_package_information.package_discovery:Found 2 installed packages in /home/kb/ros2_ws/install
[0.401s] DEBUG:colcon.colcon_installed_package_information.package_discovery:Found 5 installed packages in /home/kb/lidar_slam_ws/install
[0.401s] DEBUG:colcon.colcon_installed_package_information.package_discovery:Found 3 installed packages in /home/kb/cartographer_ws/install
[0.402s] DEBUG:colcon.colcon_installed_package_information.package_discovery:Found 3 installed packages in /home/kb/Anveshika/Anveshika_ws/install
[0.403s] DEBUG:colcon.colcon_installed_package_information.package_discovery:Found 365 installed packages in /opt/ros/humble
[0.404s] Level 1:colcon.colcon_core.package_discovery:discover_packages(prefix_path) using defaults
[0.488s] Level 5:colcon.colcon_core.verb:set package 'anveshika_description' build argument 'cmake_args' from command line to 'None'
[0.488s] Level 5:colcon.colcon_core.verb:set package 'anveshika_description' build argument 'cmake_target' from command line to 'None'
[0.488s] Level 5:colcon.colcon_core.verb:set package 'anveshika_description' build argument 'cmake_target_skip_unavailable' from command line to 'False'
[0.488s] Level 5:colcon.colcon_core.verb:set package 'anveshika_description' build argument 'cmake_clean_cache' from command line to 'False'
[0.488s] Level 5:colcon.colcon_core.verb:set package 'anveshika_description' build argument 'cmake_clean_first' from command line to 'False'
[0.488s] Level 5:colcon.colcon_core.verb:set package 'anveshika_description' build argument 'cmake_force_configure' from command line to 'False'
[0.489s] Level 5:colcon.colcon_core.verb:set package 'anveshika_description' build argument 'ament_cmake_args' from command line to 'None'
[0.489s] Level 5:colcon.colcon_core.verb:set package 'anveshika_description' build argument 'catkin_cmake_args' from command line to 'None'
[0.489s] Level 5:colcon.colcon_core.verb:set package 'anveshika_description' build argument 'catkin_skip_building_tests' from command line to 'False'
[0.489s] DEBUG:colcon.colcon_core.verb:Building package 'anveshika_description' with the following arguments: {'ament_cmake_args': None, 'build_base': '/home/kb/Anveshika/Anveshika_ws/build/anveshika_description', 'catkin_cmake_args': None, 'catkin_skip_building_tests': False, 'cmake_args': None, 'cmake_clean_cache': False, 'cmake_clean_first': False, 'cmake_force_configure': False, 'cmake_target': None, 'cmake_target_skip_unavailable': False, 'install_base': '/home/kb/Anveshika/Anveshika_ws/install/anveshika_description', 'merge_install': False, 'path': '/home/kb/Anveshika/Anveshika_ws/src/anveshika_description', 'symlink_install': True, 'test_result_base': None}
[0.489s] Level 5:colcon.colcon_core.verb:set package 'dm_preview' build argument 'cmake_args' from command line to 'None'
[0.489s] Level 5:colcon.colcon_core.verb:set package 'dm_preview' build argument 'cmake_target' from command line to 'None'
[0.490s] Level 5:colcon.colcon_core.verb:set package 'dm_preview' build argument 'cmake_target_skip_unavailable' from command line to 'False'
[0.490s] Level 5:colcon.colcon_core.verb:set package 'dm_preview' build argument 'cmake_clean_cache' from command line to 'False'
[0.490s] Level 5:colcon.colcon_core.verb:set package 'dm_preview' build argument 'cmake_clean_first' from command line to 'False'
[0.490s] Level 5:colcon.colcon_core.verb:set package 'dm_preview' build argument 'cmake_force_configure' from command line to 'False'
[0.490s] Level 5:colcon.colcon_core.verb:set package 'dm_preview' build argument 'ament_cmake_args' from command line to 'None'
[0.490s] Level 5:colcon.colcon_core.verb:set package 'dm_preview' build argument 'catkin_cmake_args' from command line to 'None'
[0.490s] Level 5:colcon.colcon_core.verb:set package 'dm_preview' build argument 'catkin_skip_building_tests' from command line to 'False'
[0.490s] DEBUG:colcon.colcon_core.verb:Building package 'dm_preview' with the following arguments: {'ament_cmake_args': None, 'build_base': '/home/kb/Anveshika/Anveshika_ws/build/dm_preview', 'catkin_cmake_args': None, 'catkin_skip_building_tests': False, 'cmake_args': None, 'cmake_clean_cache': False, 'cmake_clean_first': False, 'cmake_force_configure': False, 'cmake_target': None, 'cmake_target_skip_unavailable': False, 'install_base': '/home/kb/Anveshika/Anveshika_ws/install/dm_preview', 'merge_install': False, 'path': '/home/kb/Anveshika/Anveshika_ws/src/dm_preview', 'symlink_install': True, 'test_result_base': None}
[0.490s] INFO:colcon.colcon_core.executor:Executing jobs using 'parallel' executor
[0.492s] DEBUG:colcon.colcon_parallel_executor.executor.parallel:run_until_complete
[0.492s] INFO:colcon.colcon_ros.task.ament_cmake.build:Building ROS package in '/home/kb/Anveshika/Anveshika_ws/src/anveshika_description' with build type 'ament_cmake'
[0.492s] INFO:colcon.colcon_cmake.task.cmake.build:Building CMake package in '/home/kb/Anveshika/Anveshika_ws/src/anveshika_description'
[0.498s] INFO:colcon.colcon_core.plugin_system:Skipping extension 'colcon_core.shell.bat': Not used on non-Windows systems
[0.498s] INFO:colcon.colcon_core.shell:Skip shell extension 'powershell' for command environment: Not usable outside of PowerShell
[0.498s] DEBUG:colcon.colcon_core.shell:Skip shell extension 'dsv' for command environment
[0.511s] INFO:colcon.colcon_ros.task.ament_cmake.build:Building ROS package in '/home/kb/Anveshika/Anveshika_ws/src/dm_preview' with build type 'ament_cmake'
[0.511s] INFO:colcon.colcon_cmake.task.cmake.build:Building CMake package in '/home/kb/Anveshika/Anveshika_ws/src/dm_preview'
[0.512s] INFO:colcon.colcon_core.shell:Skip shell extension 'powershell' for command environment: Not usable outside of PowerShell
[0.512s] DEBUG:colcon.colcon_core.shell:Skip shell extension 'dsv' for command environment
[0.606s] DEBUG:colcon.colcon_core.event_handler.log_command:Invoking command in '/home/kb/Anveshika/Anveshika_ws/build/anveshika_description': CMAKE_PREFIX_PATH=${CMAKE_PREFIX_PATH}:/opt/ros/humble /usr/bin/cmake --build /home/kb/Anveshika/Anveshika_ws/build/anveshika_description -- -j8 -l8
[0.678s] DEBUG:colcon.colcon_core.event_handler.log_command:Invoking command in '/home/kb/Anveshika/Anveshika_ws/build/dm_preview': CMAKE_PREFIX_PATH=${CMAKE_PREFIX_PATH}:/opt/ros/humble /usr/bin/cmake --build /home/kb/Anveshika/Anveshika_ws/build/dm_preview -- -j8 -l8
[0.864s] DEBUG:colcon.colcon_core.event_handler.log_command:Invoked command in '/home/kb/Anveshika/Anveshika_ws/build/anveshika_description' returned '0': CMAKE_PREFIX_PATH=${CMAKE_PREFIX_PATH}:/opt/ros/humble /usr/bin/cmake --build /home/kb/Anveshika/Anveshika_ws/build/anveshika_description -- -j8 -l8
[0.989s] DEBUG:colcon.colcon_core.event_handler.log_command:Invoking command in '/home/kb/Anveshika/Anveshika_ws/build/anveshika_description': CMAKE_PREFIX_PATH=${CMAKE_PREFIX_PATH}:/opt/ros/humble /usr/bin/cmake --install /home/kb/Anveshika/Anveshika_ws/build/anveshika_description
[1.109s] DEBUG:colcon.colcon_core.event_handler.log_command:Invoked command in '/home/kb/Anveshika/Anveshika_ws/build/dm_preview' returned '0': CMAKE_PREFIX_PATH=${CMAKE_PREFIX_PATH}:/opt/ros/humble /usr/bin/cmake --build /home/kb/Anveshika/Anveshika_ws/build/dm_preview -- -j8 -l8
[1.118s] Level 1:colcon.colcon_core.environment:create_environment_scripts_only(anveshika_description)
[1.120s] DEBUG:colcon.colcon_core.event_handler.log_command:Invoked command in '/home/kb/Anveshika/Anveshika_ws/build/anveshika_description' returned '0': CMAKE_PREFIX_PATH=${CMAKE_PREFIX_PATH}:/opt/ros/humble /usr/bin/cmake --install /home/kb/Anveshika/Anveshika_ws/build/anveshika_description
[1.130s] Level 1:colcon.colcon_core.environment:checking '/home/kb/Anveshika/Anveshika_ws/install/anveshika_description' for CMake module files
[1.132s] Level 1:colcon.colcon_core.environment:checking '/home/kb/Anveshika/Anveshika_ws/install/anveshika_description' for CMake config files
[1.133s] Level 1:colcon.colcon_core.shell:create_environment_hook('anveshika_description', 'cmake_prefix_path')
[1.134s] INFO:colcon.colcon_core.shell:Creating environment hook '/home/kb/Anveshika/Anveshika_ws/install/anveshika_description/share/anveshika_description/hook/cmake_prefix_path.ps1'
[1.136s] INFO:colcon.colcon_core.shell:Creating environment descriptor '/home/kb/Anveshika/Anveshika_ws/install/anveshika_description/share/anveshika_description/hook/cmake_prefix_path.dsv'
[1.187s] INFO:colcon.colcon_core.shell:Creating environment hook '/home/kb/Anveshika/Anveshika_ws/install/anveshika_description/share/anveshika_description/hook/cmake_prefix_path.sh'
[1.248s] Level 1:colcon.colcon_core.environment:checking '/home/kb/Anveshika/Anveshika_ws/install/anveshika_description/bin'
[1.248s] Level 1:colcon.colcon_core.environment:checking '/home/kb/Anveshika/Anveshika_ws/install/anveshika_description/lib/pkgconfig/anveshika_description.pc'
[1.249s] Level 1:colcon.colcon_core.environment:checking '/home/kb/Anveshika/Anveshika_ws/install/anveshika_description/lib/python3.10/site-packages'
[1.250s] Level 1:colcon.colcon_core.environment:checking '/home/kb/Anveshika/Anveshika_ws/install/anveshika_description/bin'
[1.251s] INFO:colcon.colcon_core.shell:Creating package script '/home/kb/Anveshika/Anveshika_ws/install/anveshika_description/share/anveshika_description/package.ps1'
[1.302s] INFO:colcon.colcon_core.shell:Creating package descriptor '/home/kb/Anveshika/Anveshika_ws/install/anveshika_description/share/anveshika_description/package.dsv'
[1.361s] INFO:colcon.colcon_core.shell:Creating package script '/home/kb/Anveshika/Anveshika_ws/install/anveshika_description/share/anveshika_description/package.sh'
[1.364s] INFO:colcon.colcon_core.shell:Creating package script '/home/kb/Anveshika/Anveshika_ws/install/anveshika_description/share/anveshika_description/package.bash'
[1.422s] INFO:colcon.colcon_core.shell:Creating package script '/home/kb/Anveshika/Anveshika_ws/install/anveshika_description/share/anveshika_description/package.zsh'
[1.476s] Level 1:colcon.colcon_core.environment:create_file_with_runtime_dependencies(/home/kb/Anveshika/Anveshika_ws/install/anveshika_description/share/colcon-core/packages/anveshika_description)
[1.491s] DEBUG:colcon.colcon_core.event_handler.log_command:Invoking command in '/home/kb/Anveshika/Anveshika_ws/build/dm_preview': CMAKE_PREFIX_PATH=${CMAKE_PREFIX_PATH}:/opt/ros/humble /usr/bin/cmake --install /home/kb/Anveshika/Anveshika_ws/build/dm_preview
[1.581s] Level 1:colcon.colcon_core.environment:create_environment_scripts_only(anveshika_description)
[1.582s] Level 1:colcon.colcon_core.environment:checking '/home/kb/Anveshika/Anveshika_ws/install/anveshika_description' for CMake module files
[1.587s] Level 1:colcon.colcon_core.environment:checking '/home/kb/Anveshika/Anveshika_ws/install/anveshika_description' for CMake config files
[1.589s] Level 1:colcon.colcon_core.shell:create_environment_hook('anveshika_description', 'cmake_prefix_path')
[1.590s] INFO:colcon.colcon_core.shell:Creating environment hook '/home/kb/Anveshika/Anveshika_ws/install/anveshika_description/share/anveshika_description/hook/cmake_prefix_path.ps1'
[1.592s] INFO:colcon.colcon_core.shell:Creating environment descriptor '/home/kb/Anveshika/Anveshika_ws/install/anveshika_description/share/anveshika_description/hook/cmake_prefix_path.dsv'
[1.593s] INFO:colcon.colcon_core.shell:Creating environment hook '/home/kb/Anveshika/Anveshika_ws/install/anveshika_description/share/anveshika_description/hook/cmake_prefix_path.sh'
[1.595s] Level 1:colcon.colcon_core.environment:checking '/home/kb/Anveshika/Anveshika_ws/install/anveshika_description/bin'
[1.596s] Level 1:colcon.colcon_core.environment:checking '/home/kb/Anveshika/Anveshika_ws/install/anveshika_description/lib/pkgconfig/anveshika_description.pc'
[1.596s] Level 1:colcon.colcon_core.environment:checking '/home/kb/Anveshika/Anveshika_ws/install/anveshika_description/lib/python3.10/site-packages'
[1.597s] Level 1:colcon.colcon_core.environment:checking '/home/kb/Anveshika/Anveshika_ws/install/anveshika_description/bin'
[1.598s] INFO:colcon.colcon_core.shell:Creating package script '/home/kb/Anveshika/Anveshika_ws/install/anveshika_description/share/anveshika_description/package.ps1'
[1.599s] INFO:colcon.colcon_core.shell:Creating package descriptor '/home/kb/Anveshika/Anveshika_ws/install/anveshika_description/share/anveshika_description/package.dsv'
[1.601s] INFO:colcon.colcon_core.shell:Creating package script '/home/kb/Anveshika/Anveshika_ws/install/anveshika_description/share/anveshika_description/package.sh'
[1.602s] INFO:colcon.colcon_core.shell:Creating package script '/home/kb/Anveshika/Anveshika_ws/install/anveshika_description/share/anveshika_description/package.bash'
[1.603s] INFO:colcon.colcon_core.shell:Creating package script '/home/kb/Anveshika/Anveshika_ws/install/anveshika_description/share/anveshika_description/package.zsh'
[1.646s] Level 1:colcon.colcon_core.environment:create_file_with_runtime_dependencies(/home/kb/Anveshika/Anveshika_ws/install/anveshika_description/share/colcon-core/packages/anveshika_description)
[1.918s] Level 1:colcon.colcon_core.environment:create_environment_scripts_only(dm_preview)
[1.918s] Level 1:colcon.colcon_core.environment:checking '/home/kb/Anveshika/Anveshika_ws/install/dm_preview' for CMake module files
[1.919s] DEBUG:colcon.colcon_core.event_handler.log_command:Invoked command in '/home/kb/Anveshika/Anveshika_ws/build/dm_preview' returned '0': CMAKE_PREFIX_PATH=${CMAKE_PREFIX_PATH}:/opt/ros/humble /usr/bin/cmake --install /home/kb/Anveshika/Anveshika_ws/build/dm_preview
[1.922s] Level 1:colcon.colcon_core.environment:checking '/home/kb/Anveshika/Anveshika_ws/install/dm_preview' for CMake config files
[1.923s] Level 1:colcon.colcon_core.shell:create_environment_hook('dm_preview', 'cmake_prefix_path')
[1.924s] INFO:colcon.colcon_core.shell:Creating environment hook '/home/kb/Anveshika/Anveshika_ws/install/dm_preview/share/dm_preview/hook/cmake_prefix_path.ps1'
[1.925s] INFO:colcon.colcon_core.shell:Creating environment descriptor '/home/kb/Anveshika/Anveshika_ws/install/dm_preview/share/dm_preview/hook/cmake_prefix_path.dsv'
[1.926s] INFO:colcon.colcon_core.shell:Creating environment hook '/home/kb/Anveshika/Anveshika_ws/install/dm_preview/share/dm_preview/hook/cmake_prefix_path.sh'
[1.928s] Level 1:colcon.colcon_core.environment:checking '/home/kb/Anveshika/Anveshika_ws/install/dm_preview/lib'
[1.928s] Level 1:colcon.colcon_core.shell:create_environment_hook('dm_preview', 'ld_library_path_lib')
[1.929s] INFO:colcon.colcon_core.shell:Creating environment hook '/home/kb/Anveshika/Anveshika_ws/install/dm_preview/share/dm_preview/hook/ld_library_path_lib.ps1'
[1.930s] INFO:colcon.colcon_core.shell:Creating environment descriptor '/home/kb/Anveshika/Anveshika_ws/install/dm_preview/share/dm_preview/hook/ld_library_path_lib.dsv'
[1.931s] INFO:colcon.colcon_core.shell:Creating environment hook '/home/kb/Anveshika/Anveshika_ws/install/dm_preview/share/dm_preview/hook/ld_library_path_lib.sh'
[1.932s] Level 1:colcon.colcon_core.environment:checking '/home/kb/Anveshika/Anveshika_ws/install/dm_preview/bin'
[1.932s] Level 1:colcon.colcon_core.environment:checking '/home/kb/Anveshika/Anveshika_ws/install/dm_preview/lib/pkgconfig/dm_preview.pc'
[1.933s] Level 1:colcon.colcon_core.environment:checking '/home/kb/Anveshika/Anveshika_ws/install/dm_preview/lib/python3.10/site-packages'
[1.933s] Level 1:colcon.colcon_core.environment:checking '/home/kb/Anveshika/Anveshika_ws/install/dm_preview/bin'
[1.934s] INFO:colcon.colcon_core.shell:Creating package script '/home/kb/Anveshika/Anveshika_ws/install/dm_preview/share/dm_preview/package.ps1'
[1.936s] INFO:colcon.colcon_core.shell:Creating package descriptor '/home/kb/Anveshika/Anveshika_ws/install/dm_preview/share/dm_preview/package.dsv'
[1.937s] INFO:colcon.colcon_core.shell:Creating package script '/home/kb/Anveshika/Anveshika_ws/install/dm_preview/share/dm_preview/package.sh'
[1.938s] INFO:colcon.colcon_core.shell:Creating package script '/home/kb/Anveshika/Anveshika_ws/install/dm_preview/share/dm_preview/package.bash'
[1.939s] INFO:colcon.colcon_core.shell:Creating package script '/home/kb/Anveshika/Anveshika_ws/install/dm_preview/share/dm_preview/package.zsh'
[1.940s] Level 1:colcon.colcon_core.environment:create_file_with_runtime_dependencies(/home/kb/Anveshika/Anveshika_ws/install/dm_preview/share/colcon-core/packages/dm_preview)
[2.077s] Level 1:colcon.colcon_core.environment:create_environment_scripts_only(dm_preview)
[2.078s] Level 1:colcon.colcon_core.environment:checking '/home/kb/Anveshika/Anveshika_ws/install/dm_preview' for CMake module files
[2.080s] Level 1:colcon.colcon_core.environment:checking '/home/kb/Anveshika/Anveshika_ws/install/dm_preview' for CMake config files
[2.081s] Level 1:colcon.colcon_core.shell:create_environment_hook('dm_preview', 'cmake_prefix_path')
[2.081s] INFO:colcon.colcon_core.shell:Creating environment hook '/home/kb/Anveshika/Anveshika_ws/install/dm_preview/share/dm_preview/hook/cmake_prefix_path.ps1'
[2.083s] INFO:colcon.colcon_core.shell:Creating environment descriptor '/home/kb/Anveshika/Anveshika_ws/install/dm_preview/share/dm_preview/hook/cmake_prefix_path.dsv'
[2.083s] INFO:colcon.colcon_core.shell:Creating environment hook '/home/kb/Anveshika/Anveshika_ws/install/dm_preview/share/dm_preview/hook/cmake_prefix_path.sh'
[2.085s] Level 1:colcon.colcon_core.environment:checking '/home/kb/Anveshika/Anveshika_ws/install/dm_preview/lib'
[2.085s] Level 1:colcon.colcon_core.shell:create_environment_hook('dm_preview', 'ld_library_path_lib')
[2.086s] INFO:colcon.colcon_core.shell:Creating environment hook '/home/kb/Anveshika/Anveshika_ws/install/dm_preview/share/dm_preview/hook/ld_library_path_lib.ps1'
[2.087s] INFO:colcon.colcon_core.shell:Creating environment descriptor '/home/kb/Anveshika/Anveshika_ws/install/dm_preview/share/dm_preview/hook/ld_library_path_lib.dsv'
[2.088s] INFO:colcon.colcon_core.shell:Creating environment hook '/home/kb/Anveshika/Anveshika_ws/install/dm_preview/share/dm_preview/hook/ld_library_path_lib.sh'
[2.089s] Level 1:colcon.colcon_core.environment:checking '/home/kb/Anveshika/Anveshika_ws/install/dm_preview/bin'
[2.089s] Level 1:colcon.colcon_core.environment:checking '/home/kb/Anveshika/Anveshika_ws/install/dm_preview/lib/pkgconfig/dm_preview.pc'
[2.090s] Level 1:colcon.colcon_core.environment:checking '/home/kb/Anveshika/Anveshika_ws/install/dm_preview/lib/python3.10/site-packages'
[2.090s] Level 1:colcon.colcon_core.environment:checking '/home/kb/Anveshika/Anveshika_ws/install/dm_preview/bin'
[2.091s] INFO:colcon.colcon_core.shell:Creating package script '/home/kb/Anveshika/Anveshika_ws/install/dm_preview/share/dm_preview/package.ps1'
[2.093s] INFO:colcon.colcon_core.shell:Creating package descriptor '/home/kb/Anveshika/Anveshika_ws/install/dm_preview/share/dm_preview/package.dsv'
[2.094s] INFO:colcon.colcon_core.shell:Creating package script '/home/kb/Anveshika/Anveshika_ws/install/dm_preview/share/dm_preview/package.sh'
[2.095s] INFO:colcon.colcon_core.shell:Creating package script '/home/kb/Anveshika/Anveshika_ws/install/dm_preview/share/dm_preview/package.bash'
[2.097s] INFO:colcon.colcon_core.shell:Creating package script '/home/kb/Anveshika/Anveshika_ws/install/dm_preview/share/dm_preview/package.zsh'
[2.098s] Level 1:colcon.colcon_core.environment:create_file_with_runtime_dependencies(/home/kb/Anveshika/Anveshika_ws/install/dm_preview/share/colcon-core/packages/dm_preview)
[2.099s] DEBUG:colcon.colcon_parallel_executor.executor.parallel:closing loop
[2.100s] DEBUG:colcon.colcon_parallel_executor.executor.parallel:loop closed
[2.100s] DEBUG:colcon.colcon_parallel_executor.executor.parallel:run_until_complete finished with '0'
[2.100s] DEBUG:colcon.colcon_core.event_reactor:joining thread
[2.168s] INFO:colcon.colcon_core.plugin_system:Skipping extension 'colcon_notification.desktop_notification.terminal_notifier': Not used on non-Darwin systems
[2.168s] INFO:colcon.colcon_core.plugin_system:Skipping extension 'colcon_notification.desktop_notification.win32': Not used on non-Windows systems
[2.169s] INFO:colcon.colcon_notification.desktop_notification:Sending desktop notification using 'notify2'
[2.234s] DEBUG:colcon.colcon_core.event_reactor:joined thread
[2.235s] INFO:colcon.colcon_core.shell:Creating prefix script '/home/kb/Anveshika/Anveshika_ws/install/local_setup.ps1'
[2.240s] INFO:colcon.colcon_core.shell:Creating prefix util module '/home/kb/Anveshika/Anveshika_ws/install/_local_setup_util_ps1.py'
[2.300s] INFO:colcon.colcon_core.shell:Creating prefix chain script '/home/kb/Anveshika/Anveshika_ws/install/setup.ps1'
[2.358s] INFO:colcon.colcon_core.shell:Creating prefix script '/home/kb/Anveshika/Anveshika_ws/install/local_setup.sh'
[2.416s] INFO:colcon.colcon_core.shell:Creating prefix util module '/home/kb/Anveshika/Anveshika_ws/install/_local_setup_util_sh.py'
[2.418s] INFO:colcon.colcon_core.shell:Creating prefix chain script '/home/kb/Anveshika/Anveshika_ws/install/setup.sh'
[2.474s] INFO:colcon.colcon_core.shell:Creating prefix script '/home/kb/Anveshika/Anveshika_ws/install/local_setup.bash'
[2.525s] INFO:colcon.colcon_core.shell:Creating prefix chain script '/home/kb/Anveshika/Anveshika_ws/install/setup.bash'
[2.593s] INFO:colcon.colcon_core.shell:Creating prefix script '/home/kb/Anveshika/Anveshika_ws/install/local_setup.zsh'
[2.650s] INFO:colcon.colcon_core.shell:Creating prefix chain script '/home/kb/Anveshika/Anveshika_ws/install/setup.zsh'
