[0.026s] Invoking command in '/home/kb/Anveshika/Anveshika_ws/build/anveshika_description': CMAKE_PREFIX_PATH=${CMAKE_PREFIX_PATH}:/opt/ros/humble /usr/bin/cmake --build /home/kb/Anveshika/Anveshika_ws/build/anveshika_description -- -j8 -l8
[0.135s] Invoked command in '/home/kb/Anveshika/Anveshika_ws/build/anveshika_description' returned '0': CMAKE_PREFIX_PATH=${CMAKE_PREFIX_PATH}:/opt/ros/humble /usr/bin/cmake --build /home/kb/Anveshika/Anveshika_ws/build/anveshika_description -- -j8 -l8
[0.261s] Invoking command in '/home/kb/Anveshika/Anveshika_ws/build/anveshika_description': CMAKE_PREFIX_PATH=${CMAKE_PREFIX_PATH}:/opt/ros/humble /usr/bin/cmake --install /home/kb/Anveshika/Anveshika_ws/build/anveshika_description
[0.290s] -- Install configuration: ""
[0.293s] -- Execute custom install script
[0.295s] -- Up-to-date symlink: /home/kb/Anveshika/Anveshika_ws/install/anveshika_description/share/anveshika_description//meshes/rover/box.stl
[0.296s] -- Up-to-date symlink: /home/kb/Anveshika/Anveshika_ws/install/anveshika_description/share/anveshika_description//meshes/rover/collision_bogie.stl
[0.296s] -- Symlinking: /home/kb/Anveshika/Anveshika_ws/install/anveshika_description/share/anveshika_description//meshes/rover/collision_motor_mount.stl
[0.330s] -- Up-to-date symlink: /home/kb/Anveshika/Anveshika_ws/install/anveshika_description/share/anveshika_description//meshes/rover/drive_motor_mount.stl
[0.331s] -- Up-to-date symlink: /home/kb/Anveshika/Anveshika_ws/install/anveshika_description/share/anveshika_description//meshes/rover/left_bogie.stl
[0.332s] -- Symlinking: /home/kb/Anveshika/Anveshika_ws/install/anveshika_description/share/anveshika_description//meshes/rover/physical_properties.txt
[0.372s] -- Up-to-date symlink: /home/kb/Anveshika/Anveshika_ws/install/anveshika_description/share/anveshika_description//meshes/rover/right_bogie.stl
[0.373s] -- Up-to-date symlink: /home/kb/Anveshika/Anveshika_ws/install/anveshika_description/share/anveshika_description//meshes/rover/wheel.stl
[0.374s] -- Up-to-date symlink: /home/kb/Anveshika/Anveshika_ws/install/anveshika_description/share/anveshika_description//launch/display.launch.xml
[0.375s] -- Up-to-date symlink: /home/kb/Anveshika/Anveshika_ws/install/anveshika_description/share/anveshika_description//rviz/anveshika_rviz_config.rviz
[0.376s] -- Up-to-date symlink: /home/kb/Anveshika/Anveshika_ws/install/anveshika_description/share/anveshika_description//urdf/anveshika.urdf.xacro
[0.376s] -- Up-to-date symlink: /home/kb/Anveshika/Anveshika_ws/install/anveshika_description/share/anveshika_description//urdf/rover.xacro
[0.377s] -- Up-to-date symlink: /home/kb/Anveshika/Anveshika_ws/install/anveshika_description/share/ament_index/resource_index/package_run_dependencies/anveshika_description
[0.378s] -- Up-to-date symlink: /home/kb/Anveshika/Anveshika_ws/install/anveshika_description/share/ament_index/resource_index/parent_prefix_path/anveshika_description
[0.378s] -- Up-to-date symlink: /home/kb/Anveshika/Anveshika_ws/install/anveshika_description/share/anveshika_description/environment/ament_prefix_path.sh
[0.379s] -- Up-to-date symlink: /home/kb/Anveshika/Anveshika_ws/install/anveshika_description/share/anveshika_description/environment/ament_prefix_path.dsv
[0.380s] -- Up-to-date symlink: /home/kb/Anveshika/Anveshika_ws/install/anveshika_description/share/anveshika_description/environment/path.sh
[0.382s] -- Up-to-date symlink: /home/kb/Anveshika/Anveshika_ws/install/anveshika_description/share/anveshika_description/environment/path.dsv
[0.382s] -- Up-to-date symlink: /home/kb/Anveshika/Anveshika_ws/install/anveshika_description/share/anveshika_description/local_setup.bash
[0.383s] -- Up-to-date symlink: /home/kb/Anveshika/Anveshika_ws/install/anveshika_description/share/anveshika_description/local_setup.sh
[0.384s] -- Up-to-date symlink: /home/kb/Anveshika/Anveshika_ws/install/anveshika_description/share/anveshika_description/local_setup.zsh
[0.384s] -- Up-to-date symlink: /home/kb/Anveshika/Anveshika_ws/install/anveshika_description/share/anveshika_description/local_setup.dsv
[0.385s] -- Symlinking: /home/kb/Anveshika/Anveshika_ws/install/anveshika_description/share/anveshika_description/package.dsv
[0.416s] -- Up-to-date symlink: /home/kb/Anveshika/Anveshika_ws/install/anveshika_description/share/ament_index/resource_index/packages/anveshika_description
[0.417s] -- Up-to-date symlink: /home/kb/Anveshika/Anveshika_ws/install/anveshika_description/share/anveshika_description/cmake/anveshika_descriptionConfig.cmake
[0.417s] -- Up-to-date symlink: /home/kb/Anveshika/Anveshika_ws/install/anveshika_description/share/anveshika_description/cmake/anveshika_descriptionConfig-version.cmake
[0.418s] -- Up-to-date symlink: /home/kb/Anveshika/Anveshika_ws/install/anveshika_description/share/anveshika_description/package.xml
[0.425s] Invoked command in '/home/kb/Anveshika/Anveshika_ws/build/anveshika_description' returned '0': CMAKE_PREFIX_PATH=${CMAKE_PREFIX_PATH}:/opt/ros/humble /usr/bin/cmake --install /home/kb/Anveshika/Anveshika_ws/build/anveshika_description
