[0.053s] Invoking command in '/home/kb/Anveshika/Anveshika_ws/build/openslam_gmapping': CMAKE_PREFIX_PATH=${CMAKE_PREFIX_PATH}:/home/kb/Anveshika/Anveshika_ws/install/slam_lidar:/home/kb/Anveshika/Anveshika_ws/install/anveshika_swerve_controller:/home/kb/yolo_ws/install/yolo_read:/home/kb/camera_ws/install/ros2_camera:/home/kb/zinger_ws/install/zinger_swerve_controller:/opt/ros/humble /usr/bin/cmake /home/kb/Anveshika/Anveshika_ws/src/openslam_gmapping -DAMENT_CMAKE_SYMLINK_INSTALL=1 -DCMAKE_INSTALL_PREFIX=/home/kb/Anveshika/Anveshika_ws/install/openslam_gmapping
[0.368s] -- The C compiler identification is GNU 11.4.0
[0.368s] -- The CXX compiler identification is GNU 11.4.0
[0.369s] -- Detecting C compiler ABI info
[0.369s] -- Detecting C compiler ABI info - done
[0.369s] -- Check for working C compiler: /usr/bin/cc - skipped
[0.369s] -- Detecting C compile features
[0.369s] -- Detecting C compile features - done
[0.369s] -- Detecting CXX compiler ABI info
[0.432s] -- Detecting CXX compiler ABI info - done
[0.441s] -- Check for working CXX compiler: /usr/bin/c++ - skipped
[0.441s] -- Detecting CXX compile features
[0.442s] -- Detecting CXX compile features - done
[0.453s] -- Found ament_cmake: 1.3.9 (/opt/ros/humble/share/ament_cmake/cmake)
[0.611s] -- Found Python3: /usr/bin/python3 (found version "3.10.12") found components: Interpreter 
[0.690s] -- Override CMake install command with custom implementation using symlinks instead of copying resources
[0.874s] -- Configuring done
[0.897s] -- Generating done
[0.899s] -- Build files have been written to: /home/kb/Anveshika/Anveshika_ws/build/openslam_gmapping
[0.906s] Invoked command in '/home/kb/Anveshika/Anveshika_ws/build/openslam_gmapping' returned '0': CMAKE_PREFIX_PATH=${CMAKE_PREFIX_PATH}:/home/kb/Anveshika/Anveshika_ws/install/slam_lidar:/home/kb/Anveshika/Anveshika_ws/install/anveshika_swerve_controller:/home/kb/yolo_ws/install/yolo_read:/home/kb/camera_ws/install/ros2_camera:/home/kb/zinger_ws/install/zinger_swerve_controller:/opt/ros/humble /usr/bin/cmake /home/kb/Anveshika/Anveshika_ws/src/openslam_gmapping -DAMENT_CMAKE_SYMLINK_INSTALL=1 -DCMAKE_INSTALL_PREFIX=/home/kb/Anveshika/Anveshika_ws/install/openslam_gmapping
[0.908s] Invoking command in '/home/kb/Anveshika/Anveshika_ws/build/openslam_gmapping': CMAKE_PREFIX_PATH=${CMAKE_PREFIX_PATH}:/home/kb/Anveshika/Anveshika_ws/install/slam_lidar:/home/kb/Anveshika/Anveshika_ws/install/anveshika_swerve_controller:/home/kb/yolo_ws/install/yolo_read:/home/kb/camera_ws/install/ros2_camera:/home/kb/zinger_ws/install/zinger_swerve_controller:/opt/ros/humble /usr/bin/cmake --build /home/kb/Anveshika/Anveshika_ws/build/openslam_gmapping -- -j8 -l8
[0.957s] [  9%] [32mBuilding CXX object utils/CMakeFiles/utils.dir/stat.cpp.o[0m
[0.957s] [  9%] [32mBuilding CXX object utils/CMakeFiles/utils.dir/movement.cpp.o[0m
[0.958s] [ 13%] [32mBuilding CXX object sensor/sensor_base/CMakeFiles/sensor_base.dir/sensor.cpp.o[0m
[0.959s] [ 18%] [32mBuilding CXX object sensor/sensor_base/CMakeFiles/sensor_base.dir/sensorreading.cpp.o[0m
[1.306s] [ 22%] [32m[1mLinking CXX static library libsensor_base.a[0m
[1.377s] [ 22%] Built target sensor_base
[1.401s] [ 31%] [32mBuilding CXX object sensor/sensor_odometry/CMakeFiles/sensor_odometry.dir/odometryreading.cpp.o[0m
[1.401s] [ 31%] [32mBuilding CXX object sensor/sensor_range/CMakeFiles/sensor_range.dir/rangereading.cpp.o[0m
[1.402s] [ 36%] [32mBuilding CXX object sensor/sensor_odometry/CMakeFiles/sensor_odometry.dir/odometrysensor.cpp.o[0m
[1.402s] [ 40%] [32mBuilding CXX object sensor/sensor_range/CMakeFiles/sensor_range.dir/rangesensor.cpp.o[0m
[1.412s] [ 45%] [32m[1mLinking CXX static library libutils.a[0m
[1.493s] [ 45%] Built target utils
[1.740s] [ 50%] [32m[1mLinking CXX static library libsensor_odometry.a[0m
[1.798s] [ 50%] Built target sensor_odometry
[1.937s] [ 54%] [32m[1mLinking CXX static library libsensor_range.a[0m
[1.993s] [ 54%] Built target sensor_range
[2.010s] [ 72%] [32mBuilding CXX object scanmatcher/CMakeFiles/scanmatcher.dir/scanmatcher.cpp.o[0m
[2.010s] [ 72%] [32mBuilding CXX object scanmatcher/CMakeFiles/scanmatcher.dir/smmap.cpp.o[0m
[2.010s] [ 72%] [32mBuilding CXX object scanmatcher/CMakeFiles/scanmatcher.dir/scanmatcherprocessor.cpp.o[0m
[2.010s] [ 72%] [32mBuilding CXX object scanmatcher/CMakeFiles/scanmatcher.dir/eig3.cpp.o[0m
[3.067s] [ 77%] [32m[1mLinking CXX static library libscanmatcher.a[0m
[3.120s] [ 77%] Built target scanmatcher
[3.138s] [ 86%] [32mBuilding CXX object gridfastslam/CMakeFiles/gridfastslam.dir/gridslamprocessor.cpp.o[0m
[3.138s] [ 86%] [32mBuilding CXX object gridfastslam/CMakeFiles/gridfastslam.dir/gfsreader.cpp.o[0m
[3.138s] [ 90%] [32mBuilding CXX object gridfastslam/CMakeFiles/gridfastslam.dir/motionmodel.cpp.o[0m
[3.140s] [ 95%] [32mBuilding CXX object gridfastslam/CMakeFiles/gridfastslam.dir/gridslamprocessor_tree.cpp.o[0m
[4.404s] [100%] [32m[1mLinking CXX static library libgridfastslam.a[0m
[4.468s] [100%] Built target gridfastslam
[4.477s] Invoked command in '/home/kb/Anveshika/Anveshika_ws/build/openslam_gmapping' returned '0': CMAKE_PREFIX_PATH=${CMAKE_PREFIX_PATH}:/home/kb/Anveshika/Anveshika_ws/install/slam_lidar:/home/kb/Anveshika/Anveshika_ws/install/anveshika_swerve_controller:/home/kb/yolo_ws/install/yolo_read:/home/kb/camera_ws/install/ros2_camera:/home/kb/zinger_ws/install/zinger_swerve_controller:/opt/ros/humble /usr/bin/cmake --build /home/kb/Anveshika/Anveshika_ws/build/openslam_gmapping -- -j8 -l8
[4.499s] Invoking command in '/home/kb/Anveshika/Anveshika_ws/build/openslam_gmapping': CMAKE_PREFIX_PATH=${CMAKE_PREFIX_PATH}:/home/kb/Anveshika/Anveshika_ws/install/slam_lidar:/home/kb/Anveshika/Anveshika_ws/install/anveshika_swerve_controller:/home/kb/yolo_ws/install/yolo_read:/home/kb/camera_ws/install/ros2_camera:/home/kb/zinger_ws/install/zinger_swerve_controller:/opt/ros/humble /usr/bin/cmake --install /home/kb/Anveshika/Anveshika_ws/build/openslam_gmapping
[4.505s] -- Install configuration: ""
[4.505s] -- Execute custom install script
[4.505s] -- Symlinking: /home/kb/Anveshika/Anveshika_ws/install/openslam_gmapping/lib/libgridfastslam.a
[4.513s] -- Symlinking: /home/kb/Anveshika/Anveshika_ws/install/openslam_gmapping/lib/libscanmatcher.a
[4.520s] -- Symlinking: /home/kb/Anveshika/Anveshika_ws/install/openslam_gmapping/lib/libsensor_base.a
[4.528s] -- Symlinking: /home/kb/Anveshika/Anveshika_ws/install/openslam_gmapping/share/openslam_gmapping/environment/library_path.sh
[4.536s] -- Symlinking: /home/kb/Anveshika/Anveshika_ws/install/openslam_gmapping/share/openslam_gmapping/environment/library_path.dsv
[4.543s] -- Up-to-date symlink: /home/kb/Anveshika/Anveshika_ws/install/openslam_gmapping/share/openslam_gmapping/environment/library_path.sh
[4.543s] -- Up-to-date symlink: /home/kb/Anveshika/Anveshika_ws/install/openslam_gmapping/share/openslam_gmapping/environment/library_path.dsv
[4.543s] -- Symlinking: /home/kb/Anveshika/Anveshika_ws/install/openslam_gmapping/lib/libsensor_odometry.a
[4.551s] -- Symlinking: /home/kb/Anveshika/Anveshika_ws/install/openslam_gmapping/lib/libsensor_range.a
[4.559s] -- Symlinking: /home/kb/Anveshika/Anveshika_ws/install/openslam_gmapping/lib/libutils.a
[4.566s] -- Up-to-date symlink: /home/kb/Anveshika/Anveshika_ws/install/openslam_gmapping/share/openslam_gmapping/environment/library_path.sh
[4.566s] -- Up-to-date symlink: /home/kb/Anveshika/Anveshika_ws/install/openslam_gmapping/share/openslam_gmapping/environment/library_path.dsv
[4.566s] -- Up-to-date symlink: /home/kb/Anveshika/Anveshika_ws/install/openslam_gmapping/share/openslam_gmapping/environment/library_path.sh
[4.566s] -- Up-to-date symlink: /home/kb/Anveshika/Anveshika_ws/install/openslam_gmapping/share/openslam_gmapping/environment/library_path.dsv
[4.567s] -- Symlinking: /home/kb/Anveshika/Anveshika_ws/install/openslam_gmapping/include//gmapping/grid/accessstate.h
[4.574s] -- Symlinking: /home/kb/Anveshika/Anveshika_ws/install/openslam_gmapping/include//gmapping/grid/array2d.h
[4.581s] -- Symlinking: /home/kb/Anveshika/Anveshika_ws/install/openslam_gmapping/include//gmapping/grid/harray2d.h
[4.588s] -- Symlinking: /home/kb/Anveshika/Anveshika_ws/install/openslam_gmapping/include//gmapping/grid/map.h
[4.595s] -- Symlinking: /home/kb/Anveshika/Anveshika_ws/install/openslam_gmapping/include//gmapping/gridfastslam/gridslamprocessor.h
[4.602s] -- Symlinking: /home/kb/Anveshika/Anveshika_ws/install/openslam_gmapping/include//gmapping/gridfastslam/gridslamprocessor.hxx
[4.609s] -- Symlinking: /home/kb/Anveshika/Anveshika_ws/install/openslam_gmapping/include//gmapping/gridfastslam/motionmodel.h
[4.616s] -- Symlinking: /home/kb/Anveshika/Anveshika_ws/install/openslam_gmapping/include//gmapping/log/configuration.h
[4.623s] -- Symlinking: /home/kb/Anveshika/Anveshika_ws/install/openslam_gmapping/include//gmapping/log/sensorlog.h
[4.631s] -- Symlinking: /home/kb/Anveshika/Anveshika_ws/install/openslam_gmapping/include//gmapping/particlefilter/particlefilter.h
[4.638s] -- Symlinking: /home/kb/Anveshika/Anveshika_ws/install/openslam_gmapping/include//gmapping/scanmatcher/icp.h
[4.646s] -- Symlinking: /home/kb/Anveshika/Anveshika_ws/install/openslam_gmapping/include//gmapping/scanmatcher/scanmatcher.h
[4.654s] -- Symlinking: /home/kb/Anveshika/Anveshika_ws/install/openslam_gmapping/include//gmapping/scanmatcher/smmap.h
[4.661s] -- Symlinking: /home/kb/Anveshika/Anveshika_ws/install/openslam_gmapping/include//gmapping/sensor/sensor_base/sensor.h
[4.668s] -- Symlinking: /home/kb/Anveshika/Anveshika_ws/install/openslam_gmapping/include//gmapping/sensor/sensor_base/sensorreading.h
[4.675s] -- Symlinking: /home/kb/Anveshika/Anveshika_ws/install/openslam_gmapping/include//gmapping/sensor/sensor_odometry/odometryreading.h
[4.683s] -- Symlinking: /home/kb/Anveshika/Anveshika_ws/install/openslam_gmapping/include//gmapping/sensor/sensor_odometry/odometrysensor.h
[4.690s] -- Symlinking: /home/kb/Anveshika/Anveshika_ws/install/openslam_gmapping/include//gmapping/sensor/sensor_range/rangereading.h
[4.697s] -- Symlinking: /home/kb/Anveshika/Anveshika_ws/install/openslam_gmapping/include//gmapping/sensor/sensor_range/rangesensor.h
[4.705s] -- Symlinking: /home/kb/Anveshika/Anveshika_ws/install/openslam_gmapping/include//gmapping/utils/autoptr.h
[4.712s] -- Symlinking: /home/kb/Anveshika/Anveshika_ws/install/openslam_gmapping/include//gmapping/utils/commandline.h
[4.719s] -- Symlinking: /home/kb/Anveshika/Anveshika_ws/install/openslam_gmapping/include//gmapping/utils/gvalues.h
[4.727s] -- Symlinking: /home/kb/Anveshika/Anveshika_ws/install/openslam_gmapping/include//gmapping/utils/macro_params.h
[4.734s] -- Symlinking: /home/kb/Anveshika/Anveshika_ws/install/openslam_gmapping/include//gmapping/utils/point.h
[4.742s] -- Symlinking: /home/kb/Anveshika/Anveshika_ws/install/openslam_gmapping/include//gmapping/utils/stat.h
[4.750s] -- Symlinking: /home/kb/Anveshika/Anveshika_ws/install/openslam_gmapping/share/ament_index/resource_index/package_run_dependencies/openslam_gmapping
[4.757s] -- Symlinking: /home/kb/Anveshika/Anveshika_ws/install/openslam_gmapping/share/ament_index/resource_index/parent_prefix_path/openslam_gmapping
[4.764s] -- Symlinking: /home/kb/Anveshika/Anveshika_ws/install/openslam_gmapping/share/openslam_gmapping/environment/ament_prefix_path.sh
[4.771s] -- Symlinking: /home/kb/Anveshika/Anveshika_ws/install/openslam_gmapping/share/openslam_gmapping/environment/ament_prefix_path.dsv
[4.778s] -- Symlinking: /home/kb/Anveshika/Anveshika_ws/install/openslam_gmapping/share/openslam_gmapping/environment/path.sh
[4.785s] -- Symlinking: /home/kb/Anveshika/Anveshika_ws/install/openslam_gmapping/share/openslam_gmapping/environment/path.dsv
[4.792s] -- Symlinking: /home/kb/Anveshika/Anveshika_ws/install/openslam_gmapping/share/openslam_gmapping/local_setup.bash
[4.799s] -- Symlinking: /home/kb/Anveshika/Anveshika_ws/install/openslam_gmapping/share/openslam_gmapping/local_setup.sh
[4.806s] -- Symlinking: /home/kb/Anveshika/Anveshika_ws/install/openslam_gmapping/share/openslam_gmapping/local_setup.zsh
[4.813s] -- Symlinking: /home/kb/Anveshika/Anveshika_ws/install/openslam_gmapping/share/openslam_gmapping/local_setup.dsv
[4.820s] -- Symlinking: /home/kb/Anveshika/Anveshika_ws/install/openslam_gmapping/share/openslam_gmapping/package.dsv
[4.828s] -- Symlinking: /home/kb/Anveshika/Anveshika_ws/install/openslam_gmapping/share/ament_index/resource_index/packages/openslam_gmapping
[4.835s] -- Symlinking: /home/kb/Anveshika/Anveshika_ws/install/openslam_gmapping/share/openslam_gmapping/cmake/ament_cmake_export_libraries-extras.cmake
[4.843s] -- Symlinking: /home/kb/Anveshika/Anveshika_ws/install/openslam_gmapping/share/openslam_gmapping/cmake/ament_cmake_export_include_directories-extras.cmake
[4.850s] -- Symlinking: /home/kb/Anveshika/Anveshika_ws/install/openslam_gmapping/share/openslam_gmapping/cmake/openslam_gmappingConfig.cmake
[4.857s] -- Symlinking: /home/kb/Anveshika/Anveshika_ws/install/openslam_gmapping/share/openslam_gmapping/cmake/openslam_gmappingConfig-version.cmake
[4.864s] -- Symlinking: /home/kb/Anveshika/Anveshika_ws/install/openslam_gmapping/share/openslam_gmapping/package.xml
[4.874s] Invoked command in '/home/kb/Anveshika/Anveshika_ws/build/openslam_gmapping' returned '0': CMAKE_PREFIX_PATH=${CMAKE_PREFIX_PATH}:/home/kb/Anveshika/Anveshika_ws/install/slam_lidar:/home/kb/Anveshika/Anveshika_ws/install/anveshika_swerve_controller:/home/kb/yolo_ws/install/yolo_read:/home/kb/camera_ws/install/ros2_camera:/home/kb/zinger_ws/install/zinger_swerve_controller:/opt/ros/humble /usr/bin/cmake --install /home/kb/Anveshika/Anveshika_ws/build/openslam_gmapping
