04-22 01:58:36.833 4995-5118 [INFO ] FrameProducer: 
    ---- ColorFrameProducer Performance Info, total frame count: 120 ------------
            latency average: aggregate(172 MS), latest 120 frames(172 MS)
        transcoding average: aggregate(8 MS), latest 120 frames(8 MS)
          filtering average: aggregate(0 MS), latest 120 frames(0 MS)
                FPS average: aggregate(120), latest 0 frames(7.05)

04-22 01:58:36.972 4995-5119 [INFO ] FrameProducer: 
    ---- DepthFrameProducer Performance Info, total frame count: 120 ------------
            latency average: aggregate(169 MS), latest 120 frames(169 MS)
        transcoding average: aggregate(3 MS), latest 120 frames(3 MS)
          filtering average: aggregate(0 MS), latest 120 frames(0 MS)
                FPS average: aggregate(120), latest 0 frames(6.99)

04-22 01:58:37.000 4995-5117 [INFO ] PCFrameProducer: 
    ---- PCFrameProducer Performance Info, total frame count: 120 ------------
            latency average: aggregate(8 MS), latest 120 frames(8 MS)
        transcoding average: aggregate(6 MS), latest 120 frames(6 MS)
        color frame latency: aggregate(199 MS), latest 120 frames(199 MS)
        depth frame latency: aggregate(198 MS), latest 120 frames(198 MS)
                FPS average: aggregate(120), latest -129314395 frames(6.99)

04-22 01:58:54.000 4995-5118 [INFO ] FrameProducer: 
    ---- ColorFrameProducer Performance Info, total frame count: 240 ------------
            latency average: aggregate(162 MS), latest 120 frames(152 MS)
        transcoding average: aggregate(9 MS), latest 120 frames(9 MS)
          filtering average: aggregate(0 MS), latest 120 frames(0 MS)
                FPS average: aggregate(120), latest 0 frames(7.02)

04-22 01:58:54.284 4995-5119 [INFO ] FrameProducer: 
    ---- DepthFrameProducer Performance Info, total frame count: 240 ------------
            latency average: aggregate(158 MS), latest 120 frames(148 MS)
        transcoding average: aggregate(3 MS), latest 120 frames(4 MS)
          filtering average: aggregate(0 MS), latest 120 frames(0 MS)
                FPS average: aggregate(120), latest 0 frames(6.96)

04-22 01:58:54.301 4995-5117 [INFO ] PCFrameProducer: 
    ---- PCFrameProducer Performance Info, total frame count: 240 ------------
            latency average: aggregate(8 MS), latest 120 frames(7 MS)
        transcoding average: aggregate(6 MS), latest 120 frames(6 MS)
        color frame latency: aggregate(187 MS), latest 120 frames(175 MS)
        depth frame latency: aggregate(185 MS), latest 120 frames(173 MS)
                FPS average: aggregate(120), latest -129314395 frames(6.96)

04-22 01:59:11.172 4995-5118 [INFO ] FrameProducer: 
    ---- ColorFrameProducer Performance Info, total frame count: 360 ------------
            latency average: aggregate(159 MS), latest 120 frames(152 MS)
        transcoding average: aggregate(9 MS), latest 120 frames(9 MS)
          filtering average: aggregate(0 MS), latest 120 frames(0 MS)
                FPS average: aggregate(120), latest 0 frames(7.01)

04-22 01:59:11.455 4995-5119 [INFO ] FrameProducer: 
    ---- DepthFrameProducer Performance Info, total frame count: 360 ------------
            latency average: aggregate(154 MS), latest 120 frames(146 MS)
        transcoding average: aggregate(3 MS), latest 120 frames(3 MS)
          filtering average: aggregate(0 MS), latest 120 frames(0 MS)
                FPS average: aggregate(120), latest 0 frames(6.97)

04-22 01:59:11.480 4995-5117 [INFO ] PCFrameProducer: 
    ---- PCFrameProducer Performance Info, total frame count: 360 ------------
            latency average: aggregate(7 MS), latest 120 frames(6 MS)
        transcoding average: aggregate(6 MS), latest 120 frames(6 MS)
        color frame latency: aggregate(183 MS), latest 120 frames(174 MS)
        depth frame latency: aggregate(181 MS), latest 120 frames(171 MS)
                FPS average: aggregate(120), latest -129314395 frames(6.97)

04-22 01:59:28.338 4995-5118 [INFO ] FrameProducer: 
    ---- ColorFrameProducer Performance Info, total frame count: 480 ------------
            latency average: aggregate(157 MS), latest 120 frames(153 MS)
        transcoding average: aggregate(9 MS), latest 120 frames(10 MS)
          filtering average: aggregate(0 MS), latest 120 frames(0 MS)
                FPS average: aggregate(120), latest 0 frames(7.00)

04-22 01:59:28.626 4995-5119 [INFO ] FrameProducer: 
    ---- DepthFrameProducer Performance Info, total frame count: 480 ------------
            latency average: aggregate(152 MS), latest 120 frames(146 MS)
        transcoding average: aggregate(3 MS), latest 120 frames(3 MS)
          filtering average: aggregate(0 MS), latest 120 frames(0 MS)
                FPS average: aggregate(120), latest 0 frames(6.98)

04-22 01:59:28.653 4995-5117 [INFO ] PCFrameProducer: 
    ---- PCFrameProducer Performance Info, total frame count: 480 ------------
            latency average: aggregate(7 MS), latest 120 frames(7 MS)
        transcoding average: aggregate(6 MS), latest 120 frames(7 MS)
        color frame latency: aggregate(181 MS), latest 120 frames(175 MS)
        depth frame latency: aggregate(179 MS), latest 120 frames(172 MS)
                FPS average: aggregate(120), latest -129314395 frames(6.97)

04-22 01:59:45.492 4995-5118 [INFO ] FrameProducer: 
    ---- ColorFrameProducer Performance Info, total frame count: 600 ------------
            latency average: aggregate(156 MS), latest 120 frames(152 MS)
        transcoding average: aggregate(9 MS), latest 120 frames(9 MS)
          filtering average: aggregate(0 MS), latest 120 frames(0 MS)
                FPS average: aggregate(120), latest 0 frames(7.00)

04-22 01:59:45.919 4995-5119 [INFO ] FrameProducer: 
    ---- DepthFrameProducer Performance Info, total frame count: 600 ------------
            latency average: aggregate(151 MS), latest 120 frames(148 MS)
        transcoding average: aggregate(3 MS), latest 120 frames(4 MS)
          filtering average: aggregate(0 MS), latest 120 frames(0 MS)
                FPS average: aggregate(120), latest 0 frames(6.97)

04-22 01:59:45.941 4995-5117 [INFO ] PCFrameProducer: 
    ---- PCFrameProducer Performance Info, total frame count: 600 ------------
            latency average: aggregate(7 MS), latest 120 frames(6 MS)
        transcoding average: aggregate(6 MS), latest 120 frames(6 MS)
        color frame latency: aggregate(180 MS), latest 120 frames(175 MS)
        depth frame latency: aggregate(177 MS), latest 120 frames(173 MS)
                FPS average: aggregate(120), latest -129314395 frames(6.97)

04-22 02:00:02.624 4995-5118 [INFO ] FrameProducer: 
    ---- ColorFrameProducer Performance Info, total frame count: 720 ------------
            latency average: aggregate(155 MS), latest 120 frames(152 MS)
        transcoding average: aggregate(9 MS), latest 120 frames(9 MS)
          filtering average: aggregate(0 MS), latest 120 frames(0 MS)
                FPS average: aggregate(120), latest 0 frames(7.00)

