[0.011s] Invoking command in '/home/kb/Anveshika/Anveshika_ws/build/anveshika_description': CMAKE_PREFIX_PATH=${CMAKE_PREFIX_PATH}:/opt/ros/humble /usr/bin/cmake --build /home/kb/Anveshika/Anveshika_ws/build/anveshika_description -- -j8 -l8
[0.053s] Invoked command in '/home/kb/Anveshika/Anveshika_ws/build/anveshika_description' returned '0': CMAKE_PREFIX_PATH=${CMAKE_PREFIX_PATH}:/opt/ros/humble /usr/bin/cmake --build /home/kb/Anveshika/Anveshika_ws/build/anveshika_description -- -j8 -l8
[0.088s] Invoking command in '/home/kb/Anveshika/Anveshika_ws/build/anveshika_description': CMAKE_PREFIX_PATH=${CMAKE_PREFIX_PATH}:/opt/ros/humble /usr/bin/cmake --install /home/kb/Anveshika/Anveshika_ws/build/anveshika_description
[0.096s] -- Install configuration: ""
[0.096s] -- Execute custom install script
[0.097s] -- Symlinking: /home/kb/Anveshika/Anveshika_ws/install/anveshika_description/share/anveshika_description//meshes/rover/box.stl
[0.107s] -- Symlinking: /home/kb/Anveshika/Anveshika_ws/install/anveshika_description/share/anveshika_description//meshes/rover/drive_motor_mount.stl
[0.117s] -- Symlinking: /home/kb/Anveshika/Anveshika_ws/install/anveshika_description/share/anveshika_description//meshes/rover/left_bogie.stl
[0.127s] -- Symlinking: /home/kb/Anveshika/Anveshika_ws/install/anveshika_description/share/anveshika_description//meshes/rover/right_bogie.stl
[0.139s] -- Symlinking: /home/kb/Anveshika/Anveshika_ws/install/anveshika_description/share/anveshika_description//meshes/rover/wheel.stl
[0.149s] -- Up-to-date symlink: /home/kb/Anveshika/Anveshika_ws/install/anveshika_description/share/anveshika_description//urdf/anveshika.urdf.xacro
[0.150s] -- Up-to-date symlink: /home/kb/Anveshika/Anveshika_ws/install/anveshika_description/share/ament_index/resource_index/package_run_dependencies/anveshika_description
[0.150s] -- Up-to-date symlink: /home/kb/Anveshika/Anveshika_ws/install/anveshika_description/share/ament_index/resource_index/parent_prefix_path/anveshika_description
[0.150s] -- Up-to-date symlink: /home/kb/Anveshika/Anveshika_ws/install/anveshika_description/share/anveshika_description/environment/ament_prefix_path.sh
[0.150s] -- Up-to-date symlink: /home/kb/Anveshika/Anveshika_ws/install/anveshika_description/share/anveshika_description/environment/ament_prefix_path.dsv
[0.150s] -- Up-to-date symlink: /home/kb/Anveshika/Anveshika_ws/install/anveshika_description/share/anveshika_description/environment/path.sh
[0.150s] -- Up-to-date symlink: /home/kb/Anveshika/Anveshika_ws/install/anveshika_description/share/anveshika_description/environment/path.dsv
[0.151s] -- Up-to-date symlink: /home/kb/Anveshika/Anveshika_ws/install/anveshika_description/share/anveshika_description/local_setup.bash
[0.151s] -- Up-to-date symlink: /home/kb/Anveshika/Anveshika_ws/install/anveshika_description/share/anveshika_description/local_setup.sh
[0.151s] -- Up-to-date symlink: /home/kb/Anveshika/Anveshika_ws/install/anveshika_description/share/anveshika_description/local_setup.zsh
[0.151s] -- Up-to-date symlink: /home/kb/Anveshika/Anveshika_ws/install/anveshika_description/share/anveshika_description/local_setup.dsv
[0.151s] -- Symlinking: /home/kb/Anveshika/Anveshika_ws/install/anveshika_description/share/anveshika_description/package.dsv
[0.161s] -- Up-to-date symlink: /home/kb/Anveshika/Anveshika_ws/install/anveshika_description/share/ament_index/resource_index/packages/anveshika_description
[0.161s] -- Up-to-date symlink: /home/kb/Anveshika/Anveshika_ws/install/anveshika_description/share/anveshika_description/cmake/anveshika_descriptionConfig.cmake
[0.161s] -- Up-to-date symlink: /home/kb/Anveshika/Anveshika_ws/install/anveshika_description/share/anveshika_description/cmake/anveshika_descriptionConfig-version.cmake
[0.161s] -- Up-to-date symlink: /home/kb/Anveshika/Anveshika_ws/install/anveshika_description/share/anveshika_description/package.xml
[0.163s] Invoked command in '/home/kb/Anveshika/Anveshika_ws/build/anveshika_description' returned '0': CMAKE_PREFIX_PATH=${CMAKE_PREFIX_PATH}:/opt/ros/humble /usr/bin/cmake --install /home/kb/Anveshika/Anveshika_ws/build/anveshika_description
