[0.036s] Invoking command in '/home/kb/Anveshika/Anveshika_ws/build/slam_gmapping': CMAKE_PREFIX_PATH=/home/kb/Anveshika/Anveshika_ws/install/openslam_gmapping:/home/kb/Anveshika/Anveshika_ws/install/slam_gmapping:/home/kb/Anveshika/Anveshika_ws/install/dm_preview:/home/kb/Anveshika/Anveshika_ws/install/anveshika_nav:/home/kb/Anveshika/Anveshika_ws/install/anveshika_bringup:/home/kb/Anveshika/Anveshika_ws/install/anveshika_description:/home/kb/ydlidar_ros2_driver/install/ydlidar_ros2_driver:/home/kb/zinger_ws/install/zinger_description:/home/kb/ros2_ws/install/my_robot_bringup:/home/kb/ros2_ws/install/my_robot_description:/home/kb/cartographer_ws/install/cartographer_rviz:/home/kb/cartographer_ws/install/cartographer_ros:/home/kb/cartographer_ws/install/cartographer_ros_msgs:/home/kb/Anveshika/Anveshika_ws/install/slam_lidar:/home/kb/Anveshika/Anveshika_ws/install/anveshika_swerve_controller:/home/kb/yolo_ws/install/yolo_read:/home/kb/camera_ws/install/ros2_camera:/home/kb/zinger_ws/install/zinger_swerve_controller:/opt/ros/humble /usr/bin/cmake --build /home/kb/Anveshika/Anveshika_ws/build/slam_gmapping -- -j8 -l8
[0.076s] [35m[1mConsolidate compiler generated dependencies of target slam_gmapping[0m
[0.100s] [ 50%] [32mBuilding CXX object CMakeFiles/slam_gmapping.dir/src/slam_gmapping.cpp.o[0m
[0.520s] In file included from [01m[K/home/kb/Anveshika/Anveshika_ws/src/slam_gmapping/include/slam_gmapping/slam_gmapping.h:38[m[K,
[0.520s]                  from [01m[K/home/kb/Anveshika/Anveshika_ws/src/slam_gmapping/src/slam_gmapping.cpp:24[m[K:
[0.521s] [01m[K/opt/ros/humble/include/tf2_geometry_msgs/tf2_geometry_msgs/tf2_geometry_msgs.h:35:2:[m[K [01;35m[Kwarning: [m[K#warning This header is obsolete, please include tf2_geometry_msgs/tf2_geometry_msgs.hpp instead [[01;35m[K]8;;https://gcc.gnu.org/onlinedocs/gcc/Warning-Options.html#index-Wcpp-Wcpp]8;;[m[K]
[0.521s]    35 | #[01;35m[Kwarning[m[K This header is obsolete, please include tf2_geometry_msgs/tf2_geometry_msgs.hpp instead
[0.521s]       |  [01;35m[K^~~~~~~[m[K
[2.769s] In file included from [01m[K/home/kb/Anveshika/Anveshika_ws/install/openslam_gmapping/include/gmapping/gridfastslam/gridslamprocessor.h:9[m[K,
[2.769s]                  from [01m[K/home/kb/Anveshika/Anveshika_ws/src/slam_gmapping/include/slam_gmapping/slam_gmapping.h:45[m[K,
[2.769s]                  from [01m[K/home/kb/Anveshika/Anveshika_ws/src/slam_gmapping/src/slam_gmapping.cpp:24[m[K:
[2.769s] [01m[K/home/kb/Anveshika/Anveshika_ws/install/openslam_gmapping/include/gmapping/particlefilter/particlefilter.h:[m[K In function ‘[01m[Kvoid rle(OutputIterator&, const Iterator&, const Iterator&)[m[K’:
[2.769s] [01m[K/home/kb/Anveshika/Anveshika_ws/install/openslam_gmapping/include/gmapping/particlefilter/particlefilter.h:140:9:[m[K [01;35m[Kwarning: [m[Kthis ‘[01m[Kif[m[K’ clause does not guard... [[01;35m[K]8;;https://gcc.gnu.org/onlinedocs/gcc/Warning-Options.html#index-Wmisleading-indentation-Wmisleading-indentation]8;;[m[K]
[2.769s]   140 |         [01;35m[Kif[m[K (count>0)
[2.769s]       |         [01;35m[K^~[m[K
[2.769s] [01m[K/home/kb/Anveshika/Anveshika_ws/install/openslam_gmapping/include/gmapping/particlefilter/particlefilter.h:142:17:[m[K [01;36m[Knote: [m[K...this statement, but the latter is misleadingly indented as if it were guarded by the ‘[01m[Kif[m[K’
[2.770s]   142 |                 [01;36m[Kout[m[K++;
[2.770s]       |                 [01;36m[K^~~[m[K
[3.719s] In file included from [01m[K/usr/include/x86_64-linux-gnu/c++/11/bits/c++allocator.h:33[m[K,
[3.719s]                  from [01m[K/usr/include/c++/11/bits/allocator.h:46[m[K,
[3.719s]                  from [01m[K/usr/include/c++/11/string:41[m[K,
[3.719s]                  from [01m[K/usr/include/c++/11/stdexcept:39[m[K,
[3.719s]                  from [01m[K/usr/include/c++/11/system_error:41[m[K,
[3.719s]                  from [01m[K/usr/include/c++/11/mutex:42[m[K,
[3.719s]                  from [01m[K/home/kb/Anveshika/Anveshika_ws/src/slam_gmapping/include/slam_gmapping/slam_gmapping.h:26[m[K,
[3.719s]                  from [01m[K/home/kb/Anveshika/Anveshika_ws/src/slam_gmapping/src/slam_gmapping.cpp:24[m[K:
[3.719s] /usr/include/c++/11/ext/new_allocator.h: In instantiation of ‘[01m[Kvoid __gnu_cxx::new_allocator<_Tp>::construct(_Up*, _Args&& ...) [with _Up = message_filters::Subscriber<sensor_msgs::msg::LaserScan_<std::allocator<void> > >; _Args = {std::shared_ptr<rclcpp::Node>&, const char (&)[5], rclcpp::SensorDataQoS}; _Tp = message_filters::Subscriber<sensor_msgs::msg::LaserScan_<std::allocator<void> > >][m[K’:
[3.719s] [01m[K/usr/include/c++/11/bits/alloc_traits.h:516:17:[m[K   required from ‘[01m[Kstatic void std::allocator_traits<std::allocator<_CharT> >::construct(std::allocator_traits<std::allocator<_CharT> >::allocator_type&, _Up*, _Args&& ...) [with _Up = message_filters::Subscriber<sensor_msgs::msg::LaserScan_<std::allocator<void> > >; _Args = {std::shared_ptr<rclcpp::Node>&, const char (&)[5], rclcpp::SensorDataQoS}; _Tp = message_filters::Subscriber<sensor_msgs::msg::LaserScan_<std::allocator<void> > >; std::allocator_traits<std::allocator<_CharT> >::allocator_type = std::allocator<message_filters::Subscriber<sensor_msgs::msg::LaserScan_<std::allocator<void> > > >][m[K’
[3.719s] [01m[K/usr/include/c++/11/bits/shared_ptr_base.h:519:39:[m[K   required from ‘[01m[Kstd::_Sp_counted_ptr_inplace<_Tp, _Alloc, _Lp>::_Sp_counted_ptr_inplace(_Alloc, _Args&& ...) [with _Args = {std::shared_ptr<rclcpp::Node>&, const char (&)[5], rclcpp::SensorDataQoS}; _Tp = message_filters::Subscriber<sensor_msgs::msg::LaserScan_<std::allocator<void> > >; _Alloc = std::allocator<message_filters::Subscriber<sensor_msgs::msg::LaserScan_<std::allocator<void> > > >; __gnu_cxx::_Lock_policy _Lp = __gnu_cxx::_S_atomic][m[K’
[3.719s] [01m[K/usr/include/c++/11/bits/shared_ptr_base.h:650:16:[m[K   required from ‘[01m[Kstd::__shared_count<_Lp>::__shared_count(_Tp*&, std::_Sp_alloc_shared_tag<_Alloc>, _Args&& ...) [with _Tp = message_filters::Subscriber<sensor_msgs::msg::LaserScan_<std::allocator<void> > >; _Alloc = std::allocator<message_filters::Subscriber<sensor_msgs::msg::LaserScan_<std::allocator<void> > > >; _Args = {std::shared_ptr<rclcpp::Node>&, const char (&)[5], rclcpp::SensorDataQoS}; __gnu_cxx::_Lock_policy _Lp = __gnu_cxx::_S_atomic][m[K’
[3.720s] [01m[K/usr/include/c++/11/bits/shared_ptr_base.h:1342:14:[m[K   required from ‘[01m[Kstd::__shared_ptr<_Tp, _Lp>::__shared_ptr(std::_Sp_alloc_shared_tag<_Tp>, _Args&& ...) [with _Alloc = std::allocator<message_filters::Subscriber<sensor_msgs::msg::LaserScan_<std::allocator<void> > > >; _Args = {std::shared_ptr<rclcpp::Node>&, const char (&)[5], rclcpp::SensorDataQoS}; _Tp = message_filters::Subscriber<sensor_msgs::msg::LaserScan_<std::allocator<void> > >; __gnu_cxx::_Lock_policy _Lp = __gnu_cxx::_S_atomic][m[K’
[3.720s] [01m[K/usr/include/c++/11/bits/shared_ptr.h:409:59:[m[K   required from ‘[01m[Kstd::shared_ptr<_Tp>::shared_ptr(std::_Sp_alloc_shared_tag<_Tp>, _Args&& ...) [with _Alloc = std::allocator<message_filters::Subscriber<sensor_msgs::msg::LaserScan_<std::allocator<void> > > >; _Args = {std::shared_ptr<rclcpp::Node>&, const char (&)[5], rclcpp::SensorDataQoS}; _Tp = message_filters::Subscriber<sensor_msgs::msg::LaserScan_<std::allocator<void> > >][m[K’
[3.720s] [01m[K/usr/include/c++/11/bits/shared_ptr.h:862:14:[m[K   required from ‘[01m[Kstd::shared_ptr<_Tp> std::allocate_shared(const _Alloc&, _Args&& ...) [with _Tp = message_filters::Subscriber<sensor_msgs::msg::LaserScan_<std::allocator<void> > >; _Alloc = std::allocator<message_filters::Subscriber<sensor_msgs::msg::LaserScan_<std::allocator<void> > > >; _Args = {std::shared_ptr<rclcpp::Node>&, const char (&)[5], rclcpp::SensorDataQoS}][m[K’
[3.720s] [01m[K/usr/include/c++/11/bits/shared_ptr.h:878:39:[m[K   required from ‘[01m[Kstd::shared_ptr<_Tp> std::make_shared(_Args&& ...) [with _Tp = message_filters::Subscriber<sensor_msgs::msg::LaserScan_<std::allocator<void> > >; _Args = {std::shared_ptr<rclcpp::Node>&, const char (&)[5], rclcpp::SensorDataQoS}][m[K’
[3.720s] [01m[K/home/kb/Anveshika/Anveshika_ws/src/slam_gmapping/src/slam_gmapping.cpp:108:13:[m[K   required from here
[3.720s] [01m[K/usr/include/c++/11/ext/new_allocator.h:162:11:[m[K [01;31m[Kerror: [m[Kno matching function for call to ‘[01m[Kmessage_filters::Subscriber<sensor_msgs::msg::LaserScan_<std::allocator<void> > >::Subscriber(std::shared_ptr<rclcpp::Node>&, const char [5], rclcpp::SensorDataQoS)[m[K’
[3.720s]   162 |         { [01;31m[K::new((void *)__p) _Up(std::forward<_Args>(__args)...)[m[K; }
[3.720s]       |           [01;31m[K^~~~~~~~~~~~~~~~~~~~~~~~~~~~~~~~~~~~~~~~~~~~~~~~~~~~~~[m[K
[3.720s] In file included from [01m[K/home/kb/Anveshika/Anveshika_ws/src/slam_gmapping/include/slam_gmapping/slam_gmapping.h:42[m[K,
[3.720s]                  from [01m[K/home/kb/Anveshika/Anveshika_ws/src/slam_gmapping/src/slam_gmapping.cpp:24[m[K:
[3.720s] [01m[K/opt/ros/humble/include/message_filters/message_filters/subscriber.h:203:3:[m[K [01;36m[Knote: [m[Kcandidate: ‘[01m[Kmessage_filters::Subscriber<M, NodeType>::Subscriber() [with M = sensor_msgs::msg::LaserScan_<std::allocator<void> >; NodeType = rclcpp::Node][m[K’
[3.720s]   203 |   [01;36m[KSubscriber[m[K() = default;
[3.720s]       |   [01;36m[K^~~~~~~~~~[m[K
[3.738s] [01m[K/opt/ros/humble/include/message_filters/message_filters/subscriber.h:203:3:[m[K [01;36m[Knote: [m[K  candidate expects 0 arguments, 3 provided
[3.738s] [01m[K/opt/ros/humble/include/message_filters/message_filters/subscriber.h:191:3:[m[K [01;36m[Knote: [m[Kcandidate: ‘[01m[Kmessage_filters::Subscriber<M, NodeType>::Subscriber(NodeType*, const string&, rmw_qos_profile_t, rclcpp::SubscriptionOptions) [with M = sensor_msgs::msg::LaserScan_<std::allocator<void> >; NodeType = rclcpp::Node; std::string = std::__cxx11::basic_string<char>; rmw_qos_profile_t = rmw_qos_profile_s; rclcpp::SubscriptionOptions = rclcpp::SubscriptionOptionsWithAllocator<std::allocator<void> >][m[K’
[3.738s]   191 |   [01;36m[KSubscriber[m[K(
[3.738s]       |   [01;36m[K^~~~~~~~~~[m[K
[3.738s] [01m[K/opt/ros/humble/include/message_filters/message_filters/subscriber.h:191:3:[m[K [01;36m[Knote: [m[K  candidate expects 4 arguments, 3 provided
[3.738s] [01m[K/opt/ros/humble/include/message_filters/message_filters/subscriber.h:182:3:[m[K [01;36m[Knote: [m[Kcandidate: ‘[01m[Kmessage_filters::Subscriber<M, NodeType>::Subscriber(message_filters::Subscriber<M, NodeType>::NodePtr, const string&, rmw_qos_profile_t, rclcpp::SubscriptionOptions) [with M = sensor_msgs::msg::LaserScan_<std::allocator<void> >; NodeType = rclcpp::Node; message_filters::Subscriber<M, NodeType>::NodePtr = std::shared_ptr<rclcpp::Node>; std::string = std::__cxx11::basic_string<char>; rmw_qos_profile_t = rmw_qos_profile_s; rclcpp::SubscriptionOptions = rclcpp::SubscriptionOptionsWithAllocator<std::allocator<void> >][m[K’
[3.738s]   182 |   [01;36m[KSubscriber[m[K(
[3.738s]       |   [01;36m[K^~~~~~~~~~[m[K
[3.738s] [01m[K/opt/ros/humble/include/message_filters/message_filters/subscriber.h:182:3:[m[K [01;36m[Knote: [m[K  candidate expects 4 arguments, 3 provided
[3.738s] [01m[K/opt/ros/humble/include/message_filters/message_filters/subscriber.h:167:3:[m[K [01;36m[Knote: [m[Kcandidate: ‘[01m[Kmessage_filters::Subscriber<M, NodeType>::Subscriber(NodeType*, const string&, rmw_qos_profile_t) [with M = sensor_msgs::msg::LaserScan_<std::allocator<void> >; NodeType = rclcpp::Node; std::string = std::__cxx11::basic_string<char>; rmw_qos_profile_t = rmw_qos_profile_s][m[K’
[3.738s]   167 |   [01;36m[KSubscriber[m[K(NodeType * node, const std::string& topic, const rmw_qos_profile_t qos = rmw_qos_profile_default)
[3.738s]       |   [01;36m[K^~~~~~~~~~[m[K
[3.738s] [01m[K/opt/ros/humble/include/message_filters/message_filters/subscriber.h:167:25:[m[K [01;36m[Knote: [m[K  no known conversion for argument 1 from ‘[01m[Kstd::shared_ptr<rclcpp::Node>[m[K’ to ‘[01m[Krclcpp::Node*[m[K’
[3.738s]   167 |   Subscriber([01;36m[KNodeType * node[m[K, const std::string& topic, const rmw_qos_profile_t qos = rmw_qos_profile_default)
[3.739s]       |              [01;36m[K~~~~~~~~~~~^~~~[m[K
[3.739s] [01m[K/opt/ros/humble/include/message_filters/message_filters/subscriber.h:162:3:[m[K [01;36m[Knote: [m[Kcandidate: ‘[01m[Kmessage_filters::Subscriber<M, NodeType>::Subscriber(message_filters::Subscriber<M, NodeType>::NodePtr, const string&, rmw_qos_profile_t) [with M = sensor_msgs::msg::LaserScan_<std::allocator<void> >; NodeType = rclcpp::Node; message_filters::Subscriber<M, NodeType>::NodePtr = std::shared_ptr<rclcpp::Node>; std::string = std::__cxx11::basic_string<char>; rmw_qos_profile_t = rmw_qos_profile_s][m[K’
[3.739s]   162 |   [01;36m[KSubscriber[m[K(NodePtr node, const std::string& topic, const rmw_qos_profile_t qos = rmw_qos_profile_default)
[3.739s]       |   [01;36m[K^~~~~~~~~~[m[K
[3.739s] [01m[K/opt/ros/humble/include/message_filters/message_filters/subscriber.h:162:78:[m[K [01;36m[Knote: [m[K  no known conversion for argument 3 from ‘[01m[Krclcpp::SensorDataQoS[m[K’ to ‘[01m[Krmw_qos_profile_t[m[K’ {aka ‘[01m[Krmw_qos_profile_s[m[K’}
[3.739s]   162 |   Subscriber(NodePtr node, const std::string& topic, [01;36m[Kconst rmw_qos_profile_t qos = rmw_qos_profile_default[m[K)
[3.739s]       |                                                      [01;36m[K~~~~~~~~~~~~~~~~~~~~~~~~^~~~~~~~~~~~~~~~~~~~~~~~~~~~~[m[K
[6.668s] gmake[2]: *** [CMakeFiles/slam_gmapping.dir/build.make:76: CMakeFiles/slam_gmapping.dir/src/slam_gmapping.cpp.o] Error 1
[6.668s] gmake[1]: *** [CMakeFiles/Makefile2:137: CMakeFiles/slam_gmapping.dir/all] Error 2
[6.668s] gmake: *** [Makefile:146: all] Error 2
[6.671s] Invoked command in '/home/kb/Anveshika/Anveshika_ws/build/slam_gmapping' returned '2': CMAKE_PREFIX_PATH=/home/kb/Anveshika/Anveshika_ws/install/openslam_gmapping:/home/kb/Anveshika/Anveshika_ws/install/slam_gmapping:/home/kb/Anveshika/Anveshika_ws/install/dm_preview:/home/kb/Anveshika/Anveshika_ws/install/anveshika_nav:/home/kb/Anveshika/Anveshika_ws/install/anveshika_bringup:/home/kb/Anveshika/Anveshika_ws/install/anveshika_description:/home/kb/ydlidar_ros2_driver/install/ydlidar_ros2_driver:/home/kb/zinger_ws/install/zinger_description:/home/kb/ros2_ws/install/my_robot_bringup:/home/kb/ros2_ws/install/my_robot_description:/home/kb/cartographer_ws/install/cartographer_rviz:/home/kb/cartographer_ws/install/cartographer_ros:/home/kb/cartographer_ws/install/cartographer_ros_msgs:/home/kb/Anveshika/Anveshika_ws/install/slam_lidar:/home/kb/Anveshika/Anveshika_ws/install/anveshika_swerve_controller:/home/kb/yolo_ws/install/yolo_read:/home/kb/camera_ws/install/ros2_camera:/home/kb/zinger_ws/install/zinger_swerve_controller:/opt/ros/humble /usr/bin/cmake --build /home/kb/Anveshika/Anveshika_ws/build/slam_gmapping -- -j8 -l8
