[0.049s] Invoking command in '/home/kb/Anveshika/Anveshika_ws/build/openslam_gmapping': CMAKE_PREFIX_PATH=${CMAKE_PREFIX_PATH}:/home/kb/Anveshika/Anveshika_ws/install/slam_lidar:/home/kb/Anveshika/Anveshika_ws/install/anveshika_swerve_controller:/home/kb/yolo_ws/install/yolo_read:/home/kb/camera_ws/install/ros2_camera:/home/kb/zinger_ws/install/zinger_swerve_controller:/opt/ros/humble /usr/bin/cmake --build /home/kb/Anveshika/Anveshika_ws/build/openslam_gmapping -- -j8 -l8
[0.358s] [35m[1mConsolidate compiler generated dependencies of target sensor_base[0m
[0.358s] [35m[1mConsolidate compiler generated dependencies of target utils[0m
[0.358s] [ 13%] Built target sensor_base
[0.358s] [ 27%] Built target utils
[0.359s] [35m[1mConsolidate compiler generated dependencies of target sensor_range[0m
[0.359s] [35m[1mConsolidate compiler generated dependencies of target sensor_odometry[0m
[0.360s] [ 40%] Built target sensor_odometry
[0.360s] [ 54%] Built target sensor_range
[0.360s] [35m[1mConsolidate compiler generated dependencies of target scanmatcher[0m
[0.360s] [ 77%] Built target scanmatcher
[0.361s] [35m[1mConsolidate compiler generated dependencies of target gridfastslam[0m
[0.361s] [100%] Built target gridfastslam
[0.649s] Invoked command in '/home/kb/Anveshika/Anveshika_ws/build/openslam_gmapping' returned '0': CMAKE_PREFIX_PATH=${CMAKE_PREFIX_PATH}:/home/kb/Anveshika/Anveshika_ws/install/slam_lidar:/home/kb/Anveshika/Anveshika_ws/install/anveshika_swerve_controller:/home/kb/yolo_ws/install/yolo_read:/home/kb/camera_ws/install/ros2_camera:/home/kb/zinger_ws/install/zinger_swerve_controller:/opt/ros/humble /usr/bin/cmake --build /home/kb/Anveshika/Anveshika_ws/build/openslam_gmapping -- -j8 -l8
[0.681s] Invoking command in '/home/kb/Anveshika/Anveshika_ws/build/openslam_gmapping': CMAKE_PREFIX_PATH=${CMAKE_PREFIX_PATH}:/home/kb/Anveshika/Anveshika_ws/install/slam_lidar:/home/kb/Anveshika/Anveshika_ws/install/anveshika_swerve_controller:/home/kb/yolo_ws/install/yolo_read:/home/kb/camera_ws/install/ros2_camera:/home/kb/zinger_ws/install/zinger_swerve_controller:/opt/ros/humble /usr/bin/cmake --install /home/kb/Anveshika/Anveshika_ws/build/openslam_gmapping
[0.690s] -- Install configuration: ""
[0.691s] -- Execute custom install script
[0.691s] -- Up-to-date symlink: /home/kb/Anveshika/Anveshika_ws/install/openslam_gmapping/lib/libgridfastslam.a
[0.692s] -- Up-to-date symlink: /home/kb/Anveshika/Anveshika_ws/install/openslam_gmapping/lib/libscanmatcher.a
[0.693s] -- Up-to-date symlink: /home/kb/Anveshika/Anveshika_ws/install/openslam_gmapping/lib/libsensor_base.a
[0.693s] -- Up-to-date symlink: /home/kb/Anveshika/Anveshika_ws/install/openslam_gmapping/share/openslam_gmapping/environment/library_path.sh
[0.694s] -- Up-to-date symlink: /home/kb/Anveshika/Anveshika_ws/install/openslam_gmapping/share/openslam_gmapping/environment/library_path.dsv
[0.694s] -- Up-to-date symlink: /home/kb/Anveshika/Anveshika_ws/install/openslam_gmapping/share/openslam_gmapping/environment/library_path.sh
[0.694s] -- Up-to-date symlink: /home/kb/Anveshika/Anveshika_ws/install/openslam_gmapping/share/openslam_gmapping/environment/library_path.dsv
[0.695s] -- Up-to-date symlink: /home/kb/Anveshika/Anveshika_ws/install/openslam_gmapping/lib/libsensor_odometry.a
[0.695s] -- Up-to-date symlink: /home/kb/Anveshika/Anveshika_ws/install/openslam_gmapping/lib/libsensor_range.a
[0.696s] -- Up-to-date symlink: /home/kb/Anveshika/Anveshika_ws/install/openslam_gmapping/lib/libutils.a
[0.696s] -- Up-to-date symlink: /home/kb/Anveshika/Anveshika_ws/install/openslam_gmapping/share/openslam_gmapping/environment/library_path.sh
[0.696s] -- Up-to-date symlink: /home/kb/Anveshika/Anveshika_ws/install/openslam_gmapping/share/openslam_gmapping/environment/library_path.dsv
[0.697s] -- Up-to-date symlink: /home/kb/Anveshika/Anveshika_ws/install/openslam_gmapping/share/openslam_gmapping/environment/library_path.sh
[0.697s] -- Up-to-date symlink: /home/kb/Anveshika/Anveshika_ws/install/openslam_gmapping/share/openslam_gmapping/environment/library_path.dsv
[0.701s] -- Up-to-date symlink: /home/kb/Anveshika/Anveshika_ws/install/openslam_gmapping/include//gmapping/grid/accessstate.h
[0.701s] -- Up-to-date symlink: /home/kb/Anveshika/Anveshika_ws/install/openslam_gmapping/include//gmapping/grid/array2d.h
[0.702s] -- Up-to-date symlink: /home/kb/Anveshika/Anveshika_ws/install/openslam_gmapping/include//gmapping/grid/harray2d.h
[0.702s] -- Up-to-date symlink: /home/kb/Anveshika/Anveshika_ws/install/openslam_gmapping/include//gmapping/grid/map.h
[0.703s] -- Up-to-date symlink: /home/kb/Anveshika/Anveshika_ws/install/openslam_gmapping/include//gmapping/gridfastslam/gridslamprocessor.h
[0.703s] -- Up-to-date symlink: /home/kb/Anveshika/Anveshika_ws/install/openslam_gmapping/include//gmapping/gridfastslam/gridslamprocessor.hxx
[0.704s] -- Up-to-date symlink: /home/kb/Anveshika/Anveshika_ws/install/openslam_gmapping/include//gmapping/gridfastslam/motionmodel.h
[0.704s] -- Up-to-date symlink: /home/kb/Anveshika/Anveshika_ws/install/openslam_gmapping/include//gmapping/log/configuration.h
[0.704s] -- Up-to-date symlink: /home/kb/Anveshika/Anveshika_ws/install/openslam_gmapping/include//gmapping/log/sensorlog.h
[0.705s] -- Up-to-date symlink: /home/kb/Anveshika/Anveshika_ws/install/openslam_gmapping/include//gmapping/particlefilter/particlefilter.h
[0.705s] -- Up-to-date symlink: /home/kb/Anveshika/Anveshika_ws/install/openslam_gmapping/include//gmapping/scanmatcher/icp.h
[0.706s] -- Up-to-date symlink: /home/kb/Anveshika/Anveshika_ws/install/openslam_gmapping/include//gmapping/scanmatcher/scanmatcher.h
[0.706s] -- Up-to-date symlink: /home/kb/Anveshika/Anveshika_ws/install/openslam_gmapping/include//gmapping/scanmatcher/smmap.h
[0.706s] -- Up-to-date symlink: /home/kb/Anveshika/Anveshika_ws/install/openslam_gmapping/include//gmapping/sensor/sensor_base/sensor.h
[0.706s] -- Up-to-date symlink: /home/kb/Anveshika/Anveshika_ws/install/openslam_gmapping/include//gmapping/sensor/sensor_base/sensorreading.h
[0.707s] -- Up-to-date symlink: /home/kb/Anveshika/Anveshika_ws/install/openslam_gmapping/include//gmapping/sensor/sensor_odometry/odometryreading.h
[0.708s] -- Up-to-date symlink: /home/kb/Anveshika/Anveshika_ws/install/openslam_gmapping/include//gmapping/sensor/sensor_odometry/odometrysensor.h
[0.709s] -- Up-to-date symlink: /home/kb/Anveshika/Anveshika_ws/install/openslam_gmapping/include//gmapping/sensor/sensor_range/rangereading.h
[0.710s] -- Up-to-date symlink: /home/kb/Anveshika/Anveshika_ws/install/openslam_gmapping/include//gmapping/sensor/sensor_range/rangesensor.h
[0.710s] -- Up-to-date symlink: /home/kb/Anveshika/Anveshika_ws/install/openslam_gmapping/include//gmapping/utils/autoptr.h
[0.711s] -- Up-to-date symlink: /home/kb/Anveshika/Anveshika_ws/install/openslam_gmapping/include//gmapping/utils/commandline.h
[0.711s] -- Up-to-date symlink: /home/kb/Anveshika/Anveshika_ws/install/openslam_gmapping/include//gmapping/utils/gvalues.h
[0.711s] -- Up-to-date symlink: /home/kb/Anveshika/Anveshika_ws/install/openslam_gmapping/include//gmapping/utils/macro_params.h
[0.712s] -- Up-to-date symlink: /home/kb/Anveshika/Anveshika_ws/install/openslam_gmapping/include//gmapping/utils/point.h
[0.713s] -- Up-to-date symlink: /home/kb/Anveshika/Anveshika_ws/install/openslam_gmapping/include//gmapping/utils/stat.h
[0.713s] -- Up-to-date symlink: /home/kb/Anveshika/Anveshika_ws/install/openslam_gmapping/share/ament_index/resource_index/package_run_dependencies/openslam_gmapping
[0.714s] -- Up-to-date symlink: /home/kb/Anveshika/Anveshika_ws/install/openslam_gmapping/share/ament_index/resource_index/parent_prefix_path/openslam_gmapping
[0.714s] -- Up-to-date symlink: /home/kb/Anveshika/Anveshika_ws/install/openslam_gmapping/share/openslam_gmapping/environment/ament_prefix_path.sh
[0.714s] -- Up-to-date symlink: /home/kb/Anveshika/Anveshika_ws/install/openslam_gmapping/share/openslam_gmapping/environment/ament_prefix_path.dsv
[0.714s] -- Up-to-date symlink: /home/kb/Anveshika/Anveshika_ws/install/openslam_gmapping/share/openslam_gmapping/environment/path.sh
[0.714s] -- Up-to-date symlink: /home/kb/Anveshika/Anveshika_ws/install/openslam_gmapping/share/openslam_gmapping/environment/path.dsv
[0.715s] -- Up-to-date symlink: /home/kb/Anveshika/Anveshika_ws/install/openslam_gmapping/share/openslam_gmapping/local_setup.bash
[0.715s] -- Up-to-date symlink: /home/kb/Anveshika/Anveshika_ws/install/openslam_gmapping/share/openslam_gmapping/local_setup.sh
[0.716s] -- Up-to-date symlink: /home/kb/Anveshika/Anveshika_ws/install/openslam_gmapping/share/openslam_gmapping/local_setup.zsh
[0.716s] -- Up-to-date symlink: /home/kb/Anveshika/Anveshika_ws/install/openslam_gmapping/share/openslam_gmapping/local_setup.dsv
[0.717s] -- Symlinking: /home/kb/Anveshika/Anveshika_ws/install/openslam_gmapping/share/openslam_gmapping/package.dsv
[0.727s] -- Up-to-date symlink: /home/kb/Anveshika/Anveshika_ws/install/openslam_gmapping/share/ament_index/resource_index/packages/openslam_gmapping
[0.727s] -- Up-to-date symlink: /home/kb/Anveshika/Anveshika_ws/install/openslam_gmapping/share/openslam_gmapping/cmake/ament_cmake_export_libraries-extras.cmake
[0.729s] -- Up-to-date symlink: /home/kb/Anveshika/Anveshika_ws/install/openslam_gmapping/share/openslam_gmapping/cmake/ament_cmake_export_include_directories-extras.cmake
[0.729s] -- Up-to-date symlink: /home/kb/Anveshika/Anveshika_ws/install/openslam_gmapping/share/openslam_gmapping/cmake/openslam_gmappingConfig.cmake
[0.729s] -- Up-to-date symlink: /home/kb/Anveshika/Anveshika_ws/install/openslam_gmapping/share/openslam_gmapping/cmake/openslam_gmappingConfig-version.cmake
[0.730s] -- Up-to-date symlink: /home/kb/Anveshika/Anveshika_ws/install/openslam_gmapping/share/openslam_gmapping/package.xml
[0.758s] Invoked command in '/home/kb/Anveshika/Anveshika_ws/build/openslam_gmapping' returned '0': CMAKE_PREFIX_PATH=${CMAKE_PREFIX_PATH}:/home/kb/Anveshika/Anveshika_ws/install/slam_lidar:/home/kb/Anveshika/Anveshika_ws/install/anveshika_swerve_controller:/home/kb/yolo_ws/install/yolo_read:/home/kb/camera_ws/install/ros2_camera:/home/kb/zinger_ws/install/zinger_swerve_controller:/opt/ros/humble /usr/bin/cmake --install /home/kb/Anveshika/Anveshika_ws/build/openslam_gmapping
