[3.531s] Invoking command in '/home/kb/Anveshika/Anveshika_ws/build/slam_lidar': PYTHONPATH=/home/kb/Anveshika/Anveshika_ws/build/slam_lidar/prefix_override:/usr/lib/python3/dist-packages/colcon_core/task/python/colcon_distutils_commands:/home/kb/Anveshika/Anveshika_ws/install/slam_lidar/lib/python3.10/site-packages:${PYTHONPATH} /usr/bin/python3 -W ignore:setup.py install is deprecated setup.py develop --editable --build-directory /home/kb/Anveshika/Anveshika_ws/build/slam_lidar/build --no-deps symlink_data
[3.809s] running develop
[3.810s] /usr/lib/python3/dist-packages/setuptools/command/easy_install.py:158: EasyInstallDeprecationWarning: easy_install command is deprecated. Use build and pip and other standards-based tools.
[3.810s]   warnings.warn(
[4.028s] running egg_info
[4.028s] writing slam_lidar.egg-info/PKG-INFO
[4.028s] writing dependency_links to slam_lidar.egg-info/dependency_links.txt
[4.029s] writing entry points to slam_lidar.egg-info/entry_points.txt
[4.029s] writing requirements to slam_lidar.egg-info/requires.txt
[4.029s] writing top-level names to slam_lidar.egg-info/top_level.txt
[4.031s] reading manifest file 'slam_lidar.egg-info/SOURCES.txt'
[4.074s] writing manifest file 'slam_lidar.egg-info/SOURCES.txt'
[4.079s] running build_ext
[4.080s] Creating /home/kb/Anveshika/Anveshika_ws/install/slam_lidar/lib/python3.10/site-packages/slam-lidar.egg-link (link to .)
[4.082s] Installing driving_node script to /home/kb/Anveshika/Anveshika_ws/install/slam_lidar/lib/slam_lidar
[4.083s] Installing mapping_node script to /home/kb/Anveshika/Anveshika_ws/install/slam_lidar/lib/slam_lidar
[4.084s] Installing navigation_node script to /home/kb/Anveshika/Anveshika_ws/install/slam_lidar/lib/slam_lidar
[4.085s] 
[4.085s] Installed /home/kb/Anveshika/Anveshika_ws/build/slam_lidar
[4.085s] running symlink_data
[4.202s] Invoked command in '/home/kb/Anveshika/Anveshika_ws/build/slam_lidar' returned '0': PYTHONPATH=/home/kb/Anveshika/Anveshika_ws/build/slam_lidar/prefix_override:/usr/lib/python3/dist-packages/colcon_core/task/python/colcon_distutils_commands:/home/kb/Anveshika/Anveshika_ws/install/slam_lidar/lib/python3.10/site-packages:${PYTHONPATH} /usr/bin/python3 -W ignore:setup.py install is deprecated setup.py develop --editable --build-directory /home/kb/Anveshika/Anveshika_ws/build/slam_lidar/build --no-deps symlink_data
