[0.193s] DEBUG:colcon:Command line arguments: ['/usr/bin/colcon', 'list', '-p', '--base-paths', '/home/kb/Anveshika/Anveshika_ws']
[0.193s] DEBUG:colcon:Parsed command line arguments: Namespace(log_base=None, log_level=None, verb_name='list', build_base='build', ignore_user_meta=False, metas=['./colcon.meta'], base_paths=['/home/kb/Anveshika/Anveshika_ws'], packages_ignore=None, packages_ignore_regex=None, paths=None, packages_up_to=None, packages_up_to_regex=None, packages_above=None, packages_above_and_dependencies=None, packages_above_depth=None, packages_select_by_dep=None, packages_skip_by_dep=None, packages_skip_up_to=None, packages_select_build_failed=False, packages_skip_build_finished=False, packages_select_test_failures=False, packages_skip_test_passed=False, packages_select=None, packages_skip=None, packages_select_regex=None, packages_skip_regex=None, packages_start=None, packages_end=None, allow_overriding=[], topological_order=False, names_only=False, paths_only=True, topological_graph=False, topological_graph_dot=False, topological_graph_density=False, topological_graph_legend=False, topological_graph_dot_cluster=False, topological_graph_dot_include_skipped=False, mixin_files=None, mixin=None, verb_parser=<colcon_mixin.mixin.mixin_argument.MixinArgumentDecorator object at 0x77f5baabbd90>, verb_extension=<colcon_package_information.verb.list.ListVerb object at 0x77f5baabb040>, main=<bound method ListVerb.main of <colcon_package_information.verb.list.ListVerb object at 0x77f5baabb040>>, mixin_verb=('list',))
[0.669s] Level 1:colcon.colcon_core.package_discovery:discover_packages(colcon_meta) check parameters
[0.669s] Level 1:colcon.colcon_core.package_discovery:discover_packages(recursive) check parameters
[0.670s] Level 1:colcon.colcon_core.package_discovery:discover_packages(ignore) check parameters
[0.670s] Level 1:colcon.colcon_core.package_discovery:discover_packages(path) check parameters
[0.670s] Level 1:colcon.colcon_core.package_discovery:discover_packages(recursive) discover
[0.670s] INFO:colcon.colcon_core.package_discovery:Crawling recursively for packages in '/home/kb/Anveshika/Anveshika_ws'
[0.670s] Level 1:colcon.colcon_core.package_identification:_identify(/home/kb/Anveshika/Anveshika_ws) by extensions ['ignore', 'ignore_ament_install']
[0.670s] Level 1:colcon.colcon_core.package_identification:_identify(/home/kb/Anveshika/Anveshika_ws) by extension 'ignore'
[0.670s] Level 1:colcon.colcon_core.package_identification:_identify(/home/kb/Anveshika/Anveshika_ws) by extension 'ignore_ament_install'
[0.670s] Level 1:colcon.colcon_core.package_identification:_identify(/home/kb/Anveshika/Anveshika_ws) by extensions ['colcon_pkg']
[0.670s] Level 1:colcon.colcon_core.package_identification:_identify(/home/kb/Anveshika/Anveshika_ws) by extension 'colcon_pkg'
[0.670s] Level 1:colcon.colcon_core.package_identification:_identify(/home/kb/Anveshika/Anveshika_ws) by extensions ['colcon_meta']
[0.671s] Level 1:colcon.colcon_core.package_identification:_identify(/home/kb/Anveshika/Anveshika_ws) by extension 'colcon_meta'
[0.671s] Level 1:colcon.colcon_core.package_identification:_identify(/home/kb/Anveshika/Anveshika_ws) by extensions ['ros']
[0.671s] Level 1:colcon.colcon_core.package_identification:_identify(/home/kb/Anveshika/Anveshika_ws) by extension 'ros'
[0.713s] Level 1:colcon.colcon_core.package_identification:_identify(/home/kb/Anveshika/Anveshika_ws) by extensions ['cmake', 'python']
[0.713s] Level 1:colcon.colcon_core.package_identification:_identify(/home/kb/Anveshika/Anveshika_ws) by extension 'cmake'
[0.714s] Level 1:colcon.colcon_core.package_identification:_identify(/home/kb/Anveshika/Anveshika_ws) by extension 'python'
[0.714s] Level 1:colcon.colcon_core.package_identification:_identify(/home/kb/Anveshika/Anveshika_ws) by extensions ['python_setup_py']
[0.714s] Level 1:colcon.colcon_core.package_identification:_identify(/home/kb/Anveshika/Anveshika_ws) by extension 'python_setup_py'
[0.714s] Level 1:colcon.colcon_core.package_identification:_identify(/home/kb/Anveshika/Anveshika_ws/build) by extensions ['ignore', 'ignore_ament_install']
[0.714s] Level 1:colcon.colcon_core.package_identification:_identify(/home/kb/Anveshika/Anveshika_ws/build) by extension 'ignore'
[0.714s] Level 1:colcon.colcon_core.package_identification:_identify(/home/kb/Anveshika/Anveshika_ws/build) ignored
[0.720s] Level 1:colcon.colcon_core.package_identification:_identify(/home/kb/Anveshika/Anveshika_ws/eYs3D) by extensions ['ignore', 'ignore_ament_install']
[0.720s] Level 1:colcon.colcon_core.package_identification:_identify(/home/kb/Anveshika/Anveshika_ws/eYs3D) by extension 'ignore'
[0.720s] Level 1:colcon.colcon_core.package_identification:_identify(/home/kb/Anveshika/Anveshika_ws/eYs3D) by extension 'ignore_ament_install'
[0.721s] Level 1:colcon.colcon_core.package_identification:_identify(/home/kb/Anveshika/Anveshika_ws/eYs3D) by extensions ['colcon_pkg']
[0.721s] Level 1:colcon.colcon_core.package_identification:_identify(/home/kb/Anveshika/Anveshika_ws/eYs3D) by extension 'colcon_pkg'
[0.721s] Level 1:colcon.colcon_core.package_identification:_identify(/home/kb/Anveshika/Anveshika_ws/eYs3D) by extensions ['colcon_meta']
[0.721s] Level 1:colcon.colcon_core.package_identification:_identify(/home/kb/Anveshika/Anveshika_ws/eYs3D) by extension 'colcon_meta'
[0.721s] Level 1:colcon.colcon_core.package_identification:_identify(/home/kb/Anveshika/Anveshika_ws/eYs3D) by extensions ['ros']
[0.721s] Level 1:colcon.colcon_core.package_identification:_identify(/home/kb/Anveshika/Anveshika_ws/eYs3D) by extension 'ros'
[0.721s] Level 1:colcon.colcon_core.package_identification:_identify(/home/kb/Anveshika/Anveshika_ws/eYs3D) by extensions ['cmake', 'python']
[0.721s] Level 1:colcon.colcon_core.package_identification:_identify(/home/kb/Anveshika/Anveshika_ws/eYs3D) by extension 'cmake'
[0.721s] Level 1:colcon.colcon_core.package_identification:_identify(/home/kb/Anveshika/Anveshika_ws/eYs3D) by extension 'python'
[0.721s] Level 1:colcon.colcon_core.package_identification:_identify(/home/kb/Anveshika/Anveshika_ws/eYs3D) by extensions ['python_setup_py']
[0.721s] Level 1:colcon.colcon_core.package_identification:_identify(/home/kb/Anveshika/Anveshika_ws/eYs3D) by extension 'python_setup_py'
[0.730s] Level 1:colcon.colcon_core.package_identification:_identify(/home/kb/Anveshika/Anveshika_ws/eYs3D/cfg) by extensions ['ignore', 'ignore_ament_install']
[0.730s] Level 1:colcon.colcon_core.package_identification:_identify(/home/kb/Anveshika/Anveshika_ws/eYs3D/cfg) by extension 'ignore'
[0.730s] Level 1:colcon.colcon_core.package_identification:_identify(/home/kb/Anveshika/Anveshika_ws/eYs3D/cfg) by extension 'ignore_ament_install'
[0.730s] Level 1:colcon.colcon_core.package_identification:_identify(/home/kb/Anveshika/Anveshika_ws/eYs3D/cfg) by extensions ['colcon_pkg']
[0.730s] Level 1:colcon.colcon_core.package_identification:_identify(/home/kb/Anveshika/Anveshika_ws/eYs3D/cfg) by extension 'colcon_pkg'
[0.730s] Level 1:colcon.colcon_core.package_identification:_identify(/home/kb/Anveshika/Anveshika_ws/eYs3D/cfg) by extensions ['colcon_meta']
[0.730s] Level 1:colcon.colcon_core.package_identification:_identify(/home/kb/Anveshika/Anveshika_ws/eYs3D/cfg) by extension 'colcon_meta'
[0.731s] Level 1:colcon.colcon_core.package_identification:_identify(/home/kb/Anveshika/Anveshika_ws/eYs3D/cfg) by extensions ['ros']
[0.731s] Level 1:colcon.colcon_core.package_identification:_identify(/home/kb/Anveshika/Anveshika_ws/eYs3D/cfg) by extension 'ros'
[0.731s] Level 1:colcon.colcon_core.package_identification:_identify(/home/kb/Anveshika/Anveshika_ws/eYs3D/cfg) by extensions ['cmake', 'python']
[0.731s] Level 1:colcon.colcon_core.package_identification:_identify(/home/kb/Anveshika/Anveshika_ws/eYs3D/cfg) by extension 'cmake'
[0.731s] Level 1:colcon.colcon_core.package_identification:_identify(/home/kb/Anveshika/Anveshika_ws/eYs3D/cfg) by extension 'python'
[0.731s] Level 1:colcon.colcon_core.package_identification:_identify(/home/kb/Anveshika/Anveshika_ws/eYs3D/cfg) by extensions ['python_setup_py']
[0.731s] Level 1:colcon.colcon_core.package_identification:_identify(/home/kb/Anveshika/Anveshika_ws/eYs3D/cfg) by extension 'python_setup_py'
[0.735s] Level 1:colcon.colcon_core.package_identification:_identify(/home/kb/Anveshika/Anveshika_ws/eYs3D/cfg/DM_Quality_Cfg) by extensions ['ignore', 'ignore_ament_install']
[0.735s] Level 1:colcon.colcon_core.package_identification:_identify(/home/kb/Anveshika/Anveshika_ws/eYs3D/cfg/DM_Quality_Cfg) by extension 'ignore'
[0.736s] Level 1:colcon.colcon_core.package_identification:_identify(/home/kb/Anveshika/Anveshika_ws/eYs3D/cfg/DM_Quality_Cfg) by extension 'ignore_ament_install'
[0.736s] Level 1:colcon.colcon_core.package_identification:_identify(/home/kb/Anveshika/Anveshika_ws/eYs3D/cfg/DM_Quality_Cfg) by extensions ['colcon_pkg']
[0.736s] Level 1:colcon.colcon_core.package_identification:_identify(/home/kb/Anveshika/Anveshika_ws/eYs3D/cfg/DM_Quality_Cfg) by extension 'colcon_pkg'
[0.736s] Level 1:colcon.colcon_core.package_identification:_identify(/home/kb/Anveshika/Anveshika_ws/eYs3D/cfg/DM_Quality_Cfg) by extensions ['colcon_meta']
[0.736s] Level 1:colcon.colcon_core.package_identification:_identify(/home/kb/Anveshika/Anveshika_ws/eYs3D/cfg/DM_Quality_Cfg) by extension 'colcon_meta'
[0.736s] Level 1:colcon.colcon_core.package_identification:_identify(/home/kb/Anveshika/Anveshika_ws/eYs3D/cfg/DM_Quality_Cfg) by extensions ['ros']
[0.736s] Level 1:colcon.colcon_core.package_identification:_identify(/home/kb/Anveshika/Anveshika_ws/eYs3D/cfg/DM_Quality_Cfg) by extension 'ros'
[0.736s] Level 1:colcon.colcon_core.package_identification:_identify(/home/kb/Anveshika/Anveshika_ws/eYs3D/cfg/DM_Quality_Cfg) by extensions ['cmake', 'python']
[0.736s] Level 1:colcon.colcon_core.package_identification:_identify(/home/kb/Anveshika/Anveshika_ws/eYs3D/cfg/DM_Quality_Cfg) by extension 'cmake'
[0.736s] Level 1:colcon.colcon_core.package_identification:_identify(/home/kb/Anveshika/Anveshika_ws/eYs3D/cfg/DM_Quality_Cfg) by extension 'python'
[0.736s] Level 1:colcon.colcon_core.package_identification:_identify(/home/kb/Anveshika/Anveshika_ws/eYs3D/cfg/DM_Quality_Cfg) by extensions ['python_setup_py']
[0.737s] Level 1:colcon.colcon_core.package_identification:_identify(/home/kb/Anveshika/Anveshika_ws/eYs3D/cfg/DM_Quality_Cfg) by extension 'python_setup_py'
[0.737s] Level 1:colcon.colcon_core.package_identification:_identify(/home/kb/Anveshika/Anveshika_ws/install) by extensions ['ignore', 'ignore_ament_install']
[0.737s] Level 1:colcon.colcon_core.package_identification:_identify(/home/kb/Anveshika/Anveshika_ws/install) by extension 'ignore'
[0.737s] Level 1:colcon.colcon_core.package_identification:_identify(/home/kb/Anveshika/Anveshika_ws/install) ignored
[0.737s] Level 1:colcon.colcon_core.package_identification:_identify(/home/kb/Anveshika/Anveshika_ws/log) by extensions ['ignore', 'ignore_ament_install']
[0.737s] Level 1:colcon.colcon_core.package_identification:_identify(/home/kb/Anveshika/Anveshika_ws/log) by extension 'ignore'
[0.738s] Level 1:colcon.colcon_core.package_identification:_identify(/home/kb/Anveshika/Anveshika_ws/log) ignored
[0.738s] Level 1:colcon.colcon_core.package_identification:_identify(/home/kb/Anveshika/Anveshika_ws/src) by extensions ['ignore', 'ignore_ament_install']
[0.738s] Level 1:colcon.colcon_core.package_identification:_identify(/home/kb/Anveshika/Anveshika_ws/src) by extension 'ignore'
[0.738s] Level 1:colcon.colcon_core.package_identification:_identify(/home/kb/Anveshika/Anveshika_ws/src) by extension 'ignore_ament_install'
[0.738s] Level 1:colcon.colcon_core.package_identification:_identify(/home/kb/Anveshika/Anveshika_ws/src) by extensions ['colcon_pkg']
[0.738s] Level 1:colcon.colcon_core.package_identification:_identify(/home/kb/Anveshika/Anveshika_ws/src) by extension 'colcon_pkg'
[0.738s] Level 1:colcon.colcon_core.package_identification:_identify(/home/kb/Anveshika/Anveshika_ws/src) by extensions ['colcon_meta']
[0.738s] Level 1:colcon.colcon_core.package_identification:_identify(/home/kb/Anveshika/Anveshika_ws/src) by extension 'colcon_meta'
[0.738s] Level 1:colcon.colcon_core.package_identification:_identify(/home/kb/Anveshika/Anveshika_ws/src) by extensions ['ros']
[0.738s] Level 1:colcon.colcon_core.package_identification:_identify(/home/kb/Anveshika/Anveshika_ws/src) by extension 'ros'
[0.739s] Level 1:colcon.colcon_core.package_identification:_identify(/home/kb/Anveshika/Anveshika_ws/src) by extensions ['cmake', 'python']
[0.739s] Level 1:colcon.colcon_core.package_identification:_identify(/home/kb/Anveshika/Anveshika_ws/src) by extension 'cmake'
[0.739s] Level 1:colcon.colcon_core.package_identification:_identify(/home/kb/Anveshika/Anveshika_ws/src) by extension 'python'
[0.739s] Level 1:colcon.colcon_core.package_identification:_identify(/home/kb/Anveshika/Anveshika_ws/src) by extensions ['python_setup_py']
[0.739s] Level 1:colcon.colcon_core.package_identification:_identify(/home/kb/Anveshika/Anveshika_ws/src) by extension 'python_setup_py'
[0.739s] Level 1:colcon.colcon_core.package_identification:_identify(/home/kb/Anveshika/Anveshika_ws/src/anveshika_description) by extensions ['ignore', 'ignore_ament_install']
[0.739s] Level 1:colcon.colcon_core.package_identification:_identify(/home/kb/Anveshika/Anveshika_ws/src/anveshika_description) by extension 'ignore'
[0.745s] Level 1:colcon.colcon_core.package_identification:_identify(/home/kb/Anveshika/Anveshika_ws/src/anveshika_description) by extension 'ignore_ament_install'
[0.746s] Level 1:colcon.colcon_core.package_identification:_identify(/home/kb/Anveshika/Anveshika_ws/src/anveshika_description) by extensions ['colcon_pkg']
[0.746s] Level 1:colcon.colcon_core.package_identification:_identify(/home/kb/Anveshika/Anveshika_ws/src/anveshika_description) by extension 'colcon_pkg'
[0.746s] Level 1:colcon.colcon_core.package_identification:_identify(/home/kb/Anveshika/Anveshika_ws/src/anveshika_description) by extensions ['colcon_meta']
[0.746s] Level 1:colcon.colcon_core.package_identification:_identify(/home/kb/Anveshika/Anveshika_ws/src/anveshika_description) by extension 'colcon_meta'
[0.746s] Level 1:colcon.colcon_core.package_identification:_identify(/home/kb/Anveshika/Anveshika_ws/src/anveshika_description) by extensions ['ros']
[0.746s] Level 1:colcon.colcon_core.package_identification:_identify(/home/kb/Anveshika/Anveshika_ws/src/anveshika_description) by extension 'ros'
[0.750s] DEBUG:colcon.colcon_core.package_identification:Package '/home/kb/Anveshika/Anveshika_ws/src/anveshika_description' with type 'ros.ament_cmake' and name 'anveshika_description'
[0.760s] Level 1:colcon.colcon_core.package_identification:_identify(/home/kb/Anveshika/Anveshika_ws/src/dm_preview) by extensions ['ignore', 'ignore_ament_install']
[0.761s] Level 1:colcon.colcon_core.package_identification:_identify(/home/kb/Anveshika/Anveshika_ws/src/dm_preview) by extension 'ignore'
[0.761s] Level 1:colcon.colcon_core.package_identification:_identify(/home/kb/Anveshika/Anveshika_ws/src/dm_preview) by extension 'ignore_ament_install'
[0.761s] Level 1:colcon.colcon_core.package_identification:_identify(/home/kb/Anveshika/Anveshika_ws/src/dm_preview) by extensions ['colcon_pkg']
[0.761s] Level 1:colcon.colcon_core.package_identification:_identify(/home/kb/Anveshika/Anveshika_ws/src/dm_preview) by extension 'colcon_pkg'
[0.762s] Level 1:colcon.colcon_core.package_identification:_identify(/home/kb/Anveshika/Anveshika_ws/src/dm_preview) by extensions ['colcon_meta']
[0.762s] Level 1:colcon.colcon_core.package_identification:_identify(/home/kb/Anveshika/Anveshika_ws/src/dm_preview) by extension 'colcon_meta'
[0.762s] Level 1:colcon.colcon_core.package_identification:_identify(/home/kb/Anveshika/Anveshika_ws/src/dm_preview) by extensions ['ros']
[0.762s] Level 1:colcon.colcon_core.package_identification:_identify(/home/kb/Anveshika/Anveshika_ws/src/dm_preview) by extension 'ros'
[0.764s] DEBUG:colcon.colcon_core.package_identification:Package '/home/kb/Anveshika/Anveshika_ws/src/dm_preview' with type 'ros.ament_cmake' and name 'dm_preview'
[0.764s] Level 1:colcon.colcon_core.package_discovery:discover_packages(recursive) using defaults
