In file included from [01m[K/home/kb/Anveshika/Anveshika_ws/src/slam_gmapping/include/slam_gmapping/slam_gmapping.h:38[m[K,
                 from [01m[K/home/kb/Anveshika/Anveshika_ws/src/slam_gmapping/src/slam_gmapping.cpp:24[m[K:
[01m[K/opt/ros/humble/include/tf2_geometry_msgs/tf2_geometry_msgs/tf2_geometry_msgs.h:35:2:[m[K [01;35m[Kwarning: [m[K#warning This header is obsolete, please include tf2_geometry_msgs/tf2_geometry_msgs.hpp instead [[01;35m[K]8;;https://gcc.gnu.org/onlinedocs/gcc/Warning-Options.html#index-Wcpp-Wcpp]8;;[m[K]
   35 | #[01;35m[Kwarning[m[K This header is obsolete, please include tf2_geometry_msgs/tf2_geometry_msgs.hpp instead
      |  [01;35m[K^~~~~~~[m[K
In file included from [01m[K/home/kb/Anveshika/Anveshika_ws/install/openslam_gmapping/include/gmapping/gridfastslam/gridslamprocessor.h:9[m[K,
                 from [01m[K/home/kb/Anveshika/Anveshika_ws/src/slam_gmapping/include/slam_gmapping/slam_gmapping.h:45[m[K,
                 from [01m[K/home/kb/Anveshika/Anveshika_ws/src/slam_gmapping/src/slam_gmapping.cpp:24[m[K:
[01m[K/home/kb/Anveshika/Anveshika_ws/install/openslam_gmapping/include/gmapping/particlefilter/particlefilter.h:[m[K In function ‘[01m[Kvoid rle(OutputIterator&, const Iterator&, const Iterator&)[m[K’:
[01m[K/home/kb/Anveshika/Anveshika_ws/install/openslam_gmapping/include/gmapping/particlefilter/particlefilter.h:140:9:[m[K [01;35m[Kwarning: [m[Kthis ‘[01m[Kif[m[K’ clause does not guard... [[01;35m[K]8;;https://gcc.gnu.org/onlinedocs/gcc/Warning-Options.html#index-Wmisleading-indentation-Wmisleading-indentation]8;;[m[K]
  140 |         [01;35m[Kif[m[K (count>0)
      |         [01;35m[K^~[m[K
[01m[K/home/kb/Anveshika/Anveshika_ws/install/openslam_gmapping/include/gmapping/particlefilter/particlefilter.h:142:17:[m[K [01;36m[Knote: [m[K...this statement, but the latter is misleadingly indented as if it were guarded by the ‘[01m[Kif[m[K’
  142 |                 [01;36m[Kout[m[K++;
      |                 [01;36m[K^~~[m[K
[01m[K/home/kb/Anveshika/Anveshika_ws/src/slam_gmapping/src/slam_gmapping.cpp:[m[K In constructor ‘[01m[KSlamGmapping::SlamGmapping()[m[K’:
[01m[K/home/kb/Anveshika/Anveshika_ws/src/slam_gmapping/src/slam_gmapping.cpp:34:5:[m[K [01;31m[Kerror: [m[Kclass ‘[01m[KSlamGmapping[m[K’ does not have any field named ‘[01m[Kscan_filter_sub_[m[K’
   34 |     [01;31m[Kscan_filter_sub_[m[K(nullptr),
      |     [01;31m[K^~~~~~~~~~~~~~~~[m[K
gmake[2]: *** [CMakeFiles/slam_gmapping.dir/build.make:76: CMakeFiles/slam_gmapping.dir/src/slam_gmapping.cpp.o] Error 1
gmake[1]: *** [CMakeFiles/Makefile2:137: CMakeFiles/slam_gmapping.dir/all] Error 2
gmake: *** [Makefile:146: all] Error 2
