[0.022s] Invoking command in '/home/kb/Anveshika/Anveshika_ws/build/slam_gmapping': CMAKE_PREFIX_PATH=/home/kb/Anveshika/Anveshika_ws/install/openslam_gmapping:/home/kb/Anveshika/Anveshika_ws/install/slam_gmapping:/home/kb/Anveshika/Anveshika_ws/install/dm_preview:/home/kb/Anveshika/Anveshika_ws/install/anveshika_nav:/home/kb/Anveshika/Anveshika_ws/install/anveshika_bringup:/home/kb/Anveshika/Anveshika_ws/install/anveshika_description:/home/kb/ydlidar_ros2_driver/install/ydlidar_ros2_driver:/home/kb/zinger_ws/install/zinger_description:/home/kb/ros2_ws/install/my_robot_bringup:/home/kb/ros2_ws/install/my_robot_description:/home/kb/cartographer_ws/install/cartographer_rviz:/home/kb/cartographer_ws/install/cartographer_ros:/home/kb/cartographer_ws/install/cartographer_ros_msgs:/home/kb/Anveshika/Anveshika_ws/install/slam_lidar:/home/kb/Anveshika/Anveshika_ws/install/anveshika_swerve_controller:/home/kb/yolo_ws/install/yolo_read:/home/kb/camera_ws/install/ros2_camera:/home/kb/zinger_ws/install/zinger_swerve_controller:/opt/ros/humble /usr/bin/cmake --build /home/kb/Anveshika/Anveshika_ws/build/slam_gmapping -- -j8 -l8
[0.066s] [35m[1mConsolidate compiler generated dependencies of target slam_gmapping[0m
[0.085s] [ 50%] [32mBuilding CXX object CMakeFiles/slam_gmapping.dir/src/slam_gmapping.cpp.o[0m
[0.389s] In file included from [01m[K/home/kb/Anveshika/Anveshika_ws/src/slam_gmapping/include/slam_gmapping/slam_gmapping.h:38[m[K,
[0.389s]                  from [01m[K/home/kb/Anveshika/Anveshika_ws/src/slam_gmapping/src/slam_gmapping.cpp:24[m[K:
[0.389s] [01m[K/opt/ros/humble/include/tf2_geometry_msgs/tf2_geometry_msgs/tf2_geometry_msgs.h:35:2:[m[K [01;35m[Kwarning: [m[K#warning This header is obsolete, please include tf2_geometry_msgs/tf2_geometry_msgs.hpp instead [[01;35m[K]8;;https://gcc.gnu.org/onlinedocs/gcc/Warning-Options.html#index-Wcpp-Wcpp]8;;[m[K]
[0.389s]    35 | #[01;35m[Kwarning[m[K This header is obsolete, please include tf2_geometry_msgs/tf2_geometry_msgs.hpp instead
[0.389s]       |  [01;35m[K^~~~~~~[m[K
[2.479s] In file included from [01m[K/home/kb/Anveshika/Anveshika_ws/install/openslam_gmapping/include/gmapping/gridfastslam/gridslamprocessor.h:9[m[K,
[2.480s]                  from [01m[K/home/kb/Anveshika/Anveshika_ws/src/slam_gmapping/include/slam_gmapping/slam_gmapping.h:45[m[K,
[2.480s]                  from [01m[K/home/kb/Anveshika/Anveshika_ws/src/slam_gmapping/src/slam_gmapping.cpp:24[m[K:
[2.480s] [01m[K/home/kb/Anveshika/Anveshika_ws/install/openslam_gmapping/include/gmapping/particlefilter/particlefilter.h:[m[K In function ‘[01m[Kvoid rle(OutputIterator&, const Iterator&, const Iterator&)[m[K’:
[2.480s] [01m[K/home/kb/Anveshika/Anveshika_ws/install/openslam_gmapping/include/gmapping/particlefilter/particlefilter.h:140:9:[m[K [01;35m[Kwarning: [m[Kthis ‘[01m[Kif[m[K’ clause does not guard... [[01;35m[K]8;;https://gcc.gnu.org/onlinedocs/gcc/Warning-Options.html#index-Wmisleading-indentation-Wmisleading-indentation]8;;[m[K]
[2.480s]   140 |         [01;35m[Kif[m[K (count>0)
[2.480s]       |         [01;35m[K^~[m[K
[2.480s] [01m[K/home/kb/Anveshika/Anveshika_ws/install/openslam_gmapping/include/gmapping/particlefilter/particlefilter.h:142:17:[m[K [01;36m[Knote: [m[K...this statement, but the latter is misleadingly indented as if it were guarded by the ‘[01m[Kif[m[K’
[2.480s]   142 |                 [01;36m[Kout[m[K++;
[2.480s]       |                 [01;36m[K^~~[m[K
[2.584s] [01m[K/home/kb/Anveshika/Anveshika_ws/src/slam_gmapping/src/slam_gmapping.cpp:[m[K In constructor ‘[01m[KSlamGmapping::SlamGmapping()[m[K’:
[2.584s] [01m[K/home/kb/Anveshika/Anveshika_ws/src/slam_gmapping/src/slam_gmapping.cpp:34:5:[m[K [01;31m[Kerror: [m[Kclass ‘[01m[KSlamGmapping[m[K’ does not have any field named ‘[01m[Kscan_filter_sub_[m[K’
[2.584s]    34 |     [01;31m[Kscan_filter_sub_[m[K(nullptr),
[2.584s]       |     [01;31m[K^~~~~~~~~~~~~~~~[m[K
[5.196s] gmake[2]: *** [CMakeFiles/slam_gmapping.dir/build.make:76: CMakeFiles/slam_gmapping.dir/src/slam_gmapping.cpp.o] Error 1
[5.196s] gmake[1]: *** [CMakeFiles/Makefile2:137: CMakeFiles/slam_gmapping.dir/all] Error 2
[5.197s] gmake: *** [Makefile:146: all] Error 2
[5.199s] Invoked command in '/home/kb/Anveshika/Anveshika_ws/build/slam_gmapping' returned '2': CMAKE_PREFIX_PATH=/home/kb/Anveshika/Anveshika_ws/install/openslam_gmapping:/home/kb/Anveshika/Anveshika_ws/install/slam_gmapping:/home/kb/Anveshika/Anveshika_ws/install/dm_preview:/home/kb/Anveshika/Anveshika_ws/install/anveshika_nav:/home/kb/Anveshika/Anveshika_ws/install/anveshika_bringup:/home/kb/Anveshika/Anveshika_ws/install/anveshika_description:/home/kb/ydlidar_ros2_driver/install/ydlidar_ros2_driver:/home/kb/zinger_ws/install/zinger_description:/home/kb/ros2_ws/install/my_robot_bringup:/home/kb/ros2_ws/install/my_robot_description:/home/kb/cartographer_ws/install/cartographer_rviz:/home/kb/cartographer_ws/install/cartographer_ros:/home/kb/cartographer_ws/install/cartographer_ros_msgs:/home/kb/Anveshika/Anveshika_ws/install/slam_lidar:/home/kb/Anveshika/Anveshika_ws/install/anveshika_swerve_controller:/home/kb/yolo_ws/install/yolo_read:/home/kb/camera_ws/install/ros2_camera:/home/kb/zinger_ws/install/zinger_swerve_controller:/opt/ros/humble /usr/bin/cmake --build /home/kb/Anveshika/Anveshika_ws/build/slam_gmapping -- -j8 -l8
