[1.509s] Invoking command in '/home/kb/Anveshika/Anveshika_ws/build/slam_lidar': PYTHONPATH=/home/kb/Anveshika/Anveshika_ws/build/slam_lidar/prefix_override:/usr/lib/python3/dist-packages/colcon_core/task/python/colcon_distutils_commands:/home/kb/Anveshika/Anveshika_ws/install/slam_lidar/lib/python3.10/site-packages:${PYTHONPATH} /usr/bin/python3 -W ignore:setup.py install is deprecated setup.py develop --editable --build-directory /home/kb/Anveshika/Anveshika_ws/build/slam_lidar/build --no-deps symlink_data
[1.997s] running develop
[1.997s] /usr/lib/python3/dist-packages/setuptools/command/easy_install.py:158: EasyInstallDeprecationWarning: easy_install command is deprecated. Use build and pip and other standards-based tools.
[1.997s]   warnings.warn(
[2.398s] running egg_info
[2.399s] writing slam_lidar.egg-info/PKG-INFO
[2.399s] writing dependency_links to slam_lidar.egg-info/dependency_links.txt
[2.399s] writing entry points to slam_lidar.egg-info/entry_points.txt
[2.399s] writing requirements to slam_lidar.egg-info/requires.txt
[2.399s] writing top-level names to slam_lidar.egg-info/top_level.txt
[2.402s] reading manifest file 'slam_lidar.egg-info/SOURCES.txt'
[2.403s] writing manifest file 'slam_lidar.egg-info/SOURCES.txt'
[2.406s] running build_ext
[2.407s] Creating /home/kb/Anveshika/Anveshika_ws/install/slam_lidar/lib/python3.10/site-packages/slam-lidar.egg-link (link to .)
[2.408s] Installing driving_node script to /home/kb/Anveshika/Anveshika_ws/install/slam_lidar/lib/slam_lidar
[2.409s] Installing mapping_node script to /home/kb/Anveshika/Anveshika_ws/install/slam_lidar/lib/slam_lidar
[2.409s] Installing navigation_node script to /home/kb/Anveshika/Anveshika_ws/install/slam_lidar/lib/slam_lidar
[2.409s] 
[2.410s] Installed /home/kb/Anveshika/Anveshika_ws/build/slam_lidar
[2.411s] running symlink_data
[2.453s] Invoked command in '/home/kb/Anveshika/Anveshika_ws/build/slam_lidar' returned '0': PYTHONPATH=/home/kb/Anveshika/Anveshika_ws/build/slam_lidar/prefix_override:/usr/lib/python3/dist-packages/colcon_core/task/python/colcon_distutils_commands:/home/kb/Anveshika/Anveshika_ws/install/slam_lidar/lib/python3.10/site-packages:${PYTHONPATH} /usr/bin/python3 -W ignore:setup.py install is deprecated setup.py develop --editable --build-directory /home/kb/Anveshika/Anveshika_ws/build/slam_lidar/build --no-deps symlink_data
