[0.197s] Invoking command in '/home/kb/Anveshika/Anveshika_ws/build/dm_preview': CMAKE_PREFIX_PATH=${CMAKE_PREFIX_PATH}:/opt/ros/humble /usr/bin/cmake --build /home/kb/Anveshika/Anveshika_ws/build/dm_preview -- -j8 -l8
[0.495s] [ 33%] Built target apc_camera_component
[0.616s] [ 66%] Built target apc_camera_listener_node
[0.619s] [100%] Built target apc_camera_node
[0.660s] Invoked command in '/home/kb/Anveshika/Anveshika_ws/build/dm_preview' returned '0': CMAKE_PREFIX_PATH=${CMAKE_PREFIX_PATH}:/opt/ros/humble /usr/bin/cmake --build /home/kb/Anveshika/Anveshika_ws/build/dm_preview -- -j8 -l8
[0.805s] Invoking command in '/home/kb/Anveshika/Anveshika_ws/build/dm_preview': CMAKE_PREFIX_PATH=${CMAKE_PREFIX_PATH}:/opt/ros/humble /usr/bin/cmake --install /home/kb/Anveshika/Anveshika_ws/build/dm_preview
[0.851s] -- Install configuration: ""
[0.853s] -- Execute custom install script
[0.855s] -- Up-to-date symlink: /home/kb/Anveshika/Anveshika_ws/install/dm_preview/lib/dm_preview/apc_camera_listener_node
[0.856s] -- Up-to-date symlink: /home/kb/Anveshika/Anveshika_ws/install/dm_preview/lib/libapc_camera_component.so
[0.858s] -- Up-to-date symlink: /home/kb/Anveshika/Anveshika_ws/install/dm_preview/lib/dm_preview/apc_camera_node
[0.863s] -- Up-to-date symlink: /home/kb/Anveshika/Anveshika_ws/install/dm_preview/lib//Debug/libeys3d.NVIDIA_64.so
[0.864s] -- Up-to-date symlink: /home/kb/Anveshika/Anveshika_ws/install/dm_preview/lib//Debug/libeys3d.NVIDIA_64.so.d5be8506
[0.864s] -- Up-to-date symlink: /home/kb/Anveshika/Anveshika_ws/install/dm_preview/lib//Debug/libeys3d.X86_64.so
[0.865s] -- Up-to-date symlink: /home/kb/Anveshika/Anveshika_ws/install/dm_preview/lib//Debug/libeys3d.X86_64.so.d5be8506
[0.866s] -- Up-to-date symlink: /home/kb/Anveshika/Anveshika_ws/install/dm_preview/lib//eSPDI/Debug/libeSPDI_NVIDIA_64_debug.so
[0.866s] -- Up-to-date symlink: /home/kb/Anveshika/Anveshika_ws/install/dm_preview/lib//eSPDI/Debug/libeSPDI_NVIDIA_64_debug.so.5.0.1.37
[0.867s] -- Up-to-date symlink: /home/kb/Anveshika/Anveshika_ws/install/dm_preview/lib//eSPDI/Debug/libeSPDI_X86_64_debug.so
[0.868s] -- Up-to-date symlink: /home/kb/Anveshika/Anveshika_ws/install/dm_preview/lib//eSPDI/Debug/libeSPDI_X86_64_debug.so.5.0.1.37
[0.869s] -- Up-to-date symlink: /home/kb/Anveshika/Anveshika_ws/install/dm_preview/lib//eSPDI/OpenCL/x86_64/include/cl.h
[0.869s] -- Up-to-date symlink: /home/kb/Anveshika/Anveshika_ws/install/dm_preview/lib//eSPDI/OpenCL/x86_64/include/cl_d3d10.h
[0.870s] -- Up-to-date symlink: /home/kb/Anveshika/Anveshika_ws/install/dm_preview/lib//eSPDI/OpenCL/x86_64/include/cl_d3d11.h
[0.871s] -- Up-to-date symlink: /home/kb/Anveshika/Anveshika_ws/install/dm_preview/lib//eSPDI/OpenCL/x86_64/include/cl_dx9_media_sharing.h
[0.872s] -- Up-to-date symlink: /home/kb/Anveshika/Anveshika_ws/install/dm_preview/lib//eSPDI/OpenCL/x86_64/include/cl_dx9_media_sharing_intel.h
[0.873s] -- Up-to-date symlink: /home/kb/Anveshika/Anveshika_ws/install/dm_preview/lib//eSPDI/OpenCL/x86_64/include/cl_egl.h
[0.873s] -- Up-to-date symlink: /home/kb/Anveshika/Anveshika_ws/install/dm_preview/lib//eSPDI/OpenCL/x86_64/include/cl_ext.h
[0.874s] -- Up-to-date symlink: /home/kb/Anveshika/Anveshika_ws/install/dm_preview/lib//eSPDI/OpenCL/x86_64/include/cl_ext_intel.h
[0.875s] -- Up-to-date symlink: /home/kb/Anveshika/Anveshika_ws/install/dm_preview/lib//eSPDI/OpenCL/x86_64/include/cl_gl.h
[0.876s] -- Up-to-date symlink: /home/kb/Anveshika/Anveshika_ws/install/dm_preview/lib//eSPDI/OpenCL/x86_64/include/cl_gl_ext.h
[0.876s] -- Up-to-date symlink: /home/kb/Anveshika/Anveshika_ws/install/dm_preview/lib//eSPDI/OpenCL/x86_64/include/cl_half.h
[0.877s] -- Up-to-date symlink: /home/kb/Anveshika/Anveshika_ws/install/dm_preview/lib//eSPDI/OpenCL/x86_64/include/cl_icd.h
[0.878s] -- Up-to-date symlink: /home/kb/Anveshika/Anveshika_ws/install/dm_preview/lib//eSPDI/OpenCL/x86_64/include/cl_platform.h
[0.879s] -- Up-to-date symlink: /home/kb/Anveshika/Anveshika_ws/install/dm_preview/lib//eSPDI/OpenCL/x86_64/include/cl_va_api_media_sharing_intel.h
[0.879s] -- Up-to-date symlink: /home/kb/Anveshika/Anveshika_ws/install/dm_preview/lib//eSPDI/OpenCL/x86_64/include/cl_version.h
[0.880s] -- Up-to-date symlink: /home/kb/Anveshika/Anveshika_ws/install/dm_preview/lib//eSPDI/OpenCL/x86_64/include/opencl.h
[0.881s] -- Up-to-date symlink: /home/kb/Anveshika/Anveshika_ws/install/dm_preview/lib//eSPDI/OpenCL/x86_64/lib/libOpenCL.so
[0.882s] -- Up-to-date symlink: /home/kb/Anveshika/Anveshika_ws/install/dm_preview/lib//eSPDI/OpenCL/x86_64/lib/libOpenCL.so.1
[0.883s] -- Up-to-date symlink: /home/kb/Anveshika/Anveshika_ws/install/dm_preview/lib//eSPDI/OpenCL/x86_64/lib/libOpenCL.so.1.2
[0.883s] -- Up-to-date symlink: /home/kb/Anveshika/Anveshika_ws/install/dm_preview/lib//eSPDI/eSPDI.h
[0.884s] -- Up-to-date symlink: /home/kb/Anveshika/Anveshika_ws/install/dm_preview/lib//eSPDI/eSPDI_def.h
[0.885s] -- Up-to-date symlink: /home/kb/Anveshika/Anveshika_ws/install/dm_preview/lib//eSPDI/eSPDI_version.h
[0.885s] -- Up-to-date symlink: /home/kb/Anveshika/Anveshika_ws/install/dm_preview/lib//eSPDI/libeSPDI_NVIDIA_64.so
[0.886s] -- Up-to-date symlink: /home/kb/Anveshika/Anveshika_ws/install/dm_preview/lib//eSPDI/libeSPDI_NVIDIA_64.so.5.0.1.37
[0.887s] -- Up-to-date symlink: /home/kb/Anveshika/Anveshika_ws/install/dm_preview/lib//eSPDI/libeSPDI_X86_64.so
[0.887s] -- Up-to-date symlink: /home/kb/Anveshika/Anveshika_ws/install/dm_preview/lib//eSPDI/libeSPDI_X86_64.so.5.0.1.37
[0.888s] -- Up-to-date symlink: /home/kb/Anveshika/Anveshika_ws/install/dm_preview/lib//eSPDI/self_calibration/Debug/Self_Calibration_API/aarch64/include/Self_Calibration_API.h
[0.889s] -- Up-to-date symlink: /home/kb/Anveshika/Anveshika_ws/install/dm_preview/lib//eSPDI/self_calibration/Debug/Self_Calibration_API/aarch64/lib/libSelf_Calibration_API.so
[0.890s] -- Up-to-date symlink: /home/kb/Anveshika/Anveshika_ws/install/dm_preview/lib//eSPDI/self_calibration/Debug/Self_Calibration_API/aarch64/lib/libSelf_Calibration_API.so.76613ba
[0.891s] -- Up-to-date symlink: /home/kb/Anveshika/Anveshika_ws/install/dm_preview/lib//eSPDI/self_calibration/Debug/Self_Calibration_API/x86_64/include/Self_Calibration_API.h
[0.891s] -- Up-to-date symlink: /home/kb/Anveshika/Anveshika_ws/install/dm_preview/lib//eSPDI/self_calibration/Debug/Self_Calibration_API/x86_64/lib/libSelf_Calibration_API.so
[0.892s] -- Up-to-date symlink: /home/kb/Anveshika/Anveshika_ws/install/dm_preview/lib//eSPDI/self_calibration/Debug/Self_Calibration_API/x86_64/lib/libSelf_Calibration_API.so.76613ba
[0.893s] -- Up-to-date symlink: /home/kb/Anveshika/Anveshika_ws/install/dm_preview/lib//eSPDI/self_calibration/Self_Calibration_API/aarch64/include/Self_Calibration_API.h
[0.894s] -- Up-to-date symlink: /home/kb/Anveshika/Anveshika_ws/install/dm_preview/lib//eSPDI/self_calibration/Self_Calibration_API/aarch64/lib/libSelf_Calibration_API.so
[0.894s] -- Up-to-date symlink: /home/kb/Anveshika/Anveshika_ws/install/dm_preview/lib//eSPDI/self_calibration/Self_Calibration_API/aarch64/lib/libSelf_Calibration_API.so.76613ba
[0.895s] -- Up-to-date symlink: /home/kb/Anveshika/Anveshika_ws/install/dm_preview/lib//eSPDI/self_calibration/Self_Calibration_API/x86_64/include/Self_Calibration_API.h
[0.896s] -- Up-to-date symlink: /home/kb/Anveshika/Anveshika_ws/install/dm_preview/lib//eSPDI/self_calibration/Self_Calibration_API/x86_64/lib/libSelf_Calibration_API.so
[0.896s] -- Up-to-date symlink: /home/kb/Anveshika/Anveshika_ws/install/dm_preview/lib//eSPDI/self_calibration/Self_Calibration_API/x86_64/lib/libSelf_Calibration_API.so.76613ba
[0.897s] -- Up-to-date symlink: /home/kb/Anveshika/Anveshika_ws/install/dm_preview/lib//eSPDI/thermal/x86_64/include/mapping.h
[0.898s] -- Up-to-date symlink: /home/kb/Anveshika/Anveshika_ws/install/dm_preview/lib//eSPDI/thermal/x86_64/include/measure.h
[0.899s] -- Up-to-date symlink: /home/kb/Anveshika/Anveshika_ws/install/dm_preview/lib//eSPDI/thermal/x86_64/lib/libMapping.a
[0.899s] -- Up-to-date symlink: /home/kb/Anveshika/Anveshika_ws/install/dm_preview/lib//eSPDI/thermal/x86_64/lib/libMeasure.a
[0.900s] -- Up-to-date symlink: /home/kb/Anveshika/Anveshika_ws/install/dm_preview/lib//libeys3d.NVIDIA_64.so
[0.901s] -- Up-to-date symlink: /home/kb/Anveshika/Anveshika_ws/install/dm_preview/lib//libeys3d.NVIDIA_64.so.d5be8506
[0.901s] -- Up-to-date symlink: /home/kb/Anveshika/Anveshika_ws/install/dm_preview/lib//libeys3d.X86_64.so
[0.902s] -- Up-to-date symlink: /home/kb/Anveshika/Anveshika_ws/install/dm_preview/lib//libeys3d.X86_64.so.d5be8506
[0.903s] -- Up-to-date symlink: /home/kb/Anveshika/Anveshika_ws/install/dm_preview/include/dm_preview//apc_camera_component.hpp
[0.904s] -- Up-to-date symlink: /home/kb/Anveshika/Anveshika_ws/install/dm_preview/include/dm_preview//types_calib.h
[0.905s] -- Up-to-date symlink: /home/kb/Anveshika/Anveshika_ws/install/dm_preview/include/dm_preview//versionInfo.h
[0.910s] -- Up-to-date symlink: /home/kb/Anveshika/Anveshika_ws/install/dm_preview/include/dm_preview//APC.def
[0.911s] -- Up-to-date symlink: /home/kb/Anveshika/Anveshika_ws/install/dm_preview/include/dm_preview//APC_unity.def
[0.911s] -- Up-to-date symlink: /home/kb/Anveshika/Anveshika_ws/install/dm_preview/include/dm_preview//Constants.h
[0.912s] -- Up-to-date symlink: /home/kb/Anveshika/Anveshika_ws/install/dm_preview/include/dm_preview//DMPreview_utility/ColorPaletteGenerator.h
[0.913s] -- Up-to-date symlink: /home/kb/Anveshika/Anveshika_ws/install/dm_preview/include/dm_preview//DMPreview_utility/IMU/IMU_Filter/IMUFilter.h
[0.913s] -- Up-to-date symlink: /home/kb/Anveshika/Anveshika_ws/install/dm_preview/include/dm_preview//DMPreview_utility/IMU/IMU_Filter/IMUFilter_Complementary.h
[0.914s] -- Up-to-date symlink: /home/kb/Anveshika/Anveshika_ws/install/dm_preview/include/dm_preview//DMPreview_utility/IMU/IMU_Filter/Quaternion1.h
[0.914s] -- Up-to-date symlink: /home/kb/Anveshika/Anveshika_ws/install/dm_preview/include/dm_preview//DMPreview_utility/IMU/IMU_Filter/quaternion.h
[0.915s] -- Up-to-date symlink: /home/kb/Anveshika/Anveshika_ws/install/dm_preview/include/dm_preview//DMPreview_utility/IMUData.h
[0.915s] -- Up-to-date symlink: /home/kb/Anveshika/Anveshika_ws/install/dm_preview/include/dm_preview//DMPreview_utility/ModeConfig.h
[0.916s] -- Up-to-date symlink: /home/kb/Anveshika/Anveshika_ws/install/dm_preview/include/dm_preview//DMPreview_utility/ModeConfigOptions.h
[0.916s] -- Up-to-date symlink: /home/kb/Anveshika/Anveshika_ws/install/dm_preview/include/dm_preview//DMPreview_utility/PlyFilter.h
[0.917s] -- Up-to-date symlink: /home/kb/Anveshika/Anveshika_ws/install/dm_preview/include/dm_preview//DMPreview_utility/PlyWriter.h
[0.918s] -- Up-to-date symlink: /home/kb/Anveshika/Anveshika_ws/install/dm_preview/include/dm_preview//DMPreview_utility/RegisterSettings.h
[0.918s] -- Up-to-date symlink: /home/kb/Anveshika/Anveshika_ws/install/dm_preview/include/dm_preview//DMPreview_utility/hidapi/hidapi.h
[0.919s] -- Up-to-date symlink: /home/kb/Anveshika/Anveshika_ws/install/dm_preview/include/dm_preview//DMPreview_utility/sqlite3/sqlite3.h
[0.919s] -- Up-to-date symlink: /home/kb/Anveshika/Anveshika_ws/install/dm_preview/include/dm_preview//DMPreview_utility/sqlite3/sqlite3ext.h
[0.920s] -- Up-to-date symlink: /home/kb/Anveshika/Anveshika_ws/install/dm_preview/include/dm_preview//DMPreview_utility/utImageProcessingUtility.h
[0.920s] -- Up-to-date symlink: /home/kb/Anveshika/Anveshika_ws/install/dm_preview/include/dm_preview//DebugCPP.hpp
[0.920s] -- Up-to-date symlink: /home/kb/Anveshika/Anveshika_ws/install/dm_preview/include/dm_preview//EYS3DSystem.h
[0.921s] -- Up-to-date symlink: /home/kb/Anveshika/Anveshika_ws/install/dm_preview/include/dm_preview//EYS3DSystem_def.h
[0.921s] -- Up-to-date symlink: /home/kb/Anveshika/Anveshika_ws/install/dm_preview/include/dm_preview//UnityBinder.h
[0.921s] -- Up-to-date symlink: /home/kb/Anveshika/Anveshika_ws/install/dm_preview/include/dm_preview//VersionInfo.rc.in
[0.922s] -- Up-to-date symlink: /home/kb/Anveshika/Anveshika_ws/install/dm_preview/include/dm_preview//base/Compiler.h
[0.922s] -- Up-to-date symlink: /home/kb/Anveshika/Anveshika_ws/install/dm_preview/include/dm_preview//base/EnumFlags.h
[0.922s] -- Up-to-date symlink: /home/kb/Anveshika/Anveshika_ws/install/dm_preview/include/dm_preview//base/Optional.h
[0.923s] -- Up-to-date symlink: /home/kb/Anveshika/Anveshika_ws/install/dm_preview/include/dm_preview//base/TypeTraits.h
[0.924s] -- Up-to-date symlink: /home/kb/Anveshika/Anveshika_ws/install/dm_preview/include/dm_preview//base/memory/LazyInstance.h
[0.924s] -- Up-to-date symlink: /home/kb/Anveshika/Anveshika_ws/install/dm_preview/include/dm_preview//base/synchronization/ConditionVariable.h
[0.925s] -- Up-to-date symlink: /home/kb/Anveshika/Anveshika_ws/install/dm_preview/include/dm_preview//base/synchronization/Event.h
[0.925s] -- Up-to-date symlink: /home/kb/Anveshika/Anveshika_ws/install/dm_preview/include/dm_preview//base/synchronization/Lock.h
[0.926s] -- Up-to-date symlink: /home/kb/Anveshika/Anveshika_ws/install/dm_preview/include/dm_preview//base/synchronization/MessageChannel.h
[0.926s] -- Up-to-date symlink: /home/kb/Anveshika/Anveshika_ws/install/dm_preview/include/dm_preview//base/threads/Async.h
[0.927s] -- Up-to-date symlink: /home/kb/Anveshika/Anveshika_ws/install/dm_preview/include/dm_preview//base/threads/FunctorThread.h
[0.927s] -- Up-to-date symlink: /home/kb/Anveshika/Anveshika_ws/install/dm_preview/include/dm_preview//base/threads/Thread.h
[0.928s] -- Up-to-date symlink: /home/kb/Anveshika/Anveshika_ws/install/dm_preview/include/dm_preview//base/threads/ThreadPool.h
[0.928s] -- Up-to-date symlink: /home/kb/Anveshika/Anveshika_ws/install/dm_preview/include/dm_preview//base/threads/ThreadStore.h
[0.929s] -- Up-to-date symlink: /home/kb/Anveshika/Anveshika_ws/install/dm_preview/include/dm_preview//base/threads/Types.h
[0.929s] -- Up-to-date symlink: /home/kb/Anveshika/Anveshika_ws/install/dm_preview/include/dm_preview//base/threads/WorkerThread.h
[0.929s] -- Up-to-date symlink: /home/kb/Anveshika/Anveshika_ws/install/dm_preview/include/dm_preview//cgroup.h
[0.929s] -- Up-to-date symlink: /home/kb/Anveshika/Anveshika_ws/install/dm_preview/include/dm_preview//debug.h
[0.930s] -- Up-to-date symlink: /home/kb/Anveshika/Anveshika_ws/install/dm_preview/include/dm_preview//devices/CameraDevice.h
[0.930s] -- Up-to-date symlink: /home/kb/Anveshika/Anveshika_ws/install/dm_preview/include/dm_preview//devices/CameraDevice_8036.h
[0.930s] -- Up-to-date symlink: /home/kb/Anveshika/Anveshika_ws/install/dm_preview/include/dm_preview//devices/CameraDevice_80362.h
[0.931s] -- Up-to-date symlink: /home/kb/Anveshika/Anveshika_ws/install/dm_preview/include/dm_preview//devices/CameraDevice_8037.h
[0.931s] -- Up-to-date symlink: /home/kb/Anveshika/Anveshika_ws/install/dm_preview/include/dm_preview//devices/CameraDevice_8052.h
[0.931s] -- Up-to-date symlink: /home/kb/Anveshika/Anveshika_ws/install/dm_preview/include/dm_preview//devices/CameraDevice_8053.h
[0.931s] -- Up-to-date symlink: /home/kb/Anveshika/Anveshika_ws/install/dm_preview/include/dm_preview//devices/CameraDevice_8059.h
[0.932s] -- Up-to-date symlink: /home/kb/Anveshika/Anveshika_ws/install/dm_preview/include/dm_preview//devices/CameraDevice_8062.h
[0.932s] -- Up-to-date symlink: /home/kb/Anveshika/Anveshika_ws/install/dm_preview/include/dm_preview//devices/CameraDevice_8067.h
[0.933s] -- Up-to-date symlink: /home/kb/Anveshika/Anveshika_ws/install/dm_preview/include/dm_preview//devices/CameraDevice_8073.h
[0.933s] -- Up-to-date symlink: /home/kb/Anveshika/Anveshika_ws/install/dm_preview/include/dm_preview//devices/CameraDevice_8081.h
[0.934s] -- Up-to-date symlink: /home/kb/Anveshika/Anveshika_ws/install/dm_preview/include/dm_preview//devices/CameraDevice_Hypatia.h
[0.934s] -- Up-to-date symlink: /home/kb/Anveshika/Anveshika_ws/install/dm_preview/include/dm_preview//devices/CameraDevice_Hypatia2.h
[0.934s] -- Up-to-date symlink: /home/kb/Anveshika/Anveshika_ws/install/dm_preview/include/dm_preview//devices/CameraDevice_Stacy.h
[0.935s] -- Up-to-date symlink: /home/kb/Anveshika/Anveshika_ws/install/dm_preview/include/dm_preview//devices/CameraDevice_StacyJunior.h
[0.935s] -- Up-to-date symlink: /home/kb/Anveshika/Anveshika_ws/install/dm_preview/include/dm_preview//devices/FrameSetPipeline.h
[0.935s] -- Up-to-date symlink: /home/kb/Anveshika/Anveshika_ws/install/dm_preview/include/dm_preview//devices/IMUDevice.h
[0.936s] -- Up-to-date symlink: /home/kb/Anveshika/Anveshika_ws/install/dm_preview/include/dm_preview//devices/IMUDevice_8062.h
[0.936s] -- Up-to-date symlink: /home/kb/Anveshika/Anveshika_ws/install/dm_preview/include/dm_preview//devices/MemoryAllocator.h
[0.937s] -- Up-to-date symlink: /home/kb/Anveshika/Anveshika_ws/install/dm_preview/include/dm_preview//devices/Pipeline.h
[0.937s] -- Up-to-date symlink: /home/kb/Anveshika/Anveshika_ws/install/dm_preview/include/dm_preview//devices/controller/RegisterReadWriteController.h
[0.938s] -- Up-to-date symlink: /home/kb/Anveshika/Anveshika_ws/install/dm_preview/include/dm_preview//devices/model/CameraDeviceProperties.h
[0.938s] -- Up-to-date symlink: /home/kb/Anveshika/Anveshika_ws/install/dm_preview/include/dm_preview//devices/model/DepthAccuracyOptions.h
[0.938s] -- Up-to-date symlink: /home/kb/Anveshika/Anveshika_ws/install/dm_preview/include/dm_preview//devices/model/DepthFilterOptions.h
[0.939s] -- Up-to-date symlink: /home/kb/Anveshika/Anveshika_ws/install/dm_preview/include/dm_preview//devices/model/IRProperty.h
[0.939s] -- Up-to-date symlink: /home/kb/Anveshika/Anveshika_ws/install/dm_preview/include/dm_preview//devices/model/PostProcessOptions.h
[0.940s] -- Up-to-date symlink: /home/kb/Anveshika/Anveshika_ws/install/dm_preview/include/dm_preview//devices/model/RegisterReadWriteOptions.h
[0.940s] -- Up-to-date symlink: /home/kb/Anveshika/Anveshika_ws/install/dm_preview/include/dm_preview//macros.h
[0.940s] -- Up-to-date symlink: /home/kb/Anveshika/Anveshika_ws/install/dm_preview/include/dm_preview//objectarray.h
[0.941s] -- Up-to-date symlink: /home/kb/Anveshika/Anveshika_ws/install/dm_preview/include/dm_preview//sensors/IMUDataProducer.h
[0.941s] -- Up-to-date symlink: /home/kb/Anveshika/Anveshika_ws/install/dm_preview/include/dm_preview//sensors/SensorData.h
[0.942s] -- Up-to-date symlink: /home/kb/Anveshika/Anveshika_ws/install/dm_preview/include/dm_preview//sensors/SensorDataProducer.h
[0.942s] -- Up-to-date symlink: /home/kb/Anveshika/Anveshika_ws/install/dm_preview/include/dm_preview//single_consumer_queue.h
[0.942s] -- Up-to-date symlink: /home/kb/Anveshika/Anveshika_ws/install/dm_preview/include/dm_preview//unity_debug.h
[0.943s] -- Up-to-date symlink: /home/kb/Anveshika/Anveshika_ws/install/dm_preview/include/dm_preview//utils.h
[0.943s] -- Up-to-date symlink: /home/kb/Anveshika/Anveshika_ws/install/dm_preview/include/dm_preview//version_utils.h
[0.943s] -- Up-to-date symlink: /home/kb/Anveshika/Anveshika_ws/install/dm_preview/include/dm_preview//video/ColorFrameProducer.h
[0.944s] -- Up-to-date symlink: /home/kb/Anveshika/Anveshika_ws/install/dm_preview/include/dm_preview//video/ColorProcessHandle.h
[0.944s] -- Up-to-date symlink: /home/kb/Anveshika/Anveshika_ws/install/dm_preview/include/dm_preview//video/DepthFrameProducer.h
[0.944s] -- Up-to-date symlink: /home/kb/Anveshika/Anveshika_ws/install/dm_preview/include/dm_preview//video/Frame.h
[0.945s] -- Up-to-date symlink: /home/kb/Anveshika/Anveshika_ws/install/dm_preview/include/dm_preview//video/FrameProducer.h
[0.945s] -- Up-to-date symlink: /home/kb/Anveshika/Anveshika_ws/install/dm_preview/include/dm_preview//video/FrameSet.h
[0.946s] -- Up-to-date symlink: /home/kb/Anveshika/Anveshika_ws/install/dm_preview/include/dm_preview//video/GeneralFrame.h
[0.946s] -- Up-to-date symlink: /home/kb/Anveshika/Anveshika_ws/install/dm_preview/include/dm_preview//video/GuestReadbackWorker.h
[0.947s] -- Up-to-date symlink: /home/kb/Anveshika/Anveshika_ws/install/dm_preview/include/dm_preview//video/IImageProcess.h
[0.947s] -- Up-to-date symlink: /home/kb/Anveshika/Anveshika_ws/install/dm_preview/include/dm_preview//video/PCFrame.h
[0.947s] -- Up-to-date symlink: /home/kb/Anveshika/Anveshika_ws/install/dm_preview/include/dm_preview//video/PCFrameProducer.h
[0.948s] -- Up-to-date symlink: /home/kb/Anveshika/Anveshika_ws/install/dm_preview/include/dm_preview//video/PCProducer.h
[0.948s] -- Up-to-date symlink: /home/kb/Anveshika/Anveshika_ws/install/dm_preview/include/dm_preview//video/PostProcessHandle.h
[0.949s] -- Up-to-date symlink: /home/kb/Anveshika/Anveshika_ws/install/dm_preview/include/dm_preview//video/Producer.h
[0.949s] -- Up-to-date symlink: /home/kb/Anveshika/Anveshika_ws/install/dm_preview/include/dm_preview//video/coders.h
[0.950s] -- Up-to-date symlink: /home/kb/Anveshika/Anveshika_ws/install/dm_preview/include/dm_preview//video/eYs3D.h
[0.950s] -- Up-to-date symlink: /home/kb/Anveshika/Anveshika_ws/install/dm_preview/include/dm_preview//video/factory.h
[0.951s] -- Up-to-date symlink: /home/kb/Anveshika/Anveshika_ws/install/dm_preview/include/dm_preview//video/pc_coders.h
[0.951s] -- Up-to-date symlink: /home/kb/Anveshika/Anveshika_ws/install/dm_preview/include/dm_preview//video/video.h
[0.952s] -- Up-to-date symlink: /home/kb/Anveshika/Anveshika_ws/install/dm_preview/include/dm_preview//ColorPaletteGenerator.h
[0.952s] -- Up-to-date symlink: /home/kb/Anveshika/Anveshika_ws/install/dm_preview/include/dm_preview//IMU/IMU_Filter/IMUFilter.h
[0.953s] -- Up-to-date symlink: /home/kb/Anveshika/Anveshika_ws/install/dm_preview/include/dm_preview//IMU/IMU_Filter/IMUFilter_Complementary.h
[0.953s] -- Up-to-date symlink: /home/kb/Anveshika/Anveshika_ws/install/dm_preview/include/dm_preview//IMU/IMU_Filter/Quaternion1.h
[0.954s] -- Up-to-date symlink: /home/kb/Anveshika/Anveshika_ws/install/dm_preview/include/dm_preview//IMU/IMU_Filter/quaternion.h
[0.955s] -- Up-to-date symlink: /home/kb/Anveshika/Anveshika_ws/install/dm_preview/include/dm_preview//IMUData.h
[0.955s] -- Up-to-date symlink: /home/kb/Anveshika/Anveshika_ws/install/dm_preview/include/dm_preview//ModeConfig.h
[0.955s] -- Up-to-date symlink: /home/kb/Anveshika/Anveshika_ws/install/dm_preview/include/dm_preview//ModeConfigOptions.h
[0.956s] -- Up-to-date symlink: /home/kb/Anveshika/Anveshika_ws/install/dm_preview/include/dm_preview//PlyFilter.h
[0.956s] -- Up-to-date symlink: /home/kb/Anveshika/Anveshika_ws/install/dm_preview/include/dm_preview//PlyWriter.h
[0.956s] -- Up-to-date symlink: /home/kb/Anveshika/Anveshika_ws/install/dm_preview/include/dm_preview//RegisterSettings.h
[0.957s] -- Up-to-date symlink: /home/kb/Anveshika/Anveshika_ws/install/dm_preview/include/dm_preview//hidapi/hidapi.h
[0.957s] -- Up-to-date symlink: /home/kb/Anveshika/Anveshika_ws/install/dm_preview/include/dm_preview//sqlite3/sqlite3.h
[0.958s] -- Up-to-date symlink: /home/kb/Anveshika/Anveshika_ws/install/dm_preview/include/dm_preview//sqlite3/sqlite3ext.h
[0.958s] -- Up-to-date symlink: /home/kb/Anveshika/Anveshika_ws/install/dm_preview/include/dm_preview//utImageProcessingUtility.h
[0.959s] -- Up-to-date symlink: /home/kb/Anveshika/Anveshika_ws/install/dm_preview/share/dm_preview/launch/apc_camera_launch.py
[0.960s] -- Up-to-date symlink: /home/kb/Anveshika/Anveshika_ws/install/dm_preview/share/dm_preview/rviz/apc.rviz
[0.962s] -- Up-to-date symlink: /home/kb/Anveshika/Anveshika_ws/install/dm_preview/../..//eYs3D/cfg/DM_Quality_Cfg/DEFAULT_DM_Quality_Register_Setting.cfg
[0.962s] -- Up-to-date symlink: /home/kb/Anveshika/Anveshika_ws/install/dm_preview/../..//eYs3D/cfg/DM_Quality_Cfg/EX8036_DM_Quality_Register_Setting.cfg
[0.963s] -- Up-to-date symlink: /home/kb/Anveshika/Anveshika_ws/install/dm_preview/../..//eYs3D/cfg/DM_Quality_Cfg/EX8037_DM_Quality_Register_Setting.cfg
[0.963s] -- Up-to-date symlink: /home/kb/Anveshika/Anveshika_ws/install/dm_preview/../..//eYs3D/cfg/DM_Quality_Cfg/EX8038_BL15cm_DM_Quality_Register_Setting.cfg
[0.964s] -- Up-to-date symlink: /home/kb/Anveshika/Anveshika_ws/install/dm_preview/../..//eYs3D/cfg/DM_Quality_Cfg/EX8038_BL3cm_DM_Quality_Register_Setting.cfg
[0.964s] -- Up-to-date symlink: /home/kb/Anveshika/Anveshika_ws/install/dm_preview/../..//eYs3D/cfg/DM_Quality_Cfg/EX8038_BL6cm_DM_Quality_Register_Setting.cfg
[0.964s] -- Up-to-date symlink: /home/kb/Anveshika/Anveshika_ws/install/dm_preview/../..//eYs3D/cfg/DM_Quality_Cfg/EX8040S_DM_Quality_Register_Setting.cfg
[0.965s] -- Up-to-date symlink: /home/kb/Anveshika/Anveshika_ws/install/dm_preview/../..//eYs3D/cfg/DM_Quality_Cfg/EX8052_DM_Quality_Register_Setting.cfg
[0.965s] -- Up-to-date symlink: /home/kb/Anveshika/Anveshika_ws/install/dm_preview/../..//eYs3D/cfg/DM_Quality_Cfg/EX8053_DM_Quality_Register_Setting.cfg
[0.965s] -- Up-to-date symlink: /home/kb/Anveshika/Anveshika_ws/install/dm_preview/../..//eYs3D/cfg/DM_Quality_Cfg/EX8054_DM_Quality_Register_Setting.cfg
[0.966s] -- Up-to-date symlink: /home/kb/Anveshika/Anveshika_ws/install/dm_preview/../..//eYs3D/cfg/DM_Quality_Cfg/HYPATIA2_DM_Quality_Register_Setting.cfg
[0.966s] -- Up-to-date symlink: /home/kb/Anveshika/Anveshika_ws/install/dm_preview/../..//eYs3D/cfg/DM_Quality_Cfg/HYPATIA_DM_Quality_Register_Setting.cfg
[0.967s] -- Up-to-date symlink: /home/kb/Anveshika/Anveshika_ws/install/dm_preview/../..//eYs3D/cfg/DM_Quality_Cfg/IVY2_DM_Quality_Register_Setting.cfg
[0.967s] -- Up-to-date symlink: /home/kb/Anveshika/Anveshika_ws/install/dm_preview/../..//eYs3D/cfg/DM_Quality_Cfg/IVY_DM_Quality_Register_Setting.cfg
[0.967s] -- Up-to-date symlink: /home/kb/Anveshika/Anveshika_ws/install/dm_preview/../..//eYs3D/cfg/DM_Quality_Cfg/NORA_DM_Quality_Register_Setting.cfg
[0.968s] -- Up-to-date symlink: /home/kb/Anveshika/Anveshika_ws/install/dm_preview/../..//eYs3D/cfg/DM_Quality_Cfg/ORANGEITRI_DM_Quality_Register_Setting.cfg
[0.968s] -- Up-to-date symlink: /home/kb/Anveshika/Anveshika_ws/install/dm_preview/../..//eYs3D/cfg/DM_Quality_Cfg/SANDRA_DM_Quality_Register_Setting.cfg
[0.969s] -- Up-to-date symlink: /home/kb/Anveshika/Anveshika_ws/install/dm_preview/../..//eYs3D/cfg/DM_Quality_Cfg/YX80362_DM_Quality_Register_Setting.cfg
[0.969s] -- Up-to-date symlink: /home/kb/Anveshika/Anveshika_ws/install/dm_preview/../..//eYs3D/cfg/DM_Quality_Cfg/YX8059_DM_Quality_Register_Setting.cfg
[0.969s] -- Up-to-date symlink: /home/kb/Anveshika/Anveshika_ws/install/dm_preview/../..//eYs3D/cfg/DM_Quality_Cfg/YX8062_DM_Quality_Register_Setting.cfg
[0.970s] -- Up-to-date symlink: /home/kb/Anveshika/Anveshika_ws/install/dm_preview/../..//eYs3D/cfg/DM_Quality_Cfg/YX8063_DM_Quality_Register_Setting.cfg
[0.970s] -- Up-to-date symlink: /home/kb/Anveshika/Anveshika_ws/install/dm_preview/../..//eYs3D/cfg/DM_Quality_Cfg/YX8076_DM_Quality_Register_Setting.cfg
[0.970s] -- Up-to-date symlink: /home/kb/Anveshika/Anveshika_ws/install/dm_preview/../..//eYs3D/cfg/DM_Quality_Cfg/YX8081_DM_Quality_Register_Setting.cfg
[0.971s] -- Up-to-date symlink: /home/kb/Anveshika/Anveshika_ws/install/dm_preview/../..//eYs3D/cfg/ModeConfig.db
[0.971s] -- Up-to-date symlink: /home/kb/Anveshika/Anveshika_ws/install/dm_preview/../..//eYs3D/cfg/SWPP.cfg
[0.972s] -- Up-to-date symlink: /home/kb/Anveshika/Anveshika_ws/install/dm_preview/../..//eYs3D/cfg/libeYs3D.log.config
[0.972s] -- Up-to-date symlink: /home/kb/Anveshika/Anveshika_ws/install/dm_preview/../..//eYs3D/cfg/libeYs3D_win.log.config
[0.973s] -- Up-to-date symlink: /home/kb/Anveshika/Anveshika_ws/install/dm_preview/share/dm_preview/config/common.yaml
[0.973s] -- Up-to-date symlink: /home/kb/Anveshika/Anveshika_ws/install/dm_preview/share/dm_preview/environment/library_path.sh
[0.974s] -- Up-to-date symlink: /home/kb/Anveshika/Anveshika_ws/install/dm_preview/share/dm_preview/environment/library_path.dsv
[0.975s] -- Up-to-date symlink: /home/kb/Anveshika/Anveshika_ws/install/dm_preview/share/ament_index/resource_index/package_run_dependencies/dm_preview
[0.975s] -- Up-to-date symlink: /home/kb/Anveshika/Anveshika_ws/install/dm_preview/share/ament_index/resource_index/parent_prefix_path/dm_preview
[0.976s] -- Up-to-date symlink: /home/kb/Anveshika/Anveshika_ws/install/dm_preview/share/dm_preview/environment/ament_prefix_path.sh
[0.976s] -- Up-to-date symlink: /home/kb/Anveshika/Anveshika_ws/install/dm_preview/share/dm_preview/environment/ament_prefix_path.dsv
[0.977s] -- Up-to-date symlink: /home/kb/Anveshika/Anveshika_ws/install/dm_preview/share/dm_preview/environment/path.sh
[0.977s] -- Up-to-date symlink: /home/kb/Anveshika/Anveshika_ws/install/dm_preview/share/dm_preview/environment/path.dsv
[0.978s] -- Up-to-date symlink: /home/kb/Anveshika/Anveshika_ws/install/dm_preview/share/dm_preview/local_setup.bash
[0.978s] -- Up-to-date symlink: /home/kb/Anveshika/Anveshika_ws/install/dm_preview/share/dm_preview/local_setup.sh
[0.979s] -- Up-to-date symlink: /home/kb/Anveshika/Anveshika_ws/install/dm_preview/share/dm_preview/local_setup.zsh
[0.979s] -- Up-to-date symlink: /home/kb/Anveshika/Anveshika_ws/install/dm_preview/share/dm_preview/local_setup.dsv
[0.980s] -- Symlinking: /home/kb/Anveshika/Anveshika_ws/install/dm_preview/share/dm_preview/package.dsv
[1.013s] -- Up-to-date symlink: /home/kb/Anveshika/Anveshika_ws/install/dm_preview/share/ament_index/resource_index/packages/dm_preview
[1.013s] -- Up-to-date symlink: /home/kb/Anveshika/Anveshika_ws/install/dm_preview/share/ament_index/resource_index/rclcpp_components/dm_preview
[1.014s] -- Up-to-date symlink: /home/kb/Anveshika/Anveshika_ws/install/dm_preview/share/dm_preview/cmake/ament_cmake_export_include_directories-extras.cmake
[1.015s] -- Up-to-date symlink: /home/kb/Anveshika/Anveshika_ws/install/dm_preview/share/dm_preview/cmake/ament_cmake_export_libraries-extras.cmake
[1.015s] -- Up-to-date symlink: /home/kb/Anveshika/Anveshika_ws/install/dm_preview/share/dm_preview/cmake/ament_cmake_export_dependencies-extras.cmake
[1.016s] -- Up-to-date symlink: /home/kb/Anveshika/Anveshika_ws/install/dm_preview/share/dm_preview/cmake/dm_previewConfig.cmake
[1.016s] -- Up-to-date symlink: /home/kb/Anveshika/Anveshika_ws/install/dm_preview/share/dm_preview/cmake/dm_previewConfig-version.cmake
[1.016s] -- Up-to-date symlink: /home/kb/Anveshika/Anveshika_ws/install/dm_preview/share/dm_preview/package.xml
[1.022s] Invoked command in '/home/kb/Anveshika/Anveshika_ws/build/dm_preview' returned '0': CMAKE_PREFIX_PATH=${CMAKE_PREFIX_PATH}:/opt/ros/humble /usr/bin/cmake --install /home/kb/Anveshika/Anveshika_ws/build/dm_preview
