[0.100s] DEBUG:colcon:Command line arguments: ['/usr/bin/colcon', 'build']
[0.100s] DEBUG:colcon:Parsed command line arguments: Namespace(log_base=None, log_level=None, verb_name='build', build_base='build', install_base='install', merge_install=False, symlink_install=False, test_result_base=None, continue_on_error=False, executor='parallel', parallel_workers=8, event_handlers=None, ignore_user_meta=False, metas=['./colcon.meta'], base_paths=['.'], packages_ignore=None, packages_ignore_regex=None, paths=None, packages_up_to=None, packages_up_to_regex=None, packages_above=None, packages_above_and_dependencies=None, packages_above_depth=None, packages_select_by_dep=None, packages_skip_by_dep=None, packages_skip_up_to=None, packages_select_build_failed=False, packages_skip_build_finished=False, packages_select_test_failures=False, packages_skip_test_passed=False, packages_select=None, packages_skip=None, packages_select_regex=None, packages_skip_regex=None, packages_start=None, packages_end=None, allow_overriding=[], cmake_args=None, cmake_target=None, cmake_target_skip_unavailable=False, cmake_clean_cache=False, cmake_clean_first=False, cmake_force_configure=False, ament_cmake_args=None, catkin_cmake_args=None, catkin_skip_building_tests=False, verb_parser=<colcon_defaults.argument_parser.defaults.DefaultArgumentsDecorator object at 0x7a89d7954c70>, verb_extension=<colcon_core.verb.build.BuildVerb object at 0x7a89d7a65a20>, main=<bound method BuildVerb.main of <colcon_core.verb.build.BuildVerb object at 0x7a89d7a65a20>>)
[0.267s] Level 1:colcon.colcon_core.package_discovery:discover_packages(colcon_meta) check parameters
[0.267s] Level 1:colcon.colcon_core.package_discovery:discover_packages(recursive) check parameters
[0.267s] Level 1:colcon.colcon_core.package_discovery:discover_packages(ignore) check parameters
[0.267s] Level 1:colcon.colcon_core.package_discovery:discover_packages(path) check parameters
[0.267s] Level 1:colcon.colcon_core.package_discovery:discover_packages(colcon_meta) discover
[0.267s] Level 1:colcon.colcon_core.package_discovery:discover_packages(recursive) discover
[0.267s] INFO:colcon.colcon_core.package_discovery:Crawling recursively for packages in '/home/kb/Anveshika/Anveshika_ws'
[0.267s] Level 1:colcon.colcon_core.package_identification:_identify(.) by extensions ['ignore', 'ignore_ament_install']
[0.267s] Level 1:colcon.colcon_core.package_identification:_identify(.) by extension 'ignore'
[0.267s] Level 1:colcon.colcon_core.package_identification:_identify(.) by extension 'ignore_ament_install'
[0.267s] Level 1:colcon.colcon_core.package_identification:_identify(.) by extensions ['colcon_pkg']
[0.267s] Level 1:colcon.colcon_core.package_identification:_identify(.) by extension 'colcon_pkg'
[0.267s] Level 1:colcon.colcon_core.package_identification:_identify(.) by extensions ['colcon_meta']
[0.267s] Level 1:colcon.colcon_core.package_identification:_identify(.) by extension 'colcon_meta'
[0.268s] Level 1:colcon.colcon_core.package_identification:_identify(.) by extensions ['ros']
[0.268s] Level 1:colcon.colcon_core.package_identification:_identify(.) by extension 'ros'
[0.277s] Level 1:colcon.colcon_core.package_identification:_identify(.) by extensions ['cmake', 'python']
[0.277s] Level 1:colcon.colcon_core.package_identification:_identify(.) by extension 'cmake'
[0.277s] Level 1:colcon.colcon_core.package_identification:_identify(.) by extension 'python'
[0.277s] Level 1:colcon.colcon_core.package_identification:_identify(.) by extensions ['python_setup_py']
[0.277s] Level 1:colcon.colcon_core.package_identification:_identify(.) by extension 'python_setup_py'
[0.277s] Level 1:colcon.colcon_core.package_identification:_identify(build) by extensions ['ignore', 'ignore_ament_install']
[0.277s] Level 1:colcon.colcon_core.package_identification:_identify(build) by extension 'ignore'
[0.277s] Level 1:colcon.colcon_core.package_identification:_identify(build) ignored
[0.277s] Level 1:colcon.colcon_core.package_identification:_identify(eYs3D) by extensions ['ignore', 'ignore_ament_install']
[0.277s] Level 1:colcon.colcon_core.package_identification:_identify(eYs3D) by extension 'ignore'
[0.278s] Level 1:colcon.colcon_core.package_identification:_identify(eYs3D) by extension 'ignore_ament_install'
[0.278s] Level 1:colcon.colcon_core.package_identification:_identify(eYs3D) by extensions ['colcon_pkg']
[0.278s] Level 1:colcon.colcon_core.package_identification:_identify(eYs3D) by extension 'colcon_pkg'
[0.278s] Level 1:colcon.colcon_core.package_identification:_identify(eYs3D) by extensions ['colcon_meta']
[0.278s] Level 1:colcon.colcon_core.package_identification:_identify(eYs3D) by extension 'colcon_meta'
[0.278s] Level 1:colcon.colcon_core.package_identification:_identify(eYs3D) by extensions ['ros']
[0.278s] Level 1:colcon.colcon_core.package_identification:_identify(eYs3D) by extension 'ros'
[0.278s] Level 1:colcon.colcon_core.package_identification:_identify(eYs3D) by extensions ['cmake', 'python']
[0.278s] Level 1:colcon.colcon_core.package_identification:_identify(eYs3D) by extension 'cmake'
[0.278s] Level 1:colcon.colcon_core.package_identification:_identify(eYs3D) by extension 'python'
[0.278s] Level 1:colcon.colcon_core.package_identification:_identify(eYs3D) by extensions ['python_setup_py']
[0.278s] Level 1:colcon.colcon_core.package_identification:_identify(eYs3D) by extension 'python_setup_py'
[0.278s] Level 1:colcon.colcon_core.package_identification:_identify(eYs3D/cfg) by extensions ['ignore', 'ignore_ament_install']
[0.278s] Level 1:colcon.colcon_core.package_identification:_identify(eYs3D/cfg) by extension 'ignore'
[0.278s] Level 1:colcon.colcon_core.package_identification:_identify(eYs3D/cfg) by extension 'ignore_ament_install'
[0.278s] Level 1:colcon.colcon_core.package_identification:_identify(eYs3D/cfg) by extensions ['colcon_pkg']
[0.278s] Level 1:colcon.colcon_core.package_identification:_identify(eYs3D/cfg) by extension 'colcon_pkg'
[0.278s] Level 1:colcon.colcon_core.package_identification:_identify(eYs3D/cfg) by extensions ['colcon_meta']
[0.278s] Level 1:colcon.colcon_core.package_identification:_identify(eYs3D/cfg) by extension 'colcon_meta'
[0.278s] Level 1:colcon.colcon_core.package_identification:_identify(eYs3D/cfg) by extensions ['ros']
[0.278s] Level 1:colcon.colcon_core.package_identification:_identify(eYs3D/cfg) by extension 'ros'
[0.278s] Level 1:colcon.colcon_core.package_identification:_identify(eYs3D/cfg) by extensions ['cmake', 'python']
[0.278s] Level 1:colcon.colcon_core.package_identification:_identify(eYs3D/cfg) by extension 'cmake'
[0.279s] Level 1:colcon.colcon_core.package_identification:_identify(eYs3D/cfg) by extension 'python'
[0.279s] Level 1:colcon.colcon_core.package_identification:_identify(eYs3D/cfg) by extensions ['python_setup_py']
[0.279s] Level 1:colcon.colcon_core.package_identification:_identify(eYs3D/cfg) by extension 'python_setup_py'
[0.279s] Level 1:colcon.colcon_core.package_identification:_identify(eYs3D/cfg/DM_Quality_Cfg) by extensions ['ignore', 'ignore_ament_install']
[0.279s] Level 1:colcon.colcon_core.package_identification:_identify(eYs3D/cfg/DM_Quality_Cfg) by extension 'ignore'
[0.279s] Level 1:colcon.colcon_core.package_identification:_identify(eYs3D/cfg/DM_Quality_Cfg) by extension 'ignore_ament_install'
[0.279s] Level 1:colcon.colcon_core.package_identification:_identify(eYs3D/cfg/DM_Quality_Cfg) by extensions ['colcon_pkg']
[0.279s] Level 1:colcon.colcon_core.package_identification:_identify(eYs3D/cfg/DM_Quality_Cfg) by extension 'colcon_pkg'
[0.279s] Level 1:colcon.colcon_core.package_identification:_identify(eYs3D/cfg/DM_Quality_Cfg) by extensions ['colcon_meta']
[0.279s] Level 1:colcon.colcon_core.package_identification:_identify(eYs3D/cfg/DM_Quality_Cfg) by extension 'colcon_meta'
[0.279s] Level 1:colcon.colcon_core.package_identification:_identify(eYs3D/cfg/DM_Quality_Cfg) by extensions ['ros']
[0.279s] Level 1:colcon.colcon_core.package_identification:_identify(eYs3D/cfg/DM_Quality_Cfg) by extension 'ros'
[0.279s] Level 1:colcon.colcon_core.package_identification:_identify(eYs3D/cfg/DM_Quality_Cfg) by extensions ['cmake', 'python']
[0.279s] Level 1:colcon.colcon_core.package_identification:_identify(eYs3D/cfg/DM_Quality_Cfg) by extension 'cmake'
[0.279s] Level 1:colcon.colcon_core.package_identification:_identify(eYs3D/cfg/DM_Quality_Cfg) by extension 'python'
[0.279s] Level 1:colcon.colcon_core.package_identification:_identify(eYs3D/cfg/DM_Quality_Cfg) by extensions ['python_setup_py']
[0.279s] Level 1:colcon.colcon_core.package_identification:_identify(eYs3D/cfg/DM_Quality_Cfg) by extension 'python_setup_py'
[0.279s] Level 1:colcon.colcon_core.package_identification:_identify(install) by extensions ['ignore', 'ignore_ament_install']
[0.279s] Level 1:colcon.colcon_core.package_identification:_identify(install) by extension 'ignore'
[0.279s] Level 1:colcon.colcon_core.package_identification:_identify(install) ignored
[0.280s] Level 1:colcon.colcon_core.package_identification:_identify(log) by extensions ['ignore', 'ignore_ament_install']
[0.280s] Level 1:colcon.colcon_core.package_identification:_identify(log) by extension 'ignore'
[0.280s] Level 1:colcon.colcon_core.package_identification:_identify(log) ignored
[0.280s] Level 1:colcon.colcon_core.package_identification:_identify(src) by extensions ['ignore', 'ignore_ament_install']
[0.280s] Level 1:colcon.colcon_core.package_identification:_identify(src) by extension 'ignore'
[0.280s] Level 1:colcon.colcon_core.package_identification:_identify(src) by extension 'ignore_ament_install'
[0.280s] Level 1:colcon.colcon_core.package_identification:_identify(src) by extensions ['colcon_pkg']
[0.280s] Level 1:colcon.colcon_core.package_identification:_identify(src) by extension 'colcon_pkg'
[0.280s] Level 1:colcon.colcon_core.package_identification:_identify(src) by extensions ['colcon_meta']
[0.280s] Level 1:colcon.colcon_core.package_identification:_identify(src) by extension 'colcon_meta'
[0.280s] Level 1:colcon.colcon_core.package_identification:_identify(src) by extensions ['ros']
[0.280s] Level 1:colcon.colcon_core.package_identification:_identify(src) by extension 'ros'
[0.280s] Level 1:colcon.colcon_core.package_identification:_identify(src) by extensions ['cmake', 'python']
[0.280s] Level 1:colcon.colcon_core.package_identification:_identify(src) by extension 'cmake'
[0.280s] Level 1:colcon.colcon_core.package_identification:_identify(src) by extension 'python'
[0.280s] Level 1:colcon.colcon_core.package_identification:_identify(src) by extensions ['python_setup_py']
[0.280s] Level 1:colcon.colcon_core.package_identification:_identify(src) by extension 'python_setup_py'
[0.280s] Level 1:colcon.colcon_core.package_identification:_identify(src/dm_preview) by extensions ['ignore', 'ignore_ament_install']
[0.280s] Level 1:colcon.colcon_core.package_identification:_identify(src/dm_preview) by extension 'ignore'
[0.280s] Level 1:colcon.colcon_core.package_identification:_identify(src/dm_preview) by extension 'ignore_ament_install'
[0.281s] Level 1:colcon.colcon_core.package_identification:_identify(src/dm_preview) by extensions ['colcon_pkg']
[0.281s] Level 1:colcon.colcon_core.package_identification:_identify(src/dm_preview) by extension 'colcon_pkg'
[0.281s] Level 1:colcon.colcon_core.package_identification:_identify(src/dm_preview) by extensions ['colcon_meta']
[0.281s] Level 1:colcon.colcon_core.package_identification:_identify(src/dm_preview) by extension 'colcon_meta'
[0.281s] Level 1:colcon.colcon_core.package_identification:_identify(src/dm_preview) by extensions ['ros']
[0.281s] Level 1:colcon.colcon_core.package_identification:_identify(src/dm_preview) by extension 'ros'
[0.283s] DEBUG:colcon.colcon_core.package_identification:Package 'src/dm_preview' with type 'ros.ament_cmake' and name 'dm_preview'
[0.283s] Level 1:colcon.colcon_core.package_discovery:discover_packages(recursive) using defaults
[0.283s] Level 1:colcon.colcon_core.package_discovery:discover_packages(ignore) discover
[0.283s] Level 1:colcon.colcon_core.package_discovery:discover_packages(ignore) using defaults
[0.283s] Level 1:colcon.colcon_core.package_discovery:discover_packages(path) discover
[0.283s] Level 1:colcon.colcon_core.package_discovery:discover_packages(path) using defaults
[0.311s] Level 1:colcon.colcon_core.package_discovery:discover_packages(prefix_path) check parameters
[0.311s] Level 1:colcon.colcon_core.package_discovery:discover_packages(prefix_path) discover
[0.312s] DEBUG:colcon.colcon_installed_package_information.package_discovery:Found 1 installed packages in /home/kb/Anveshika/Anveshika_ws/install
[0.313s] DEBUG:colcon.colcon_installed_package_information.package_discovery:Found 270 installed packages in /opt/ros/humble
[0.315s] Level 1:colcon.colcon_core.package_discovery:discover_packages(prefix_path) using defaults
[0.349s] Level 5:colcon.colcon_core.verb:set package 'dm_preview' build argument 'cmake_args' from command line to 'None'
[0.349s] Level 5:colcon.colcon_core.verb:set package 'dm_preview' build argument 'cmake_target' from command line to 'None'
[0.349s] Level 5:colcon.colcon_core.verb:set package 'dm_preview' build argument 'cmake_target_skip_unavailable' from command line to 'False'
[0.349s] Level 5:colcon.colcon_core.verb:set package 'dm_preview' build argument 'cmake_clean_cache' from command line to 'False'
[0.349s] Level 5:colcon.colcon_core.verb:set package 'dm_preview' build argument 'cmake_clean_first' from command line to 'False'
[0.349s] Level 5:colcon.colcon_core.verb:set package 'dm_preview' build argument 'cmake_force_configure' from command line to 'False'
[0.349s] Level 5:colcon.colcon_core.verb:set package 'dm_preview' build argument 'ament_cmake_args' from command line to 'None'
[0.349s] Level 5:colcon.colcon_core.verb:set package 'dm_preview' build argument 'catkin_cmake_args' from command line to 'None'
[0.349s] Level 5:colcon.colcon_core.verb:set package 'dm_preview' build argument 'catkin_skip_building_tests' from command line to 'False'
[0.349s] DEBUG:colcon.colcon_core.verb:Building package 'dm_preview' with the following arguments: {'ament_cmake_args': None, 'build_base': '/home/kb/Anveshika/Anveshika_ws/build/dm_preview', 'catkin_cmake_args': None, 'catkin_skip_building_tests': False, 'cmake_args': None, 'cmake_clean_cache': False, 'cmake_clean_first': False, 'cmake_force_configure': False, 'cmake_target': None, 'cmake_target_skip_unavailable': False, 'install_base': '/home/kb/Anveshika/Anveshika_ws/install/dm_preview', 'merge_install': False, 'path': '/home/kb/Anveshika/Anveshika_ws/src/dm_preview', 'symlink_install': False, 'test_result_base': None}
[0.350s] INFO:colcon.colcon_core.executor:Executing jobs using 'parallel' executor
[0.350s] DEBUG:colcon.colcon_parallel_executor.executor.parallel:run_until_complete
[0.350s] INFO:colcon.colcon_ros.task.ament_cmake.build:Building ROS package in '/home/kb/Anveshika/Anveshika_ws/src/dm_preview' with build type 'ament_cmake'
[0.351s] INFO:colcon.colcon_cmake.task.cmake.build:Building CMake package in '/home/kb/Anveshika/Anveshika_ws/src/dm_preview'
[0.352s] INFO:colcon.colcon_core.plugin_system:Skipping extension 'colcon_core.shell.bat': Not used on non-Windows systems
[0.352s] INFO:colcon.colcon_core.shell:Skip shell extension 'powershell' for command environment: Not usable outside of PowerShell
[0.353s] DEBUG:colcon.colcon_core.shell:Skip shell extension 'dsv' for command environment
[0.360s] DEBUG:colcon.colcon_core.event_handler.log_command:Invoking command in '/home/kb/Anveshika/Anveshika_ws/build/dm_preview': CMAKE_PREFIX_PATH=${CMAKE_PREFIX_PATH}:/opt/ros/humble /usr/bin/cmake --build /home/kb/Anveshika/Anveshika_ws/build/dm_preview -- -j8 -l8
[9.766s] DEBUG:colcon.colcon_core.event_handler.log_command:Invoked command in '/home/kb/Anveshika/Anveshika_ws/build/dm_preview' returned '0': CMAKE_PREFIX_PATH=${CMAKE_PREFIX_PATH}:/opt/ros/humble /usr/bin/cmake --build /home/kb/Anveshika/Anveshika_ws/build/dm_preview -- -j8 -l8
[9.806s] DEBUG:colcon.colcon_core.event_handler.log_command:Invoking command in '/home/kb/Anveshika/Anveshika_ws/build/dm_preview': CMAKE_PREFIX_PATH=${CMAKE_PREFIX_PATH}:/opt/ros/humble /usr/bin/cmake --install /home/kb/Anveshika/Anveshika_ws/build/dm_preview
[9.838s] Level 1:colcon.colcon_core.environment:create_environment_scripts_only(dm_preview)
[9.844s] Level 1:colcon.colcon_core.environment:checking '/home/kb/Anveshika/Anveshika_ws/install/dm_preview' for CMake module files
[9.846s] Level 1:colcon.colcon_core.environment:checking '/home/kb/Anveshika/Anveshika_ws/install/dm_preview' for CMake config files
[9.848s] Level 1:colcon.colcon_core.shell:create_environment_hook('dm_preview', 'cmake_prefix_path')
[9.848s] INFO:colcon.colcon_core.shell:Creating environment hook '/home/kb/Anveshika/Anveshika_ws/install/dm_preview/share/dm_preview/hook/cmake_prefix_path.ps1'
[9.849s] INFO:colcon.colcon_core.shell:Creating environment descriptor '/home/kb/Anveshika/Anveshika_ws/install/dm_preview/share/dm_preview/hook/cmake_prefix_path.dsv'
[9.850s] INFO:colcon.colcon_core.shell:Creating environment hook '/home/kb/Anveshika/Anveshika_ws/install/dm_preview/share/dm_preview/hook/cmake_prefix_path.sh'
[9.850s] Level 1:colcon.colcon_core.environment:checking '/home/kb/Anveshika/Anveshika_ws/install/dm_preview/lib'
[9.851s] Level 1:colcon.colcon_core.shell:create_environment_hook('dm_preview', 'ld_library_path_lib')
[9.851s] INFO:colcon.colcon_core.shell:Creating environment hook '/home/kb/Anveshika/Anveshika_ws/install/dm_preview/share/dm_preview/hook/ld_library_path_lib.ps1'
[9.851s] INFO:colcon.colcon_core.shell:Creating environment descriptor '/home/kb/Anveshika/Anveshika_ws/install/dm_preview/share/dm_preview/hook/ld_library_path_lib.dsv'
[9.852s] INFO:colcon.colcon_core.shell:Creating environment hook '/home/kb/Anveshika/Anveshika_ws/install/dm_preview/share/dm_preview/hook/ld_library_path_lib.sh'
[9.852s] Level 1:colcon.colcon_core.environment:checking '/home/kb/Anveshika/Anveshika_ws/install/dm_preview/bin'
[9.853s] Level 1:colcon.colcon_core.environment:checking '/home/kb/Anveshika/Anveshika_ws/install/dm_preview/lib/pkgconfig/dm_preview.pc'
[9.853s] Level 1:colcon.colcon_core.environment:checking '/home/kb/Anveshika/Anveshika_ws/install/dm_preview/lib/python3.10/site-packages'
[9.853s] Level 1:colcon.colcon_core.environment:checking '/home/kb/Anveshika/Anveshika_ws/install/dm_preview/bin'
[9.853s] INFO:colcon.colcon_core.shell:Creating package script '/home/kb/Anveshika/Anveshika_ws/install/dm_preview/share/dm_preview/package.ps1'
[9.854s] INFO:colcon.colcon_core.shell:Creating package descriptor '/home/kb/Anveshika/Anveshika_ws/install/dm_preview/share/dm_preview/package.dsv'
[9.855s] INFO:colcon.colcon_core.shell:Creating package script '/home/kb/Anveshika/Anveshika_ws/install/dm_preview/share/dm_preview/package.sh'
[9.856s] INFO:colcon.colcon_core.shell:Creating package script '/home/kb/Anveshika/Anveshika_ws/install/dm_preview/share/dm_preview/package.bash'
[9.857s] INFO:colcon.colcon_core.shell:Creating package script '/home/kb/Anveshika/Anveshika_ws/install/dm_preview/share/dm_preview/package.zsh'
[9.857s] Level 1:colcon.colcon_core.environment:create_file_with_runtime_dependencies(/home/kb/Anveshika/Anveshika_ws/install/dm_preview/share/colcon-core/packages/dm_preview)
[9.870s] DEBUG:colcon.colcon_core.event_handler.log_command:Invoked command in '/home/kb/Anveshika/Anveshika_ws/build/dm_preview' returned '0': CMAKE_PREFIX_PATH=${CMAKE_PREFIX_PATH}:/opt/ros/humble /usr/bin/cmake --install /home/kb/Anveshika/Anveshika_ws/build/dm_preview
[9.893s] Level 1:colcon.colcon_core.environment:create_environment_scripts_only(dm_preview)
[9.893s] Level 1:colcon.colcon_core.environment:checking '/home/kb/Anveshika/Anveshika_ws/install/dm_preview' for CMake module files
[9.894s] Level 1:colcon.colcon_core.environment:checking '/home/kb/Anveshika/Anveshika_ws/install/dm_preview' for CMake config files
[9.894s] Level 1:colcon.colcon_core.shell:create_environment_hook('dm_preview', 'cmake_prefix_path')
[9.895s] INFO:colcon.colcon_core.shell:Creating environment hook '/home/kb/Anveshika/Anveshika_ws/install/dm_preview/share/dm_preview/hook/cmake_prefix_path.ps1'
[9.895s] INFO:colcon.colcon_core.shell:Creating environment descriptor '/home/kb/Anveshika/Anveshika_ws/install/dm_preview/share/dm_preview/hook/cmake_prefix_path.dsv'
[9.896s] INFO:colcon.colcon_core.shell:Creating environment hook '/home/kb/Anveshika/Anveshika_ws/install/dm_preview/share/dm_preview/hook/cmake_prefix_path.sh'
[9.896s] Level 1:colcon.colcon_core.environment:checking '/home/kb/Anveshika/Anveshika_ws/install/dm_preview/lib'
[9.896s] Level 1:colcon.colcon_core.shell:create_environment_hook('dm_preview', 'ld_library_path_lib')
[9.897s] INFO:colcon.colcon_core.shell:Creating environment hook '/home/kb/Anveshika/Anveshika_ws/install/dm_preview/share/dm_preview/hook/ld_library_path_lib.ps1'
[9.897s] INFO:colcon.colcon_core.shell:Creating environment descriptor '/home/kb/Anveshika/Anveshika_ws/install/dm_preview/share/dm_preview/hook/ld_library_path_lib.dsv'
[9.897s] INFO:colcon.colcon_core.shell:Creating environment hook '/home/kb/Anveshika/Anveshika_ws/install/dm_preview/share/dm_preview/hook/ld_library_path_lib.sh'
[9.898s] Level 1:colcon.colcon_core.environment:checking '/home/kb/Anveshika/Anveshika_ws/install/dm_preview/bin'
[9.898s] Level 1:colcon.colcon_core.environment:checking '/home/kb/Anveshika/Anveshika_ws/install/dm_preview/lib/pkgconfig/dm_preview.pc'
[9.898s] Level 1:colcon.colcon_core.environment:checking '/home/kb/Anveshika/Anveshika_ws/install/dm_preview/lib/python3.10/site-packages'
[9.898s] Level 1:colcon.colcon_core.environment:checking '/home/kb/Anveshika/Anveshika_ws/install/dm_preview/bin'
[9.899s] INFO:colcon.colcon_core.shell:Creating package script '/home/kb/Anveshika/Anveshika_ws/install/dm_preview/share/dm_preview/package.ps1'
[9.899s] INFO:colcon.colcon_core.shell:Creating package descriptor '/home/kb/Anveshika/Anveshika_ws/install/dm_preview/share/dm_preview/package.dsv'
[9.900s] INFO:colcon.colcon_core.shell:Creating package script '/home/kb/Anveshika/Anveshika_ws/install/dm_preview/share/dm_preview/package.sh'
[9.900s] INFO:colcon.colcon_core.shell:Creating package script '/home/kb/Anveshika/Anveshika_ws/install/dm_preview/share/dm_preview/package.bash'
[9.901s] INFO:colcon.colcon_core.shell:Creating package script '/home/kb/Anveshika/Anveshika_ws/install/dm_preview/share/dm_preview/package.zsh'
[9.901s] Level 1:colcon.colcon_core.environment:create_file_with_runtime_dependencies(/home/kb/Anveshika/Anveshika_ws/install/dm_preview/share/colcon-core/packages/dm_preview)
[9.902s] DEBUG:colcon.colcon_parallel_executor.executor.parallel:closing loop
[9.902s] DEBUG:colcon.colcon_parallel_executor.executor.parallel:loop closed
[9.902s] DEBUG:colcon.colcon_parallel_executor.executor.parallel:run_until_complete finished with '0'
[9.902s] DEBUG:colcon.colcon_core.event_reactor:joining thread
[9.908s] INFO:colcon.colcon_core.plugin_system:Skipping extension 'colcon_notification.desktop_notification.terminal_notifier': Not used on non-Darwin systems
[9.908s] INFO:colcon.colcon_core.plugin_system:Skipping extension 'colcon_notification.desktop_notification.win32': Not used on non-Windows systems
[9.908s] INFO:colcon.colcon_notification.desktop_notification:Sending desktop notification using 'notify2'
[9.918s] DEBUG:colcon.colcon_core.event_reactor:joined thread
[9.918s] INFO:colcon.colcon_core.shell:Creating prefix script '/home/kb/Anveshika/Anveshika_ws/install/local_setup.ps1'
[9.921s] INFO:colcon.colcon_core.shell:Creating prefix util module '/home/kb/Anveshika/Anveshika_ws/install/_local_setup_util_ps1.py'
[9.924s] INFO:colcon.colcon_core.shell:Creating prefix chain script '/home/kb/Anveshika/Anveshika_ws/install/setup.ps1'
[9.927s] INFO:colcon.colcon_core.shell:Creating prefix script '/home/kb/Anveshika/Anveshika_ws/install/local_setup.sh'
[9.929s] INFO:colcon.colcon_core.shell:Creating prefix util module '/home/kb/Anveshika/Anveshika_ws/install/_local_setup_util_sh.py'
[9.930s] INFO:colcon.colcon_core.shell:Creating prefix chain script '/home/kb/Anveshika/Anveshika_ws/install/setup.sh'
[9.932s] INFO:colcon.colcon_core.shell:Creating prefix script '/home/kb/Anveshika/Anveshika_ws/install/local_setup.bash'
[9.934s] INFO:colcon.colcon_core.shell:Creating prefix chain script '/home/kb/Anveshika/Anveshika_ws/install/setup.bash'
[9.938s] INFO:colcon.colcon_core.shell:Creating prefix script '/home/kb/Anveshika/Anveshika_ws/install/local_setup.zsh'
[9.939s] INFO:colcon.colcon_core.shell:Creating prefix chain script '/home/kb/Anveshika/Anveshika_ws/install/setup.zsh'
