[3.755s] Invoking command in '/home/kb/Anveshika/Anveshika_ws/build/slam_lidar': PYTHONPATH=/home/kb/Anveshika/Anveshika_ws/build/slam_lidar/prefix_override:/usr/lib/python3/dist-packages/colcon_core/task/python/colcon_distutils_commands:/home/kb/Anveshika/Anveshika_ws/install/slam_lidar/lib/python3.10/site-packages:${PYTHONPATH} /usr/bin/python3 -W ignore:setup.py install is deprecated setup.py develop --editable --build-directory /home/kb/Anveshika/Anveshika_ws/build/slam_lidar/build --no-deps symlink_data
[4.045s] running develop
[4.046s] /usr/lib/python3/dist-packages/setuptools/command/easy_install.py:158: EasyInstallDeprecationWarning: easy_install command is deprecated. Use build and pip and other standards-based tools.
[4.046s]   warnings.warn(
[4.267s] running egg_info
[4.267s] writing slam_lidar.egg-info/PKG-INFO
[4.267s] writing dependency_links to slam_lidar.egg-info/dependency_links.txt
[4.268s] writing entry points to slam_lidar.egg-info/entry_points.txt
[4.268s] writing requirements to slam_lidar.egg-info/requires.txt
[4.268s] writing top-level names to slam_lidar.egg-info/top_level.txt
[4.270s] reading manifest file 'slam_lidar.egg-info/SOURCES.txt'
[4.325s] writing manifest file 'slam_lidar.egg-info/SOURCES.txt'
[4.326s] running build_ext
[4.327s] Creating /home/kb/Anveshika/Anveshika_ws/install/slam_lidar/lib/python3.10/site-packages/slam-lidar.egg-link (link to .)
[4.383s] Installing driving_node script to /home/kb/Anveshika/Anveshika_ws/install/slam_lidar/lib/slam_lidar
[4.384s] Installing mapping_node script to /home/kb/Anveshika/Anveshika_ws/install/slam_lidar/lib/slam_lidar
[4.384s] Installing navigation_node script to /home/kb/Anveshika/Anveshika_ws/install/slam_lidar/lib/slam_lidar
[4.385s] 
[4.385s] Installed /home/kb/Anveshika/Anveshika_ws/build/slam_lidar
[4.385s] running symlink_data
[4.452s] Invoked command in '/home/kb/Anveshika/Anveshika_ws/build/slam_lidar' returned '0': PYTHONPATH=/home/kb/Anveshika/Anveshika_ws/build/slam_lidar/prefix_override:/usr/lib/python3/dist-packages/colcon_core/task/python/colcon_distutils_commands:/home/kb/Anveshika/Anveshika_ws/install/slam_lidar/lib/python3.10/site-packages:${PYTHONPATH} /usr/bin/python3 -W ignore:setup.py install is deprecated setup.py develop --editable --build-directory /home/kb/Anveshika/Anveshika_ws/build/slam_lidar/build --no-deps symlink_data
