[0.029s] Invoking command in '/home/kb/Anveshika/Anveshika_ws/build/slam_gmapping': CMAKE_PREFIX_PATH=/home/kb/Anveshika/Anveshika_ws/install/openslam_gmapping:/home/kb/Anveshika/Anveshika_ws/install/slam_gmapping:/home/kb/Anveshika/Anveshika_ws/install/dm_preview:/home/kb/Anveshika/Anveshika_ws/install/anveshika_nav:/home/kb/Anveshika/Anveshika_ws/install/anveshika_bringup:/home/kb/Anveshika/Anveshika_ws/install/anveshika_description:/home/kb/ydlidar_ros2_driver/install/ydlidar_ros2_driver:/home/kb/zinger_ws/install/zinger_description:/home/kb/ros2_ws/install/my_robot_bringup:/home/kb/ros2_ws/install/my_robot_description:/home/kb/cartographer_ws/install/cartographer_rviz:/home/kb/cartographer_ws/install/cartographer_ros:/home/kb/cartographer_ws/install/cartographer_ros_msgs:/home/kb/Anveshika/Anveshika_ws/install/slam_lidar:/home/kb/Anveshika/Anveshika_ws/install/anveshika_swerve_controller:/home/kb/yolo_ws/install/yolo_read:/home/kb/camera_ws/install/ros2_camera:/home/kb/zinger_ws/install/zinger_swerve_controller:/opt/ros/humble /usr/bin/cmake --build /home/kb/Anveshika/Anveshika_ws/build/slam_gmapping -- -j8 -l8
[0.081s] [35m[1mConsolidate compiler generated dependencies of target slam_gmapping[0m
[0.103s] [100%] Built target slam_gmapping
[0.118s] Invoked command in '/home/kb/Anveshika/Anveshika_ws/build/slam_gmapping' returned '0': CMAKE_PREFIX_PATH=/home/kb/Anveshika/Anveshika_ws/install/openslam_gmapping:/home/kb/Anveshika/Anveshika_ws/install/slam_gmapping:/home/kb/Anveshika/Anveshika_ws/install/dm_preview:/home/kb/Anveshika/Anveshika_ws/install/anveshika_nav:/home/kb/Anveshika/Anveshika_ws/install/anveshika_bringup:/home/kb/Anveshika/Anveshika_ws/install/anveshika_description:/home/kb/ydlidar_ros2_driver/install/ydlidar_ros2_driver:/home/kb/zinger_ws/install/zinger_description:/home/kb/ros2_ws/install/my_robot_bringup:/home/kb/ros2_ws/install/my_robot_description:/home/kb/cartographer_ws/install/cartographer_rviz:/home/kb/cartographer_ws/install/cartographer_ros:/home/kb/cartographer_ws/install/cartographer_ros_msgs:/home/kb/Anveshika/Anveshika_ws/install/slam_lidar:/home/kb/Anveshika/Anveshika_ws/install/anveshika_swerve_controller:/home/kb/yolo_ws/install/yolo_read:/home/kb/camera_ws/install/ros2_camera:/home/kb/zinger_ws/install/zinger_swerve_controller:/opt/ros/humble /usr/bin/cmake --build /home/kb/Anveshika/Anveshika_ws/build/slam_gmapping -- -j8 -l8
[0.148s] Invoking command in '/home/kb/Anveshika/Anveshika_ws/build/slam_gmapping': CMAKE_PREFIX_PATH=/home/kb/Anveshika/Anveshika_ws/install/openslam_gmapping:/home/kb/Anveshika/Anveshika_ws/install/slam_gmapping:/home/kb/Anveshika/Anveshika_ws/install/dm_preview:/home/kb/Anveshika/Anveshika_ws/install/anveshika_nav:/home/kb/Anveshika/Anveshika_ws/install/anveshika_bringup:/home/kb/Anveshika/Anveshika_ws/install/anveshika_description:/home/kb/ydlidar_ros2_driver/install/ydlidar_ros2_driver:/home/kb/zinger_ws/install/zinger_description:/home/kb/ros2_ws/install/my_robot_bringup:/home/kb/ros2_ws/install/my_robot_description:/home/kb/cartographer_ws/install/cartographer_rviz:/home/kb/cartographer_ws/install/cartographer_ros:/home/kb/cartographer_ws/install/cartographer_ros_msgs:/home/kb/Anveshika/Anveshika_ws/install/slam_lidar:/home/kb/Anveshika/Anveshika_ws/install/anveshika_swerve_controller:/home/kb/yolo_ws/install/yolo_read:/home/kb/camera_ws/install/ros2_camera:/home/kb/zinger_ws/install/zinger_swerve_controller:/opt/ros/humble /usr/bin/cmake --install /home/kb/Anveshika/Anveshika_ws/build/slam_gmapping
[0.158s] -- Install configuration: ""
[0.159s] -- Execute custom install script
[0.159s] -- Up-to-date symlink: /home/kb/Anveshika/Anveshika_ws/install/slam_gmapping/lib/slam_gmapping/slam_gmapping
[0.159s] -- Up-to-date symlink: /home/kb/Anveshika/Anveshika_ws/install/slam_gmapping/share/slam_gmapping/launch/slam_gmapping.launch.py
[0.160s] -- Up-to-date symlink: /home/kb/Anveshika/Anveshika_ws/install/slam_gmapping/share/ament_index/resource_index/package_run_dependencies/slam_gmapping
[0.160s] -- Up-to-date symlink: /home/kb/Anveshika/Anveshika_ws/install/slam_gmapping/share/ament_index/resource_index/parent_prefix_path/slam_gmapping
[0.160s] -- Up-to-date symlink: /home/kb/Anveshika/Anveshika_ws/install/slam_gmapping/share/slam_gmapping/environment/ament_prefix_path.sh
[0.160s] -- Up-to-date symlink: /home/kb/Anveshika/Anveshika_ws/install/slam_gmapping/share/slam_gmapping/environment/ament_prefix_path.dsv
[0.160s] -- Up-to-date symlink: /home/kb/Anveshika/Anveshika_ws/install/slam_gmapping/share/slam_gmapping/environment/path.sh
[0.160s] -- Up-to-date symlink: /home/kb/Anveshika/Anveshika_ws/install/slam_gmapping/share/slam_gmapping/environment/path.dsv
[0.161s] -- Up-to-date symlink: /home/kb/Anveshika/Anveshika_ws/install/slam_gmapping/share/slam_gmapping/local_setup.bash
[0.161s] -- Up-to-date symlink: /home/kb/Anveshika/Anveshika_ws/install/slam_gmapping/share/slam_gmapping/local_setup.sh
[0.161s] -- Up-to-date symlink: /home/kb/Anveshika/Anveshika_ws/install/slam_gmapping/share/slam_gmapping/local_setup.zsh
[0.161s] -- Up-to-date symlink: /home/kb/Anveshika/Anveshika_ws/install/slam_gmapping/share/slam_gmapping/local_setup.dsv
[0.161s] -- Symlinking: /home/kb/Anveshika/Anveshika_ws/install/slam_gmapping/share/slam_gmapping/package.dsv
[0.173s] -- Up-to-date symlink: /home/kb/Anveshika/Anveshika_ws/install/slam_gmapping/share/ament_index/resource_index/packages/slam_gmapping
[0.173s] -- Up-to-date symlink: /home/kb/Anveshika/Anveshika_ws/install/slam_gmapping/share/slam_gmapping/cmake/slam_gmappingConfig.cmake
[0.173s] -- Up-to-date symlink: /home/kb/Anveshika/Anveshika_ws/install/slam_gmapping/share/slam_gmapping/cmake/slam_gmappingConfig-version.cmake
[0.173s] -- Up-to-date symlink: /home/kb/Anveshika/Anveshika_ws/install/slam_gmapping/share/slam_gmapping/package.xml
[0.176s] Invoked command in '/home/kb/Anveshika/Anveshika_ws/build/slam_gmapping' returned '0': CMAKE_PREFIX_PATH=/home/kb/Anveshika/Anveshika_ws/install/openslam_gmapping:/home/kb/Anveshika/Anveshika_ws/install/slam_gmapping:/home/kb/Anveshika/Anveshika_ws/install/dm_preview:/home/kb/Anveshika/Anveshika_ws/install/anveshika_nav:/home/kb/Anveshika/Anveshika_ws/install/anveshika_bringup:/home/kb/Anveshika/Anveshika_ws/install/anveshika_description:/home/kb/ydlidar_ros2_driver/install/ydlidar_ros2_driver:/home/kb/zinger_ws/install/zinger_description:/home/kb/ros2_ws/install/my_robot_bringup:/home/kb/ros2_ws/install/my_robot_description:/home/kb/cartographer_ws/install/cartographer_rviz:/home/kb/cartographer_ws/install/cartographer_ros:/home/kb/cartographer_ws/install/cartographer_ros_msgs:/home/kb/Anveshika/Anveshika_ws/install/slam_lidar:/home/kb/Anveshika/Anveshika_ws/install/anveshika_swerve_controller:/home/kb/yolo_ws/install/yolo_read:/home/kb/camera_ws/install/ros2_camera:/home/kb/zinger_ws/install/zinger_swerve_controller:/opt/ros/humble /usr/bin/cmake --install /home/kb/Anveshika/Anveshika_ws/build/slam_gmapping
