[0.401s] DEBUG:colcon:Command line arguments: ['/usr/bin/colcon', 'list', '-p', '--base-paths', '/home/kb/Anveshika/Anveshika_ws']
[0.402s] DEBUG:colcon:Parsed command line arguments: Namespace(log_base=None, log_level=None, verb_name='list', build_base='build', ignore_user_meta=False, metas=['./colcon.meta'], base_paths=['/home/kb/Anveshika/Anveshika_ws'], packages_ignore=None, packages_ignore_regex=None, paths=None, packages_up_to=None, packages_up_to_regex=None, packages_above=None, packages_above_and_dependencies=None, packages_above_depth=None, packages_select_by_dep=None, packages_skip_by_dep=None, packages_skip_up_to=None, packages_select_build_failed=False, packages_skip_build_finished=False, packages_select_test_failures=False, packages_skip_test_passed=False, packages_select=None, packages_skip=None, packages_select_regex=None, packages_skip_regex=None, packages_start=None, packages_end=None, allow_overriding=[], topological_order=False, names_only=False, paths_only=True, topological_graph=False, topological_graph_dot=False, topological_graph_density=False, topological_graph_legend=False, topological_graph_dot_cluster=False, topological_graph_dot_include_skipped=False, verb_parser=<colcon_defaults.argument_parser.defaults.DefaultArgumentsDecorator object at 0x7eeea584d7e0>, verb_extension=<colcon_package_information.verb.list.ListVerb object at 0x7eeea584ca30>, main=<bound method ListVerb.main of <colcon_package_information.verb.list.ListVerb object at 0x7eeea584ca30>>)
[0.924s] Level 1:colcon.colcon_core.package_discovery:discover_packages(colcon_meta) check parameters
[0.924s] Level 1:colcon.colcon_core.package_discovery:discover_packages(recursive) check parameters
[0.925s] Level 1:colcon.colcon_core.package_discovery:discover_packages(ignore) check parameters
[0.925s] Level 1:colcon.colcon_core.package_discovery:discover_packages(path) check parameters
[0.925s] Level 1:colcon.colcon_core.package_discovery:discover_packages(recursive) discover
[0.925s] INFO:colcon.colcon_core.package_discovery:Crawling recursively for packages in '/home/kb/Anveshika/Anveshika_ws'
[0.926s] Level 1:colcon.colcon_core.package_identification:_identify(/home/kb/Anveshika/Anveshika_ws) by extensions ['ignore', 'ignore_ament_install']
[0.927s] Level 1:colcon.colcon_core.package_identification:_identify(/home/kb/Anveshika/Anveshika_ws) by extension 'ignore'
[0.927s] Level 1:colcon.colcon_core.package_identification:_identify(/home/kb/Anveshika/Anveshika_ws) by extension 'ignore_ament_install'
[0.927s] Level 1:colcon.colcon_core.package_identification:_identify(/home/kb/Anveshika/Anveshika_ws) by extensions ['colcon_pkg']
[0.927s] Level 1:colcon.colcon_core.package_identification:_identify(/home/kb/Anveshika/Anveshika_ws) by extension 'colcon_pkg'
[0.927s] Level 1:colcon.colcon_core.package_identification:_identify(/home/kb/Anveshika/Anveshika_ws) by extensions ['colcon_meta']
[0.927s] Level 1:colcon.colcon_core.package_identification:_identify(/home/kb/Anveshika/Anveshika_ws) by extension 'colcon_meta'
[0.928s] Level 1:colcon.colcon_core.package_identification:_identify(/home/kb/Anveshika/Anveshika_ws) by extensions ['ros']
[0.928s] Level 1:colcon.colcon_core.package_identification:_identify(/home/kb/Anveshika/Anveshika_ws) by extension 'ros'
[0.956s] Level 1:colcon.colcon_core.package_identification:_identify(/home/kb/Anveshika/Anveshika_ws) by extensions ['cmake', 'python']
[0.956s] Level 1:colcon.colcon_core.package_identification:_identify(/home/kb/Anveshika/Anveshika_ws) by extension 'cmake'
[0.956s] Level 1:colcon.colcon_core.package_identification:_identify(/home/kb/Anveshika/Anveshika_ws) by extension 'python'
[0.956s] Level 1:colcon.colcon_core.package_identification:_identify(/home/kb/Anveshika/Anveshika_ws) by extensions ['python_setup_py']
[0.956s] Level 1:colcon.colcon_core.package_identification:_identify(/home/kb/Anveshika/Anveshika_ws) by extension 'python_setup_py'
[0.957s] Level 1:colcon.colcon_core.package_identification:_identify(/home/kb/Anveshika/Anveshika_ws/build) by extensions ['ignore', 'ignore_ament_install']
[0.957s] Level 1:colcon.colcon_core.package_identification:_identify(/home/kb/Anveshika/Anveshika_ws/build) by extension 'ignore'
[0.957s] Level 1:colcon.colcon_core.package_identification:_identify(/home/kb/Anveshika/Anveshika_ws/build) ignored
[0.958s] Level 1:colcon.colcon_core.package_identification:_identify(/home/kb/Anveshika/Anveshika_ws/eYs3D) by extensions ['ignore', 'ignore_ament_install']
[0.958s] Level 1:colcon.colcon_core.package_identification:_identify(/home/kb/Anveshika/Anveshika_ws/eYs3D) by extension 'ignore'
[0.959s] Level 1:colcon.colcon_core.package_identification:_identify(/home/kb/Anveshika/Anveshika_ws/eYs3D) by extension 'ignore_ament_install'
[0.959s] Level 1:colcon.colcon_core.package_identification:_identify(/home/kb/Anveshika/Anveshika_ws/eYs3D) by extensions ['colcon_pkg']
[0.959s] Level 1:colcon.colcon_core.package_identification:_identify(/home/kb/Anveshika/Anveshika_ws/eYs3D) by extension 'colcon_pkg'
[0.959s] Level 1:colcon.colcon_core.package_identification:_identify(/home/kb/Anveshika/Anveshika_ws/eYs3D) by extensions ['colcon_meta']
[0.959s] Level 1:colcon.colcon_core.package_identification:_identify(/home/kb/Anveshika/Anveshika_ws/eYs3D) by extension 'colcon_meta'
[0.959s] Level 1:colcon.colcon_core.package_identification:_identify(/home/kb/Anveshika/Anveshika_ws/eYs3D) by extensions ['ros']
[0.960s] Level 1:colcon.colcon_core.package_identification:_identify(/home/kb/Anveshika/Anveshika_ws/eYs3D) by extension 'ros'
[0.960s] Level 1:colcon.colcon_core.package_identification:_identify(/home/kb/Anveshika/Anveshika_ws/eYs3D) by extensions ['cmake', 'python']
[0.960s] Level 1:colcon.colcon_core.package_identification:_identify(/home/kb/Anveshika/Anveshika_ws/eYs3D) by extension 'cmake'
[0.960s] Level 1:colcon.colcon_core.package_identification:_identify(/home/kb/Anveshika/Anveshika_ws/eYs3D) by extension 'python'
[0.960s] Level 1:colcon.colcon_core.package_identification:_identify(/home/kb/Anveshika/Anveshika_ws/eYs3D) by extensions ['python_setup_py']
[0.960s] Level 1:colcon.colcon_core.package_identification:_identify(/home/kb/Anveshika/Anveshika_ws/eYs3D) by extension 'python_setup_py'
[0.961s] Level 1:colcon.colcon_core.package_identification:_identify(/home/kb/Anveshika/Anveshika_ws/eYs3D/cfg) by extensions ['ignore', 'ignore_ament_install']
[0.961s] Level 1:colcon.colcon_core.package_identification:_identify(/home/kb/Anveshika/Anveshika_ws/eYs3D/cfg) by extension 'ignore'
[0.962s] Level 1:colcon.colcon_core.package_identification:_identify(/home/kb/Anveshika/Anveshika_ws/eYs3D/cfg) by extension 'ignore_ament_install'
[0.962s] Level 1:colcon.colcon_core.package_identification:_identify(/home/kb/Anveshika/Anveshika_ws/eYs3D/cfg) by extensions ['colcon_pkg']
[0.962s] Level 1:colcon.colcon_core.package_identification:_identify(/home/kb/Anveshika/Anveshika_ws/eYs3D/cfg) by extension 'colcon_pkg'
[0.962s] Level 1:colcon.colcon_core.package_identification:_identify(/home/kb/Anveshika/Anveshika_ws/eYs3D/cfg) by extensions ['colcon_meta']
[0.963s] Level 1:colcon.colcon_core.package_identification:_identify(/home/kb/Anveshika/Anveshika_ws/eYs3D/cfg) by extension 'colcon_meta'
[0.963s] Level 1:colcon.colcon_core.package_identification:_identify(/home/kb/Anveshika/Anveshika_ws/eYs3D/cfg) by extensions ['ros']
[0.963s] Level 1:colcon.colcon_core.package_identification:_identify(/home/kb/Anveshika/Anveshika_ws/eYs3D/cfg) by extension 'ros'
[0.963s] Level 1:colcon.colcon_core.package_identification:_identify(/home/kb/Anveshika/Anveshika_ws/eYs3D/cfg) by extensions ['cmake', 'python']
[0.963s] Level 1:colcon.colcon_core.package_identification:_identify(/home/kb/Anveshika/Anveshika_ws/eYs3D/cfg) by extension 'cmake'
[0.963s] Level 1:colcon.colcon_core.package_identification:_identify(/home/kb/Anveshika/Anveshika_ws/eYs3D/cfg) by extension 'python'
[0.963s] Level 1:colcon.colcon_core.package_identification:_identify(/home/kb/Anveshika/Anveshika_ws/eYs3D/cfg) by extensions ['python_setup_py']
[0.963s] Level 1:colcon.colcon_core.package_identification:_identify(/home/kb/Anveshika/Anveshika_ws/eYs3D/cfg) by extension 'python_setup_py'
[0.964s] Level 1:colcon.colcon_core.package_identification:_identify(/home/kb/Anveshika/Anveshika_ws/eYs3D/cfg/DM_Quality_Cfg) by extensions ['ignore', 'ignore_ament_install']
[0.964s] Level 1:colcon.colcon_core.package_identification:_identify(/home/kb/Anveshika/Anveshika_ws/eYs3D/cfg/DM_Quality_Cfg) by extension 'ignore'
[0.964s] Level 1:colcon.colcon_core.package_identification:_identify(/home/kb/Anveshika/Anveshika_ws/eYs3D/cfg/DM_Quality_Cfg) by extension 'ignore_ament_install'
[0.964s] Level 1:colcon.colcon_core.package_identification:_identify(/home/kb/Anveshika/Anveshika_ws/eYs3D/cfg/DM_Quality_Cfg) by extensions ['colcon_pkg']
[0.964s] Level 1:colcon.colcon_core.package_identification:_identify(/home/kb/Anveshika/Anveshika_ws/eYs3D/cfg/DM_Quality_Cfg) by extension 'colcon_pkg'
[0.964s] Level 1:colcon.colcon_core.package_identification:_identify(/home/kb/Anveshika/Anveshika_ws/eYs3D/cfg/DM_Quality_Cfg) by extensions ['colcon_meta']
[0.964s] Level 1:colcon.colcon_core.package_identification:_identify(/home/kb/Anveshika/Anveshika_ws/eYs3D/cfg/DM_Quality_Cfg) by extension 'colcon_meta'
[0.964s] Level 1:colcon.colcon_core.package_identification:_identify(/home/kb/Anveshika/Anveshika_ws/eYs3D/cfg/DM_Quality_Cfg) by extensions ['ros']
[0.964s] Level 1:colcon.colcon_core.package_identification:_identify(/home/kb/Anveshika/Anveshika_ws/eYs3D/cfg/DM_Quality_Cfg) by extension 'ros'
[0.964s] Level 1:colcon.colcon_core.package_identification:_identify(/home/kb/Anveshika/Anveshika_ws/eYs3D/cfg/DM_Quality_Cfg) by extensions ['cmake', 'python']
[0.964s] Level 1:colcon.colcon_core.package_identification:_identify(/home/kb/Anveshika/Anveshika_ws/eYs3D/cfg/DM_Quality_Cfg) by extension 'cmake'
[0.964s] Level 1:colcon.colcon_core.package_identification:_identify(/home/kb/Anveshika/Anveshika_ws/eYs3D/cfg/DM_Quality_Cfg) by extension 'python'
[0.964s] Level 1:colcon.colcon_core.package_identification:_identify(/home/kb/Anveshika/Anveshika_ws/eYs3D/cfg/DM_Quality_Cfg) by extensions ['python_setup_py']
[0.964s] Level 1:colcon.colcon_core.package_identification:_identify(/home/kb/Anveshika/Anveshika_ws/eYs3D/cfg/DM_Quality_Cfg) by extension 'python_setup_py'
[0.965s] Level 1:colcon.colcon_core.package_identification:_identify(/home/kb/Anveshika/Anveshika_ws/install) by extensions ['ignore', 'ignore_ament_install']
[0.965s] Level 1:colcon.colcon_core.package_identification:_identify(/home/kb/Anveshika/Anveshika_ws/install) by extension 'ignore'
[0.965s] Level 1:colcon.colcon_core.package_identification:_identify(/home/kb/Anveshika/Anveshika_ws/install) ignored
[0.965s] Level 1:colcon.colcon_core.package_identification:_identify(/home/kb/Anveshika/Anveshika_ws/log) by extensions ['ignore', 'ignore_ament_install']
[0.965s] Level 1:colcon.colcon_core.package_identification:_identify(/home/kb/Anveshika/Anveshika_ws/log) by extension 'ignore'
[0.965s] Level 1:colcon.colcon_core.package_identification:_identify(/home/kb/Anveshika/Anveshika_ws/log) ignored
[0.966s] Level 1:colcon.colcon_core.package_identification:_identify(/home/kb/Anveshika/Anveshika_ws/src) by extensions ['ignore', 'ignore_ament_install']
[0.966s] Level 1:colcon.colcon_core.package_identification:_identify(/home/kb/Anveshika/Anveshika_ws/src) by extension 'ignore'
[0.966s] Level 1:colcon.colcon_core.package_identification:_identify(/home/kb/Anveshika/Anveshika_ws/src) by extension 'ignore_ament_install'
[0.966s] Level 1:colcon.colcon_core.package_identification:_identify(/home/kb/Anveshika/Anveshika_ws/src) by extensions ['colcon_pkg']
[0.966s] Level 1:colcon.colcon_core.package_identification:_identify(/home/kb/Anveshika/Anveshika_ws/src) by extension 'colcon_pkg'
[0.966s] Level 1:colcon.colcon_core.package_identification:_identify(/home/kb/Anveshika/Anveshika_ws/src) by extensions ['colcon_meta']
[0.966s] Level 1:colcon.colcon_core.package_identification:_identify(/home/kb/Anveshika/Anveshika_ws/src) by extension 'colcon_meta'
[0.966s] Level 1:colcon.colcon_core.package_identification:_identify(/home/kb/Anveshika/Anveshika_ws/src) by extensions ['ros']
[0.967s] Level 1:colcon.colcon_core.package_identification:_identify(/home/kb/Anveshika/Anveshika_ws/src) by extension 'ros'
[0.967s] Level 1:colcon.colcon_core.package_identification:_identify(/home/kb/Anveshika/Anveshika_ws/src) by extensions ['cmake', 'python']
[0.967s] Level 1:colcon.colcon_core.package_identification:_identify(/home/kb/Anveshika/Anveshika_ws/src) by extension 'cmake'
[0.967s] Level 1:colcon.colcon_core.package_identification:_identify(/home/kb/Anveshika/Anveshika_ws/src) by extension 'python'
[0.967s] Level 1:colcon.colcon_core.package_identification:_identify(/home/kb/Anveshika/Anveshika_ws/src) by extensions ['python_setup_py']
[0.967s] Level 1:colcon.colcon_core.package_identification:_identify(/home/kb/Anveshika/Anveshika_ws/src) by extension 'python_setup_py'
[0.968s] Level 1:colcon.colcon_core.package_identification:_identify(/home/kb/Anveshika/Anveshika_ws/src/dm_preview) by extensions ['ignore', 'ignore_ament_install']
[0.968s] Level 1:colcon.colcon_core.package_identification:_identify(/home/kb/Anveshika/Anveshika_ws/src/dm_preview) by extension 'ignore'
[0.968s] Level 1:colcon.colcon_core.package_identification:_identify(/home/kb/Anveshika/Anveshika_ws/src/dm_preview) by extension 'ignore_ament_install'
[0.968s] Level 1:colcon.colcon_core.package_identification:_identify(/home/kb/Anveshika/Anveshika_ws/src/dm_preview) by extensions ['colcon_pkg']
[0.968s] Level 1:colcon.colcon_core.package_identification:_identify(/home/kb/Anveshika/Anveshika_ws/src/dm_preview) by extension 'colcon_pkg'
[0.968s] Level 1:colcon.colcon_core.package_identification:_identify(/home/kb/Anveshika/Anveshika_ws/src/dm_preview) by extensions ['colcon_meta']
[0.968s] Level 1:colcon.colcon_core.package_identification:_identify(/home/kb/Anveshika/Anveshika_ws/src/dm_preview) by extension 'colcon_meta'
[0.968s] Level 1:colcon.colcon_core.package_identification:_identify(/home/kb/Anveshika/Anveshika_ws/src/dm_preview) by extensions ['ros']
[0.968s] Level 1:colcon.colcon_core.package_identification:_identify(/home/kb/Anveshika/Anveshika_ws/src/dm_preview) by extension 'ros'
[0.976s] DEBUG:colcon.colcon_core.package_identification:Package '/home/kb/Anveshika/Anveshika_ws/src/dm_preview' with type 'ros.ament_cmake' and name 'dm_preview'
[0.977s] Level 1:colcon.colcon_core.package_discovery:discover_packages(recursive) using defaults
