[3.786s] Invoking command in '/home/kb/Anveshika/Anveshika_ws/build/anveshika_detection': PYTHONPATH=/home/kb/Anveshika/Anveshika_ws/build/anveshika_detection/prefix_override:/usr/lib/python3/dist-packages/colcon_core/task/python/colcon_distutils_commands:/home/kb/Anveshika/Anveshika_ws/install/anveshika_detection/lib/python3.10/site-packages:${PYTHONPATH} /usr/bin/python3 -W ignore:setup.py install is deprecated setup.py develop --editable --build-directory /home/kb/Anveshika/Anveshika_ws/build/anveshika_detection/build --no-deps symlink_data
[4.074s] running develop
[4.075s] /usr/lib/python3/dist-packages/setuptools/command/easy_install.py:158: EasyInstallDeprecationWarning: easy_install command is deprecated. Use build and pip and other standards-based tools.
[4.075s]   warnings.warn(
[4.296s] running egg_info
[4.296s] writing anveshika_detection.egg-info/PKG-INFO
[4.297s] writing dependency_links to anveshika_detection.egg-info/dependency_links.txt
[4.297s] writing entry points to anveshika_detection.egg-info/entry_points.txt
[4.297s] writing requirements to anveshika_detection.egg-info/requires.txt
[4.297s] writing top-level names to anveshika_detection.egg-info/top_level.txt
[4.298s] reading manifest file 'anveshika_detection.egg-info/SOURCES.txt'
[4.354s] writing manifest file 'anveshika_detection.egg-info/SOURCES.txt'
[4.356s] running build_ext
[4.356s] Creating /home/kb/Anveshika/Anveshika_ws/install/anveshika_detection/lib/python3.10/site-packages/anveshika-detection.egg-link (link to .)
[4.356s] Installing detection_node script to /home/kb/Anveshika/Anveshika_ws/install/anveshika_detection/lib/anveshika_detection
[4.357s] 
[4.357s] Installed /home/kb/Anveshika/Anveshika_ws/build/anveshika_detection
[4.357s] running symlink_data
[4.524s] creating /home/kb/Anveshika/Anveshika_ws/install/anveshika_detection/share/anveshika_detection/params
[4.525s] symbolically linking /home/kb/Anveshika/Anveshika_ws/build/anveshika_detection/params/realsense.yaml -> /home/kb/Anveshika/Anveshika_ws/install/anveshika_detection/share/anveshika_detection/params/
[4.700s] Invoked command in '/home/kb/Anveshika/Anveshika_ws/build/anveshika_detection' returned '0': PYTHONPATH=/home/kb/Anveshika/Anveshika_ws/build/anveshika_detection/prefix_override:/usr/lib/python3/dist-packages/colcon_core/task/python/colcon_distutils_commands:/home/kb/Anveshika/Anveshika_ws/install/anveshika_detection/lib/python3.10/site-packages:${PYTHONPATH} /usr/bin/python3 -W ignore:setup.py install is deprecated setup.py develop --editable --build-directory /home/kb/Anveshika/Anveshika_ws/build/anveshika_detection/build --no-deps symlink_data
