[0.013s] Invoking command in '/home/kb/Anveshika/Anveshika_ws/build/Anveshika_description': CMAKE_PREFIX_PATH=${CMAKE_PREFIX_PATH}:/opt/ros/humble /usr/bin/cmake /home/kb/Anveshika/Anveshika_ws/src/Anveshika_description -DCMAKE_INSTALL_PREFIX=/home/kb/Anveshika/Anveshika_ws/install/Anveshika_description
[0.252s] -- The C compiler identification is GNU 11.4.0
[0.441s] -- The CXX compiler identification is GNU 11.4.0
[0.451s] -- Detecting C compiler ABI info
[0.531s] -- Detecting C compiler ABI info - done
[0.539s] -- Check for working C compiler: /usr/bin/cc - skipped
[0.540s] -- Detecting C compile features
[0.541s] -- Detecting C compile features - done
[0.545s] -- Detecting CXX compiler ABI info
[0.624s] -- Detecting CXX compiler ABI info - done
[0.631s] -- Check for working CXX compiler: /usr/bin/c++ - skipped
[0.632s] -- Detecting CXX compile features
[0.632s] -- Detecting CXX compile features - done
[0.642s] -- Found ament_cmake: 1.3.8 (/opt/ros/humble/share/ament_cmake/cmake)
[0.784s] -- Found Python3: /usr/bin/python3 (found version "3.10.12") found components: Interpreter 
[0.924s] -- Found ament_lint_auto: 0.12.10 (/opt/ros/humble/share/ament_lint_auto/cmake)
[0.972s] WARNING: Package name "Anveshika_description" does not follow the naming conventions. It should start with a lower case letter and only contain lower case letters, digits, underscores, and dashes.
[1.035s] -- Added test 'lint_cmake' to check CMake code style
[1.038s] -- Added test 'xmllint' to check XML markup files
[1.040s] -- Configuring done
[1.043s] -- Generating done
[1.043s] -- Build files have been written to: /home/kb/Anveshika/Anveshika_ws/build/Anveshika_description
[1.049s] Invoked command in '/home/kb/Anveshika/Anveshika_ws/build/Anveshika_description' returned '0': CMAKE_PREFIX_PATH=${CMAKE_PREFIX_PATH}:/opt/ros/humble /usr/bin/cmake /home/kb/Anveshika/Anveshika_ws/src/Anveshika_description -DCMAKE_INSTALL_PREFIX=/home/kb/Anveshika/Anveshika_ws/install/Anveshika_description
[1.049s] Invoking command in '/home/kb/Anveshika/Anveshika_ws/build/Anveshika_description': CMAKE_PREFIX_PATH=${CMAKE_PREFIX_PATH}:/opt/ros/humble /usr/bin/cmake --build /home/kb/Anveshika/Anveshika_ws/build/Anveshika_description -- -j8 -l8
[1.088s] Invoked command in '/home/kb/Anveshika/Anveshika_ws/build/Anveshika_description' returned '0': CMAKE_PREFIX_PATH=${CMAKE_PREFIX_PATH}:/opt/ros/humble /usr/bin/cmake --build /home/kb/Anveshika/Anveshika_ws/build/Anveshika_description -- -j8 -l8
[1.123s] Invoking command in '/home/kb/Anveshika/Anveshika_ws/build/Anveshika_description': CMAKE_PREFIX_PATH=${CMAKE_PREFIX_PATH}:/opt/ros/humble /usr/bin/cmake --install /home/kb/Anveshika/Anveshika_ws/build/Anveshika_description
[1.133s] -- Install configuration: ""
[1.133s] -- Installing: /home/kb/Anveshika/Anveshika_ws/install/Anveshika_description/share/ament_index/resource_index/package_run_dependencies/Anveshika_description
[1.134s] -- Installing: /home/kb/Anveshika/Anveshika_ws/install/Anveshika_description/share/ament_index/resource_index/parent_prefix_path/Anveshika_description
[1.134s] -- Installing: /home/kb/Anveshika/Anveshika_ws/install/Anveshika_description/share/Anveshika_description/environment/ament_prefix_path.sh
[1.134s] -- Installing: /home/kb/Anveshika/Anveshika_ws/install/Anveshika_description/share/Anveshika_description/environment/ament_prefix_path.dsv
[1.134s] -- Installing: /home/kb/Anveshika/Anveshika_ws/install/Anveshika_description/share/Anveshika_description/environment/path.sh
[1.134s] -- Installing: /home/kb/Anveshika/Anveshika_ws/install/Anveshika_description/share/Anveshika_description/environment/path.dsv
[1.134s] -- Installing: /home/kb/Anveshika/Anveshika_ws/install/Anveshika_description/share/Anveshika_description/local_setup.bash
[1.134s] -- Installing: /home/kb/Anveshika/Anveshika_ws/install/Anveshika_description/share/Anveshika_description/local_setup.sh
[1.135s] -- Installing: /home/kb/Anveshika/Anveshika_ws/install/Anveshika_description/share/Anveshika_description/local_setup.zsh
[1.135s] -- Installing: /home/kb/Anveshika/Anveshika_ws/install/Anveshika_description/share/Anveshika_description/local_setup.dsv
[1.135s] -- Installing: /home/kb/Anveshika/Anveshika_ws/install/Anveshika_description/share/Anveshika_description/package.dsv
[1.135s] -- Installing: /home/kb/Anveshika/Anveshika_ws/install/Anveshika_description/share/ament_index/resource_index/packages/Anveshika_description
[1.135s] -- Installing: /home/kb/Anveshika/Anveshika_ws/install/Anveshika_description/share/Anveshika_description/cmake/Anveshika_descriptionConfig.cmake
[1.135s] -- Installing: /home/kb/Anveshika/Anveshika_ws/install/Anveshika_description/share/Anveshika_description/cmake/Anveshika_descriptionConfig-version.cmake
[1.136s] -- Installing: /home/kb/Anveshika/Anveshika_ws/install/Anveshika_description/share/Anveshika_description/package.xml
[1.138s] Invoked command in '/home/kb/Anveshika/Anveshika_ws/build/Anveshika_description' returned '0': CMAKE_PREFIX_PATH=${CMAKE_PREFIX_PATH}:/opt/ros/humble /usr/bin/cmake --install /home/kb/Anveshika/Anveshika_ws/build/Anveshika_description
