[0.498s] Invoking command in '/home/kb/Anveshika/Anveshika_ws/build/dm_preview': CMAKE_PREFIX_PATH=${CMAKE_PREFIX_PATH}:/home/kb/Anveshika/Anveshika_ws/install/anveshika_swerve_controller:/home/kb/yolo_ws/install/yolo_read:/home/kb/camera_ws/install/ros2_camera:/home/kb/zinger_ws/install/zinger_swerve_controller:/opt/ros/humble /usr/bin/cmake --build /home/kb/Anveshika/Anveshika_ws/build/dm_preview -- -j8 -l8
[1.316s] [ 33%] Built target apc_camera_component
[1.355s] [100%] Built target apc_camera_node
[1.355s] [100%] Built target apc_camera_listener_node
[1.368s] Invoked command in '/home/kb/Anveshika/Anveshika_ws/build/dm_preview' returned '0': CMAKE_PREFIX_PATH=${CMAKE_PREFIX_PATH}:/home/kb/Anveshika/Anveshika_ws/install/anveshika_swerve_controller:/home/kb/yolo_ws/install/yolo_read:/home/kb/camera_ws/install/ros2_camera:/home/kb/zinger_ws/install/zinger_swerve_controller:/opt/ros/humble /usr/bin/cmake --build /home/kb/Anveshika/Anveshika_ws/build/dm_preview -- -j8 -l8
[1.539s] Invoking command in '/home/kb/Anveshika/Anveshika_ws/build/dm_preview': CMAKE_PREFIX_PATH=${CMAKE_PREFIX_PATH}:/home/kb/Anveshika/Anveshika_ws/install/anveshika_swerve_controller:/home/kb/yolo_ws/install/yolo_read:/home/kb/camera_ws/install/ros2_camera:/home/kb/zinger_ws/install/zinger_swerve_controller:/opt/ros/humble /usr/bin/cmake --install /home/kb/Anveshika/Anveshika_ws/build/dm_preview
[1.583s] -- Install configuration: ""
[1.631s] -- Execute custom install script
[1.633s] -- Up-to-date symlink: /home/kb/Anveshika/Anveshika_ws/install/dm_preview/lib/dm_preview/apc_camera_listener_node
[1.634s] -- Up-to-date symlink: /home/kb/Anveshika/Anveshika_ws/install/dm_preview/lib/libapc_camera_component.so
[1.636s] -- Up-to-date symlink: /home/kb/Anveshika/Anveshika_ws/install/dm_preview/lib/dm_preview/apc_camera_node
[1.642s] -- Up-to-date symlink: /home/kb/Anveshika/Anveshika_ws/install/dm_preview/lib//Debug/libeys3d.NVIDIA_64.so
[1.643s] -- Up-to-date symlink: /home/kb/Anveshika/Anveshika_ws/install/dm_preview/lib//Debug/libeys3d.NVIDIA_64.so.d5be8506
[1.644s] -- Up-to-date symlink: /home/kb/Anveshika/Anveshika_ws/install/dm_preview/lib//Debug/libeys3d.X86_64.so
[1.644s] -- Up-to-date symlink: /home/kb/Anveshika/Anveshika_ws/install/dm_preview/lib//Debug/libeys3d.X86_64.so.d5be8506
[1.645s] -- Up-to-date symlink: /home/kb/Anveshika/Anveshika_ws/install/dm_preview/lib//eSPDI/Debug/libeSPDI_NVIDIA_64_debug.so
[1.646s] -- Up-to-date symlink: /home/kb/Anveshika/Anveshika_ws/install/dm_preview/lib//eSPDI/Debug/libeSPDI_NVIDIA_64_debug.so.5.0.1.37
[1.647s] -- Up-to-date symlink: /home/kb/Anveshika/Anveshika_ws/install/dm_preview/lib//eSPDI/Debug/libeSPDI_X86_64_debug.so
[1.647s] -- Up-to-date symlink: /home/kb/Anveshika/Anveshika_ws/install/dm_preview/lib//eSPDI/Debug/libeSPDI_X86_64_debug.so.5.0.1.37
[1.648s] -- Up-to-date symlink: /home/kb/Anveshika/Anveshika_ws/install/dm_preview/lib//eSPDI/OpenCL/x86_64/include/cl.h
[1.649s] -- Up-to-date symlink: /home/kb/Anveshika/Anveshika_ws/install/dm_preview/lib//eSPDI/OpenCL/x86_64/include/cl_d3d10.h
[1.650s] -- Up-to-date symlink: /home/kb/Anveshika/Anveshika_ws/install/dm_preview/lib//eSPDI/OpenCL/x86_64/include/cl_d3d11.h
[1.650s] -- Up-to-date symlink: /home/kb/Anveshika/Anveshika_ws/install/dm_preview/lib//eSPDI/OpenCL/x86_64/include/cl_dx9_media_sharing.h
[1.651s] -- Up-to-date symlink: /home/kb/Anveshika/Anveshika_ws/install/dm_preview/lib//eSPDI/OpenCL/x86_64/include/cl_dx9_media_sharing_intel.h
[1.652s] -- Up-to-date symlink: /home/kb/Anveshika/Anveshika_ws/install/dm_preview/lib//eSPDI/OpenCL/x86_64/include/cl_egl.h
[1.653s] -- Up-to-date symlink: /home/kb/Anveshika/Anveshika_ws/install/dm_preview/lib//eSPDI/OpenCL/x86_64/include/cl_ext.h
[1.654s] -- Up-to-date symlink: /home/kb/Anveshika/Anveshika_ws/install/dm_preview/lib//eSPDI/OpenCL/x86_64/include/cl_ext_intel.h
[1.655s] -- Up-to-date symlink: /home/kb/Anveshika/Anveshika_ws/install/dm_preview/lib//eSPDI/OpenCL/x86_64/include/cl_gl.h
[1.656s] -- Up-to-date symlink: /home/kb/Anveshika/Anveshika_ws/install/dm_preview/lib//eSPDI/OpenCL/x86_64/include/cl_gl_ext.h
[1.657s] -- Up-to-date symlink: /home/kb/Anveshika/Anveshika_ws/install/dm_preview/lib//eSPDI/OpenCL/x86_64/include/cl_half.h
[1.657s] -- Up-to-date symlink: /home/kb/Anveshika/Anveshika_ws/install/dm_preview/lib//eSPDI/OpenCL/x86_64/include/cl_icd.h
[1.658s] -- Up-to-date symlink: /home/kb/Anveshika/Anveshika_ws/install/dm_preview/lib//eSPDI/OpenCL/x86_64/include/cl_platform.h
[1.658s] -- Up-to-date symlink: /home/kb/Anveshika/Anveshika_ws/install/dm_preview/lib//eSPDI/OpenCL/x86_64/include/cl_va_api_media_sharing_intel.h
[1.659s] -- Up-to-date symlink: /home/kb/Anveshika/Anveshika_ws/install/dm_preview/lib//eSPDI/OpenCL/x86_64/include/cl_version.h
[1.659s] -- Up-to-date symlink: /home/kb/Anveshika/Anveshika_ws/install/dm_preview/lib//eSPDI/OpenCL/x86_64/include/opencl.h
[1.660s] -- Up-to-date symlink: /home/kb/Anveshika/Anveshika_ws/install/dm_preview/lib//eSPDI/OpenCL/x86_64/lib/libOpenCL.so
[1.661s] -- Up-to-date symlink: /home/kb/Anveshika/Anveshika_ws/install/dm_preview/lib//eSPDI/OpenCL/x86_64/lib/libOpenCL.so.1
[1.661s] -- Up-to-date symlink: /home/kb/Anveshika/Anveshika_ws/install/dm_preview/lib//eSPDI/OpenCL/x86_64/lib/libOpenCL.so.1.2
[1.662s] -- Up-to-date symlink: /home/kb/Anveshika/Anveshika_ws/install/dm_preview/lib//eSPDI/eSPDI.h
[1.662s] -- Up-to-date symlink: /home/kb/Anveshika/Anveshika_ws/install/dm_preview/lib//eSPDI/eSPDI_def.h
[1.663s] -- Up-to-date symlink: /home/kb/Anveshika/Anveshika_ws/install/dm_preview/lib//eSPDI/eSPDI_version.h
[1.663s] -- Up-to-date symlink: /home/kb/Anveshika/Anveshika_ws/install/dm_preview/lib//eSPDI/libeSPDI_NVIDIA_64.so
[1.663s] -- Up-to-date symlink: /home/kb/Anveshika/Anveshika_ws/install/dm_preview/lib//eSPDI/libeSPDI_NVIDIA_64.so.5.0.1.37
[1.664s] -- Up-to-date symlink: /home/kb/Anveshika/Anveshika_ws/install/dm_preview/lib//eSPDI/libeSPDI_X86_64.so
[1.664s] -- Up-to-date symlink: /home/kb/Anveshika/Anveshika_ws/install/dm_preview/lib//eSPDI/libeSPDI_X86_64.so.5.0.1.37
[1.665s] -- Up-to-date symlink: /home/kb/Anveshika/Anveshika_ws/install/dm_preview/lib//eSPDI/self_calibration/Debug/Self_Calibration_API/aarch64/include/Self_Calibration_API.h
[1.665s] -- Up-to-date symlink: /home/kb/Anveshika/Anveshika_ws/install/dm_preview/lib//eSPDI/self_calibration/Debug/Self_Calibration_API/aarch64/lib/libSelf_Calibration_API.so
[1.666s] -- Up-to-date symlink: /home/kb/Anveshika/Anveshika_ws/install/dm_preview/lib//eSPDI/self_calibration/Debug/Self_Calibration_API/aarch64/lib/libSelf_Calibration_API.so.76613ba
[1.666s] -- Up-to-date symlink: /home/kb/Anveshika/Anveshika_ws/install/dm_preview/lib//eSPDI/self_calibration/Debug/Self_Calibration_API/x86_64/include/Self_Calibration_API.h
[1.667s] -- Up-to-date symlink: /home/kb/Anveshika/Anveshika_ws/install/dm_preview/lib//eSPDI/self_calibration/Debug/Self_Calibration_API/x86_64/lib/libSelf_Calibration_API.so
[1.667s] -- Up-to-date symlink: /home/kb/Anveshika/Anveshika_ws/install/dm_preview/lib//eSPDI/self_calibration/Debug/Self_Calibration_API/x86_64/lib/libSelf_Calibration_API.so.76613ba
[1.668s] -- Up-to-date symlink: /home/kb/Anveshika/Anveshika_ws/install/dm_preview/lib//eSPDI/self_calibration/Self_Calibration_API/aarch64/include/Self_Calibration_API.h
[1.668s] -- Up-to-date symlink: /home/kb/Anveshika/Anveshika_ws/install/dm_preview/lib//eSPDI/self_calibration/Self_Calibration_API/aarch64/lib/libSelf_Calibration_API.so
[1.669s] -- Up-to-date symlink: /home/kb/Anveshika/Anveshika_ws/install/dm_preview/lib//eSPDI/self_calibration/Self_Calibration_API/aarch64/lib/libSelf_Calibration_API.so.76613ba
[1.669s] -- Up-to-date symlink: /home/kb/Anveshika/Anveshika_ws/install/dm_preview/lib//eSPDI/self_calibration/Self_Calibration_API/x86_64/include/Self_Calibration_API.h
[1.669s] -- Up-to-date symlink: /home/kb/Anveshika/Anveshika_ws/install/dm_preview/lib//eSPDI/self_calibration/Self_Calibration_API/x86_64/lib/libSelf_Calibration_API.so
[1.670s] -- Up-to-date symlink: /home/kb/Anveshika/Anveshika_ws/install/dm_preview/lib//eSPDI/self_calibration/Self_Calibration_API/x86_64/lib/libSelf_Calibration_API.so.76613ba
[1.670s] -- Up-to-date symlink: /home/kb/Anveshika/Anveshika_ws/install/dm_preview/lib//eSPDI/thermal/x86_64/include/mapping.h
[1.671s] -- Up-to-date symlink: /home/kb/Anveshika/Anveshika_ws/install/dm_preview/lib//eSPDI/thermal/x86_64/include/measure.h
[1.671s] -- Up-to-date symlink: /home/kb/Anveshika/Anveshika_ws/install/dm_preview/lib//eSPDI/thermal/x86_64/lib/libMapping.a
[1.671s] -- Up-to-date symlink: /home/kb/Anveshika/Anveshika_ws/install/dm_preview/lib//eSPDI/thermal/x86_64/lib/libMeasure.a
[1.672s] -- Up-to-date symlink: /home/kb/Anveshika/Anveshika_ws/install/dm_preview/lib//libeys3d.NVIDIA_64.so
[1.672s] -- Up-to-date symlink: /home/kb/Anveshika/Anveshika_ws/install/dm_preview/lib//libeys3d.NVIDIA_64.so.d5be8506
[1.672s] -- Up-to-date symlink: /home/kb/Anveshika/Anveshika_ws/install/dm_preview/lib//libeys3d.X86_64.so
[1.673s] -- Up-to-date symlink: /home/kb/Anveshika/Anveshika_ws/install/dm_preview/lib//libeys3d.X86_64.so.d5be8506
[1.674s] -- Up-to-date symlink: /home/kb/Anveshika/Anveshika_ws/install/dm_preview/include/dm_preview//apc_camera_component.hpp
[1.674s] -- Up-to-date symlink: /home/kb/Anveshika/Anveshika_ws/install/dm_preview/include/dm_preview//types_calib.h
[1.674s] -- Up-to-date symlink: /home/kb/Anveshika/Anveshika_ws/install/dm_preview/include/dm_preview//versionInfo.h
[1.677s] -- Up-to-date symlink: /home/kb/Anveshika/Anveshika_ws/install/dm_preview/include/dm_preview//APC.def
[1.677s] -- Up-to-date symlink: /home/kb/Anveshika/Anveshika_ws/install/dm_preview/include/dm_preview//APC_unity.def
[1.677s] -- Up-to-date symlink: /home/kb/Anveshika/Anveshika_ws/install/dm_preview/include/dm_preview//Constants.h
[1.678s] -- Up-to-date symlink: /home/kb/Anveshika/Anveshika_ws/install/dm_preview/include/dm_preview//DMPreview_utility/ColorPaletteGenerator.h
[1.678s] -- Up-to-date symlink: /home/kb/Anveshika/Anveshika_ws/install/dm_preview/include/dm_preview//DMPreview_utility/IMU/IMU_Filter/IMUFilter.h
[1.678s] -- Up-to-date symlink: /home/kb/Anveshika/Anveshika_ws/install/dm_preview/include/dm_preview//DMPreview_utility/IMU/IMU_Filter/IMUFilter_Complementary.h
[1.679s] -- Up-to-date symlink: /home/kb/Anveshika/Anveshika_ws/install/dm_preview/include/dm_preview//DMPreview_utility/IMU/IMU_Filter/Quaternion1.h
[1.679s] -- Up-to-date symlink: /home/kb/Anveshika/Anveshika_ws/install/dm_preview/include/dm_preview//DMPreview_utility/IMU/IMU_Filter/quaternion.h
[1.679s] -- Up-to-date symlink: /home/kb/Anveshika/Anveshika_ws/install/dm_preview/include/dm_preview//DMPreview_utility/IMUData.h
[1.679s] -- Up-to-date symlink: /home/kb/Anveshika/Anveshika_ws/install/dm_preview/include/dm_preview//DMPreview_utility/ModeConfig.h
[1.679s] -- Up-to-date symlink: /home/kb/Anveshika/Anveshika_ws/install/dm_preview/include/dm_preview//DMPreview_utility/ModeConfigOptions.h
[1.680s] -- Up-to-date symlink: /home/kb/Anveshika/Anveshika_ws/install/dm_preview/include/dm_preview//DMPreview_utility/PlyFilter.h
[1.680s] -- Up-to-date symlink: /home/kb/Anveshika/Anveshika_ws/install/dm_preview/include/dm_preview//DMPreview_utility/PlyWriter.h
[1.681s] -- Up-to-date symlink: /home/kb/Anveshika/Anveshika_ws/install/dm_preview/include/dm_preview//DMPreview_utility/RegisterSettings.h
[1.682s] -- Up-to-date symlink: /home/kb/Anveshika/Anveshika_ws/install/dm_preview/include/dm_preview//DMPreview_utility/hidapi/hidapi.h
[1.682s] -- Up-to-date symlink: /home/kb/Anveshika/Anveshika_ws/install/dm_preview/include/dm_preview//DMPreview_utility/sqlite3/sqlite3.h
[1.682s] -- Up-to-date symlink: /home/kb/Anveshika/Anveshika_ws/install/dm_preview/include/dm_preview//DMPreview_utility/sqlite3/sqlite3ext.h
[1.683s] -- Up-to-date symlink: /home/kb/Anveshika/Anveshika_ws/install/dm_preview/include/dm_preview//DMPreview_utility/utImageProcessingUtility.h
[1.683s] -- Up-to-date symlink: /home/kb/Anveshika/Anveshika_ws/install/dm_preview/include/dm_preview//DebugCPP.hpp
[1.683s] -- Up-to-date symlink: /home/kb/Anveshika/Anveshika_ws/install/dm_preview/include/dm_preview//EYS3DSystem.h
[1.683s] -- Up-to-date symlink: /home/kb/Anveshika/Anveshika_ws/install/dm_preview/include/dm_preview//EYS3DSystem_def.h
[1.683s] -- Up-to-date symlink: /home/kb/Anveshika/Anveshika_ws/install/dm_preview/include/dm_preview//UnityBinder.h
[1.684s] -- Up-to-date symlink: /home/kb/Anveshika/Anveshika_ws/install/dm_preview/include/dm_preview//VersionInfo.rc.in
[1.684s] -- Up-to-date symlink: /home/kb/Anveshika/Anveshika_ws/install/dm_preview/include/dm_preview//base/Compiler.h
[1.684s] -- Up-to-date symlink: /home/kb/Anveshika/Anveshika_ws/install/dm_preview/include/dm_preview//base/EnumFlags.h
[1.684s] -- Up-to-date symlink: /home/kb/Anveshika/Anveshika_ws/install/dm_preview/include/dm_preview//base/Optional.h
[1.684s] -- Up-to-date symlink: /home/kb/Anveshika/Anveshika_ws/install/dm_preview/include/dm_preview//base/TypeTraits.h
[1.685s] -- Up-to-date symlink: /home/kb/Anveshika/Anveshika_ws/install/dm_preview/include/dm_preview//base/memory/LazyInstance.h
[1.685s] -- Up-to-date symlink: /home/kb/Anveshika/Anveshika_ws/install/dm_preview/include/dm_preview//base/synchronization/ConditionVariable.h
[1.685s] -- Up-to-date symlink: /home/kb/Anveshika/Anveshika_ws/install/dm_preview/include/dm_preview//base/synchronization/Event.h
[1.685s] -- Up-to-date symlink: /home/kb/Anveshika/Anveshika_ws/install/dm_preview/include/dm_preview//base/synchronization/Lock.h
[1.685s] -- Up-to-date symlink: /home/kb/Anveshika/Anveshika_ws/install/dm_preview/include/dm_preview//base/synchronization/MessageChannel.h
[1.686s] -- Up-to-date symlink: /home/kb/Anveshika/Anveshika_ws/install/dm_preview/include/dm_preview//base/threads/Async.h
[1.686s] -- Up-to-date symlink: /home/kb/Anveshika/Anveshika_ws/install/dm_preview/include/dm_preview//base/threads/FunctorThread.h
[1.686s] -- Up-to-date symlink: /home/kb/Anveshika/Anveshika_ws/install/dm_preview/include/dm_preview//base/threads/Thread.h
[1.686s] -- Up-to-date symlink: /home/kb/Anveshika/Anveshika_ws/install/dm_preview/include/dm_preview//base/threads/ThreadPool.h
[1.686s] -- Up-to-date symlink: /home/kb/Anveshika/Anveshika_ws/install/dm_preview/include/dm_preview//base/threads/ThreadStore.h
[1.687s] -- Up-to-date symlink: /home/kb/Anveshika/Anveshika_ws/install/dm_preview/include/dm_preview//base/threads/Types.h
[1.687s] -- Up-to-date symlink: /home/kb/Anveshika/Anveshika_ws/install/dm_preview/include/dm_preview//base/threads/WorkerThread.h
[1.687s] -- Up-to-date symlink: /home/kb/Anveshika/Anveshika_ws/install/dm_preview/include/dm_preview//cgroup.h
[1.687s] -- Up-to-date symlink: /home/kb/Anveshika/Anveshika_ws/install/dm_preview/include/dm_preview//debug.h
[1.687s] -- Up-to-date symlink: /home/kb/Anveshika/Anveshika_ws/install/dm_preview/include/dm_preview//devices/CameraDevice.h
[1.688s] -- Up-to-date symlink: /home/kb/Anveshika/Anveshika_ws/install/dm_preview/include/dm_preview//devices/CameraDevice_8036.h
[1.688s] -- Up-to-date symlink: /home/kb/Anveshika/Anveshika_ws/install/dm_preview/include/dm_preview//devices/CameraDevice_80362.h
[1.688s] -- Up-to-date symlink: /home/kb/Anveshika/Anveshika_ws/install/dm_preview/include/dm_preview//devices/CameraDevice_8037.h
[1.688s] -- Up-to-date symlink: /home/kb/Anveshika/Anveshika_ws/install/dm_preview/include/dm_preview//devices/CameraDevice_8052.h
[1.688s] -- Up-to-date symlink: /home/kb/Anveshika/Anveshika_ws/install/dm_preview/include/dm_preview//devices/CameraDevice_8053.h
[1.689s] -- Up-to-date symlink: /home/kb/Anveshika/Anveshika_ws/install/dm_preview/include/dm_preview//devices/CameraDevice_8059.h
[1.689s] -- Up-to-date symlink: /home/kb/Anveshika/Anveshika_ws/install/dm_preview/include/dm_preview//devices/CameraDevice_8062.h
[1.689s] -- Up-to-date symlink: /home/kb/Anveshika/Anveshika_ws/install/dm_preview/include/dm_preview//devices/CameraDevice_8067.h
[1.689s] -- Up-to-date symlink: /home/kb/Anveshika/Anveshika_ws/install/dm_preview/include/dm_preview//devices/CameraDevice_8073.h
[1.689s] -- Up-to-date symlink: /home/kb/Anveshika/Anveshika_ws/install/dm_preview/include/dm_preview//devices/CameraDevice_8081.h
[1.690s] -- Up-to-date symlink: /home/kb/Anveshika/Anveshika_ws/install/dm_preview/include/dm_preview//devices/CameraDevice_Hypatia.h
[1.690s] -- Up-to-date symlink: /home/kb/Anveshika/Anveshika_ws/install/dm_preview/include/dm_preview//devices/CameraDevice_Hypatia2.h
[1.690s] -- Up-to-date symlink: /home/kb/Anveshika/Anveshika_ws/install/dm_preview/include/dm_preview//devices/CameraDevice_Stacy.h
[1.690s] -- Up-to-date symlink: /home/kb/Anveshika/Anveshika_ws/install/dm_preview/include/dm_preview//devices/CameraDevice_StacyJunior.h
[1.690s] -- Up-to-date symlink: /home/kb/Anveshika/Anveshika_ws/install/dm_preview/include/dm_preview//devices/FrameSetPipeline.h
[1.691s] -- Up-to-date symlink: /home/kb/Anveshika/Anveshika_ws/install/dm_preview/include/dm_preview//devices/IMUDevice.h
[1.691s] -- Up-to-date symlink: /home/kb/Anveshika/Anveshika_ws/install/dm_preview/include/dm_preview//devices/IMUDevice_8062.h
[1.691s] -- Up-to-date symlink: /home/kb/Anveshika/Anveshika_ws/install/dm_preview/include/dm_preview//devices/MemoryAllocator.h
[1.691s] -- Up-to-date symlink: /home/kb/Anveshika/Anveshika_ws/install/dm_preview/include/dm_preview//devices/Pipeline.h
[1.692s] -- Up-to-date symlink: /home/kb/Anveshika/Anveshika_ws/install/dm_preview/include/dm_preview//devices/controller/RegisterReadWriteController.h
[1.692s] -- Up-to-date symlink: /home/kb/Anveshika/Anveshika_ws/install/dm_preview/include/dm_preview//devices/model/CameraDeviceProperties.h
[1.692s] -- Up-to-date symlink: /home/kb/Anveshika/Anveshika_ws/install/dm_preview/include/dm_preview//devices/model/DepthAccuracyOptions.h
[1.692s] -- Up-to-date symlink: /home/kb/Anveshika/Anveshika_ws/install/dm_preview/include/dm_preview//devices/model/DepthFilterOptions.h
[1.692s] -- Up-to-date symlink: /home/kb/Anveshika/Anveshika_ws/install/dm_preview/include/dm_preview//devices/model/IRProperty.h
[1.693s] -- Up-to-date symlink: /home/kb/Anveshika/Anveshika_ws/install/dm_preview/include/dm_preview//devices/model/PostProcessOptions.h
[1.693s] -- Up-to-date symlink: /home/kb/Anveshika/Anveshika_ws/install/dm_preview/include/dm_preview//devices/model/RegisterReadWriteOptions.h
[1.693s] -- Up-to-date symlink: /home/kb/Anveshika/Anveshika_ws/install/dm_preview/include/dm_preview//macros.h
[1.693s] -- Up-to-date symlink: /home/kb/Anveshika/Anveshika_ws/install/dm_preview/include/dm_preview//objectarray.h
[1.693s] -- Up-to-date symlink: /home/kb/Anveshika/Anveshika_ws/install/dm_preview/include/dm_preview//sensors/IMUDataProducer.h
[1.694s] -- Up-to-date symlink: /home/kb/Anveshika/Anveshika_ws/install/dm_preview/include/dm_preview//sensors/SensorData.h
[1.694s] -- Up-to-date symlink: /home/kb/Anveshika/Anveshika_ws/install/dm_preview/include/dm_preview//sensors/SensorDataProducer.h
[1.694s] -- Up-to-date symlink: /home/kb/Anveshika/Anveshika_ws/install/dm_preview/include/dm_preview//single_consumer_queue.h
[1.694s] -- Up-to-date symlink: /home/kb/Anveshika/Anveshika_ws/install/dm_preview/include/dm_preview//unity_debug.h
[1.694s] -- Up-to-date symlink: /home/kb/Anveshika/Anveshika_ws/install/dm_preview/include/dm_preview//utils.h
[1.694s] -- Up-to-date symlink: /home/kb/Anveshika/Anveshika_ws/install/dm_preview/include/dm_preview//version_utils.h
[1.695s] -- Up-to-date symlink: /home/kb/Anveshika/Anveshika_ws/install/dm_preview/include/dm_preview//video/ColorFrameProducer.h
[1.695s] -- Up-to-date symlink: /home/kb/Anveshika/Anveshika_ws/install/dm_preview/include/dm_preview//video/ColorProcessHandle.h
[1.695s] -- Up-to-date symlink: /home/kb/Anveshika/Anveshika_ws/install/dm_preview/include/dm_preview//video/DepthFrameProducer.h
[1.695s] -- Up-to-date symlink: /home/kb/Anveshika/Anveshika_ws/install/dm_preview/include/dm_preview//video/Frame.h
[1.695s] -- Up-to-date symlink: /home/kb/Anveshika/Anveshika_ws/install/dm_preview/include/dm_preview//video/FrameProducer.h
[1.696s] -- Up-to-date symlink: /home/kb/Anveshika/Anveshika_ws/install/dm_preview/include/dm_preview//video/FrameSet.h
[1.696s] -- Up-to-date symlink: /home/kb/Anveshika/Anveshika_ws/install/dm_preview/include/dm_preview//video/GeneralFrame.h
[1.696s] -- Up-to-date symlink: /home/kb/Anveshika/Anveshika_ws/install/dm_preview/include/dm_preview//video/GuestReadbackWorker.h
[1.696s] -- Up-to-date symlink: /home/kb/Anveshika/Anveshika_ws/install/dm_preview/include/dm_preview//video/IImageProcess.h
[1.696s] -- Up-to-date symlink: /home/kb/Anveshika/Anveshika_ws/install/dm_preview/include/dm_preview//video/PCFrame.h
[1.697s] -- Up-to-date symlink: /home/kb/Anveshika/Anveshika_ws/install/dm_preview/include/dm_preview//video/PCFrameProducer.h
[1.697s] -- Up-to-date symlink: /home/kb/Anveshika/Anveshika_ws/install/dm_preview/include/dm_preview//video/PCProducer.h
[1.697s] -- Up-to-date symlink: /home/kb/Anveshika/Anveshika_ws/install/dm_preview/include/dm_preview//video/PostProcessHandle.h
[1.697s] -- Up-to-date symlink: /home/kb/Anveshika/Anveshika_ws/install/dm_preview/include/dm_preview//video/Producer.h
[1.697s] -- Up-to-date symlink: /home/kb/Anveshika/Anveshika_ws/install/dm_preview/include/dm_preview//video/coders.h
[1.697s] -- Up-to-date symlink: /home/kb/Anveshika/Anveshika_ws/install/dm_preview/include/dm_preview//video/eYs3D.h
[1.698s] -- Up-to-date symlink: /home/kb/Anveshika/Anveshika_ws/install/dm_preview/include/dm_preview//video/factory.h
[1.698s] -- Up-to-date symlink: /home/kb/Anveshika/Anveshika_ws/install/dm_preview/include/dm_preview//video/pc_coders.h
[1.698s] -- Up-to-date symlink: /home/kb/Anveshika/Anveshika_ws/install/dm_preview/include/dm_preview//video/video.h
[1.698s] -- Up-to-date symlink: /home/kb/Anveshika/Anveshika_ws/install/dm_preview/include/dm_preview//ColorPaletteGenerator.h
[1.699s] -- Up-to-date symlink: /home/kb/Anveshika/Anveshika_ws/install/dm_preview/include/dm_preview//IMU/IMU_Filter/IMUFilter.h
[1.699s] -- Up-to-date symlink: /home/kb/Anveshika/Anveshika_ws/install/dm_preview/include/dm_preview//IMU/IMU_Filter/IMUFilter_Complementary.h
[1.699s] -- Up-to-date symlink: /home/kb/Anveshika/Anveshika_ws/install/dm_preview/include/dm_preview//IMU/IMU_Filter/Quaternion1.h
[1.699s] -- Up-to-date symlink: /home/kb/Anveshika/Anveshika_ws/install/dm_preview/include/dm_preview//IMU/IMU_Filter/quaternion.h
[1.699s] -- Up-to-date symlink: /home/kb/Anveshika/Anveshika_ws/install/dm_preview/include/dm_preview//IMUData.h
[1.700s] -- Up-to-date symlink: /home/kb/Anveshika/Anveshika_ws/install/dm_preview/include/dm_preview//ModeConfig.h
[1.700s] -- Up-to-date symlink: /home/kb/Anveshika/Anveshika_ws/install/dm_preview/include/dm_preview//ModeConfigOptions.h
[1.700s] -- Up-to-date symlink: /home/kb/Anveshika/Anveshika_ws/install/dm_preview/include/dm_preview//PlyFilter.h
[1.700s] -- Up-to-date symlink: /home/kb/Anveshika/Anveshika_ws/install/dm_preview/include/dm_preview//PlyWriter.h
[1.700s] -- Up-to-date symlink: /home/kb/Anveshika/Anveshika_ws/install/dm_preview/include/dm_preview//RegisterSettings.h
[1.701s] -- Up-to-date symlink: /home/kb/Anveshika/Anveshika_ws/install/dm_preview/include/dm_preview//hidapi/hidapi.h
[1.701s] -- Up-to-date symlink: /home/kb/Anveshika/Anveshika_ws/install/dm_preview/include/dm_preview//sqlite3/sqlite3.h
[1.701s] -- Up-to-date symlink: /home/kb/Anveshika/Anveshika_ws/install/dm_preview/include/dm_preview//sqlite3/sqlite3ext.h
[1.701s] -- Up-to-date symlink: /home/kb/Anveshika/Anveshika_ws/install/dm_preview/include/dm_preview//utImageProcessingUtility.h
[1.702s] -- Up-to-date symlink: /home/kb/Anveshika/Anveshika_ws/install/dm_preview/share/dm_preview/launch/apc_camera_launch.py
[1.702s] -- Up-to-date symlink: /home/kb/Anveshika/Anveshika_ws/install/dm_preview/share/dm_preview/rviz/apc.rviz
[1.703s] -- Up-to-date symlink: /home/kb/Anveshika/Anveshika_ws/install/dm_preview/../..//eYs3D/cfg/DM_Quality_Cfg/DEFAULT_DM_Quality_Register_Setting.cfg
[1.703s] -- Up-to-date symlink: /home/kb/Anveshika/Anveshika_ws/install/dm_preview/../..//eYs3D/cfg/DM_Quality_Cfg/EX8036_DM_Quality_Register_Setting.cfg
[1.703s] -- Up-to-date symlink: /home/kb/Anveshika/Anveshika_ws/install/dm_preview/../..//eYs3D/cfg/DM_Quality_Cfg/EX8037_DM_Quality_Register_Setting.cfg
[1.703s] -- Up-to-date symlink: /home/kb/Anveshika/Anveshika_ws/install/dm_preview/../..//eYs3D/cfg/DM_Quality_Cfg/EX8038_BL15cm_DM_Quality_Register_Setting.cfg
[1.703s] -- Up-to-date symlink: /home/kb/Anveshika/Anveshika_ws/install/dm_preview/../..//eYs3D/cfg/DM_Quality_Cfg/EX8038_BL3cm_DM_Quality_Register_Setting.cfg
[1.704s] -- Up-to-date symlink: /home/kb/Anveshika/Anveshika_ws/install/dm_preview/../..//eYs3D/cfg/DM_Quality_Cfg/EX8038_BL6cm_DM_Quality_Register_Setting.cfg
[1.704s] -- Up-to-date symlink: /home/kb/Anveshika/Anveshika_ws/install/dm_preview/../..//eYs3D/cfg/DM_Quality_Cfg/EX8040S_DM_Quality_Register_Setting.cfg
[1.704s] -- Up-to-date symlink: /home/kb/Anveshika/Anveshika_ws/install/dm_preview/../..//eYs3D/cfg/DM_Quality_Cfg/EX8052_DM_Quality_Register_Setting.cfg
[1.704s] -- Up-to-date symlink: /home/kb/Anveshika/Anveshika_ws/install/dm_preview/../..//eYs3D/cfg/DM_Quality_Cfg/EX8053_DM_Quality_Register_Setting.cfg
[1.704s] -- Up-to-date symlink: /home/kb/Anveshika/Anveshika_ws/install/dm_preview/../..//eYs3D/cfg/DM_Quality_Cfg/EX8054_DM_Quality_Register_Setting.cfg
[1.704s] -- Up-to-date symlink: /home/kb/Anveshika/Anveshika_ws/install/dm_preview/../..//eYs3D/cfg/DM_Quality_Cfg/HYPATIA2_DM_Quality_Register_Setting.cfg
[1.705s] -- Up-to-date symlink: /home/kb/Anveshika/Anveshika_ws/install/dm_preview/../..//eYs3D/cfg/DM_Quality_Cfg/HYPATIA_DM_Quality_Register_Setting.cfg
[1.705s] -- Up-to-date symlink: /home/kb/Anveshika/Anveshika_ws/install/dm_preview/../..//eYs3D/cfg/DM_Quality_Cfg/IVY2_DM_Quality_Register_Setting.cfg
[1.705s] -- Up-to-date symlink: /home/kb/Anveshika/Anveshika_ws/install/dm_preview/../..//eYs3D/cfg/DM_Quality_Cfg/IVY_DM_Quality_Register_Setting.cfg
[1.705s] -- Up-to-date symlink: /home/kb/Anveshika/Anveshika_ws/install/dm_preview/../..//eYs3D/cfg/DM_Quality_Cfg/NORA_DM_Quality_Register_Setting.cfg
[1.705s] -- Up-to-date symlink: /home/kb/Anveshika/Anveshika_ws/install/dm_preview/../..//eYs3D/cfg/DM_Quality_Cfg/ORANGEITRI_DM_Quality_Register_Setting.cfg
[1.706s] -- Up-to-date symlink: /home/kb/Anveshika/Anveshika_ws/install/dm_preview/../..//eYs3D/cfg/DM_Quality_Cfg/SANDRA_DM_Quality_Register_Setting.cfg
[1.706s] -- Up-to-date symlink: /home/kb/Anveshika/Anveshika_ws/install/dm_preview/../..//eYs3D/cfg/DM_Quality_Cfg/YX80362_DM_Quality_Register_Setting.cfg
[1.706s] -- Up-to-date symlink: /home/kb/Anveshika/Anveshika_ws/install/dm_preview/../..//eYs3D/cfg/DM_Quality_Cfg/YX8059_DM_Quality_Register_Setting.cfg
[1.706s] -- Up-to-date symlink: /home/kb/Anveshika/Anveshika_ws/install/dm_preview/../..//eYs3D/cfg/DM_Quality_Cfg/YX8062_DM_Quality_Register_Setting.cfg
[1.706s] -- Up-to-date symlink: /home/kb/Anveshika/Anveshika_ws/install/dm_preview/../..//eYs3D/cfg/DM_Quality_Cfg/YX8063_DM_Quality_Register_Setting.cfg
[1.706s] -- Up-to-date symlink: /home/kb/Anveshika/Anveshika_ws/install/dm_preview/../..//eYs3D/cfg/DM_Quality_Cfg/YX8076_DM_Quality_Register_Setting.cfg
[1.707s] -- Up-to-date symlink: /home/kb/Anveshika/Anveshika_ws/install/dm_preview/../..//eYs3D/cfg/DM_Quality_Cfg/YX8081_DM_Quality_Register_Setting.cfg
[1.707s] -- Up-to-date symlink: /home/kb/Anveshika/Anveshika_ws/install/dm_preview/../..//eYs3D/cfg/ModeConfig.db
[1.707s] -- Up-to-date symlink: /home/kb/Anveshika/Anveshika_ws/install/dm_preview/../..//eYs3D/cfg/SWPP.cfg
[1.707s] -- Up-to-date symlink: /home/kb/Anveshika/Anveshika_ws/install/dm_preview/../..//eYs3D/cfg/libeYs3D.log.config
[1.707s] -- Up-to-date symlink: /home/kb/Anveshika/Anveshika_ws/install/dm_preview/../..//eYs3D/cfg/libeYs3D_win.log.config
[1.708s] -- Up-to-date symlink: /home/kb/Anveshika/Anveshika_ws/install/dm_preview/share/dm_preview/config/common.yaml
[1.708s] -- Up-to-date symlink: /home/kb/Anveshika/Anveshika_ws/install/dm_preview/share/dm_preview/environment/library_path.sh
[1.708s] -- Up-to-date symlink: /home/kb/Anveshika/Anveshika_ws/install/dm_preview/share/dm_preview/environment/library_path.dsv
[1.708s] -- Up-to-date symlink: /home/kb/Anveshika/Anveshika_ws/install/dm_preview/share/ament_index/resource_index/package_run_dependencies/dm_preview
[1.709s] -- Up-to-date symlink: /home/kb/Anveshika/Anveshika_ws/install/dm_preview/share/ament_index/resource_index/parent_prefix_path/dm_preview
[1.709s] -- Up-to-date symlink: /home/kb/Anveshika/Anveshika_ws/install/dm_preview/share/dm_preview/environment/ament_prefix_path.sh
[1.709s] -- Up-to-date symlink: /home/kb/Anveshika/Anveshika_ws/install/dm_preview/share/dm_preview/environment/ament_prefix_path.dsv
[1.709s] -- Up-to-date symlink: /home/kb/Anveshika/Anveshika_ws/install/dm_preview/share/dm_preview/environment/path.sh
[1.710s] -- Up-to-date symlink: /home/kb/Anveshika/Anveshika_ws/install/dm_preview/share/dm_preview/environment/path.dsv
[1.710s] -- Up-to-date symlink: /home/kb/Anveshika/Anveshika_ws/install/dm_preview/share/dm_preview/local_setup.bash
[1.710s] -- Up-to-date symlink: /home/kb/Anveshika/Anveshika_ws/install/dm_preview/share/dm_preview/local_setup.sh
[1.710s] -- Up-to-date symlink: /home/kb/Anveshika/Anveshika_ws/install/dm_preview/share/dm_preview/local_setup.zsh
[1.711s] -- Up-to-date symlink: /home/kb/Anveshika/Anveshika_ws/install/dm_preview/share/dm_preview/local_setup.dsv
[1.711s] -- Symlinking: /home/kb/Anveshika/Anveshika_ws/install/dm_preview/share/dm_preview/package.dsv
[1.720s] -- Up-to-date symlink: /home/kb/Anveshika/Anveshika_ws/install/dm_preview/share/ament_index/resource_index/packages/dm_preview
[1.721s] -- Up-to-date symlink: /home/kb/Anveshika/Anveshika_ws/install/dm_preview/share/ament_index/resource_index/rclcpp_components/dm_preview
[1.721s] -- Up-to-date symlink: /home/kb/Anveshika/Anveshika_ws/install/dm_preview/share/dm_preview/cmake/ament_cmake_export_include_directories-extras.cmake
[1.721s] -- Up-to-date symlink: /home/kb/Anveshika/Anveshika_ws/install/dm_preview/share/dm_preview/cmake/ament_cmake_export_libraries-extras.cmake
[1.721s] -- Up-to-date symlink: /home/kb/Anveshika/Anveshika_ws/install/dm_preview/share/dm_preview/cmake/ament_cmake_export_dependencies-extras.cmake
[1.722s] -- Up-to-date symlink: /home/kb/Anveshika/Anveshika_ws/install/dm_preview/share/dm_preview/cmake/dm_previewConfig.cmake
[1.722s] -- Up-to-date symlink: /home/kb/Anveshika/Anveshika_ws/install/dm_preview/share/dm_preview/cmake/dm_previewConfig-version.cmake
[1.722s] -- Up-to-date symlink: /home/kb/Anveshika/Anveshika_ws/install/dm_preview/share/dm_preview/package.xml
[1.725s] Invoked command in '/home/kb/Anveshika/Anveshika_ws/build/dm_preview' returned '0': CMAKE_PREFIX_PATH=${CMAKE_PREFIX_PATH}:/home/kb/Anveshika/Anveshika_ws/install/anveshika_swerve_controller:/home/kb/yolo_ws/install/yolo_read:/home/kb/camera_ws/install/ros2_camera:/home/kb/zinger_ws/install/zinger_swerve_controller:/opt/ros/humble /usr/bin/cmake --install /home/kb/Anveshika/Anveshika_ws/build/dm_preview
