[0.031s] Invoking command in '/home/kb/Anveshika/Anveshika_ws/build/slam_gmapping': CMAKE_PREFIX_PATH=/home/kb/Anveshika/Anveshika_ws/install/openslam_gmapping:/home/kb/Anveshika/Anveshika_ws/install/slam_gmapping:/home/kb/Anveshika/Anveshika_ws/install/dm_preview:/home/kb/Anveshika/Anveshika_ws/install/anveshika_nav:/home/kb/Anveshika/Anveshika_ws/install/anveshika_bringup:/home/kb/Anveshika/Anveshika_ws/install/anveshika_description:/home/kb/ydlidar_ros2_driver/install/ydlidar_ros2_driver:/home/kb/zinger_ws/install/zinger_description:/home/kb/ros2_ws/install/my_robot_bringup:/home/kb/ros2_ws/install/my_robot_description:/home/kb/cartographer_ws/install/cartographer_rviz:/home/kb/cartographer_ws/install/cartographer_ros:/home/kb/cartographer_ws/install/cartographer_ros_msgs:/home/kb/Anveshika/Anveshika_ws/install/slam_lidar:/home/kb/Anveshika/Anveshika_ws/install/anveshika_swerve_controller:/home/kb/yolo_ws/install/yolo_read:/home/kb/camera_ws/install/ros2_camera:/home/kb/zinger_ws/install/zinger_swerve_controller:/opt/ros/humble /usr/bin/cmake --build /home/kb/Anveshika/Anveshika_ws/build/slam_gmapping -- -j8 -l8
[0.088s] [35m[1mConsolidate compiler generated dependencies of target slam_gmapping[0m
[0.109s] [ 50%] [32mBuilding CXX object CMakeFiles/slam_gmapping.dir/src/slam_gmapping.cpp.o[0m
[0.454s] In file included from [01m[K/home/kb/Anveshika/Anveshika_ws/src/slam_gmapping/include/slam_gmapping/slam_gmapping.h:38[m[K,
[0.454s]                  from [01m[K/home/kb/Anveshika/Anveshika_ws/src/slam_gmapping/src/slam_gmapping.cpp:24[m[K:
[0.454s] [01m[K/opt/ros/humble/include/tf2_geometry_msgs/tf2_geometry_msgs/tf2_geometry_msgs.h:35:2:[m[K [01;35m[Kwarning: [m[K#warning This header is obsolete, please include tf2_geometry_msgs/tf2_geometry_msgs.hpp instead [[01;35m[K]8;;https://gcc.gnu.org/onlinedocs/gcc/Warning-Options.html#index-Wcpp-Wcpp]8;;[m[K]
[0.454s]    35 | #[01;35m[Kwarning[m[K This header is obsolete, please include tf2_geometry_msgs/tf2_geometry_msgs.hpp instead
[0.454s]       |  [01;35m[K^~~~~~~[m[K
[2.584s] In file included from [01m[K/home/kb/Anveshika/Anveshika_ws/install/openslam_gmapping/include/gmapping/gridfastslam/gridslamprocessor.h:9[m[K,
[2.584s]                  from [01m[K/home/kb/Anveshika/Anveshika_ws/src/slam_gmapping/include/slam_gmapping/slam_gmapping.h:45[m[K,
[2.584s]                  from [01m[K/home/kb/Anveshika/Anveshika_ws/src/slam_gmapping/src/slam_gmapping.cpp:24[m[K:
[2.584s] [01m[K/home/kb/Anveshika/Anveshika_ws/install/openslam_gmapping/include/gmapping/particlefilter/particlefilter.h:[m[K In function ‘[01m[Kvoid rle(OutputIterator&, const Iterator&, const Iterator&)[m[K’:
[2.584s] [01m[K/home/kb/Anveshika/Anveshika_ws/install/openslam_gmapping/include/gmapping/particlefilter/particlefilter.h:140:9:[m[K [01;35m[Kwarning: [m[Kthis ‘[01m[Kif[m[K’ clause does not guard... [[01;35m[K]8;;https://gcc.gnu.org/onlinedocs/gcc/Warning-Options.html#index-Wmisleading-indentation-Wmisleading-indentation]8;;[m[K]
[2.585s]   140 |         [01;35m[Kif[m[K (count>0)
[2.585s]       |         [01;35m[K^~[m[K
[2.585s] [01m[K/home/kb/Anveshika/Anveshika_ws/install/openslam_gmapping/include/gmapping/particlefilter/particlefilter.h:142:17:[m[K [01;36m[Knote: [m[K...this statement, but the latter is misleadingly indented as if it were guarded by the ‘[01m[Kif[m[K’
[2.585s]   142 |                 [01;36m[Kout[m[K++;
[2.585s]       |                 [01;36m[K^~~[m[K
[11.349s] [100%] [32m[1mLinking CXX executable slam_gmapping[0m
[11.927s] [100%] Built target slam_gmapping
[11.936s] Invoked command in '/home/kb/Anveshika/Anveshika_ws/build/slam_gmapping' returned '0': CMAKE_PREFIX_PATH=/home/kb/Anveshika/Anveshika_ws/install/openslam_gmapping:/home/kb/Anveshika/Anveshika_ws/install/slam_gmapping:/home/kb/Anveshika/Anveshika_ws/install/dm_preview:/home/kb/Anveshika/Anveshika_ws/install/anveshika_nav:/home/kb/Anveshika/Anveshika_ws/install/anveshika_bringup:/home/kb/Anveshika/Anveshika_ws/install/anveshika_description:/home/kb/ydlidar_ros2_driver/install/ydlidar_ros2_driver:/home/kb/zinger_ws/install/zinger_description:/home/kb/ros2_ws/install/my_robot_bringup:/home/kb/ros2_ws/install/my_robot_description:/home/kb/cartographer_ws/install/cartographer_rviz:/home/kb/cartographer_ws/install/cartographer_ros:/home/kb/cartographer_ws/install/cartographer_ros_msgs:/home/kb/Anveshika/Anveshika_ws/install/slam_lidar:/home/kb/Anveshika/Anveshika_ws/install/anveshika_swerve_controller:/home/kb/yolo_ws/install/yolo_read:/home/kb/camera_ws/install/ros2_camera:/home/kb/zinger_ws/install/zinger_swerve_controller:/opt/ros/humble /usr/bin/cmake --build /home/kb/Anveshika/Anveshika_ws/build/slam_gmapping -- -j8 -l8
[11.956s] Invoking command in '/home/kb/Anveshika/Anveshika_ws/build/slam_gmapping': CMAKE_PREFIX_PATH=/home/kb/Anveshika/Anveshika_ws/install/openslam_gmapping:/home/kb/Anveshika/Anveshika_ws/install/slam_gmapping:/home/kb/Anveshika/Anveshika_ws/install/dm_preview:/home/kb/Anveshika/Anveshika_ws/install/anveshika_nav:/home/kb/Anveshika/Anveshika_ws/install/anveshika_bringup:/home/kb/Anveshika/Anveshika_ws/install/anveshika_description:/home/kb/ydlidar_ros2_driver/install/ydlidar_ros2_driver:/home/kb/zinger_ws/install/zinger_description:/home/kb/ros2_ws/install/my_robot_bringup:/home/kb/ros2_ws/install/my_robot_description:/home/kb/cartographer_ws/install/cartographer_rviz:/home/kb/cartographer_ws/install/cartographer_ros:/home/kb/cartographer_ws/install/cartographer_ros_msgs:/home/kb/Anveshika/Anveshika_ws/install/slam_lidar:/home/kb/Anveshika/Anveshika_ws/install/anveshika_swerve_controller:/home/kb/yolo_ws/install/yolo_read:/home/kb/camera_ws/install/ros2_camera:/home/kb/zinger_ws/install/zinger_swerve_controller:/opt/ros/humble /usr/bin/cmake --install /home/kb/Anveshika/Anveshika_ws/build/slam_gmapping
[11.962s] -- Install configuration: ""
[11.962s] -- Execute custom install script
[11.963s] -- Up-to-date symlink: /home/kb/Anveshika/Anveshika_ws/install/slam_gmapping/lib/slam_gmapping/slam_gmapping
[11.963s] -- Up-to-date symlink: /home/kb/Anveshika/Anveshika_ws/install/slam_gmapping/share/slam_gmapping/launch/slam_gmapping.launch.py
[11.963s] -- Up-to-date symlink: /home/kb/Anveshika/Anveshika_ws/install/slam_gmapping/share/ament_index/resource_index/package_run_dependencies/slam_gmapping
[11.963s] -- Up-to-date symlink: /home/kb/Anveshika/Anveshika_ws/install/slam_gmapping/share/ament_index/resource_index/parent_prefix_path/slam_gmapping
[11.963s] -- Up-to-date symlink: /home/kb/Anveshika/Anveshika_ws/install/slam_gmapping/share/slam_gmapping/environment/ament_prefix_path.sh
[11.964s] -- Up-to-date symlink: /home/kb/Anveshika/Anveshika_ws/install/slam_gmapping/share/slam_gmapping/environment/ament_prefix_path.dsv
[11.964s] -- Up-to-date symlink: /home/kb/Anveshika/Anveshika_ws/install/slam_gmapping/share/slam_gmapping/environment/path.sh
[11.964s] -- Up-to-date symlink: /home/kb/Anveshika/Anveshika_ws/install/slam_gmapping/share/slam_gmapping/environment/path.dsv
[11.964s] -- Up-to-date symlink: /home/kb/Anveshika/Anveshika_ws/install/slam_gmapping/share/slam_gmapping/local_setup.bash
[11.964s] -- Up-to-date symlink: /home/kb/Anveshika/Anveshika_ws/install/slam_gmapping/share/slam_gmapping/local_setup.sh
[11.964s] -- Up-to-date symlink: /home/kb/Anveshika/Anveshika_ws/install/slam_gmapping/share/slam_gmapping/local_setup.zsh
[11.964s] -- Up-to-date symlink: /home/kb/Anveshika/Anveshika_ws/install/slam_gmapping/share/slam_gmapping/local_setup.dsv
[11.964s] -- Symlinking: /home/kb/Anveshika/Anveshika_ws/install/slam_gmapping/share/slam_gmapping/package.dsv
[11.973s] -- Up-to-date symlink: /home/kb/Anveshika/Anveshika_ws/install/slam_gmapping/share/ament_index/resource_index/packages/slam_gmapping
[11.973s] -- Up-to-date symlink: /home/kb/Anveshika/Anveshika_ws/install/slam_gmapping/share/slam_gmapping/cmake/slam_gmappingConfig.cmake
[11.973s] -- Up-to-date symlink: /home/kb/Anveshika/Anveshika_ws/install/slam_gmapping/share/slam_gmapping/cmake/slam_gmappingConfig-version.cmake
[11.974s] -- Up-to-date symlink: /home/kb/Anveshika/Anveshika_ws/install/slam_gmapping/share/slam_gmapping/package.xml
[11.976s] Invoked command in '/home/kb/Anveshika/Anveshika_ws/build/slam_gmapping' returned '0': CMAKE_PREFIX_PATH=/home/kb/Anveshika/Anveshika_ws/install/openslam_gmapping:/home/kb/Anveshika/Anveshika_ws/install/slam_gmapping:/home/kb/Anveshika/Anveshika_ws/install/dm_preview:/home/kb/Anveshika/Anveshika_ws/install/anveshika_nav:/home/kb/Anveshika/Anveshika_ws/install/anveshika_bringup:/home/kb/Anveshika/Anveshika_ws/install/anveshika_description:/home/kb/ydlidar_ros2_driver/install/ydlidar_ros2_driver:/home/kb/zinger_ws/install/zinger_description:/home/kb/ros2_ws/install/my_robot_bringup:/home/kb/ros2_ws/install/my_robot_description:/home/kb/cartographer_ws/install/cartographer_rviz:/home/kb/cartographer_ws/install/cartographer_ros:/home/kb/cartographer_ws/install/cartographer_ros_msgs:/home/kb/Anveshika/Anveshika_ws/install/slam_lidar:/home/kb/Anveshika/Anveshika_ws/install/anveshika_swerve_controller:/home/kb/yolo_ws/install/yolo_read:/home/kb/camera_ws/install/ros2_camera:/home/kb/zinger_ws/install/zinger_swerve_controller:/opt/ros/humble /usr/bin/cmake --install /home/kb/Anveshika/Anveshika_ws/build/slam_gmapping
